APScheduler –∑–∞–ø—É—â–µ–Ω –∏ –≥–æ—Ç–æ–≤ –∫ —Ä–∞–±–æ—Ç–µ.
Traceback (most recent call last):
  File "/usr/lib/python3.13/asyncio/runners.py", line 118, in run
    return self._loop.run_until_complete(task)
           ~~~~~~~~~~~~~~~~~~~~~~~~~~~~~^^^^^^
  File "/usr/lib/python3.13/asyncio/base_events.py", line 725, in run_until_complete
    return future.result()
           ~~~~~~~~~~~~~^^
  File "/home/alex/dev/python/CS_market_sell/src/app_del.py", line 41, in main
    await asyncio.sleep(1)
  File "/usr/lib/python3.13/asyncio/tasks.py", line 718, in sleep
    return await future
           ^^^^^^^^^^^^
asyncio.exceptions.CancelledError

During handling of the above exception, another exception occurred:

Traceback (most recent call last):
  File "/home/alex/dev/python/CS_market_sell/src/app_del.py", line 48, in <module>
    asyncio.run(main())
    ~~~~~~~~~~~^^^^^^^^
  File "/usr/lib/python3.13/asyncio/runners.py", line 195, in run
    return runner.run(main)
           ~~~~~~~~~~^^^^^^
  File "/usr/lib/python3.13/asyncio/runners.py", line 123, in run
    raise KeyboardInterrupt()
KeyboardInterrupt
2, in delete_skins
    for skin in list_skins["items"]:
                ~~~~~~~~~~^^^^^^^^^
KeyError: 'items'
Job "delete_skins (trigger: interval[0:01:00], next run at: 2025-12-09 18:07:56 MSK)" raised an exception
Traceback (most recent call last):
  File "/home/alex/dev/python/CS_market_sell/.venv/lib/python3.13/site-packages/apscheduler/executors/base.py", line 181, in run_coroutine_job
    retval = await job.func(*job.args, **job.kwargs)
             ^^^^^^^^^^^^^^^^^^^^^^^^^^^^^^^^^^^^^^^
  File "/home/alex/dev/python/CS_market_sell/src/service/scheduler/trader.py", line 22, in delete_skins
    for skin in list_skins["items"]:
                ~~~~~~~~~~^^^^^^^^^
KeyError: 'items'
Traceback (most recent call last):
  File "/usr/lib/python3.13/asyncio/runners.py", line 118, in run
    return self._loop.run_until_complete(task)
           ~~~~~~~~~~~~~~~~~~~~~~~~~~~~~^^^^^^
  File "/usr/lib/python3.13/asyncio/base_events.py", line 725, in run_until_complete
    return future.result()
           ~~~~~~~~~~~~~^^
  File "/home/alex/dev/python/CS_market_sell/src/app_del.py", line 41, in main
    await asyncio.sleep(1)
  File "/usr/lib/python3.13/asyncio/tasks.py", line 718, in sleep
    return await future
           ^^^^^^^^^^^^
asyncio.exceptions.CancelledError

During handling of the above exception, another exception occurred:

Traceback (most recent call last):
  File "/home/alex/dev/python/CS_market_sell/src/app_del.py", line 48, in <module>
    asyncio.run(main())
    ~~~~~~~~~~~^^^^^^^^
  File "/usr/lib/python3.13/asyncio/runners.py", line 195, in run
    return runner.run(main)
           ~~~~~~~~~~^^^^^^
  File "/usr/lib/python3.13/asyncio/runners.py", line 123, in run
    raise KeyboardInterrupt()
KeyboardInterrupt
Ö
2025-12-09 18:04:59 | INFO | market | –£ –ø–æ–ª—å–∑–æ–≤–∞—Ç–µ–ª—è —Å id 4 –Ω–µ –Ω–∞—à–ª–æ—Å—å —Å–∫–∏–Ω–æ–≤ –Ω–∞ —É–¥–∞–ª–µ–Ω–∏–µ
2025-12-09 18:04:59 | INFO | market | –°–∫–∏–Ω —Å –∞–π–¥–∏ f46696338902 –±—ã–ª —É–¥–∞–ª–µ–Ω —Å –±–∞–∑—ã –¥–∞–Ω–Ω—ã—Ö
2025-12-09 18:04:59 | INFO | market | –£ –ø–æ–ª—å–∑–æ–≤–∞—Ç–µ–ª—è —Å id 4 –Ω–µ –Ω–∞—à–ª–æ—Å—å —Å–∫–∏–Ω–æ–≤ –Ω–∞ —É–¥–∞–ª–µ–Ω–∏–µ
2025-12-09 18:04:59 | INFO | market | –°–∫–∏–Ω —Å –∞–π–¥–∏ f46695815929 –±—ã–ª —É–¥–∞–ª–µ–Ω —Å –±–∞–∑—ã –¥–∞–Ω–Ω—ã—Ö
2025-12-09 18:04:59 | INFO | market | –£ –ø–æ–ª—å–∑–æ–≤–∞—Ç–µ–ª—è —Å id 4 –Ω–µ –Ω–∞—à–ª–æ—Å—å —Å–∫–∏–Ω–æ–≤ –Ω–∞ —É–¥–∞–ª–µ–Ω–∏–µ
2025-12-09 18:04:59 | INFO | market | –°–∫–∏–Ω —Å –∞–π–¥–∏ f46695635259 –±—ã–ª —É–¥–∞–ª–µ–Ω —Å –±–∞–∑—ã –¥–∞–Ω–Ω—ã—Ö
2025-12-09 18:04:59 | INFO | market | –£ –ø–æ–ª—å–∑–æ–≤–∞—Ç–µ–ª—è —Å id 4 –Ω–µ –Ω–∞—à–ª–æ—Å—å —Å–∫–∏–Ω–æ–≤ –Ω–∞ —É–¥–∞–ª–µ–Ω–∏–µ
2025-12-09 18:04:59 | INFO | market | –°–∫–∏–Ω —Å –∞–π–¥–∏ f46695618137 –±—ã–ª —É–¥–∞–ª–µ–Ω —Å –±–∞–∑—ã –¥–∞–Ω–Ω—ã—Ö
2025-12-09 18:04:59 | INFO | market | –£ –ø–æ–ª—å–∑–æ–≤–∞—Ç–µ–ª—è —Å id 4 –Ω–µ –Ω–∞—à–ª–æ—Å—å —Å–∫–∏–Ω–æ–≤ –Ω–∞ —É–¥–∞–ª–µ–Ω–∏–µ
2025-12-09 18:04:59 | INFO | market | –°–∫–∏–Ω —Å –∞–π–¥–∏ f46695395537 –±—ã–ª —É–¥–∞–ª–µ–Ω —Å –±–∞–∑—ã –¥–∞–Ω–Ω—ã—Ö
2025-12-09 18:04:59 | INFO | market | –£ –ø–æ–ª—å–∑–æ–≤–∞—Ç–µ–ª—è —Å id 4 –Ω–µ –Ω–∞—à–ª–æ—Å—å —Å–∫–∏–Ω–æ–≤ –Ω–∞ —É–¥–∞–ª–µ–Ω–∏–µ
2025-12-09 18:04:59 | INFO | market | –°–∫–∏–Ω —Å –∞–π–¥–∏ f46695088254 –±—ã–ª —É–¥–∞–ª–µ–Ω —Å –±–∞–∑—ã –¥–∞–Ω–Ω—ã—Ö
2025-12-09 18:04:59 | INFO | market | –£ –ø–æ–ª—å–∑–æ–≤–∞—Ç–µ–ª—è —Å id 4 –Ω–µ –Ω–∞—à–ª–æ—Å—å —Å–∫–∏–Ω–æ–≤ –Ω–∞ —É–¥–∞–ª–µ–Ω–∏–µ
2025-12-09 18:04:59 | INFO | market | –°–∫–∏–Ω —Å –∞–π–¥–∏ f46656742243 –±—ã–ª —É–¥–∞–ª–µ–Ω —Å –±–∞–∑—ã –¥–∞–Ω–Ω—ã—Ö
2025-12-09 18:04:59 | INFO | market | –£ –ø–æ–ª—å–∑–æ–≤–∞—Ç–µ–ª—è —Å id 4 –Ω–µ –Ω–∞—à–ª–æ—Å—å —Å–∫–∏–Ω–æ–≤ –Ω–∞ —É–¥–∞–ª–µ–Ω–∏–µ
2025-12-09 18:04:59 | INFO | market | –°–∫–∏–Ω —Å –∞–π–¥–∏ f37202779007 –±—ã–ª —É–¥–∞–ª–µ–Ω —Å –±–∞–∑—ã –¥–∞–Ω–Ω—ã—Ö
2025-12-09 18:04:59 | INFO | market | –£ –ø–æ–ª—å–∑–æ–≤–∞—Ç–µ–ª—è —Å id 4 –Ω–µ –Ω–∞—à–ª–æ—Å—å —Å–∫–∏–Ω–æ–≤ –Ω–∞ —É–¥–∞–ª–µ–Ω–∏–µ
2025-12-09 18:04:59 | INFO | market | –°–∫–∏–Ω —Å –∞–π–¥–∏ f37202773075 –±—ã–ª —É–¥–∞–ª–µ–Ω —Å –±–∞–∑—ã –¥–∞–Ω–Ω—ã—Ö
2025-12-09 18:04:59 | INFO | market | –£ –ø–æ–ª—å–∑–æ–≤–∞—Ç–µ–ª—è —Å id 4 –Ω–µ –Ω–∞—à–ª–æ—Å—å —Å–∫–∏–Ω–æ–≤ –Ω–∞ —É–¥–∞–ª–µ–Ω–∏–µ
2025-12-09 18:04:59 | INFO | market | –°–∫–∏–Ω —Å –∞–π–¥–∏ f37202773025 –±—ã–ª —É–¥–∞–ª–µ–Ω —Å –±–∞–∑—ã –¥–∞–Ω–Ω—ã—Ö
2025-12-09 18:04:59 | INFO | market | –£ –ø–æ–ª—å–∑–æ–≤–∞—Ç–µ–ª—è —Å id 4 –Ω–µ –Ω–∞—à–ª–æ—Å—å —Å–∫–∏–Ω–æ–≤ –Ω–∞ —É–¥–∞–ª–µ–Ω–∏–µ
2025-12-09 18:04:59 | INFO | market | –°–∫–∏–Ω —Å –∞–π–¥–∏ f37202773009 –±—ã–ª —É–¥–∞–ª–µ–Ω —Å –±–∞–∑—ã –¥–∞–Ω–Ω—ã—Ö
2025-12-09 18:04:59 | INFO | market | –£ –ø–æ–ª—å–∑–æ–≤–∞—Ç–µ–ª—è —Å id 4 –Ω–µ –Ω–∞—à–ª–æ—Å—å —Å–∫–∏–Ω–æ–≤ –Ω–∞ —É–¥–∞–ª–µ–Ω–∏–µ
2025-12-09 18:04:59 | INFO | market | –°–∫–∏–Ω —Å –∞–π–¥–∏ f33983662172 –±—ã–ª —É–¥–∞–ª–µ–Ω —Å –±–∞–∑—ã –¥–∞–Ω–Ω—ã—Ö
2025-12-09 18:04:59 | INFO | market | –£ –ø–æ–ª—å–∑–æ–≤–∞—Ç–µ–ª—è —Å id 4 –Ω–µ –Ω–∞—à–ª–æ—Å—å —Å–∫–∏–Ω–æ–≤ –Ω–∞ —É–¥–∞–ª–µ–Ω–∏–µ
2025-12-09 18:04:59 | INFO | market | –°–∫–∏–Ω —Å –∞–π–¥–∏ f23134076675 –±—ã–ª —É–¥–∞–ª–µ–Ω —Å –±–∞–∑—ã –¥–∞–Ω–Ω—ã—Ö
2025-12-09 18:04:59 | INFO | market | –£ –ø–æ–ª—å–∑–æ–≤–∞—Ç–µ–ª—è —Å id 4 –Ω–µ –Ω–∞—à–ª–æ—Å—å —Å–∫–∏–Ω–æ–≤ –Ω–∞ —É–¥–∞–ª–µ–Ω–∏–µ
2025-12-09 18:04:59 | INFO | market | –°–∫–∏–Ω —Å –∞–π–¥–∏ f22927293499 –±—ã–ª —É–¥–∞–ª–µ–Ω —Å –±–∞–∑—ã –¥–∞–Ω–Ω—ã—Ö
2025-12-09 18:04:59 | INFO | market | –£ –ø–æ–ª—å–∑–æ–≤–∞—Ç–µ–ª—è —Å id 4 –Ω–µ –Ω–∞—à–ª–æ—Å—å —Å–∫–∏–Ω–æ–≤ –Ω–∞ —É–¥–∞–ª–µ–Ω–∏–µ
2025-12-09 18:04:59 | INFO | market | –°–∫–∏–Ω —Å –∞–π–¥–∏ f22841196562 –±—ã–ª —É–¥–∞–ª–µ–Ω —Å –±–∞–∑—ã –¥–∞–Ω–Ω—ã—Ö
2025-12-09 18:04:59 | INFO | market | –£ –ø–æ–ª—å–∑–æ–≤–∞—Ç–µ–ª—è —Å id 4 –Ω–µ –Ω–∞—à–ª–æ—Å—å —Å–∫–∏–Ω–æ–≤ –Ω–∞ —É–¥–∞–ª–µ–Ω–∏–µ
2025-12-09 18:04:59 | INFO | market | –°–∫–∏–Ω —Å –∞–π–¥–∏ f22841196529 –±—ã–ª —É–¥2025-12-09 18:06:00 | INFO | market | –°–∫–∏–Ω —Å –∞–π–¥–∏ f18924383567 –±—ã–ª —É–¥–∞–ª–µ–Ω —Å –±–∞–∑—ã –¥–∞–Ω–Ω—ã—Ö
2025-12-09 18:06:00 | INFO | market | –£ –ø–æ–ª—å–∑–æ–≤–∞—Ç–µ–ª—è —Å id 2 –Ω–µ –Ω–∞—à–ª–æ—Å—å —Å–∫–∏–Ω–æ–≤ –Ω–∞ —É–¥–∞–ª–µ–Ω–∏–µ
2025-12-09 18:06:00 | INFO | market | –°–∫–∏–Ω —Å –∞–π–¥–∏ f18843590433 –±—ã–ª —É–¥–∞–ª–µ–Ω —Å –±–∞–∑—ã –¥–∞–Ω–Ω—ã—Ö
2025-12-09 18:06:00 | INFO | market | –£ –ø–æ–ª—å–∑–æ–≤–∞—Ç–µ–ª—è —Å id 2 –Ω–µ –Ω–∞—à–ª–æ—Å—å —Å–∫–∏–Ω–æ–≤ –Ω–∞ —É–¥–∞–ª–µ–Ω–∏–µ
2025-12-09 18:06:00 | INFO | market | –°–∫–∏–Ω —Å –∞–π–¥–∏ f18692695240 –±—ã–ª —É–¥–∞–ª–µ–Ω —Å –±–∞–∑—ã –¥–∞–Ω–Ω—ã—Ö
2025-12-09 18:06:00 | INFO | market | –£ –ø–æ–ª—å–∑–æ–≤–∞—Ç–µ–ª—è —Å id 2 –Ω–µ –Ω–∞—à–ª–æ—Å—å —Å–∫–∏–Ω–æ–≤ –Ω–∞ —É–¥–∞–ª–µ–Ω–∏–µ
2025-12-09 18:06:00 | INFO | market | User updated skins | update_skins function
2025-12-09 18:06:00 | INFO | market | –°–∫–∏–Ω Glock-18 | Moonrise (Minimal Wear) –¥–æ–±–∞–≤–ª–µ–Ω –≤ –±–¥
2025-12-09 18:06:00 | INFO | market | User updated skins | update_skins function
2025-12-09 18:06:00 | INFO | market | –°–∫–∏–Ω FAMAS | Decommissioned (Battle-Scarred) –¥–æ–±–∞–≤–ª–µ–Ω –≤ –±–¥
2025-12-09 18:06:00 | INFO | market | User updated skins | update_skins function
2025-12-09 18:06:00 | INFO | market | –°–∫–∏–Ω StatTrak‚Ñ¢ Five-SeveN | Capillary (Field-Tested) –¥–æ–±–∞–≤–ª–µ–Ω –≤ –±–¥
2025-12-09 18:06:00 | INFO | market | User updated skins | update_skins function
2025-12-09 18:06:00 | INFO | market | –°–∫–∏–Ω CZ75-Auto | Tacticat (Field-Tested) –¥–æ–±–∞–≤–ª–µ–Ω –≤ –±–¥
2025-12-09 18:06:00 | INFO | market | User updated skins | update_skins function
2025-12-09 18:06:00 | INFO | market | –°–∫–∏–Ω AWP | Capillary (Field-Tested) –¥–æ–±–∞–≤–ª–µ–Ω –≤ –±–¥
2025-12-09 18:06:00 | INFO | market | User updated skins | update_skins function
2025-12-09 18:06:00 | INFO | market | –°–∫–∏–Ω Sealed Graffiti | GGEZ (Monster Purple) –¥–æ–±–∞–≤–ª–µ–Ω –≤ –±–¥
2025-12-09 18:06:00 | INFO | market | User updated skins | update_skins function
2025-12-09 18:06:00 | INFO | market | –°–∫–∏–Ω Sealed Graffiti | Tilt (Monarch Blue) –¥–æ–±–∞–≤–ª–µ–Ω –≤ –±–¥
2025-12-09 18:06:00 | INFO | market | User updated skins | update_skins function
2025-12-09 18:06:00 | INFO | market | –°–∫–∏–Ω Five-SeveN | Forest Night (Field-Tested) –¥–æ–±–∞–≤–ª–µ–Ω –≤ –±–¥
2025-12-09 18:06:00 | INFO | market | User updated skins | update_skins function
2025-12-09 18:06:00 | INFO | market | –°–∫–∏–Ω Clutch Case –¥–æ–±–∞–≤–ª–µ–Ω –≤ –±–¥
2025-12-09 18:06:00 | INFO | market | User updated skins | update_skins function
2025-12-09 18:06:00 | INFO | market | –°–∫–∏–Ω MAG-7 | Rust Coat (Minimal Wear) –¥–æ–±–∞–≤–ª–µ–Ω –≤ –±–¥
2025-12-09 18:06:00 | INFO | market | User updated skins | update_skins function
2025-12-09 18:06:00 | INFO | market | –°–∫–∏–Ω Sealed Graffiti | Mr. Teeth (Jungle Green) –¥–æ–±–∞–≤–ª–µ–Ω –≤ –±–¥
2025-12-09 18:06:00 | INFO | market | User updated skins | update_skins function
2025-12-09 18:06:00 | INFO | market | –°–∫–∏–Ω Prisma Case –¥–æ–±–∞–≤–ª–µ–Ω –≤ –±–¥
2025-12-09 18:06:00 | INFO | market | User updated skins | update_skins function
2025-12-09 18:06:00 | INFO | market | –°–∫–∏–Ω Ground Rebel  | Elite Crew –¥–æ–±–∞–≤–ª–µ–Ω –≤ –±–¥
2025-12-09 18:06:00 | INFO | market | User updated skins | update_skins function
2025-12-09 18:06:00 | INFO | market | –°–∫–∏–Ω Desert Eagle | Directive (Field-Tested) –¥–æ–±–∞–≤–ª–µ–Ω –≤ –±–¥
2025-12-09 18:06:00 | INFO | market | User updated skins | update_skins function
2025-12-09 18:06:00 | INFO | market | –°–∫–∏–Ω Sealed Graffiti | Mr. Teeth (Tiger Orange) –¥–æ–±–∞–≤–ª–µ–Ω –≤ –±–¥
2025-12-09 18:06:00 | INFO | market | User updated skins | update_skins function
2025-12-09 18:06:00 | INFO | market | –°–∫–∏–Ω Galil AR | Rocket Pop (Battle-Scarred) –¥–æ–±–∞–≤–ª–µ–Ω –≤ –±–¥
2025-12-09 18:06:00 | INFO | market | User updated skins | update_skins function
2025-12-09 18:06:00 | INFO | market | –°–∫–∏–Ω M4A1-S | Nitro (Field-Tested) –¥–æ–±–∞–≤–ª–µ–Ω –≤ –±–¥
2025-12-09 18:06:00 | INFO | market | User updated skins | update_skins function
2025-12-09 18:06:00 | INFO | market | –°–∫–∏–Ω Nova | Koi (Minimal Wear) –¥–æ–±–∞–≤–ª–µ–Ω –≤ –±–¥
2025-12-09 18:06:00 | INFO | market | User updated skins | update_skins function
2025-12-09 18:06:00 | INFO | market | –°–∫–∏–Ω MAC-10 | Candy Apple (Minimal Wear) –¥–æ–±–∞–≤–ª–µ–Ω –≤ –±–¥
2025-12-09 18:06:00 | INFO | market | User updated skins | update_skins function
2025-12-09 18:06:00 | INFO | market | –°–∫–∏–Ω Danger Zone Case –¥–æ–±–∞–≤–ª–µ–Ω –≤ –±–¥
2025-12-09 18:06:00 | INFO | market | User updated skins | update_skins function
2025-12-09 18:06:00 | INFO | market | –°–∫–∏–Ω Prisma Case –¥–æ–±–∞–≤–ª–µ–Ω –≤ –±–¥
2025-12-09 18:06:01 | INFO | market | User updated skins | update_skins function
2025-12-09 18:06:01 | INFO | market | –°–∫–∏–Ω Sealed Graffiti | Eat It (Cash Green) –¥–æ–±–∞–≤–ª–µ–Ω –≤ –±–¥
2025-12-09 18:06:01 | INFO | market | User updated skins | update_skins function
2025-12-09 18:06:01 | INFO | market | –°–∫–∏–Ω AK-47 | Safari Mesh (Field-Tested) –¥–æ–±–∞–≤–ª–µ–Ω –≤ –±–¥
2025-12-09 18:06:01 | INFO | market | User updated skins | update_skins function
2025-12-09 18:06:01 | INFO | market | –°–∫–∏–Ω Danger Zone Case –¥–æ–±–∞–≤–ª–µ–Ω –≤ –±–¥
2025-12-09 18:06:01 | INFO | market | User updated skins | update_skins function
2025-12-09 18:06:01 | INFO | market | –°–∫–∏–Ω MP9 | Capillary (Field-Tested) –¥–æ–±–∞–≤–ª–µ–Ω –≤ –±–¥
2025-12-09 18:06:01 | INFO | market | User updated skins | update_skins function
2025-12-09 18:06:01 | INFO | market | –°–∫–∏–Ω M4A4 | Magnesium (Well-Worn) –¥–æ–±–∞–≤–ª–µ–Ω –≤ –±–¥
2025-12-09 18:06:01 | INFO | market | User updated skins | update_skins function
2025-12-09 18:06:01 | INFO | market | –°–∫–∏–Ω Glock-18 | High Beam (Factory New) –¥–æ–±–∞–≤–ª–µ–Ω –≤ –±–¥
Job "delete_skins (trigger: interval[0:01:00], next run at: 2025-12-09 18:07:56 MSK)" raised an exception
Traceback (most recent call last):
  File "/home/alex/dev/python/CS_market_sell/.venv/lib/python3.13/site-packages/apscheduler/executors/base.py", line 181, in run_coroutine_job
    retval = await job.func(*job.args, **job.kwargs)
             ^^^^^^^^^^^^^^^^^^^^^^^^^^^^^^^^^^^^^^^
  File "/home/alex/dev/python/CS_market_sell/src/service/scheduler/trader.py", line 22, in delete_skins
    for skin in list_skins["items"]:
                ~~~~~~~~~~^^^^^^^^^
KeyError: 'items'
Traceback (most recent call last):
  File "/usr/lib/python3.13/asyncio/runners.py", line 118, in run
    return self._loop.run_until_complete(task)
           ~~~~~~~~~~~~~~~~~~~~~~~~~~~~~^^^^^^
  File "/usr/lib/python3.13/asyncio/base_events.py", line 725, in run_until_complete
    return future.result()
           ~~~~~~~~~~~~~^^
  File "/home/alex/dev/python/CS_market_sell/src/app_del.py", line 41, in main
    await asyncio.sleep(1)
  File "/usr/lib/python3.13/asyncio/tasks.py", line 718, in sleep
    return await future
           ^^^^^^^^^^^^
asyncio.exceptions.CancelledError

During handling of the above exception, another exception occurred:

Traceback (most recent call last):
  File "/home/alex/dev/python/CS_market_sell/src/app_del.py", line 48, in <module>
    asyncio.run(main())
    ~~~~~~~~~~~^^^^^^^^
  File "/usr/lib/python3.13/asyncio/runners.py", line 195, in run
    return runner.run(main)
           ~~~~~~~~~~^^^^^^
  File "/usr/lib/python3.13/asyncio/runners.py", line 123, in run
    raise KeyboardInterrupt()
KeyboardInterrupt
–ª–µ–Ω —Å –±–∞–∑—ã –¥–∞–Ω–Ω—ã—Ö
2025-12-09 18:04:59 | INFO | market | –£ –ø–æ–ª—å–∑–æ–≤–∞—Ç–µ–ª—è —Å id 4 –Ω–µ –Ω–∞—à–ª–æ—Å—å —Å–∫–∏–Ω–æ–≤ –Ω–∞ —É–¥–∞–ª–µ–Ω–∏–µ
2025-12-09 18:04:59 | INFO | market | –°–∫–∏–Ω —Å –∞–π–¥–∏ f8557114949 –±—ã–ª —É–¥–∞–ª–µ–Ω —Å –±–∞–∑—ã –¥–∞–Ω–Ω—ã—Ö
2025-12-09 18:04:59 | INFO | market | –£ –ø–æ–ª—å–∑–æ–≤–∞—Ç–µ–ª—è —Å id 4 –Ω–µ –Ω–∞—à–ª–æ—Å—å —Å–∫–∏–Ω–æ–≤ –Ω–∞ —É–¥–∞–ª–µ–Ω–∏–µ
2025-12-09 18:04:59 | INFO | market | –°–∫–∏–Ω —Å –∞–π–¥–∏ f8557114319 –±—ã–ª —É–¥–∞–ª–µ–Ω —Å –±–∞–∑—ã –¥–∞–Ω–Ω—ã—Ö
2025-12-09 18:04:59 | INFO | market | –£ –ø–æ–ª—å–∑–æ–≤–∞—Ç–µ–ª—è —Å id 4 –Ω–µ –Ω–∞—à–ª–æ—Å—å —Å–∫–∏–Ω–æ–≤ –Ω–∞ —É–¥–∞–ª–µ–Ω–∏–µ
2025-12-09 18:04:59 | INFO | market | –°–∫–∏–Ω —Å –∞–π–¥–∏ f8557088939 –±—ã–ª —É–¥–∞–ª–µ–Ω —Å –±–∞–∑—ã –¥–∞–Ω–Ω—ã—Ö
2025-12-09 18:04:59 | INFO | market | –£ –ø–æ–ª—å–∑–æ–≤–∞—Ç–µ–ª—è —Å id 4 –Ω–µ –Ω–∞—à–ª–æ—Å—å —Å–∫–∏–Ω–æ–≤ –Ω–∞ —É–¥–∞–ª–µ–Ω–∏–µ
2025-12-09 18:04:59 | INFO | market | –°–∫–∏–Ω —Å –∞–π–¥–∏ f8557087349 –±—ã–ª —É–¥–∞–ª–µ–Ω —Å –±–∞–∑—ã –¥–∞–Ω–Ω—ã—Ö
2025-12-09 18:04:59 | INFO | market | –£ –ø–æ–ª—å–∑–æ–≤–∞—Ç–µ–ª—è —Å id 4 –Ω–µ –Ω–∞—à–ª–æ—Å—å —Å–∫–∏–Ω–æ–≤ –Ω–∞ —É–¥–∞–ª–µ–Ω–∏–µ
2025-12-09 18:04:59 | INFO | market | –°–∫–∏–Ω —Å –∞–π–¥–∏ f8557085309 –±—ã–ª —É–¥–∞–ª–µ–Ω —Å –±–∞–∑—ã –¥–∞–Ω–Ω—ã—Ö
2025-12-09 18:04:59 | INFO | market | –£ –ø–æ–ª—å–∑–æ–≤–∞—Ç–µ–ª—è —Å id 4 –Ω–µ –Ω–∞—à–ª–æ—Å—å —Å–∫–∏–Ω–æ–≤ –Ω–∞ —É–¥–∞–ª–µ–Ω–∏–µ
2025-12-09 18:04:59 | INFO | market | –°–∫–∏–Ω —Å –∞–π–¥–∏ f8557084369 –±—ã–ª —É–¥–∞–ª–µ–Ω —Å –±–∞–∑—ã –¥–∞–Ω–Ω—ã—Ö
2025-12-09 18:04:59 | INFO | market | –£ –ø–æ–ª—å–∑–æ–≤–∞—Ç–µ–ª—è —Å id 4 –Ω–µ –Ω–∞—à–ª–æ—Å—å —Å–∫–∏–Ω–æ–≤ –Ω–∞ —É–¥–∞–ª–µ–Ω–∏–µ
2025-12-09 18:04:59 | INFO | market | –°–∫–∏–Ω —Å –∞–π–¥–∏ f8557083039 –±—ã–ª —É–¥–∞–ª–µ–Ω —Å –±–∞–∑—ã –¥–∞–Ω–Ω—ã—Ö
2025-12-09 18:04:59 | INFO | market | –£ –ø–æ–ª—å–∑–æ–≤–∞—Ç–µ–ª—è —Å id 4 –Ω–µ –Ω–∞—à–ª–æ—Å—å —Å–∫–∏–Ω–æ–≤ –Ω–∞ —É–¥–∞–ª–µ–Ω–∏–µ
2025-12-09 18:04:59 | INFO | market | –°–∫–∏–Ω —Å –∞–π–¥–∏ f8557082369 –±—ã–ª —É–¥–∞–ª–µ–Ω —Å –±–∞–∑—ã –¥–∞–Ω–Ω—ã—Ö
2025-12-09 18:04:59 | INFO | market | –£ –ø–æ–ª—å–∑–æ–≤–∞—Ç–µ–ª—è —Å id 4 –Ω–µ –Ω–∞—à–ª–æ—Å—å —Å–∫–∏–Ω–æ–≤ –Ω–∞ —É–¥–∞–ª–µ–Ω–∏–µ
2025-12-09 18:04:59 | INFO | market | –°–∫–∏–Ω —Å –∞–π–¥–∏ f8557081139 –±—ã–ª —É–¥–∞–ª–µ–Ω —Å –±–∞–∑—ã –¥–∞–Ω–Ω—ã—Ö
2025-12-09 18:04:59 | INFO | market | –£ –ø–æ–ª—å–∑–æ–≤–∞—Ç–µ–ª—è —Å id 4 –Ω–µ –Ω–∞—à–ª–æ—Å—å —Å–∫–∏–Ω–æ–≤ –Ω–∞ —É–¥–∞–ª–µ–Ω–∏–µ
2025-12-09 18:04:59 | INFO | market | –°–∫–∏–Ω —Å –∞–π–¥–∏ f8557080069 –±—ã–ª —É–¥–∞–ª–µ–Ω —Å –±–∞–∑—ã –¥–∞–Ω–Ω—ã—Ö
2025-12-09 18:04:59 | INFO | market | –£ –ø–æ–ª—å–∑–æ–≤–∞—Ç–µ–ª—è —Å id 4 –Ω–µ –Ω–∞—à–ª–æ—Å—å —Å–∫–∏–Ω–æ–≤ –Ω–∞ —É–¥–∞–ª–µ–Ω–∏–µ
2025-12-09 18:04:59 | INFO | market | –°–∫–∏–Ω —Å –∞–π–¥–∏ f8557079549 –±—ã–ª —É–¥–∞–ª–µ–Ω —Å –±–∞–∑—ã –¥–∞–Ω–Ω—ã—Ö
2025-12-09 18:04:59 | INFO | market | –£ –ø–æ–ª—å–∑–æ–≤–∞—Ç–µ–ª—è —Å id 4 –Ω–µ –Ω–∞—à–ª–æ—Å—å —Å–∫–∏–Ω–æ–≤ –Ω–∞ —É–¥–∞–ª–µ–Ω–∏–µ
2025-12-09 18:04:59 | INFO | market | –°–∫–∏–Ω —Å –∞–π–¥–∏ f8557078389 –±—ã–ª —É–¥–∞–ª–µ–Ω —Å –±–∞–∑—ã –¥–∞–Ω–Ω—ã—Ö
2025-12-09 18:04:59 | INFO | market | –£ –ø–æ–ª—å–∑–æ–≤–∞—Ç–µ–ª—è —Å id 4 –Ω–µ –Ω–∞—à–ª–æ—Å—å —Å–∫–∏–Ω–æ–≤ –Ω–∞ —É–¥–∞–ª–µ–Ω–∏–µ
2025-12-09 18:04:59 | INFO | market | –°–∫–∏–Ω —Å –∞–π–¥–∏ f8557077409 –±—ã–ª —É–¥–∞–ª–µ–Ω —Å –±–∞–∑—ã –¥–∞–Ω–Ω—ã—Ö
2025-12-09 18:04:59 | INFO | market | –£ –ø–æ–ª—å–∑–æ–≤–∞—Ç–µ–ª—è —Å id 4 –Ω–µ –Ω–∞—à–ª–æ—Å—å —Å–∫–∏–Ω–æ–≤ –Ω–∞ —É–¥–∞–ª–µ–Ω–∏–µ
2025-12-09 18:04:59 | INFO | market | –°–∫–∏–Ω —Å –∞–π–¥–∏ f8557076489 –±—ã–ª —É–¥–∞–ª–µ–Ω —Å –±–∞–∑—ã –¥–∞–Ω–Ω—ã—Ö
2025-12-09 18:04:59 | INFO | market | –£ –ø–æ–ª—å–∑–æ–≤–∞—Ç–µ–ª—è —Å id 4 –Ω–µ –Ω–∞—à–ª–æ—Å—å —Å–∫–∏–Ω–æ–≤ –Ω–∞ —É–¥–∞–ª–µ–Ω–∏–µ
2025-12-09 18:04:59 | INFO | market | –°–∫–∏–Ω —Å –∞–π–¥–∏ f8557075619 –±—ã–ª —É–¥–∞–ª–µ–Ω —Å –±–∞–∑—ã –¥–∞–Ω–Ω—ã—Ö
2025-12-09 18:04:59 | INFO | market | –£ –ø–æ–ª—å–∑–æ–≤–∞—Ç–µ–ª—è —Å id 4 –Ω–µ –Ω–∞—à–ª–æ—Å—å —Å–∫–∏–Ω–æ–≤ –Ω–∞ —É–¥–∞–ª–µ–Ω–∏–µ
2025-12-09 18:04:59 | INFO | market | –°–∫–∏–Ω —Å –∞–π–¥–∏ f8557074319 –±—ã–ª —É–¥–∞–ª–µ–Ω —Å –±–∞–∑—ã –¥–∞–Ω–Ω—ã—Ö
2025-12-09 18:04:59 | INFO | market | –£ –ø–æ–ª—å–∑–æ–≤–∞—Ç–µ–ª—è —Å id 4 –Ω–µ –Ω–∞—à–ª–æ—Å—å —Å–∫–∏–Ω–æ–≤ –Ω–∞ —É–¥–∞–ª–µ–Ω–∏–µ
2025-12-09 18:04:59 | INFO | market | –°–∫–∏–Ω —Å –∞–π–¥–∏ f8557073899 –±—ã–ª —É–¥–∞–ª–µ–Ω —Å –±–∞–∑—ã –¥–∞–Ω–Ω—ã—Ö
2025-12-09 18:04:59 | INFO | market | –£ –ø–æ–ª—å–∑–æ–≤–∞—Ç–µ–ª—è —Å id 4 –Ω–µ –Ω–∞—à–ª–æ—Å—å —Å–∫–∏–Ω–æ–≤ –Ω–∞ —É–¥–∞–ª–µ–Ω–∏–µ
2025-12-09 18:04:59 | INFO | market | –°–∫–∏–Ω —Å –∞–π–¥–∏ f8557071419 –±—ã–ª —É–¥–∞–ª–µ–Ω —Å –±–∞–∑—ã –¥–∞–Ω–Ω—ã—Ö
2025-12-09 18:04:59 | INFO | market | –£ –ø–æ–ª—å–∑–æ–≤–∞—Ç–µ–ª—è —Å id 4 –Ω–µ –Ω–∞—à–ª–æ—Å—å —Å–∫–∏–Ω–æ–≤ –Ω–∞ —É–¥–∞–ª–µ–Ω–∏–µ
2025-12-09 18:04:59 | INFO | market | –°–∫–∏–Ω —Å –∞–π–¥–∏ f8557066849 –±—ã–ª —É–¥–∞–ª–µ–Ω —Å –±–∞–∑—ã –¥–∞–Ω–Ω—ã—Ö
2025-12-09 18:04:59 | INFO | market | –£ –ø–æ–ª—å–∑–æ–≤–∞—Ç–µ–ª—è —Å id 4 –Ω–µ –Ω–∞—à–ª–æ—Å—å —Å–∫–∏–Ω–æ–≤ –Ω–∞ —É–¥–∞–ª–µ–Ω–∏–µ
2025-12-09 18:04:59 | INFO | market | –°–∫–∏–Ω —Å –∞–π–¥–∏ f8557064579 –±—ã–ª —É–¥–∞–ª–µ–Ω —Å –±–∞–∑—ã –¥–∞–Ω–Ω—ã—Ö
2025-12-09 18:04:59 | INFO | market | –£ –ø–æ–ª—å–∑–æ–≤–∞—Ç–µ–ª—è —Å id 4 –Ω–µ –Ω–∞—à–ª–æ—Å—å —Å–∫–∏–Ω–æ–≤ –Ω–∞ —É–¥–∞–ª–µ–Ω–∏–µ
2025-12-09 18:04:59 | INFO | market | –°–∫–∏–Ω —Å –∞–π–¥–∏ f8557063889 –±—ã–ª —É–¥–∞–ª–µ–Ω —Å –±–∞–∑—ã –¥–∞–Ω–Ω—ã—Ö
2025-12-09 18:04:59 | INFO | market | –£ –ø–æ–ª—å–∑–æ–≤–∞—Ç–µ–ª—è —Å id 4 –Ω–µ –Ω–∞—à–ª–æ—Å—å —Å–∫–∏–Ω–æ–≤ –Ω–∞ —É–¥–∞–ª–µ–Ω–∏–µ
2025-12-09 18:04:59 | INFO | market | –°–∫–∏–Ω —Å –∞–π–¥–∏ f8557060589 –±—ã–ª —É–¥–∞–ª–µ–Ω —Å –±–∞–∑—ã –¥–∞–Ω–Ω—ã—Ö
2025-12-09 18:04:59 | INFO | market | –£ –ø–æ–ª—å–∑–æ–≤–∞—Ç–µ–ª—è —Å id 4 –Ω–µ –Ω–∞—à–ª–æ—Å—å —Å–∫–∏–Ω–æ–≤ –Ω–∞ —É–¥–∞–ª–µ–Ω–∏–µ
2025-12-09 18:04:59 | INFO | market | –°–∫–∏–Ω —Å –∞–π–¥–∏ f8557058719 –±—ã–ª —É–¥–∞–ª–µ–Ω —Å –±–∞–∑—ã –¥–∞–Ω–Ω—ã—Ö
2025-12-09 18:04:59 | INFO | market | –£ –ø–æ–ª—å–∑–æ–≤–∞—Ç–µ–ª—è —Å id 4 –Ω–µ –Ω–∞—à–ª–æ—Å—å —Å–∫–∏–Ω–æ–≤ –Ω–∞ —É–¥–∞–ª–µ–Ω–∏–µ
2025-12-09 18:04:59 | INFO | market | –°–∫–∏–Ω —Å –∞–π–¥–∏ f8557057639 –±—ã–ª —É–¥–∞–ª–µ–Ω —Å –±–∞–∑—ã –¥–∞–Ω–Ω—ã—Ö
2025-12-09 18:04:59 | INFO | market | –£ –ø–æ–ª—å–∑–æ–≤–∞—Ç–µ–ª—è —Å id 4 –Ω–µ –Ω–∞—à–ª–æ—Å—å —Å–∫–∏–Ω–æ–≤ –Ω–∞ —É–¥–∞–ª–µ–Ω–∏–µ
2025-12-09 18:04:59 | INFO | market | –°–∫–∏–Ω —Å –∞–π–¥–∏ f8557055959 –±—ã–ª —É–¥–∞–ª–µ–Ω —Å –±–∞–∑—ã –¥–∞–Ω–Ω—ã—Ö
2025-12-09 18:04:59 | INFO | market | –£ –ø–æ–ª—å–∑–æ–≤–∞—Ç–µ–ª—è —Å id 4 –Ω–µ –Ω–∞—à–ª–æ—Å—å —Å–∫–∏–Ω–æ–≤ –Ω–∞ —É–¥–∞–ª–µ–Ω–∏–µ
2025-12-09 18:04:59 | INFO | market | –°–∫–∏–Ω —Å –∞–π–¥–∏ f8557054649 –±—ã–ª —É–¥–∞–ª–µ–Ω —Å –±–∞–∑—ã –¥–∞–Ω–Ω—ã—Ö
2025-12-09 18:04:59 | INFO | market | –£ –ø–æ–ª—å–∑–æ–≤–∞—Ç–µ–ª—è —Å id 4 –Ω–µ –Ω–∞—à–ª–æ—Å—å —Å–∫–∏–Ω–æ–≤ –Ω–∞ —É–¥–∞–ª–µ–Ω–∏–µ
2025-12-09 18:04:59 | INFO | market | –°–∫–∏–Ω —Å –∞–π–¥–∏ f8557050659 –±—ã–ª —É–¥–∞–ª–µ–Ω —Å –±–∞–∑—ã –¥–∞–Ω–Ω—ã—Ö
2025-12-09 18:04:59 | INFO | market | –£ –ø–æ–ª—å–∑–æ–≤–∞—Ç–µ–ª—è —Å id 4 –Ω–µ –Ω–∞—à–ª–æ—Å—å —Å–∫–∏–Ω–æ–≤ –Ω–∞ —É–¥–∞–ª–µ–Ω–∏–µ
2025-12-09 18:04:59 | INFO | market | –°–∫–∏–Ω —Å –∞–π–¥–∏ f8557049939 –±—ã–ª —É–¥–∞–ª–µ–Ω —Å –±–∞–∑—ã –¥–∞–Ω–Ω—ã—Ö
2025-12-09 18:04:59 | INFO | market | –£ –ø–æ–ª—å–∑–æ–≤–∞—Ç–µ–ª—è —Å id 4 –Ω–µ –Ω–∞—à–ª–æ—Å—å —Å–∫–∏–Ω–æ–≤ –Ω–∞ —É–¥–∞–ª–µ–Ω–∏–µ
2025-12-09 18:04:59 | INFO | market | –°–∫–∏–Ω —Å –∞–π–¥–∏ f8557048229 –±—ã–ª —É–¥–∞–ª–µ–Ω —Å –±–∞–∑—ã –¥–∞–Ω–Ω—ã—Ö
2025-12-09 18:04:59 | INFO | market | –£ –ø–æ–ª—å–∑–æ–≤–∞—Ç–µ–ª—è —Å id 4 –Ω–µ –Ω–∞—à–ª–æ—Å—å —Å–∫–∏–Ω–æ–≤ –Ω–∞ —É–¥–∞–ª–µ–Ω–∏–µ
2025-12-09 18:05:00 | INFO | market | –°–∫–∏–Ω —Å –∞–π–¥–∏ f8557046949 –±—ã–ª —É–¥–∞–ª–µ–Ω —Å –±–∞–∑—ã –¥–∞–Ω–Ω—ã—Ö
2025-12-09 18:05:00 | INFO | market | –£ –ø–æ–ª—å–∑–æ–≤–∞—Ç–µ–ª—è —Å id 4 –Ω–µ –Ω–∞—à–ª–æ—Å—å —Å–∫–∏–Ω–æ–≤ –Ω–∞ —É–¥–∞–ª–µ–Ω–∏–µ
2025-12-09 18:05:00 | INFO | market | –°–∫–∏–Ω —Å –∞–π–¥–∏ f8557044919 –±—ã–ª —É–¥–∞–ª–µ–Ω —Å –±–∞–∑—ã –¥–∞–Ω–Ω—ã—Ö
2025-12-09 18:05:00 | INFO | market | –£ –ø–æ–ª—å–∑–æ–≤–∞—Ç–µ–ª—è —Å id 4 –Ω–µ –Ω–∞—à–ª–æ—Å—å —Å–∫–∏–Ω–æ–≤ –Ω–∞ —É–¥–∞–ª–µ–Ω–∏–µ
2025-12-09 18:05:00 | INFO | market | –°–∫–∏–Ω —Å –∞–π–¥–∏ f8557044169 –±—ã–ª —É–¥–∞–ª–µ–Ω —Å –±–∞–∑—ã –¥–∞–Ω–Ω—ã—Ö
2025-12-09 18:05:00 | INFO | market | –£ –ø–æ–ª—å–∑–æ–≤–∞—Ç–µ–ª—è —Å id 4 –Ω–µ –Ω–∞—à–ª–æ—Å—å —Å–∫–∏–Ω–æ–≤ –Ω–∞ —É–¥–∞–ª–µ–Ω–∏–µ
2025-12-09 18:05:00 | INFO | market | –°–∫–∏–Ω —Å –∞–π–¥–∏ f8557039249 –±—ã–ª —É–¥–∞–ª–µ–Ω —Å –±–∞–∑—ã –¥–∞–Ω–Ω—ã—Ö
2025-12-09 18:05:00 | INFO | market | –£ –ø–æ–ª—å–∑–æ–≤–∞—Ç–µ–ª—è —Å id 4 –Ω–µ –Ω–∞—à–ª–æ—Å—å —Å–∫–∏–Ω–æ–≤ –Ω–∞ —É–¥–∞–ª–µ–Ω–∏–µ
2025-12-09 18:05:00 | INFO | market | –°–∫–∏–Ω —Å –∞–π–¥–∏ f8557038709 –±—ã–ª —É–¥–∞–ª–µ–Ω —Å –±–∞–∑—ã –¥–∞–Ω–Ω—ã—Ö
2025-12-09 18:05:00 | INFO | market | –£ –ø–æ–ª—å–∑–æ–≤–∞—Ç–µ–ª—è —Å id 4 –Ω–µ –Ω–∞—à–ª–æ—Å—å —Å–∫–∏–Ω–æ–≤ –Ω–∞ —É–¥–∞–ª–µ–Ω–∏–µ
2025-12-09 18:05:00 | INFO | market | –°–∫–∏–Ω —Å –∞–π–¥–∏ f8557036039 –±—ã–ª —É–¥–∞–ª–µ–Ω —Å –±–∞–∑—ã –¥–∞–Ω–Ω—ã—Ö
2025-12-09 18:05:00 | INFO | market | –£ –ø–æ–ª—å–∑–æ–≤–∞—Ç–µ–ª—è —Å id 4 –Ω–µ –Ω–∞—à–ª–æ—Å—å —Å–∫–∏–Ω–æ–≤ –Ω–∞ —É–¥–∞–ª–µ–Ω–∏–µ
2025-12-09 18:05:00 | INFO | market | –°–∫–∏–Ω —Å –∞–π–¥–∏ f8557032489 –±—ã–ª —É–¥–∞–ª–µ–Ω —Å –±–∞–∑—ã –¥–∞–Ω–Ω—ã—Ö
2025-12-09 18:05:00 | INFO | market | –£ –ø–æ–ª—å–∑–æ–≤–∞—Ç–µ–ª—è —Å id 4 –Ω–µ –Ω–∞—à–ª–æ—Å—å —Å–∫–∏–Ω–æ–≤ –Ω–∞ —É–¥–∞–ª–µ–Ω–∏–µ
2025-12-09 18:05:00 | INFO | market | –°–∫–∏–Ω —Å –∞–π–¥–∏ f8557030439 –±—ã–ª —É–¥–∞–ª–µ–Ω —Å –±–∞–∑—ã –¥–∞–Ω–Ω—ã—Ö
2025-12-09 18:05:00 | INFO | market | –£ –ø–æ–ª—å–∑–æ–≤–∞—Ç–µ–ª—è —Å id 4 –Ω–µ –Ω–∞—à–ª–æ—Å—å —Å–∫–2025-12-09 18:05:00 | INFO | m2025-12-09 18:05:00 | INFO | market | –°–∫–∏–Ω —Å –∞–π–¥–∏ f8557028359 –±—ã–ª —É–¥–∞–ª–µ–Ω —Å –±–∞–∑—ã –¥–∞–Ω–Ω—ã—Ö
2025-12-09 18:05:00 | INFO | market | –£ –ø–æ–ª—å2025-12-09 18:05:00 | INFO | market | User updated skins | update_skins function2025-12-09 18:05:00 | INFO | market | –°–∫–∏–Ω —Å –∞–π–¥–∏ f8557026289 –±—ã–ª —É–¥–∞–ª–µ–Ω —Å –±–∞–∑—ã –¥–∞–Ω–Ω—ã—Ö2025-12-09 18:05:00 | INFO | market | User updated skins | update_skins function
2025-12-09 18:05:00 | INFO | market | –°–∫–∏–Ω MP2025-12-09 18:05:00 | INFO | market | –°–∫–∏–Ω —Å –∞–π–2025-12-09 18:05:00 | INFO | market | User updated skins | update_skins function
2025-12-09 18:05:00 | INFO | market | –°–∫–∏–Ω AUG | Sweeper (Field-Tested) –¥–æ–±–∞–≤–ª–µ–Ω –≤ –±–¥
2025-12-09 18:05:00 | INFO | market | User updated skins | update_skins function
2025-12-09 18:05:00 | INFO | market | –°–∫–∏–Ω AUG | Sweeper (Field-Tested) –¥–æ–±–∞–≤–ª–µ–Ω –≤ –±–¥
2025-12-09 18:05:00 | INFO | market | User updated skins | update_skins function
2025-12-09 18:05:00 | INFO | market | –°–∫–∏–Ω Tec-9 | Army Mesh (Field-Tested) –¥–æ–±–∞–≤–ª–µ–Ω –≤ –±–¥
2025-12-09 18:05:00 | INFO | market | User updated skins | update_skins function
2025-12-09 18:05:00 | INFO | market | –°–∫–∏–Ω MAC-10 | Storm Camo (Field-Tested) –¥–æ–±–∞–≤–ª–µ–Ω –≤ –±–¥
2025-12-09 18:05:00 | INFO | market | User updated skins | update_skins function
2025-12-09 18:05:00 | INFO | market | –°–∫–∏–Ω SCAR-20 | Short Ochre (Field-Tested) –¥–æ–±–∞–≤–ª–µ–Ω –≤ –±–¥
2025-12-09 18:05:00 | INFO | market | User updated skins | update_skins function
2025-12-09 18:05:00 | INFO | market | –°–∫–∏–Ω P250 | Sand Dune (Field-Tested) –¥–æ–±–∞–≤–ª–µ–Ω –≤ –±–¥
2025-12-09 18:05:00 | INFO | market | User updated skins | update_skins function
2025-12-09 18:05:00 | INFO | market | –°–∫–∏–Ω UMP-45 | Facility Dark (Factory New) –¥–æ–±–∞–≤–ª–µ–Ω –≤ –±–¥
2025-12-09 18:05:00 | INFO | market | User updated skins | update_skins function
2025-12-09 18:05:00 | INFO | market | –°–∫–∏–Ω Five-SeveN | Coolant (Field-Tested) –¥–æ–±–∞–≤–ª–µ–Ω –≤ –±–¥
2025-12-09 18:05:00 | INFO | market | User updated skins | update_skins function
2025-12-09 18:05:00 | INFO | market | –°–∫–∏–Ω CZ75-Auto | Pink Pearl (Battle-Scarred) –¥–æ–±–∞–≤–ª–µ–Ω –≤ –±–¥
2025-12-09 18:05:00 | INFO | market | User updated skins | update_skins function
2025-12-09 18:05:00 | INFO | market | –°–∫–∏–Ω Zeus x27 | Swamp DDPAT (Field-Tested) –¥–æ–±–∞–≤–ª–µ–Ω –≤ –±–¥
2025-12-09 18:05:00 | INFO | market | User updated skins | update_skins function
2025-12-09 18:05:00 | INFO | market | –°–∫–∏–Ω P250 | Facility Draft (Well-Worn) –¥–æ–±–∞–≤–ª–µ–Ω –≤ –±–¥
2025-12-09 18:05:00 | INFO | market | User updated skins | update_skins function
2025-12-09 18:05:00 | INFO | market | –°–∫–∏–Ω P250 | Sand Dune (Minimal Wear) –¥–æ–±–∞–≤–ª–µ–Ω –≤ –±–¥
2025-12-09 18:05:00 | INFO | market | User updated skins | update_skins function
2025-12-09 18:05:00 | INFO | market | –°–∫–∏–Ω SG 553 | Basket Halftone (Field-Tested) –¥–æ–±–∞–≤–ª–µ–Ω –≤ –±–¥
2025-12-09 18:05:00 | INFO | market | User updated skins | update_skins function
2025-12-09 18:05:00 | INFO | market | –°–∫–∏–Ω Galil AR | Cold Fusion (Minimal Wear) –¥–æ–±–∞–≤–ª–µ–Ω –≤ –±–¥
2025-12-09 18:05:00 | INFO | market | User updated skins | update_skins function
2025-12-09 18:05:00 | INFO | market | –°–∫–∏–Ω M4A4 | Naval Shred Camo (Field-Tested) –¥–æ–±–∞–≤–ª–µ–Ω –≤ –±–¥
2025-12-09 18:05:00 | INFO | market | User updated skins | update_skins function
2025-12-09 18:05:00 | INFO | market | –°–∫–∏–Ω Galil AR | Acid Dart (Minimal Wear) –¥–æ–±–∞–≤–ª–µ–Ω –≤ –±–¥
2025-12-09 18:05:00 | INFO | market | User updated skins | update_skins function
2025-12-09 18:05:00 | INFO | market | –°–∫–∏–Ω Negev | Sour Grapes (Minimal Wear) –¥–æ–±–∞–≤–ª–µ–Ω –≤ –±–¥
2025-12-09 18:05:00 | INFO | market | User updated skins | update_skins function
2025-12-09 18:05:00 | INFO | market | –°–∫–∏–Ω Kilowatt Case –¥–æ–±–∞–≤–ª–µ–Ω –≤ –±–¥
2025-12-09 18:05:00 | INFO | market | User updated skins | update_skins function
2025-12-09 18:05:00 | INFO | market | –°–∫–∏–Ω Kilowatt Case –¥–æ–±–∞–≤–ª–µ–Ω –≤ –±–¥
2025-12-09 18:05:00 | INFO | market | User updated skins | update_skins function
2025-12-09 18:05:00 | INFO | market | –°–∫–∏–Ω Kilowatt Case –¥–æ–±–∞–≤–ª–µ–Ω –≤ –±–¥
2025-12-09 18:05:00 | INFO | market | User updated skins | update_skins function
2025-12-09 18:05:00 | INFO | market | –°–∫–∏–Ω Kilowatt Case –¥–æ–±–∞–≤–ª–µ–Ω –≤ –±–¥
2025-12-09 18:05:00 | INFO | market | User updated skins | update_skins function
2025-12-09 18:05:00 | INFO | market | –°–∫–∏–Ω Kilowatt Case –¥–æ–±–∞–≤–ª–µ–Ω –≤ –±–¥
2025-12-09 18:05:00 | INFO | market | User updated skins | update_skins function
2025-12-09 18:05:00 | INFO | market | –°–∫–∏–Ω Kilowatt Case –¥–æ–±–∞–≤–ª–µ–Ω –≤ –±–¥
2025-12-09 18:05:00 | INFO | market | User updated skins | update_skins function
2025-12-09 18:05:00 | INFO | market | –°–∫–∏–Ω Kilowatt Case –¥–æ–±–∞–≤–ª–µ–Ω –≤ –±–¥
2025-12-09 18:05:00 | INFO | market | User updated skins | update_skins function
2025-12-09 18:05:00 | INFO | market | –°–∫–∏–Ω Kilowatt Case –¥–æ–±–∞–≤–ª–µ–Ω –≤ –±–¥
2025-12-09 18:05:00 | INFO | market | User updated skins | update_skins function
2025-12-09 18:05:00 | INFO | market | –°–∫–∏–Ω Kilowatt Case –¥–æ–±–∞–≤–ª–µ–Ω –≤ –±–¥
2025-12-09 18:05:00 | INFO | market | User updated skins | update_skins function
2025-12-09 18:05:00 | INFO | market | –°–∫–∏–Ω Sealed Genesis Terminal –¥–æ–±–∞–≤–ª–µ–Ω –≤ –±–¥
2025-12-09 18:05:00 | INFO | market | User updated skins | update_skins function
2025-12-09 18:05:00 | INFO | market | –°–∫–∏–Ω Sealed Genesis Terminal –¥–æ–±–∞–≤–ª–µ–Ω –≤ –±–¥
2025-12-09 18:05:00 | INFO | market | User updated skins | update_skins function
2025-12-09 18:05:00 | INFO | market | –°–∫–∏–Ω Sealed Genesis Terminal –¥–æ–±–∞–≤–ª–µ–Ω –≤ –±–¥
2025-12-09 18:05:00 | INFO | market | User updated skins | update_skins function
2025-12-09 18:05:00 | INFO | market | –°–∫–∏–Ω Sealed Genesis Terminal –¥–æ–±–∞–≤–ª–µ–Ω –≤ –±–¥
2025-12-09 18:05:00 | INFO | market | User updated skins | update_skins function
2025-12-09 18:05:00 | INFO | market | –°–∫–∏–Ω Sealed Genesis Terminal –¥–æ–±–∞–≤–ª–µ–Ω –≤ –±–¥
2025-12-09 18:05:00 | INFO | market | User updated skins | update_skins function
2025-12-09 18:05:00 | INFO | market | –°–∫–∏–Ω Sealed Genesis Terminal –¥–æ–±–∞–≤–ª–µ–Ω –≤ –±–¥
2025-12-09 18:05:00 | INFO | market | User updated skins | update_skins function
2025-12-09 18:05:00 | INFO | market | –°–∫–∏–Ω Sealed Genesis Terminal –¥–æ–±–∞–≤–ª–µ–Ω –≤ –±–¥
2025-12-09 18:05:00 | INFO | market | User updated skins | update_skins function
2025-12-09 18:05:00 | INFO | market | –°–∫–∏–Ω Sealed Genesis Terminal –¥–æ–±–∞–≤–ª–µ–Ω –≤ –±–¥
2025-12-09 18:05:00 | INFO | market | User updated skins | update_skins function
2025-12-09 18:05:00 | INFO | market | –°–∫–∏–Ω Sealed Genesis Terminal –¥–æ–±–∞–≤–ª–µ–Ω –≤ –±–¥
2025-12-09 18:05:00 | INFO | market | User updated skins | update_skins function
2025-12-09 18:05:00 | INFO | market | –°–∫–∏–Ω Sealed Genesis Terminal –¥–æ–±–∞–≤–ª–µ–Ω –≤ –±–¥
2025-12-09 18:05:00 | INFO | market | User updated skins | update_skins function
2025-12-09 18:05:00 | INFO | market | –°–∫–∏–Ω Sealed Genesis Terminal –¥–æ–±–∞–≤–ª–µ–Ω –≤ –±–¥
2025-12-09 18:05:00 | INFO | market | User updated skins | update_skins function
2025-12-09 18:05:00 | INFO | market | –°–∫–∏–Ω Sealed Genesis Terminal –¥–æ–±–∞–≤–ª–µ–Ω –≤ –±–¥
2025-12-09 18:05:00 | INFO | market | User updated skins | update_skins function
2025-12-09 18:05:00 | INFO | market | –°–∫–∏–Ω Sealed Genesis Terminal –¥–æ–±–∞–≤–ª–µ–Ω –≤ –±–¥
2025-12-09 18:05:00 | INFO | market | User updated skins | update_skins function
2025-12-09 18:05:00 | INFO | market | –°–∫–∏–Ω FAMAS | Grey Ghost (Factory New) –¥–æ–±–∞–≤–ª–µ–Ω –≤ –±–¥
2025-12-09 18:05:00 | INFO | market | User updated skins | update_skins function
2025-12-09 18:05:00 | INFO | market | –°–∫–∏–Ω Revolution Case –¥–æ–±–∞–≤–ª–µ–Ω –≤ –±–¥
2025-12-09 18:05:00 | INFO | market | User updated skins | update_skins function
2025-12-09 18:05:00 | INFO | market | –°–∫–∏–Ω Revolution Case –¥–æ–±–∞–≤–ª–µ–Ω –≤ –±–¥
2025-12-09 18:05:00 | INFO | market | User updated skins | update_skins function
2025-12-09 18:05:00 | INFO | market | –°–∫–∏–Ω Revolution Case –¥–æ–±–∞–≤–ª–µ–Ω –≤ –±–¥
2025-12-09 18:05:00 | INFO | market | User updated skins | update_skins function
2025-12-09 18:05:00 | INFO | market | –°–∫–∏–Ω Revolution Case –¥–æ–±–∞–≤–ª–µ–Ω –≤ –±–¥
2025-12-09 18:05:00 | INFO | market | User updated skins | update_skins function
2025-12-09 18:05:00 | INFO | market | –°–∫–∏–Ω Revolution Case –¥–æ–±–∞–≤–ª–µ–Ω –≤ –±–¥
2025-12-09 18:05:00 | INFO | market | User updated skins | update_skins function
2025-12-09 18:05:00 | INFO | market | –°–∫–∏–Ω Dreams & Nightmares Case –¥–æ–±–∞–≤–ª–µ–Ω –≤ –±–¥
2025-12-09 18:05:00 | INFO | market | User updated skins | update_skins function
2025-12-09 18:05:00 | INFO | market | –°–∫–∏–Ω Dreams & Nightmares Case –¥–æ–±–∞–≤–ª–µ–Ω –≤ –±–¥
2025-12-09 18:05:00 | INFO | market | User updated skins | update_skins function
2025-12-09 18:05:00 | INFO | market | –°–∫–∏–Ω Dreams & Nightmares Case –¥–æ–±–∞–≤–ª–µ–Ω –≤ –±–¥
2025-12-09 18:05:00 | INFO | market | User updated skins | update_skins function
2025-12-09 18:05:00 | INFO | market | –°–∫–∏–Ω Dreams & Nightmares Case –¥–æ–±–∞–≤–ª–µ–Ω –≤ –±–¥
2025-12-09 18:05:00 | INFO | market | User updated skins | update_skins function
2025-12-09 18:05:00 | INFO | market | –°–∫–∏–Ω Nova | Marsh Grass (Field-Tested) –¥–æ–±–∞–≤–ª–µ–Ω –≤ –±–¥
2025-12-09 18:05:00 | INFO | market | User updated skins | update_skins function
2025-12-09 18:05:00 | INFO | market | –°–∫–∏–Ω SG 553 | Night Camo (Field-Tested) –¥–æ–±–∞–≤–ª–µ–Ω –≤ –±–¥
2025-12-09 18:05:00 | INFO | market | User updated skins | update_skins function
2025-12-09 18:05:00 | INFO | market | –°–∫–∏–Ω MP7 | Army Recon (Field-Tested) –¥–æ–±–∞–≤–ª–µ–Ω –≤ –±–¥
2025-12-09 18:05:00 | INFO | market | User updated skins | update_skins function
2025-12-09 18:05:00 | INFO | market | –°–∫–∏–Ω UMP-45 | Green Swirl (Field-Tested) –¥–æ–±–∞–≤–ª–µ–Ω –≤ –±–¥
2025-12-09 18:05:00 | INFO | market | User updated skins | update_skins function
2025-12-09 18:05:00 | INFO | market | –°–∫–∏–Ω P90 | Desert Halftone (Battle-Scarred) –¥–æ–±–∞–≤–ª–µ–Ω –≤ –±–¥
2025-12-09 18:05:00 | INFO | market | User updated skins | update_skins function
2025-12-09 18:05:00 | INFO | market | –°–∫–∏–Ω UMP-45 | Green Swirl (Field-Tested) –¥–æ–±–∞–≤–ª–µ–Ω –≤ –±–¥
2025-12-09 18:05:00 | INFO | market | User updated skins | update_skins function
2025-12-09 18:05:00 | INFO | market | –°–∫–∏–Ω Tec-9 | Army Mesh (Minimal Wear) –¥–æ–±–∞–≤–ª–µ–Ω –≤ –±–¥
2025-12-09 18:05:00 | INFO | market | User updated skins | update_skins function
2025-12-09 18:05:00 | INFO | market | –°–∫–∏–Ω Nova | Mandrel (Minimal Wear) –¥–æ–±–∞–≤–ª–µ–Ω –≤ –±–¥
2025-12-09 18:05:00 | INFO | market | User updated skins | update_skins function
2025-12-09 18:05:00 | INFO | market | –°–∫–∏–Ω Nova | Mandrel (Minimal Wear) –¥–æ–±–∞–≤–ª–µ–Ω –≤ –±–¥
2025-12-09 18:05:00 | INFO | market | User updated skins | update_skins function
2025-12-09 18:05:00 | INFO | market | –°–∫–∏–Ω UMP-45 | Mudder (Well-Worn) –¥–æ–±–∞–≤–ª–µ–Ω –≤ –±–¥
2025-12-09 18:05:00 | INFO | market | User updated skins | update_skins function
2025-12-09 18:05:00 | INFO | market | –°–∫–∏–Ω UMP-45 | Mudder (Battle-Scarred) –¥–æ–±–∞–≤–ª–µ–Ω –≤ –±–¥
2025-12-09 18:05:00 | INFO | market | User updated skins | update_skins function
2025-12-09 18:05:00 | INFO | market | –°–∫–∏–Ω MAC-10 | Storm Camo (Field-Tested) –¥–æ–±–∞–≤–ª–µ–Ω –≤ –±–¥
2025-12-09 18:05:00 | INFO | market | User updated skins | update_skins function
2025-12-09 18:05:00 | INFO | market | –°–∫–∏–Ω P250 | Facility Draft (Field-Tested) –¥–æ–±–∞–≤–ª–µ–Ω –≤ –±–¥
2025-12-09 18:05:00 | INFO | market | User updated skins | update_skins function
2025-12-09 18:05:00 | INFO | market | –°–∫–∏–Ω MP9 | Pine (Minimal Wear) –¥–æ–±–∞–≤–ª–µ–Ω –≤ –±–¥
2025-12-09 18:05:00 | INFO | market | User updated skins | update_skins function
2025-12-09 18:05:00 | INFO | market | –°–∫–∏–Ω MAG-7 | Copper Oxide (Field-Tested) –¥–æ–±–∞–≤–ª–µ–Ω –≤ –±–¥
2025-12-09 18:05:00 | INFO | market | User updated skins | update_skins function
2025-12-09 18:05:00 | INFO | market | –°–∫–∏–Ω UMP-45 | Green Swirl (Minimal Wear) –¥–æ–±–∞–≤–ª–µ–Ω –≤ –±–¥
2025-12-09 18:05:00 | INFO | market | User updated skins | update_skins function
2025-12-09 18:05:00 | INFO | market | –°–∫–∏–Ω PP-Bizon | Wood Block Camo (Factory New) –¥–æ–±–∞–≤–ª–µ–Ω –≤ –±–¥
2025-12-09 18:05:00 | INFO | market | User updated skins | update_skins function
2025-12-09 18:05:00 | INFO | market | –°–∫–∏–Ω P250 | Sedimentary (Field-Tested) –¥–æ–±–∞–≤–ª–µ–Ω –≤ –±–¥
2025-12-09 18:05:00 | INFO | market | User updated skins | update_skins function
2025-12-09 18:05:00 | INFO | market | –°–∫–∏–Ω Galil AR | Acid Dart (Field-Tested) –¥–æ–±–∞–≤–ª–µ–Ω –≤ –±–¥
2025-12-09 18:05:00 | INFO | market | User updated skins | update_skins function
2025-12-09 18:05:00 | INFO | market | –°–∫–∏–Ω Kilowatt Case –¥–æ–±–∞–≤–ª–µ–Ω –≤ –±–¥
2025-12-09 18:05:00 | INFO | market | User updated skins | update_skins function
2025-12-09 18:05:00 | INFO | market | –°–∫–∏–Ω Kilowatt Case –¥–æ–±–∞–≤–ª–µ–Ω –≤ –±–¥
2025-12-09 18:05:00 | INFO | market | User updated skins | update_skins function
2025-12-09 18:05:00 | INFO | market | –°–∫–∏–Ω Kilowatt Case –¥–æ–±–∞–≤–ª–µ–Ω –≤ –±–¥
2025-12-09 18:05:00 | INFO | market | User updated skins | update_skins function
2025-12-09 18:05:00 | INFO | market | –°–∫–∏–Ω Zeus x27 | Electric Blue (Minimal Wear) –¥–æ–±–∞–≤–ª–µ–Ω –≤ –±–¥
2025-12-09 18:05:00 | INFO | market | User updated skins | update_skins function
2025-12-09 18:05:00 | INFO | market | –°–∫–∏–Ω Sealed Genesis Terminal –¥–æ–±–∞–≤–ª–µ–Ω –≤ –±–¥
2025-12-09 18:05:00 | INFO | market | User updated skins | update_skins function
2025-12-09 18:05:00 | INFO | market | –°–∫–∏–Ω Sealed Genesis Terminal –¥–æ–±–∞–≤–ª–µ–Ω –≤ –±–¥
2025-12-09 18:05:00 | INFO | market | User updated skins | update_skins function
2025-12-09 18:05:00 | INFO | market | –°–∫–∏–Ω Sealed Genesis Terminal –¥–æ–±–∞–≤–ª–µ–Ω –≤ –±–¥
2025-12-09 18:05:00 | INFO | market | User updated skins | update_skins function
2025-12-09 18:05:00 | INFO | market | –°–∫–∏–Ω Sealed Genesis Terminal –¥–æ–±–∞–≤–ª–µ–Ω –≤ –±–¥
2025-12-09 18:05:01 | INFO | market | User updated skins | update_skins function
2025-12-09 18:05:01 | INFO | market | –°–∫–∏–Ω Sealed Genesis Terminal –¥–æ–±–∞–≤–ª–µ–Ω –≤ –±–¥
2025-12-09 18:05:01 | INFO | market | User updated skins | update_skins function
2025-12-09 18:05:01 | INFO | market | –°–∫–∏–Ω Sealed Genesis Terminal –¥–æ–±–∞–≤–ª–µ–Ω –≤ –±–¥
2025-12-09 18:05:01 | INFO | market | User updated skins | update_skins function
2025-12-09 18:05:01 | INFO | market | –°–∫–∏–Ω Sealed Genesis Terminal –¥–æ–±–∞–≤–ª–µ–Ω –≤ –±–¥
2025-12-09 18:05:01 | INFO | market | User updated skins | update_skins function
2025-12-09 18:05:01 | INFO | market | –°–∫–∏–Ω Revolution Case –¥–æ–±–∞–≤–ª–µ–Ω –≤ –±–¥
2025-12-09 18:05:01 | INFO | market | User updated skins | update_skins function
2025-12-09 18:05:01 | INFO | market | –°–∫–∏–Ω Revolution Case –¥–æ–±–∞–≤–ª–µ–Ω –≤ –±–¥
2025-12-09 18:05:01 | INFO | market | User updated skins | update_skins function
2025-12-09 18:05:01 | INFO | market | –°–∫–∏–Ω Revolution Case –¥–æ–±–∞–≤–ª–µ–Ω –≤ –±–¥
2025-12-09 18:05:01 | INFO | market | User updated skins | update_skins function
2025-12-09 18:05:01 | INFO | market | –°–∫–∏–Ω Revolution Case –¥–æ–±–∞–≤–ª–µ–Ω –≤ –±–¥
2025-12-09 18:05:01 | INFO | market | User updated skins | update_skins function
2025-12-09 18:05:01 | INFO | market | –°–∫–∏–Ω M4A4 | Steel Work (Factory New) –¥–æ–±–∞–≤–ª–µ–Ω –≤ –±–¥
2025-12-09 18:05:01 | INFO | market | User updated skins | update_skins function
2025-12-09 18:05:01 | INFO | market | –°–∫–∏–Ω Dreams & Nightmares Case –¥–æ–±–∞–≤–ª–µ–Ω –≤ –±–¥
2025-12-09 18:05:01 | INFO | market | User updated skins | update_skins function
2025-12-09 18:05:01 | INFO | market | –°–∫–∏–Ω SCAR-20 | Contractor (Field-Tested) –¥–æ–±–∞–≤–ª–µ–Ω –≤ –±–¥
2025-12-09 18:05:01 | INFO | market | User updated skins | update_skins function
2025-12-09 18:05:01 | INFO | market | –°–∫–∏–Ω PP-Bizon | Facility Sketch (Field-Tested) –¥–æ–±–∞–≤–ª–µ–Ω –≤ –±–¥
2025-12-09 18:05:01 | INFO | market | User updated skins | update_skins function
2025-12-09 18:05:01 | INFO | market | –°–∫–∏–Ω PP-Bizon | Facility Sketch (Field-Tested) –¥–æ–±–∞–≤–ª–µ–Ω –≤ –±–¥
2025-12-09 18:05:01 | INFO | market | User updated skins | update_skins function
2025-12-09 18:05:01 | INFO | market | –°–∫–∏–Ω PP-Bizon | Facility Sketch (Field-Tested) –¥–æ–±–∞–≤–ª–µ–Ω –≤ –±–¥
2025-12-09 18:05:01 | INFO | market | User updated skins | update_skins function
2025-12-09 18:05:01 | INFO | market | –°–∫–∏–Ω PP-Bizon | Facility Sketch (Field-Tested) –¥–æ–±–∞–≤–ª–µ–Ω –≤ –±–¥
2025-12-09 18:05:01 | INFO | market | User updated skins | update_skins function
2025-12-09 18:05:01 | INFO | market | –°–∫–∏–Ω UMP-45 | Mudder (Field-Tested) –¥–æ–±–∞–≤–ª–µ–Ω –≤ –±–¥
2025-12-09 18:05:01 | INFO | market | User updated skins | update_skins function
2025-12-09 18:05:01 | INFO | market | –°–∫–∏–Ω MAG-7 | Rust Coat (Well-Worn) –¥–æ–±–∞–≤–ª–µ–Ω –≤ –±–¥
2025-12-09 18:05:01 | INFO | market | User updated skins | update_skins function
2025-12-09 18:05:01 | INFO | market | –°–∫–∏–Ω PP-Bizon | Wood Block Camo (Field-Tested) –¥–æ–±–∞–≤–ª–µ–Ω –≤ –±–¥
2025-12-09 18:05:01 | INFO | market | User updated skins | update_skins function
2025-12-09 18:05:01 | INFO | market | –°–∫–∏–Ω G3SG1 | Red Jasper (Field-Tested) –¥–æ–±–∞–≤–ª–µ–Ω –≤ –±–¥
2025-12-09 18:05:01 | INFO | market | User updated skins | update_skins function
2025-12-09 18:05:01 | INFO | market | –°–∫–∏–Ω MP9 | Sand Dashed (Well-Worn) –¥–æ–±–∞–≤–ª–µ–Ω –≤ –±–¥
2025-12-09 18:05:01 | INFO | market | User updated skins | update_skins function
2025-12-09 18:05:01 | INFO | market | –°–∫–∏–Ω Dual Berettas | Contractor (Field-Tested) –¥–æ–±–∞–≤–ª–µ–Ω –≤ –±–¥
2025-12-09 18:05:01 | INFO | market | User updated skins | update_skins function
2025-12-09 18:05:01 | INFO | market | –°–∫–∏–Ω P250 | Plum Netting (Field-Tested) –¥–æ–±–∞–≤–ª–µ–Ω –≤ –±–¥
2025-12-09 18:05:01 | INFO | market | User updated skins | update_skins function
2025-12-09 18:05:01 | INFO | market | –°–∫–∏–Ω SSG 08 | Blue Spruce (Field-Tested) –¥–æ–±–∞–≤–ª–µ–Ω –≤ –±–¥
2025-12-09 18:05:01 | INFO | market | User updated skins | update_skins function
2025-12-09 18:05:01 | INFO | market | –°–∫–∏–Ω MP9 | Slide (Well-Worn) –¥–æ–±–∞–≤–ª–µ–Ω –≤ –±–¥
2025-12-09 18:05:01 | INFO | market | User updated skins | update_skins function
2025-12-09 18:05:01 | INFO | market | –°–∫–∏–Ω P250 | Plum Netting (Field-Tested) –¥–æ–±–∞–≤–ª–µ–Ω –≤ –±–¥
2025-12-09 18:05:01 | INFO | market | User updated skins | update_skins function
2025-12-09 18:05:01 | INFO | market | –°–∫–∏–Ω MP5-SD | Lime Hex (Field-Tested) –¥–æ–±–∞–≤–ª–µ–Ω –≤ –±–¥
2025-12-09 18:05:01 | INFO | market | User updated skins | update_skins function
2025-12-09 18:05:01 | INFO | market | –°–∫–∏–Ω MP7 | Army Recon (Minimal Wear) –¥–æ–±–∞–≤–ª–µ–Ω –≤ –±–¥
2025-12-09 18:05:01 | INFO | market | User updated skins | update_skins function
2025-12-09 18:05:01 | INFO | market | –°–∫–∏–Ω Nova | Predator (Minimal Wear) –¥–æ–±–∞–≤–ª–µ–Ω –≤ –±–¥
2025-12-09 18:05:01 | INFO | market | User updated skins | update_skins function
2025-12-09 18:05:01 | INFO | market | –°–∫–∏–Ω Tec-9 | Raw Ceramic (Battle-Scarred) –¥–æ–±–∞–≤–ª–µ–Ω –≤ –±–¥
2025-12-09 18:05:01 | INFO | market | User updated skins | update_skins function
2025-12-09 18:05:01 | INFO | market | –°–∫–∏–Ω UMP-45 | Mudder (Minimal Wear) –¥–æ–±–∞–≤–ª–µ–Ω –≤ –±–¥
2025-12-09 18:05:01 | INFO | market | User updated skins | update_skins function
2025-12-09 18:05:01 | INFO | market | –°–∫–∏–Ω SCAR-20 | Contractor (Battle-Scarred) –¥–æ–±–∞–≤–ª–µ–Ω –≤ –±–¥
2025-12-09 18:05:01 | INFO | market | User updated skins | update_skins function
2025-12-09 18:05:01 | INFO | market | –°–∫–∏–Ω MP9 | Sand Dashed (Battle-Scarred) –¥–æ–±–∞–≤–ª–µ–Ω –≤ –±–¥
2025-12-09 18:05:01 | INFO | market | User updated skins | update_skins function
2025-12-09 18:05:01 | INFO | market | –°–∫–∏–Ω MP9 | Pine (Minimal Wear) –¥–æ–±–∞–≤–ª–µ–Ω –≤ –±–¥
2025-12-09 18:05:01 | INFO | market | User updated skins | update_skins function
2025-12-09 18:05:01 | INFO | market | –°–∫–∏–Ω MP9 | Buff Blue (Field-Tested) –¥–æ–±–∞–≤–ª–µ–Ω –≤ –±–¥
2025-12-09 18:05:01 | INFO | market | User updated skins | update_skins function
2025-12-09 18:05:01 | INFO | market | –°–∫–∏–Ω XM1014 | Canvas Cloud (Minimal Wear) –¥–æ–±–∞–≤–ª–µ–Ω –≤ –±–¥
2025-12-09 18:05:01 | INFO | market | User updated skins | update_skins function
2025-12-09 18:05:01 | INFO | market | –°–∫–∏–Ω PP-Bizon | Wood Block Camo (Minimal Wear) –¥–æ–±–∞–≤–ª–µ–Ω –≤ –±–¥
2025-12-09 18:05:01 | INFO | market | User updated skins | update_skins function
2025-12-09 18:05:01 | INFO | market | –°–∫–∏–Ω MP9 | Multi-Terrain (Minimal Wear) –¥–æ–±–∞–≤–ª–µ–Ω –≤ –±–¥
2025-12-09 18:05:01 | INFO | market | User updated skins | update_skins function
2025-12-09 18:05:01 | INFO | market | –°–∫–∏–Ω M249 | Sage Camo (Minimal Wear) –¥–æ–±–∞–≤–ª–µ–Ω –≤ –±–¥
2025-12-09 18:05:01 | INFO | market | User updated skins | update_skins function
2025-12-09 18:05:01 | INFO | market | –°–∫–∏–Ω P250 | Copper Oxide (Minimal Wear) –¥–æ–±–∞–≤–ª–µ–Ω –≤ –±–¥
2025-12-09 18:05:01 | INFO | market | User updated skins | update_skins function
2025-12-09 18:05:01 | INFO | market | –°–∫–∏–Ω Galil AR | Grey Smoke (Well-Worn) –¥–æ–±–∞–≤–ª–µ–Ω –≤ –±–¥
2025-12-09 18:05:01 | INFO | market | User updated skins | update_skins function
2025-12-09 18:05:01 | INFO | market | –°–∫–∏–Ω UMP-45 | Green Swirl (Minimal Wear) –¥–æ–±–∞–≤–ª–µ–Ω –≤ –±–¥
2025-12-09 18:05:01 | INFO | market | User updated skins | update_skins function
2025-12-09 18:05:01 | INFO | market | –°–∫–∏–Ω UMP-45 | Green Swirl (Minimal Wear) –¥–æ–±–∞–≤–ª–µ–Ω –≤ –±–¥
2025-12-09 18:05:01 | INFO | market | User updated skins | update_skins function
2025-12-09 18:05:01 | INFO | market | –°–∫–∏–Ω UMP-45 | Green Swirl (Minimal Wear) –¥–æ–±–∞–≤–ª–µ–Ω –≤ –±–¥
2025-12-09 18:05:01 | INFO | market | User updated skins | update_skins function
2025-12-09 18:05:01 | INFO | market | –°–∫–∏–Ω MAG-7 | Copper Oxide (Field-Tested) –¥–æ–±–∞–≤–ª–µ–Ω –≤ –±–¥
2025-12-09 18:05:01 | INFO | market | User updated skins | update_skins function
2025-12-09 18:05:01 | INFO | market | –°–∫–∏–Ω Tec-9 | Blue Blast (Minimal Wear) –¥–æ–±–∞–≤–ª–µ–Ω –≤ –±–¥
2025-12-09 18:05:01 | INFO | market | User updated skins | update_skins function
2025-12-09 18:05:01 | INFO | market | –°–∫–∏–Ω MAC-10 | Storm Camo (Minimal Wear) –¥–æ–±–∞–≤–ª–µ–Ω –≤ –±–¥
2025-12-09 18:05:01 | INFO | market | User updated skins | update_skins function
2025-12-09 18:05:01 | INFO | market | –°–∫–∏–Ω MAC-10 | Palm (Field-Tested) –¥–æ–±–∞–≤–ª–µ–Ω –≤ –±–¥
2025-12-09 18:05:01 | INFO | market | User updated skins | update_skins function
2025-12-09 18:05:01 | INFO | market | –°–∫–∏–Ω MP9 | Multi-Terrain (Factory New) –¥–æ–±–∞–≤–ª–µ–Ω –≤ –±–¥
2025-12-09 18:05:01 | INFO | market | User updated skins | update_skins function
2025-12-09 18:05:01 | INFO | market | –°–∫–∏–Ω M249 | Gator Mesh (Battle-Scarred) –¥–æ–±–∞–≤–ª–µ–Ω –≤ –±–¥
2025-12-09 18:05:01 | INFO | market | User updated skins | update_skins function
2025-12-09 18:05:01 | INFO | market | –°–∫–∏–Ω Negev | Bulkhead (Minimal Wear) –¥–æ–±–∞–≤–ª–µ–Ω –≤ –±–¥
2025-12-09 18:05:01 | INFO | market | User updated skins | update_skins function
2025-12-09 18:05:01 | INFO | market | –°–∫–∏–Ω MP9 | Orange Peel (Field-Tested) –¥–æ–±–∞–≤–ª–µ–Ω –≤ –±–¥
2025-12-09 18:05:01 | INFO | market | User updated skins | update_skins function
2025-12-09 18:05:01 | INFO | market | –°–∫–∏–Ω USP-S | Forest Leaves (Field-Tested) –¥–æ–±–∞–≤–ª–µ–Ω –≤ –±–¥
2025-12-09 18:05:01 | INFO | market | User updated skins | update_skins function
2025-12-09 18:05:01 | INFO | market | –°–∫–∏–Ω FAMAS | Grey Ghost (Field-Tested) –¥–æ–±–∞–≤–ª–µ–Ω –≤ –±–¥
2025-12-09 18:05:01 | INFO | market | User updated skins | update_skins function
2025-12-09 18:05:01 | INFO | market | –°–∫–∏–Ω MP9 | Pine (Factory New) –¥–æ–±–∞–≤–ª–µ–Ω –≤ –±–¥
2025-12-09 18:05:01 | INFO | market | User updated skins | update_skins function
2025-12-09 18:05:01 | INFO | market | –°–∫–∏–Ω AK-47 | Safari Mesh (Field-Tested) –¥–æ–±–∞–≤–ª–µ–Ω –≤ –±–¥
2025-12-09 18:05:01 | INFO | market | User updated skins | update_skins function
2025-12-09 18:05:01 | INFO | market | –°–∫–∏–Ω Galil AR | Robin's Egg (Field-Tested) –¥–æ–±–∞–≤–ª–µ–Ω –≤ –±–¥
2025-12-09 18:05:01 | INFO | market | User updated skins | update_skins function
2025-12-09 18:05:01 | INFO | market | –°–∫–∏–Ω Tec-9 | VariCamo (Factory New) –¥–æ–±–∞–≤–ª–µ–Ω –≤ –±–¥
2025-12-09 18:05:01 | INFO | market | User updated skins | update_skins function
2025-12-09 18:05:01 | INFO | market | –°–∫–∏–Ω Kilowatt Case –¥–æ–±–∞–≤–ª–µ–Ω –≤ –±–¥
2025-12-09 18:05:01 | INFO | market | User updated skins | update_skins function
2025-12-09 18:05:01 | INFO | market | –°–∫–∏–Ω Kilowatt Case –¥–æ–±–∞–≤–ª–µ–Ω –≤ –±–¥
2025-12-09 18:05:01 | INFO | market | User updated skins | update_skins function
2025-12-09 18:05:01 | INFO | market | –°–∫–∏–Ω Kilowatt Case –¥–æ–±–∞–≤–ª–µ–Ω –≤ –±–¥
2025-12-09 18:05:01 | INFO | market | User updated skins | update_skins function
2025-12-09 18:05:01 | INFO | market | –°–∫–∏–Ω Kilowatt Case –¥–æ–±–∞–≤–ª–µ–Ω –≤ –±–¥
2025-12-09 18:05:01 | INFO | market | User updated skins | update_skins function
2025-12-09 18:05:01 | INFO | market | –°–∫–∏–Ω Kilowatt Case –¥–æ–±–∞–≤–ª–µ–Ω –≤ –±–¥
2025-12-09 18:05:01 | INFO | market | User updated skins | update_skins function
2025-12-09 18:05:01 | INFO | market | –°–∫–∏–Ω Kilowatt Case –¥–æ–±–∞–≤–ª–µ–Ω –≤ –±–¥
2025-12-09 18:05:01 | INFO | market | User updated skins | update_skins function
2025-12-09 18:05:01 | INFO | market | –°–∫–∏–Ω Recoil Case –¥–æ–±–∞–≤–ª–µ–Ω –≤ –±–¥
2025-12-09 18:05:01 | INFO | market | User updated skins | update_skins function
2025-12-09 18:05:01 | INFO | market | –°–∫–∏–Ω Recoil Case –¥–æ–±–∞–≤–ª–µ–Ω –≤ –±–¥
2025-12-09 18:05:01 | INFO | market | User updated skins | update_skins function
2025-12-09 18:05:01 | INFO | market | –°–∫–∏–Ω Recoil Case –¥–æ–±–∞–≤–ª–µ–Ω –≤ –±–¥
2025-12-09 18:05:01 | INFO | market | User updated skins | update_skins function
2025-12-09 18:05:01 | INFO | market | –°–∫–∏–Ω Sealed Genesis Terminal –¥–æ–±–∞–≤–ª–µ–Ω –≤ –±–¥
2025-12-09 18:05:01 | INFO | market | User updated skins | update_skins function
2025-12-09 18:05:01 | INFO | market | –°–∫–∏–Ω Sealed Genesis Terminal –¥–æ–±–∞–≤–ª–µ–Ω –≤ –±–¥
2025-12-09 18:05:01 | INFO | market | User updated skins | update_skins function
2025-12-09 18:05:01 | INFO | market | –°–∫–∏–Ω Revolution Case –¥–æ–±–∞–≤–ª–µ–Ω –≤ –±–¥
2025-12-09 18:05:01 | INFO | market | User updated skins | update_skins function
2025-12-09 18:05:01 | INFO | market | –°–∫–∏–Ω Revolution Case –¥–æ–±–∞–≤–ª–µ–Ω –≤ –±–¥
2025-12-09 18:05:01 | INFO | market | User updated skins | update_skins function
2025-12-09 18:05:01 | INFO | market | –°–∫–∏–Ω Revolution Case –¥–æ–±–∞–≤–ª–µ–Ω –≤ –±–¥
2025-12-09 18:05:01 | INFO | market | User updated skins | update_skins function
2025-12-09 18:05:01 | INFO | market | –°–∫–∏–Ω Revolution Case –¥–æ–±–∞–≤–ª–µ–Ω –≤ –±–¥
2025-12-09 18:05:01 | INFO | market | User updated skins | update_skins function
2025-12-09 18:05:01 | INFO | market | –°–∫–∏–Ω Revolution Case –¥–æ–±–∞–≤–ª–µ–Ω –≤ –±–¥
2025-12-09 18:05:01 | INFO | market | User updated skins | update_skins function
2025-12-09 18:05:01 | INFO | market | –°–∫–∏–Ω Dreams & Nightmares Case –¥–æ–±–∞–≤–ª–µ–Ω –≤ –±–¥
2025-12-09 18:05:01 | INFO | market | User updated skins | update_skins function
2025-12-09 18:05:01 | INFO | market | –°–∫–∏–Ω Dreams & Nightmares Case –¥–æ–±–∞–≤–ª–µ–Ω –≤ –±–¥
2025-12-09 18:05:01 | INFO | market | User updated skins | update_skins function
2025-12-09 18:05:01 | INFO | market | –°–∫–∏–Ω Dreams & Nightmares Case –¥–æ–±–∞–≤–ª–µ–Ω –≤ –±–¥
2025-12-09 18:05:01 | INFO | market | User updated skins | update_skins function
2025-12-09 18:05:01 | INFO | market | –°–∫–∏–Ω Dreams & Nightmares Case –¥–æ–±–∞–≤–ª–µ–Ω –≤ –±–¥
2025-12-09 18:05:01 | INFO | market | User updated skins | update_skins function
2025-12-09 18:05:01 | INFO | market | –°–∫–∏–Ω SG 553 | Integrale (Factory New) –¥–æ–±–∞–≤–ª–µ–Ω –≤ –±–¥
2025-12-09 18:05:01 | INFO | market | User updated skins | update_skins function
2025-12-09 18:05:01 | INFO | market | –°–∫–∏–Ω Tec-9 | Army Mesh (Field-Tested) –¥–æ–±–∞–≤–ª–µ–Ω –≤ –±–¥
2025-12-09 18:05:01 | INFO | market | User updated skins | update_skins function
2025-12-09 18:05:01 | INFO | market | –°–∫–∏–Ω Tec-9 | Army Mesh (Field-Tested) –¥–æ–±–∞–≤–ª–µ–Ω –≤ –±–¥
2025-12-09 18:05:01 | INFO | market | User updated skins | update_skins function
2025-12-09 18:05:01 | INFO | market | –°–∫–∏–Ω Tec-9 | Army Mesh (Field-Tested) –¥–æ–±–∞–≤–ª–µ–Ω –≤ –±–¥
2025-12-09 18:05:01 | INFO | market | User updated skins | update_skins function
2025-12-09 18:05:01 | INFO | market | –°–∫–∏–Ω AUG | Sweeper (Field-Tested) –¥–æ–±–∞–≤–ª–µ–Ω –≤ –±–¥
2025-12-09 18:05:01 | INFO | market | User updated skins | update_skins function
2025-12-09 18:05:01 | INFO | market | –°–∫–∏–Ω SCAR-20 | Contractor (Field-Tested) –¥–æ–±–∞–≤–ª–µ–Ω –≤ –±–¥
2025-12-09 18:05:01 | INFO | market | User updated skins | update_skins function
2025-12-09 18:05:01 | INFO | market | –°–∫–∏–Ω SSG 08 | Green Ceramic (Field-Tested) –¥–æ–±–∞–≤–ª–µ–Ω –≤ –±–¥
2025-12-09 18:05:01 | INFO | market | User updated skins | update_skins function
2025-12-09 18:05:01 | INFO | market | –°–∫–∏–Ω MP9 | Pine (Battle-Scarred) –¥–æ–±–∞–≤–ª–µ–Ω –≤ –±–¥
2025-12-09 18:05:01 | INFO | market | User updated skins | update_skins function
2025-12-09 18:05:01 | INFO | market | –°–∫–∏–Ω MP7 | Army Recon (Well-Worn) –¥–æ–±–∞–≤–ª–µ–Ω –≤ –±–¥
2025-12-09 18:05:02 | INFO | market | User updated skins | update_skins function
2025-12-09 18:05:02 | INFO | market | –°–∫–∏–Ω MP7 | Army Recon (Well-Worn) –¥–æ–±–∞–≤–ª–µ–Ω –≤ –±–¥
2025-12-09 18:05:02 | INFO | market | User updated skins | update_skins function
2025-12-09 18:05:02 | INFO | market | –°–∫–∏–Ω MAG-7 | Rust Coat (Minimal Wear) –¥–æ–±–∞–≤–ª–µ–Ω –≤ –±–¥
2025-12-09 18:05:02 | INFO | market | User updated skins | update_skins function
2025-12-09 18:05:02 | INFO | market | –°–∫–∏–Ω MP9 | Buff Blue (Field-Tested) –¥–æ–±–∞–≤–ª–µ–Ω –≤ –±–¥
2025-12-09 18:05:02 | INFO | market | User updated skins | update_skins function
2025-12-09 18:05:02 | INFO | market | –°–∫–∏–Ω P250 | Plum Netting (Minimal Wear) –¥–æ–±–∞–≤–ª–µ–Ω –≤ –±–¥
2025-12-09 18:05:02 | INFO | market | User updated skins | update_skins function
2025-12-09 18:05:02 | INFO | market | –°–∫–∏–Ω Tec-9 | Army Mesh (Battle-Scarred) –¥–æ–±–∞–≤–ª–µ–Ω –≤ –±–¥
2025-12-09 18:05:02 | INFO | market | User updated skins | update_skins function
2025-12-09 18:05:02 | INFO | market | –°–∫–∏–Ω MP7 | Short Ochre (Field-Tested) –¥–æ–±–∞–≤–ª–µ–Ω –≤ –±–¥
2025-12-09 18:05:02 | INFO | market | User updated skins | update_skins function
2025-12-09 18:05:02 | INFO | market | –°–∫–∏–Ω MP7 | Short Ochre (Field-Tested) –¥–æ–±–∞–≤–ª–µ–Ω –≤ –±–¥
2025-12-09 18:05:02 | INFO | market | User updated skins | update_skins function
2025-12-09 18:05:02 | INFO | market | –°–∫–∏–Ω MP7 | Short Ochre (Field-Tested) –¥–æ–±–∞–≤–ª–µ–Ω –≤ –±–¥
2025-12-09 18:05:02 | INFO | market | User updated skins | update_skins function
2025-12-09 18:05:02 | INFO | market | –°–∫–∏–Ω MP7 | Short Ochre (Field-Tested) –¥–æ–±–∞–≤–ª–µ–Ω –≤ –±–¥
2025-12-09 18:05:02 | INFO | market | User updated skins | update_skins function
2025-12-09 18:05:02 | INFO | market | –°–∫–∏–Ω Nova | Mandrel (Factory New) –¥–æ–±–∞–≤–ª–µ–Ω –≤ –±–¥
2025-12-09 18:05:02 | INFO | market | User updated skins | update_skins function
2025-12-09 18:05:02 | INFO | market | –°–∫–∏–Ω Tec-9 | VariCamo (Field-Tested) –¥–æ–±–∞–≤–ª–µ–Ω –≤ –±–¥
2025-12-09 18:05:02 | INFO | market | User updated skins | update_skins function
2025-12-09 18:05:02 | INFO | market | –°–∫–∏–Ω Five-SeveN | Coolant (Factory New) –¥–æ–±–∞–≤–ª–µ–Ω –≤ –±–¥
2025-12-09 18:05:02 | INFO | market | User updated skins | update_skins function
2025-12-09 18:05:02 | INFO | market | –°–∫–∏–Ω MAC-10 | Calf Skin (Minimal Wear) –¥–æ–±–∞–≤–ª–µ–Ω –≤ –±–¥
2025-12-09 18:05:02 | INFO | market | User updated skins | update_skins function
2025-12-09 18:05:02 | INFO | market | –°–∫–∏–Ω USP-S | Forest Leaves (Minimal Wear) –¥–æ–±–∞–≤–ª–µ–Ω –≤ –±–¥
2025-12-09 18:05:02 | INFO | market | User updated skins | update_skins function
2025-12-09 18:05:02 | INFO | market | –°–∫–∏–Ω Tec-9 | VariCamo (Factory New) –¥–æ–±–∞–≤–ª–µ–Ω –≤ –±–¥
2025-12-09 18:05:02 | INFO | market | User updated skins | update_skins function
2025-12-09 18:05:02 | INFO | market | –°–∫–∏–Ω FAMAS | Teardown (Field-Tested) –¥–æ–±–∞–≤–ª–µ–Ω –≤ –±–¥
2025-12-09 18:05:02 | INFO | market | User updated skins | update_skins function
2025-12-09 18:05:02 | INFO | market | –°–∫–∏–Ω Galil AR | O-Ranger (Minimal Wear) –¥–æ–±–∞–≤–ª–µ–Ω –≤ –±–¥
2025-12-09 18:05:02 | INFO | market | User updated skins | update_skins function
2025-12-09 18:05:02 | INFO | market | –°–∫–∏–Ω R8 Revolver | Leafhopper (Minimal Wear) –¥–æ–±–∞–≤–ª–µ–Ω –≤ –±–¥
2025-12-09 18:05:02 | INFO | market | User updated skins | update_skins function
2025-12-09 18:05:02 | INFO | market | –°–∫–∏–Ω MAC-10 | Acid Hex (Minimal Wear) –¥–æ–±–∞–≤–ª–µ–Ω –≤ –±–¥
2025-12-09 18:05:02 | INFO | market | User updated skins | update_skins function
2025-12-09 18:05:02 | INFO | market | –°–∫–∏–Ω SG 553 | Basket Halftone (Factory New) –¥–æ–±–∞–≤–ª–µ–Ω –≤ –±–¥
2025-12-09 18:05:02 | INFO | market | User updated skins | update_skins function
2025-12-09 18:05:02 | INFO | market | –°–∫–∏–Ω PP-Bizon | Brass (Minimal Wear) –¥–æ–±–∞–≤–ª–µ–Ω –≤ –±–¥
2025-12-09 18:05:02 | INFO | market | User updated skins | update_skins function
2025-12-09 18:05:02 | INFO | market | –°–∫–∏–Ω SSG 08 | Blue Spruce (Field-Tested) –¥–æ–±–∞–≤–ª–µ–Ω –≤ –±–¥
2025-12-09 18:05:02 | INFO | market | User updated skins | update_skins function
2025-12-09 18:05:02 | INFO | market | –°–∫–∏–Ω SCAR-20 | Contractor (Field-Tested) –¥–æ–±–∞–≤–ª–µ–Ω –≤ –±–¥
2025-12-09 18:05:02 | INFO | market | User updated skins | update_skins function
2025-12-09 18:05:02 | INFO | market | –°–∫–∏–Ω Nova | Mandrel (Field-Tested) –¥–æ–±–∞–≤–ª–µ–Ω –≤ –±–¥
2025-12-09 18:05:02 | INFO | market | User updated skins | update_skins function
2025-12-09 18:05:02 | INFO | market | –°–∫–∏–Ω P90 | Sand Spray (Field-Tested) –¥–æ–±–∞–≤–ª–µ–Ω –≤ –±–¥
2025-12-09 18:05:02 | INFO | market | User updated skins | update_skins function
2025-12-09 18:05:02 | INFO | market | –°–∫–∏–Ω Dual Berettas | BorDeux (Battle-Scarred) –¥–æ–±–∞–≤–ª–µ–Ω –≤ –±–¥
2025-12-09 18:05:02 | INFO | market | User updated skins | update_skins function
2025-12-09 18:05:02 | INFO | market | –°–∫–∏–Ω USP-S | Forest Leaves (Field-Tested) –¥–æ–±–∞–≤–ª–µ–Ω –≤ –±–¥
2025-12-09 18:05:02 | INFO | market | User updated skins | update_skins function
2025-12-09 18:05:02 | INFO | market | –°–∫–∏–Ω Kilowatt Case –¥–æ–±–∞–≤–ª–µ–Ω –≤ –±–¥
2025-12-09 18:05:02 | INFO | market | User updated skins | update_skins function
2025-12-09 18:05:02 | INFO | market | –°–∫–∏–Ω Kilowatt Case –¥–æ–±–∞–≤–ª–µ–Ω –≤ –±–¥
2025-12-09 18:05:02 | INFO | market | User updated skins | update_skins function
2025-12-09 18:05:02 | INFO | market | –°–∫–∏–Ω Kilowatt Case –¥–æ–±–∞–≤–ª–µ–Ω –≤ –±–¥
2025-12-09 18:05:02 | INFO | market | User updated skins | update_skins function
2025-12-09 18:05:02 | INFO | market | –°–∫–∏–Ω Kilowatt Case –¥–æ–±–∞–≤–ª–µ–Ω –≤ –±–¥
2025-12-09 18:05:02 | INFO | market | User updated skins | update_skins function
2025-12-09 18:05:02 | INFO | market | –°–∫–∏–Ω Kilowatt Case –¥–æ–±–∞–≤–ª–µ–Ω –≤ –±–¥
2025-12-09 18:05:02 | INFO | market | User updated skins | update_skins function
2025-12-09 18:05:02 | INFO | market | –°–∫–∏–Ω Recoil Case –¥–æ–±–∞–≤–ª–µ–Ω –≤ –±–¥
2025-12-09 18:05:02 | INFO | market | User updated skins | update_skins function
2025-12-09 18:05:02 | INFO | market | –°–∫–∏–Ω Recoil Case –¥–æ–±–∞–≤–ª–µ–Ω –≤ –±–¥
2025-12-09 18:05:02 | INFO | market | User updated skins | update_skins function
2025-12-09 18:05:02 | INFO | market | –°–∫–∏–Ω Sealed Genesis Terminal –¥–æ–±–∞–≤–ª–µ–Ω –≤ –±–¥
2025-12-09 18:05:02 | INFO | market | User updated skins | update_skins function
2025-12-09 18:05:02 | INFO | market | –°–∫–∏–Ω Sealed Genesis Terminal –¥–æ–±–∞–≤–ª–µ–Ω –≤ –±–¥
2025-12-09 18:05:02 | INFO | market | User updated skins | update_skins function
2025-12-09 18:05:02 | INFO | market | –°–∫–∏–Ω Revolution Case –¥–æ–±–∞–≤–ª–µ–Ω –≤ –±–¥
2025-12-09 18:05:02 | INFO | market | User updated skins | update_skins function
2025-12-09 18:05:02 | INFO | market | –°–∫–∏–Ω Revolution Case –¥–æ–±–∞–≤–ª–µ–Ω –≤ –±–¥
2025-12-09 18:05:02 | INFO | market | User updated skins | update_skins function
2025-12-09 18:05:02 | INFO | market | –°–∫–∏–Ω Revolution Case –¥–æ–±–∞–≤–ª–µ–Ω –≤ –±–¥
2025-12-09 18:05:02 | INFO | market | User updated skins | update_skins function
2025-12-09 18:05:02 | INFO | market | –°–∫–∏–Ω Revolution Case –¥–æ–±–∞–≤–ª–µ–Ω –≤ –±–¥
2025-12-09 18:05:02 | INFO | market | User updated skins | update_skins function
2025-12-09 18:05:02 | INFO | market | –°–∫–∏–Ω Revolution Case –¥–æ–±–∞–≤–ª–µ–Ω –≤ –±–¥
2025-12-09 18:05:02 | INFO | market | User updated skins | update_skins function
2025-12-09 18:05:02 | INFO | market | –°–∫–∏–Ω Dreams & Nightmares Case –¥–æ–±–∞–≤–ª–µ–Ω –≤ –±–¥
2025-12-09 18:05:02 | INFO | market | User updated skins | update_skins function
2025-12-09 18:05:02 | INFO | market | –°–∫–∏–Ω Dreams & Nightmares Case –¥–æ–±–∞–≤–ª–µ–Ω –≤ –±–¥
2025-12-09 18:05:02 | INFO | market | User updated skins | update_skins function
2025-12-09 18:05:02 | INFO | market | –°–∫–∏–Ω Dreams & Nightmares Case –¥–æ–±–∞–≤–ª–µ–Ω –≤ –±–¥
2025-12-09 18:05:02 | INFO | market | User updated skins | update_skins function
2025-12-09 18:05:02 | INFO | market | –°–∫–∏–Ω Dreams & Nightmares Case –¥–æ–±–∞–≤–ª–µ–Ω –≤ –±–¥
2025-12-09 18:05:02 | INFO | market | User updated skins | update_skins function
2025-12-09 18:05:02 | INFO | market | –°–∫–∏–Ω Dreams & Nightmares Case –¥–æ–±–∞–≤–ª–µ–Ω –≤ –±–¥
2025-12-09 18:05:02 | INFO | market | User updated skins | update_skins function
2025-12-09 18:05:02 | INFO | market | –°–∫–∏–Ω Dreams & Nightmares Case –¥–æ–±–∞–≤–ª–µ–Ω –≤ –±–¥
2025-12-09 18:05:02 | INFO | market | User updated skins | update_skins function
2025-12-09 18:05:02 | INFO | market | –°–∫–∏–Ω Dual Berettas | Contractor (Field-Tested) –¥–æ–±–∞–≤–ª–µ–Ω –≤ –±–¥
2025-12-09 18:05:02 | INFO | market | User updated skins | update_skins function
2025-12-09 18:05:02 | INFO | market | –°–∫–∏–Ω P250 | Facility Draft (Field-Tested) –¥–æ–±–∞–≤–ª–µ–Ω –≤ –±–¥
2025-12-09 18:05:02 | INFO | market | User updated skins | update_skins function
2025-12-09 18:05:02 | INFO | market | –°–∫–∏–Ω AUG | Commando Company (Minimal Wear) –¥–æ–±–∞–≤–ª–µ–Ω –≤ –±–¥
2025-12-09 18:05:02 | INFO | market | User updated skins | update_skins function
2025-12-09 18:05:02 | INFO | market | –°–∫–∏–Ω MAC-10 | Calf Skin (Well-Worn) –¥–æ–±–∞–≤–ª–µ–Ω –≤ –±–¥
2025-12-09 18:05:02 | INFO | market | User updated skins | update_skins function
2025-12-09 18:05:02 | INFO | market | –°–∫–∏–Ω G3SG1 | Red Jasper (Battle-Scarred) –¥–æ–±–∞–≤–ª–µ–Ω –≤ –±–¥
2025-12-09 18:05:02 | INFO | market | User updated skins | update_skins function
2025-12-09 18:05:02 | INFO | market | –°–∫–∏–Ω G3SG1 | Desert Storm (Well-Worn) –¥–æ–±–∞–≤–ª–µ–Ω –≤ –±–¥
2025-12-09 18:05:02 | INFO | market | User updated skins | update_skins function
2025-12-09 18:05:02 | INFO | market | –°–∫–∏–Ω Nova | Marsh Grass (Factory New) –¥–æ–±–∞–≤–ª–µ–Ω –≤ –±–¥
2025-12-09 18:05:02 | INFO | market | User updated skins | update_skins function
2025-12-09 18:05:02 | INFO | market | –°–∫–∏–Ω Tec-9 | Raw Ceramic (Factory New) –¥–æ–±–∞–≤–ª–µ–Ω –≤ –±–¥
2025-12-09 18:05:02 | INFO | market | User updated skins | update_skins function
2025-12-09 18:05:02 | INFO | market | –°–∫–∏–Ω Galil AR | Robin's Egg (Battle-Scarred) –¥–æ–±–∞–≤–ª–µ–Ω –≤ –±–¥
2025-12-09 18:05:02 | INFO | market | User updated skins | update_skins function
2025-12-09 18:05:02 | INFO | market | –°–∫–∏–Ω Tec-9 | Garter-9 (Field-Tested) –¥–æ–±–∞–≤–ª–µ–Ω –≤ –±–¥
2025-12-09 18:05:02 | INFO | market | User updated skins | update_skins function
2025-12-09 18:05:02 | INFO | market | –°–∫–∏–Ω MAC-10 | Acid Hex (Well-Worn) –¥–æ–±–∞–≤–ª–µ–Ω –≤ –±–¥
2025-12-09 18:05:02 | INFO | market | User updated skins | update_skins function
2025-12-09 18:05:02 | INFO | market | –°–∫–∏–Ω R8 Revolver | Leafhopper (Battle-Scarred) –¥–æ–±–∞–≤–ª–µ–Ω –≤ –±–¥
2025-12-09 18:05:02 | INFO | market | User updated skins | update_skins function
2025-12-09 18:05:02 | INFO | market | –°–∫–∏–Ω PP-Bizon | Facility Sketch (Factory New) –¥–æ–±–∞–≤–ª–µ–Ω –≤ –±–¥
2025-12-09 18:05:02 | INFO | market | User updated skins | update_skins function
2025-12-09 18:05:02 | INFO | market | –°–∫–∏–Ω PP-Bizon | Facility Sketch (Factory New) –¥–æ–±–∞–≤–ª–µ–Ω –≤ –±–¥
2025-12-09 18:05:02 | INFO | market | User updated skins | update_skins function
2025-12-09 18:05:02 | INFO | market | –°–∫–∏–Ω MAC-10 | Palm (Battle-Scarred) –¥–æ–±–∞–≤–ª–µ–Ω –≤ –±–¥
2025-12-09 18:05:02 | INFO | market | User updated skins | update_skins function
2025-12-09 18:05:02 | INFO | market | –°–∫–∏–Ω R8 Revolver | Nitro (Well-Worn) –¥–æ–±–∞–≤–ª–µ–Ω –≤ –±–¥
2025-12-09 18:05:02 | INFO | market | User updated skins | update_skins function
2025-12-09 18:05:02 | INFO | market | –°–∫–∏–Ω P250 | Copper Oxide (Minimal Wear) –¥–æ–±–∞–≤–ª–µ–Ω –≤ –±–¥
2025-12-09 18:05:02 | INFO | market | User updated skins | update_skins function
2025-12-09 18:05:02 | INFO | market | –°–∫–∏–Ω Five-SeveN | Autumn Thicket (Factory New) –¥–æ–±–∞–≤–ª–µ–Ω –≤ –±–¥
2025-12-09 18:05:02 | INFO | market | User updated skins | update_skins function
2025-12-09 18:05:02 | INFO | market | –°–∫–∏–Ω P90 | Blue Tac (Battle-Scarred) –¥–æ–±–∞–≤–ª–µ–Ω –≤ –±–¥
2025-12-09 18:05:02 | INFO | market | User updated skins | update_skins function
2025-12-09 18:05:02 | INFO | market | –°–∫–∏–Ω P2000 | Royal Baroque (Well-Worn) –¥–æ–±–∞–≤–ª–µ–Ω –≤ –±–¥
2025-12-09 18:05:02 | INFO | market | User updated skins | update_skins function
2025-12-09 18:05:02 | INFO | market | –°–∫–∏–Ω P250 | Copper Oxide (Battle-Scarred) –¥–æ–±–∞–≤–ª–µ–Ω –≤ –±–¥
2025-12-09 18:05:02 | INFO | market | User updated skins | update_skins function
2025-12-09 18:05:02 | INFO | market | –°–∫–∏–Ω SCAR-20 | Sand Mesh (Battle-Scarred) –¥–æ–±–∞–≤–ª–µ–Ω –≤ –±–¥
2025-12-09 18:05:02 | INFO | market | User updated skins | update_skins function
2025-12-09 18:05:02 | INFO | market | –°–∫–∏–Ω Negev | Raw Ceramic (Well-Worn) –¥–æ–±–∞–≤–ª–µ–Ω –≤ –±–¥
2025-12-09 18:05:02 | INFO | market | User updated skins | update_skins function
2025-12-09 18:05:02 | INFO | market | –°–∫–∏–Ω MP9 | Pine (Minimal Wear) –¥–æ–±–∞–≤–ª–µ–Ω –≤ –±–¥
2025-12-09 18:05:02 | INFO | market | User updated skins | update_skins function
2025-12-09 18:05:02 | INFO | market | –°–∫–∏–Ω PP-Bizon | Wood Block Camo (Factory New) –¥–æ–±–∞–≤–ª–µ–Ω –≤ –±–¥
2025-12-09 18:05:02 | INFO | market | User updated skins | update_skins function
2025-12-09 18:05:02 | INFO | market | –°–∫–∏–Ω Five-SeveN | Autumn Thicket (Minimal Wear) –¥–æ–±–∞–≤–ª–µ–Ω –≤ –±–¥
2025-12-09 18:05:02 | INFO | market | User updated skins | update_skins function
2025-12-09 18:05:02 | INFO | market | –°–∫–∏–Ω UMP-45 | Green Swirl (Factory New) –¥–æ–±–∞–≤–ª–µ–Ω –≤ –±–¥
2025-12-09 18:05:02 | INFO | market | User updated skins | update_skins function
2025-12-09 18:05:02 | INFO | market | –°–∫–∏–Ω MAC-10 | Palm (Minimal Wear) –¥–æ–±–∞–≤–ª–µ–Ω –≤ –±–¥
2025-12-09 18:05:02 | INFO | market | User updated skins | update_skins function
2025-12-09 18:05:02 | INFO | market | –°–∫–∏–Ω SSG 08 | Blush Pour (Minimal Wear) –¥–æ–±–∞–≤–ª–µ–Ω –≤ –±–¥
2025-12-09 18:05:02 | INFO | market | User updated skins | update_skins function
2025-12-09 18:05:02 | INFO | market | –°–∫–∏–Ω P250 | Copper Oxide (Battle-Scarred) –¥–æ–±–∞–≤–ª–µ–Ω –≤ –±–¥
2025-12-09 18:05:02 | INFO | market | User updated skins | update_skins function
2025-12-09 18:05:02 | INFO | market | –°–∫–∏–Ω MAG-7 | Copper Oxide (Minimal Wear) –¥–æ–±–∞–≤–ª–µ–Ω –≤ –±–¥
2025-12-09 18:05:02 | INFO | market | User updated skins | update_skins function
2025-12-09 18:05:02 | INFO | market | –°–∫–∏–Ω Galil AR | Robin's Egg (Field-Tested) –¥–æ–±–∞–≤–ª–µ–Ω –≤ –±–¥
2025-12-09 18:05:02 | INFO | market | User updated skins | update_skins function
2025-12-09 18:05:02 | INFO | market | –°–∫–∏–Ω MP5-SD | Lime Hex (Minimal Wear) –¥–æ–±–∞–≤–ª–µ–Ω –≤ –±–¥
2025-12-09 18:06:00 | INFO | market | –°–∫–∏–Ω —Å –∞–π–¥–∏ f48145650501 –±—ã–ª —É–¥–∞–ª–µ–Ω —Å –±–∞–∑—ã –¥–∞–Ω–Ω—ã—Ö
2025-12-09 18:06:00 | INFO | market | –£ –ø–æ–ª—å–∑–æ–≤–∞—Ç–µ–ª—è —Å id 1 –Ω–µ –Ω–∞—à–ª–æ—Å—å —Å–∫–∏–Ω–æ–≤ –Ω–∞ —É–¥–∞–ª–µ–Ω–∏–µ
2025-12-09 18:06:00 | INFO | market | –°–∫–∏–Ω —Å –∞–π–¥–∏ f48122792751 –±—ã–ª —É–¥–∞–ª–µ–Ω —Å –±–∞–∑—ã –¥–∞–Ω–Ω—ã—Ö
2025-12-09 18:06:00 | INFO | market | –£ –ø–æ–ª—å–∑–æ–≤–∞—Ç–µ–ª—è —Å id 1 –Ω–µ –Ω–∞—à–ª–æ—Å—å —Å–∫–∏–Ω–æ–≤ –Ω–∞ —É–¥–∞–ª–µ–Ω–∏–µ
2025-12-09 18:06:00 | INFO | market | –°–∫–∏–Ω —Å –∞–π–¥–∏ f48063321800 –±—ã–ª —É–¥–∞–ª–µ–Ω —Å –±–∞–∑—ã –¥–∞–Ω–Ω—ã—Ö
2025-12-09 18:06:00 | INFO | market | –£ –ø–æ–ª—å–∑–æ–≤–∞—Ç–µ–ª—è —Å id 1 –Ω–µ –Ω–∞—à–ª–æ—Å—å —Å–∫–∏–Ω–æ–≤ –Ω–∞ —É–¥–∞–ª–µ–Ω–∏–µ
2025-12-09 18:06:00 | INFO | market | User updated skins | update_skins function
2025-12-09 18:06:00 | INFO | market | –°–∫–∏–Ω R8 Revolver | Nitro (Well-Worn) –¥–æ–±–∞–≤–ª–µ–Ω –≤ –±–¥
2025-12-09 18:06:00 | INFO | market | User updated skins | update_skins function
2025-12-09 18:06:00 | INFO | market | –°–∫–∏–Ω Nova | Mandrel (Factory New) –¥–æ–±–∞–≤–ª–µ–Ω –≤ –±–¥
2025-12-09 18:06:00 | INFO | market | User updated skins | update_skins function
2025-12-09 18:06:00 | INFO | market | –°–∫–∏–Ω P250 | Sedimentary (Minimal Wear) –¥–æ–±–∞–≤–ª–µ–Ω –≤ –±–¥
2025-12-09 18:06:00 | INFO | market | User updated skins | update_skins function
2025-12-09 18:06:00 | INFO | market | –°–∫–∏–Ω P90 | Blue Tac (Minimal Wear) –¥–æ–±–∞–≤–ª–µ–Ω –≤ –±–¥
2025-12-09 18:06:00 | INFO | market | User updated skins | update_skins function
2025-12-09 18:06:00 | INFO | market | –°–∫–∏–Ω Galil AR | Robin's Egg (Field-Tested) –¥–æ–±–∞–≤–ª–µ–Ω –≤ –±–¥
2025-12-09 18:06:00 | INFO | market | User updated skins | update_skins function
2025-12-09 18:06:00 | INFO | market | –°–∫–∏–Ω UMP-45 | Mudder (Minimal Wear) –¥–æ–±–∞–≤–ª–µ–Ω –≤ –±–¥
2025-12-09 18:06:00 | INFO | market | User updated skins | update_skins function
2025-12-09 18:06:00 | INFO | market | –°–∫–∏–Ω AUG | Sweeper (Minimal Wear) –¥–æ–±–∞–≤–ª–µ–Ω –≤ –±–¥
2025-12-09 18:06:00 | INFO | market | User updated skins | update_skins function
2025-12-09 18:06:00 | INFO | market | –°–∫–∏–Ω Tec-9 | Army Mesh (Minimal Wear) –¥–æ–±–∞–≤–ª–µ–Ω –≤ –±–¥
2025-12-09 18:06:00 | INFO | market | User updated skins | update_skins function
2025-12-09 18:06:00 | INFO | market | –°–∫–∏–Ω UMP-45 | Green Swirl (Battle-Scarred) –¥–æ–±–∞–≤–ª–µ–Ω –≤ –±–¥
2025-12-09 18:06:00 | INFO | market | User updated skins | update_skins function
2025-12-09 18:06:00 | INFO | market | –°–∫–∏–Ω Five-SeveN | Autumn Thicket (Field-Tested) –¥–æ–±–∞–≤–ª–µ–Ω –≤ –±–¥
2025-12-09 18:06:00 | INFO | market | User updated skins | update_skins function
2025-12-09 18:06:00 | INFO | market | –°–∫–∏–Ω Nova | Mandrel (Minimal Wear) –¥–æ–±–∞–≤–ª–µ–Ω –≤ –±–¥
2025-12-09 18:06:00 | INFO | market | User updated skins | update_skins function
2025-12-09 18:06:00 | INFO | market | –°–∫–∏–Ω Sawed-Off | Runoff (Field-Tested) –¥–æ–±–∞–≤–ª–µ–Ω –≤ –±–¥
2025-12-09 18:06:00 | INFO | market | User updated skins | update_skins function
2025-12-09 18:06:00 | INFO | market | –°–∫–∏–Ω PP-Bizon | Wood Block Camo (Field-Tested) –¥–æ–±–∞–≤–ª–µ–Ω –≤ –±–¥
2025-12-09 18:06:00 | INFO | market | User updated skins | update_skins function
2025-12-09 18:06:00 | INFO | market | –°–∫–∏–Ω PP-Bizon | Wood Block Camo (Field-Tested) –¥–æ–±–∞–≤–ª–µ–Ω –≤ –±–¥
2025-12-09 18:06:00 | INFO | market | User updated skins | update_skins function
2025-12-09 18:06:00 | INFO | market | –°–∫–∏–Ω MP5-SD | Dirt Drop (Field-Tested) –¥–æ–±–∞–≤–ª–µ–Ω –≤ –±–¥
2025-12-09 18:06:00 | INFO | market | User updated skins | update_skins function
2025-12-09 18:06:00 | INFO | market | –°–∫–∏–Ω P250 | Sand Dune (Field-Tested) –¥–æ–±–∞–≤–ª–µ–Ω –≤ –±–¥
2025-12-09 18:06:00 | INFO | market | User updated skins | update_skins function
2025-12-09 18:06:00 | INFO | market | –°–∫–∏–Ω G3SG1 | Red Jasper (Field-Tested) –¥–æ–±–∞–≤–ª–µ–Ω –≤ –±–¥
2025-12-09 18:06:00 | INFO | market | User updated skins | update_skins function
2025-12-09 18:06:00 | INFO | market | –°–∫–∏–Ω Nova | Predator (Minimal Wear) –¥–æ–±–∞–≤–ª–µ–Ω –≤ –±–¥
2025-12-09 18:06:00 | INFO | market | User updated skins | update_skins function
2025-12-09 18:06:00 | INFO | market | –°–∫–∏–Ω UMP-45 | Facility Dark (Field-Tested) –¥–æ–±–∞–≤–ª–µ–Ω –≤ –±–¥
2025-12-09 18:06:00 | INFO | market | User updated skins | update_skins function
2025-12-09 18:06:00 | INFO | market | –°–∫–∏–Ω SCAR-20 | Contractor (Field-Tested) –¥–æ–±–∞–≤–ª–µ–Ω –≤ –±–¥
2025-12-09 18:06:00 | INFO | market | User updated skins | update_skins function
2025-12-09 18:06:00 | INFO | market | –°–∫–∏–Ω SCAR-20 | Contractor (Well-Worn) –¥–æ–±–∞–≤–ª–µ–Ω –≤ –±–¥
2025-12-09 18:06:00 | INFO | market | User updated skins | update_skins function
2025-12-09 18:06:00 | INFO | market | –°–∫–∏–Ω SCAR-20 | Sand Mesh (Well-Worn) –¥–æ–±–∞–≤–ª–µ–Ω –≤ –±–¥
2025-12-09 18:06:00 | INFO | market | User updated skins | update_skins function
2025-12-09 18:06:00 | INFO | market | –°–∫–∏–Ω G3SG1 | Desert Storm (Battle-Scarred) –¥–æ–±–∞–≤–ª–µ–Ω –≤ –±–¥
2025-12-09 18:06:00 | INFO | market | User updated skins | update_skins function
2025-12-09 18:06:00 | INFO | market | –°–∫–∏–Ω Sawed-Off | Snake Camo (Field-Tested) –¥–æ–±–∞–≤–ª–µ–Ω –≤ –±–¥
2025-12-09 18:06:00 | INFO | market | User updated skins | update_skins function
2025-12-09 18:06:00 | INFO | market | –°–∫–∏–Ω Galil AR | Cold Fusion (Battle-Scarred) –¥–æ–±–∞–≤–ª–µ–Ω –≤ –±–¥
2025-12-09 18:06:00 | INFO | market | User updated skins | update_skins function
2025-12-09 18:06:00 | INFO | market | –°–∫–∏–Ω PP-Bizon | Facility Sketch (Factory New) –¥–æ–±–∞–≤–ª–µ–Ω –≤ –±–¥
2025-12-09 18:06:00 | INFO | market | User updated skins | update_skins function
2025-12-09 18:06:00 | INFO | market | –°–∫–∏–Ω MAC-10 | Storm Camo (Factory New) –¥–æ–±–∞–≤–ª–µ–Ω –≤ –±–¥
2025-12-09 18:06:00 | INFO | market | User updated skins | update_skins function
2025-12-09 18:06:00 | INFO | market | –°–∫–∏–Ω P2000 | Marsh (Field-Tested) –¥–æ–±–∞–≤–ª–µ–Ω –≤ –±–¥
2025-12-09 18:06:00 | INFO | market | User updated skins | update_skins function
2025-12-09 18:06:00 | INFO | market | –°–∫–∏–Ω XM1014 | Gum Wall Camo (Field-Tested) –¥–æ–±–∞–≤–ª–µ–Ω –≤ –±–¥
2025-12-09 18:06:01 | INFO | market | User updated skins | update_skins function
2025-12-09 18:06:01 | INFO | market | –°–∫–∏–Ω P90 | Facility Negative (Field-Tested) –¥–æ–±–∞–≤–ª–µ–Ω –≤ –±–¥
2025-12-09 18:06:01 | INFO | market | User updated skins | update_skins function
2025-12-09 18:06:01 | INFO | market | –°–∫–∏–Ω Kilowatt Case –¥–æ–±–∞–≤–ª–µ–Ω –≤ –±–¥
2025-12-09 18:06:01 | INFO | market | User updated skins | update_skins function
2025-12-09 18:06:01 | INFO | market | –°–∫–∏–Ω Kilowatt Case –¥–æ–±–∞–≤–ª–µ–Ω –≤ –±–¥
2025-12-09 18:06:01 | INFO | market | User updated skins | update_skins function
2025-12-09 18:06:01 | INFO | market | –°–∫–∏–Ω Kilowatt Case –¥–æ–±–∞–≤–ª–µ–Ω –≤ –±–¥
2025-12-09 18:06:01 | INFO | market | User updated skins | update_skins function
2025-12-09 18:06:01 | INFO | market | –°–∫–∏–Ω Kilowatt Case –¥–æ–±–∞–≤–ª–µ–Ω –≤ –±–¥
2025-12-09 18:06:01 | INFO | market | User updated skins | update_skins function
2025-12-09 18:06:01 | INFO | market | –°–∫–∏–Ω Kilowatt Case –¥–æ–±–∞–≤–ª–µ–Ω –≤ –±–¥
2025-12-09 18:06:01 | INFO | market | User updated skins | update_skins function
2025-12-09 18:06:01 | INFO | market | –°–∫–∏–Ω Sealed Genesis Terminal –¥–æ–±–∞–≤–ª–µ–Ω –≤ –±–¥
2025-12-09 18:06:01 | INFO | market | User updated skins | update_skins function
2025-12-09 18:06:01 | INFO | market | –°–∫–∏–Ω Sealed Genesis Terminal –¥–æ–±–∞–≤–ª–µ–Ω –≤ –±–¥
2025-12-09 18:06:01 | INFO | market | User updated skins | update_skins function
2025-12-09 18:06:01 | INFO | market | –°–∫–∏–Ω Sealed Genesis Terminal –¥–æ–±–∞–≤–ª–µ–Ω –≤ –±–¥
2025-12-09 18:06:01 | INFO | market | User updated skins | update_skins function
2025-12-09 18:06:01 | INFO | market | –°–∫–∏–Ω Sealed Genesis Terminal –¥–æ–±–∞–≤–ª–µ–Ω –≤ –±–¥
2025-12-09 18:06:01 | INFO | market | User updated skins | update_skins function
2025-12-09 18:06:01 | INFO | market | –°–∫–∏–Ω Recoil Case –¥–æ–±–∞–≤–ª–µ–Ω –≤ –±–¥
2025-12-09 18:06:01 | INFO | market | User updated skins | update_skins function
2025-12-09 18:06:01 | INFO | market | –°–∫–∏–Ω Recoil Case –¥–æ–±–∞–≤–ª–µ–Ω –≤ –±–¥
2025-12-09 18:06:01 | INFO | market | User updated skins | update_skins function
2025-12-09 18:06:01 | INFO | market | –°–∫–∏–Ω Recoil Case –¥–æ–±–∞–≤–ª–µ–Ω –≤ –±–¥
2025-12-09 18:06:01 | INFO | market | User updated skins | update_skins function
2025-12-09 18:06:01 | INFO | market | –°–∫–∏–Ω Recoil Case –¥–æ–±–∞–≤–ª–µ–Ω –≤ –±–¥
2025-12-09 18:06:01 | INFO | market | User updated skins | update_skins function
2025-12-09 18:06:01 | INFO | market | –°–∫–∏–Ω Recoil Case –¥–æ–±–∞–≤–ª–µ–Ω –≤ –±–¥
2025-12-09 18:06:01 | INFO | market | User updated skins | update_skins function
2025-12-09 18:06:01 | INFO | market | –°–∫–∏–Ω Recoil Case –¥–æ–±–∞–≤–ª–µ–Ω –≤ –±–¥
2025-12-09 18:06:01 | INFO | market | User updated skins | update_skins function
2025-12-09 18:06:01 | INFO | market | –°–∫–∏–Ω Recoil Case –¥–æ–±–∞–≤–ª–µ–Ω –≤ –±–¥
2025-12-09 18:06:01 | INFO | market | User updated skins | update_skins function
2025-12-09 18:06:01 | INFO | market | –°–∫–∏–Ω Recoil Case –¥–æ–±–∞–≤–ª–µ–Ω –≤ –±–¥
2025-12-09 18:06:01 | INFO | market | User updated skins | update_skins function
2025-12-09 18:06:01 | INFO | market | –°–∫–∏–Ω Recoil Case –¥–æ–±–∞–≤–ª–µ–Ω –≤ –±–¥
2025-12-09 18:06:01 | INFO | market | User updated skins | update_skins function
2025-12-09 18:06:01 | INFO | market | –°–∫–∏–Ω Recoil Case –¥–æ–±–∞–≤–ª–µ–Ω –≤ –±–¥
2025-12-09 18:06:01 | INFO | market | User updated skins | update_skins function
2025-12-09 18:06:01 | INFO | market | –°–∫–∏–Ω Recoil Case –¥–æ–±–∞–≤–ª–µ–Ω –≤ –±–¥
2025-12-09 18:06:01 | INFO | market | User updated skins | update_skins function
2025-12-09 18:06:01 | INFO | market | –°–∫–∏–Ω Recoil Case –¥–æ–±–∞–≤–ª–µ–Ω –≤ –±–¥
2025-12-09 18:06:01 | INFO | market | User updated skins | update_skins function
2025-12-09 18:06:01 | INFO | market | –°–∫–∏–Ω Recoil Case –¥–æ–±–∞–≤–ª–µ–Ω –≤ –±–¥
2025-12-09 18:06:01 | INFO | market | User updated skins | update_skins function
2025-12-09 18:06:01 | INFO | market | –°–∫–∏–Ω Recoil Case –¥–æ–±–∞–≤–ª–µ–Ω –≤ –±–¥
2025-12-09 18:06:01 | INFO | market | User updated skins | update_skins function
2025-12-09 18:06:01 | INFO | market | –°–∫–∏–Ω SSG 08 | Acid Fade (Factory New) –¥–æ–±–∞–≤–ª–µ–Ω –≤ –±–¥
2025-12-09 18:06:01 | INFO | market | User updated skins | update_skins function
2025-12-09 18:06:01 | INFO | market | –°–∫–∏–Ω M4A4 | Converter (Factory New) –¥–æ–±–∞–≤–ª–µ–Ω –≤ –±–¥
2025-12-09 18:06:01 | INFO | market | User updated skins | update_skins function
2025-12-09 18:06:01 | INFO | market | –°–∫–∏–Ω SSG 08 | Blush Pour (Minimal Wear) –¥–æ–±–∞–≤–ª–µ–Ω –≤ –±–¥
2025-12-09 18:06:01 | INFO | market | User updated skins | update_skins function
2025-12-09 18:06:01 | INFO | market | –°–∫–∏–Ω AUG | Sweeper (Field-Tested) –¥–æ–±–∞–≤–ª–µ–Ω –≤ –±–¥
2025-12-09 18:06:01 | INFO | market | User updated skins | update_skins function
2025-12-09 18:06:01 | INFO | market | –°–∫–∏–Ω MP5-SD | Lime Hex (Field-Tested) –¥–æ–±–∞–≤–ª–µ–Ω –≤ –±–¥
2025-12-09 18:06:01 | INFO | market | User updated skins | update_skins function
2025-12-09 18:06:01 | INFO | market | –°–∫–∏–Ω P250 | Facility Draft (Field-Tested) –¥–æ–±–∞–≤–ª–µ–Ω –≤ –±–¥
2025-12-09 18:06:01 | INFO | market | User updated skins | update_skins function
2025-12-09 18:06:01 | INFO | market | –°–∫–∏–Ω PP-Bizon | Facility Sketch (Minimal Wear) –¥–æ–±–∞–≤–ª–µ–Ω –≤ –±–¥
2025-12-09 18:06:01 | INFO | market | User updated skins | update_skins function
2025-12-09 18:06:01 | INFO | market | –°–∫–∏–Ω MAC-10 | Calf Skin (Well-Worn) –¥–æ–±–∞–≤–ª–µ–Ω –≤ –±–¥
2025-12-09 18:06:01 | INFO | market | User updated skins | update_skins function
2025-12-09 18:06:01 | INFO | market | –°–∫–∏–Ω Glock-18 | Ocean Topo (Field-Tested) –¥–æ–±–∞–≤–ª–µ–Ω –≤ –±–¥
2025-12-09 18:06:01 | INFO | market | User updated skins | update_skins function
2025-12-09 18:06:01 | INFO | market | –°–∫–∏–Ω Kilowatt Case –¥–æ–±–∞–≤–ª–µ–Ω –≤ –±–¥
2025-12-09 18:06:01 | INFO | market | User updated skins | update_skins function
2025-12-09 18:06:01 | INFO | market | –°–∫–∏–Ω Recoil Case –¥–æ–±–∞–≤–ª–µ–Ω –≤ –±–¥
2025-12-09 18:06:01 | INFO | market | User updated skins | update_skins function
2025-12-09 18:06:01 | INFO | market | –°–∫–∏–Ω Recoil Case –¥–æ–±–∞–≤–ª–µ–Ω –≤ –±–¥
2025-12-09 18:06:01 | INFO | market | User updated skins | update_skins function
2025-12-09 18:06:01 | INFO | market | –°–∫–∏–Ω Recoil Case –¥–æ–±–∞–≤–ª–µ–Ω –≤ –±–¥
2025-12-09 18:06:01 | INFO | market | User updated skins | update_skins function
2025-12-09 18:06:01 | INFO | market | –°–∫–∏–Ω Recoil Case –¥–æ–±–∞–≤–ª–µ–Ω –≤ –±–¥
2025-12-09 18:06:01 | INFO | market | User updated skins | update_skins function
2025-12-09 18:06:01 | INFO | market | –°–∫–∏–Ω Recoil Case –¥–æ–±–∞–≤–ª–µ–Ω –≤ –±–¥
2025-12-09 18:06:01 | INFO | market | User updated skins | update_skins function
2025-12-09 18:06:01 | INFO | market | –°–∫–∏–Ω Revolution Case –¥–æ–±–∞–≤–ª–µ–Ω –≤ –±–¥
2025-12-09 18:06:01 | INFO | market | User updated skins | update_skins function
2025-12-09 18:06:01 | INFO | market | –°–∫–∏–Ω Revolution Case –¥–æ–±–∞–≤–ª–µ–Ω –≤ –±–¥
2025-12-09 18:06:01 | INFO | market | User updated skins | update_skins function
2025-12-09 18:06:01 | INFO | market | –°–∫–∏–Ω Revolution Case –¥–æ–±–∞–≤–ª–µ–Ω –≤ –±–¥
2025-12-09 18:06:01 | INFO | market | User updated skins | update_skins function
2025-12-09 18:06:01 | INFO | market | –°–∫–∏–Ω Revolution Case –¥–æ–±–∞–≤–ª–µ–Ω –≤ –±–¥
2025-12-09 18:06:01 | INFO | market | User updated skins | update_skins function
2025-12-09 18:06:01 | INFO | market | –°–∫–∏–Ω Revolution Case –¥–æ–±–∞–≤–ª–µ–Ω –≤ –±–¥
2025-12-09 18:06:01 | INFO | market | User updated skins | update_skins function
2025-12-09 18:06:01 | INFO | market | –°–∫–∏–Ω Revolution Case –¥–æ–±–∞–≤–ª–µ–Ω –≤ –±–¥
2025-12-09 18:06:01 | INFO | market | User updated skins | update_skins function
2025-12-09 18:06:01 | INFO | market | –°–∫–∏–Ω Dreams & Nightmares Case –¥–æ–±–∞–≤–ª–µ–Ω –≤ –±–¥
2025-12-09 18:06:01 | INFO | market | User updated skins | update_skins function
2025-12-09 18:06:01 | INFO | market | –°–∫–∏–Ω Dreams & Nightmares Case –¥–æ–±–∞–≤–ª–µ–Ω –≤ –±–¥
2025-12-09 18:06:01 | INFO | market | User updated skins | update_skins function
2025-12-09 18:06:01 | INFO | market | –°–∫–∏–Ω CS:GO Weapon Case 2 –¥–æ–±–∞–≤–ª–µ–Ω –≤ –±–¥
2025-12-09 18:06:01 | INFO | market | User updated skins | update_skins function
2025-12-09 18:06:01 | INFO | market | –°–∫–∏–Ω UMP-45 | Mudder (Field-Tested) –¥–æ–±–∞–≤–ª–µ–Ω –≤ –±–¥
2025-12-09 18:06:01 | INFO | market | User updated skins | update_skins function
2025-12-09 18:06:01 | INFO | market | –°–∫–∏–Ω P90 | Desert Halftone (Field-Tested) –¥–æ–±–∞–≤–ª–µ–Ω –≤ –±–¥
2025-12-09 18:06:01 | INFO | market | User updated skins | update_skins function
2025-12-09 18:06:01 | INFO | market | –°–∫–∏–Ω MP9 | Pine (Field-Tested) –¥–æ–±–∞–≤–ª–µ–Ω –≤ –±–¥
2025-12-09 18:06:01 | INFO | market | User updated skins | update_skins function
2025-12-09 18:06:01 | INFO | market | –°–∫–∏–Ω MAC-10 | Bronzer (Field-Tested) –¥–æ–±–∞–≤–ª–µ–Ω –≤ –±–¥
2025-12-09 18:06:01 | INFO | market | User updated skins | update_skins function
2025-12-09 18:06:01 | INFO | market | –°–∫–∏–Ω SSG 08 | Blue Spruce (Field-Tested) –¥–æ–±–∞–≤–ª–µ–Ω –≤ –±–¥
2025-12-09 18:06:01 | INFO | market | User updated skins | update_skins function
2025-12-09 18:06:01 | INFO | market | –°–∫–∏–Ω Nova | Mandrel (Field-Tested) –¥–æ–±–∞–≤–ª–µ–Ω –≤ –±–¥
2025-12-09 18:06:01 | INFO | market | User updated skins | update_skins function
2025-12-09 18:06:01 | INFO | market | –°–∫–∏–Ω Nova | Mandrel (Field-Tested) –¥–æ–±–∞–≤–ª–µ–Ω –≤ –±–¥
2025-12-09 18:06:01 | INFO | market | User updated skins | update_skins function
2025-12-09 18:06:01 | INFO | market | –°–∫–∏–Ω MP9 | Slide (Battle-Scarred) –¥–æ–±–∞–≤–ª–µ–Ω –≤ –±–¥
2025-12-09 18:06:01 | INFO | market | User updated skins | update_skins function
2025-12-09 18:06:01 | INFO | market | –°–∫–∏–Ω G3SG1 | Desert Storm (Field-Tested) –¥–æ–±–∞–≤–ª–µ–Ω –≤ –±–¥
2025-12-09 18:06:01 | INFO | market | User updated skins | update_skins function
2025-12-09 18:06:01 | INFO | market | –°–∫–∏–Ω UMP-45 | Mudder (Minimal Wear) –¥–æ–±–∞–≤–ª–µ–Ω –≤ –±–¥
2025-12-09 18:06:01 | INFO | market | User updated skins | update_skins function
2025-12-09 18:06:01 | INFO | market | –°–∫–∏–Ω MAC-10 | Storm Camo (Field-Tested) –¥–æ–±–∞–≤–ª–µ–Ω –≤ –±–¥
2025-12-09 18:06:01 | INFO | market | User updated skins | update_skins function
2025-12-09 18:06:01 | INFO | market | –°–∫–∏–Ω AUG | Commando Company (Factory New) –¥–æ–±–∞–≤–ª–µ–Ω –≤ –±–¥
2025-12-09 18:06:01 | INFO | market | User updated skins | update_skins function
2025-12-09 18:06:01 | INFO | market | –°–∫–∏–Ω M249 | Gator Mesh (Minimal Wear) –¥–æ–±–∞–≤–ª–µ–Ω –≤ –±–¥
2025-12-09 18:06:01 | INFO | market | User updated skins | update_skins function
2025-12-09 18:06:01 | INFO | market | –°–∫–∏–Ω SG 553 | Basket Halftone (Minimal Wear) –¥–æ–±–∞–≤–ª–µ–Ω –≤ –±–¥
2025-12-09 18:06:01 | INFO | market | User updated skins | update_skins function
2025-12-09 18:06:01 | INFO | market | –°–∫–∏–Ω Kilowatt Case –¥–æ–±–∞–≤–ª–µ–Ω –≤ –±–¥
2025-12-09 18:06:01 | INFO | market | User updated skins | update_skins function
2025-12-09 18:06:01 | INFO | market | –°–∫–∏–Ω Kilowatt Case –¥–æ–±–∞–≤–ª–µ–Ω –≤ –±–¥
2025-12-09 18:06:01 | INFO | market | User updated skins | update_skins function
2025-12-09 18:06:01 | INFO | market | –°–∫–∏–Ω Kilowatt Case –¥–æ–±–∞–≤–ª–µ–Ω –≤ –±–¥
2025-12-09 18:06:01 | INFO | market | User updated skins | update_skins function
2025-12-09 18:06:01 | INFO | market | –°–∫–∏–Ω Sealed Genesis Terminal –¥–æ–±–∞–≤–ª–µ–Ω –≤ –±–¥
2025-12-09 18:06:01 | INFO | market | User updated skins | update_skins function
2025-12-09 18:06:01 | INFO | market | –°–∫–∏–Ω Sealed Genesis Terminal –¥–æ–±–∞–≤–ª–µ–Ω –≤ –±–¥
2025-12-09 18:06:01 | INFO | market | User updated skins | update_skins function
2025-12-09 18:06:01 | INFO | market | –°–∫–∏–Ω Sealed Genesis Terminal –¥–æ–±–∞–≤–ª–µ–Ω –≤ –±–¥
2025-12-09 18:06:01 | INFO | market | User updated skins | update_skins function
2025-12-09 18:06:01 | INFO | market | –°–∫–∏–Ω Sealed Genesis Terminal –¥–æ–±–∞–≤–ª–µ–Ω –≤ –±–¥
2025-12-09 18:06:01 | INFO | market | User updated skins | update_skins function
2025-12-09 18:06:01 | INFO | market | –°–∫–∏–Ω Recoil Case –¥–æ–±–∞–≤–ª–µ–Ω –≤ –±–¥
2025-12-09 18:06:01 | INFO | market | User updated skins | update_skins function
2025-12-09 18:06:01 | INFO | market | –°–∫–∏–Ω Recoil Case –¥–æ–±–∞–≤–ª–µ–Ω –≤ –±–¥
2025-12-09 18:06:01 | INFO | market | User updated skins | update_skins function
2025-12-09 18:06:01 | INFO | market | –°–∫–∏–Ω Recoil Case –¥–æ–±–∞–≤–ª–µ–Ω –≤ –±–¥
2025-12-09 18:06:01 | INFO | market | User updated skins | update_skins function
2025-12-09 18:06:01 | INFO | market | –°–∫–∏–Ω Recoil Case –¥–æ–±–∞–≤–ª–µ–Ω –≤ –±–¥
2025-12-09 18:06:01 | INFO | market | User updated skins | update_skins function
2025-12-09 18:06:01 | INFO | market | –°–∫–∏–Ω Recoil Case –¥–æ–±–∞–≤–ª–µ–Ω –≤ –±–¥
2025-12-09 18:06:01 | INFO | market | User updated skins | update_skins function
2025-12-09 18:06:01 | INFO | market | –°–∫–∏–Ω Recoil Case –¥–æ–±–∞–≤–ª–µ–Ω –≤ –±–¥
2025-12-09 18:06:01 | INFO | market | User updated skins | update_skins function
2025-12-09 18:06:01 | INFO | market | –°–∫–∏–Ω Revolution Case –¥–æ–±–∞–≤–ª–µ–Ω –≤ –±–¥
2025-12-09 18:06:01 | INFO | market | User updated skins | update_skins function
2025-12-09 18:06:01 | INFO | market | –°–∫–∏–Ω Revolution Case –¥–æ–±–∞–≤–ª–µ–Ω –≤ –±–¥
2025-12-09 18:06:01 | INFO | market | User updated skins | update_skins function
2025-12-09 18:06:01 | INFO | market | –°–∫–∏–Ω AWP | Acheron (Field-Tested) –¥–æ–±–∞–≤–ª–µ–Ω –≤ –±–¥
2025-12-09 18:06:01 | INFO | market | User updated skins | update_skins function
2025-12-09 18:06:01 | INFO | market | –°–∫–∏–Ω Dreams & Nightmares Case –¥–æ–±–∞–≤–ª–µ–Ω –≤ –±–¥
2025-12-09 18:06:01 | INFO | market | User updated skins | update_skins function
2025-12-09 18:06:01 | INFO | market | –°–∫–∏–Ω Dreams & Nightmares Case –¥–æ–±–∞–≤–ª–µ–Ω –≤ –±–¥
2025-12-09 18:06:01 | INFO | market | User updated skins | update_skins function
2025-12-09 18:06:01 | INFO | market | –°–∫–∏–Ω Dreams & Nightmares Case –¥–æ–±–∞–≤–ª–µ–Ω –≤ –±–¥
2025-12-09 18:06:01 | INFO | market | User updated skins | update_skins function
2025-12-09 18:06:01 | INFO | market | –°–∫–∏–Ω Dreams & Nightmares Case –¥–æ–±–∞–≤–ª–µ–Ω –≤ –±–¥
2025-12-09 18:06:01 | INFO | market | User updated skins | update_skins function
2025-12-09 18:06:01 | INFO | market | –°–∫–∏–Ω Dreams & Nightmares Case –¥–æ–±–∞–≤–ª–µ–Ω –≤ –±–¥
2025-12-09 18:06:01 | INFO | market | User updated skins | update_skins function
2025-12-09 18:06:01 | INFO | market | –°–∫–∏–Ω Dreams & Nightmares Case –¥–æ–±–∞–≤–ª–µ–Ω –≤ –±–¥
2025-12-09 18:06:01 | INFO | market | User updated skins | update_skins function
2025-12-09 18:06:01 | INFO | market | –°–∫–∏–Ω Dreams & Nightmares Case –¥–æ–±–∞–≤–ª–µ–Ω –≤ –±–¥
2025-12-09 18:06:01 | INFO | market | User updated skins | update_skins function
2025-12-09 18:06:01 | INFO | market | –°–∫–∏–Ω Dreams & Nightmares Case –¥–æ–±–∞–≤–ª–µ–Ω –≤ –±–¥
2025-12-09 18:06:02 | INFO | market | User updated skins | update_skins function
2025-12-09 18:06:02 | INFO | market | –°–∫–∏–Ω Dreams & Nightmares Case –¥–æ–±–∞–≤–ª–µ–Ω –≤ –±–¥
2025-12-09 18:06:02 | INFO | market | User updated skins | update_skins function
2025-12-09 18:06:02 | INFO | market | –°–∫–∏–Ω Dual Berettas | BorDeux (Field-Tested) –¥–æ–±–∞–≤–ª–µ–Ω –≤ –±–¥
2025-12-09 18:06:02 | INFO | market | User updated skins | update_skins function
2025-12-09 18:06:02 | INFO | market | –°–∫–∏–Ω UMP-45 | Mudder (Field-Tested) –¥–æ–±–∞–≤–ª–µ–Ω –≤ –±–¥
2025-12-09 18:06:02 | INFO | market | User updated skins | update_skins function
2025-12-09 18:06:02 | INFO | market | –°–∫–∏–Ω UMP-45 | Mudder (Field-Tested) –¥–æ–±–∞–≤–ª–µ–Ω –≤ –±–¥
2025-12-09 18:06:02 | INFO | market | User updated skins | update_skins function
2025-12-09 18:06:02 | INFO | market | –°–∫–∏–Ω G3SG1 | Red Jasper (Minimal Wear) –¥–æ–±–∞–≤–ª–µ–Ω –≤ –±–¥
2025-12-09 18:06:02 | INFO | market | User updated skins | update_skins function
2025-12-09 18:06:02 | INFO | market | –°–∫–∏–Ω SCAR-20 | Sand Mesh (Well-Worn) –¥–æ–±–∞–≤–ª–µ–Ω –≤ –±–¥
2025-12-09 18:06:02 | INFO | market | User updated skins | update_skins function
2025-12-09 18:06:02 | INFO | market | –°–∫–∏–Ω Dual Berettas | Contractor (Field-Tested) –¥–æ–±–∞–≤–ª–µ–Ω –≤ –±–¥
2025-12-09 18:06:02 | INFO | market | User updated skins | update_skins function
2025-12-09 18:06:02 | INFO | market | –°–∫–∏–Ω Dual Berettas | Contractor (Field-Tested) –¥–æ–±–∞–≤–ª–µ–Ω –≤ –±–¥
2025-12-09 18:06:02 | INFO | market | User updated skins | update_skins function
2025-12-09 18:06:02 | INFO | market | –°–∫–∏–Ω MP7 | Army Recon (Field-Tested) –¥–æ–±–∞–≤–ª–µ–Ω –≤ –±–¥
2025-12-09 18:06:02 | INFO | market | User updated skins | update_skins function
2025-12-09 18:06:02 | INFO | market | –°–∫–∏–Ω AUG | Sweeper (Field-Tested) –¥–æ–±–∞–≤–ª–µ–Ω –≤ –±–¥
2025-12-09 18:06:02 | INFO | market | User updated skins | update_skins function
2025-12-09 18:06:02 | INFO | market | –°–∫–∏–Ω AUG | Sweeper (Field-Tested) –¥–æ–±–∞–≤–ª–µ–Ω –≤ –±–¥
2025-12-09 18:06:02 | INFO | market | User updated skins | update_skins function
2025-12-09 18:06:02 | INFO | market | –°–∫–∏–Ω Tec-9 | Army Mesh (Field-Tested) –¥–æ–±–∞–≤–ª–µ–Ω –≤ –±–¥
2025-12-09 18:06:02 | INFO | market | User updated skins | update_skins function
2025-12-09 18:06:02 | INFO | market | –°–∫–∏–Ω MAC-10 | Storm Camo (Field-Tested) –¥–æ–±–∞–≤–ª–µ–Ω –≤ –±–¥
2025-12-09 18:06:02 | INFO | market | User updated skins | update_skins function
2025-12-09 18:06:02 | INFO | market | –°–∫–∏–Ω SCAR-20 | Short Ochre (Field-Tested) –¥–æ–±–∞–≤–ª–µ–Ω –≤ –±–¥
2025-12-09 18:06:02 | INFO | market | User updated skins | update_skins function
2025-12-09 18:06:02 | INFO | market | –°–∫–∏–Ω P250 | Sand Dune (Field-Tested) –¥–æ–±–∞–≤–ª–µ–Ω –≤ –±–¥
2025-12-09 18:06:02 | INFO | market | User updated skins | update_skins function
2025-12-09 18:06:02 | INFO | market | –°–∫–∏–Ω UMP-45 | Facility Dark (Factory New) –¥–æ–±–∞–≤–ª–µ–Ω –≤ –±–¥
2025-12-09 18:06:02 | INFO | market | User updated skins | update_skins function
2025-12-09 18:06:02 | INFO | market | –°–∫–∏–Ω Five-SeveN | Coolant (Field-Tested) –¥–æ–±–∞–≤–ª–µ–Ω –≤ –±–¥
2025-12-09 18:06:02 | INFO | market | User updated skins | update_skins function
2025-12-09 18:06:02 | INFO | market | –°–∫–∏–Ω CZ75-Auto | Pink Pearl (Battle-Scarred) –¥–æ–±–∞–≤–ª–µ–Ω –≤ –±–¥
2025-12-09 18:06:02 | INFO | market | User updated skins | update_skins function
2025-12-09 18:06:02 | INFO | market | –°–∫–∏–Ω Zeus x27 | Swamp DDPAT (Field-Tested) –¥–æ–±–∞–≤–ª–µ–Ω –≤ –±–¥
2025-12-09 18:06:02 | INFO | market | User updated skins | update_skins function
2025-12-09 18:06:02 | INFO | market | –°–∫–∏–Ω P250 | Facility Draft (Well-Worn) –¥–æ–±–∞–≤–ª–µ–Ω –≤ –±–¥
2025-12-09 18:06:02 | INFO | market | User updated skins | update_skins function
2025-12-09 18:06:02 | INFO | market | –°–∫–∏–Ω P250 | Sand Dune (Minimal Wear) –¥–æ–±–∞–≤–ª–µ–Ω –≤ –±–¥
2025-12-09 18:06:02 | INFO | market | User updated skins | update_skins function
2025-12-09 18:06:02 | INFO | market | –°–∫–∏–Ω SG 553 | Basket Halftone (Field-Tested) –¥–æ–±–∞–≤–ª–µ–Ω –≤ –±–¥
2025-12-09 18:06:02 | INFO | market | User updated skins | update_skins function
2025-12-09 18:06:02 | INFO | market | –°–∫–∏–Ω Galil AR | Cold Fusion (Minimal Wear) –¥–æ–±–∞–≤–ª–µ–Ω –≤ –±–¥
2025-12-09 18:06:02 | INFO | market | User updated skins | update_skins function
2025-12-09 18:06:02 | INFO | market | –°–∫–∏–Ω M4A4 | Naval Shred Camo (Field-Tested) –¥–æ–±–∞–≤–ª–µ–Ω –≤ –±–¥
2025-12-09 18:06:02 | INFO | market | User updated skins | update_skins function
2025-12-09 18:06:02 | INFO | market | –°–∫–∏–Ω Galil AR | Acid Dart (Minimal Wear) –¥–æ–±–∞–≤–ª–µ–Ω –≤ –±–¥
2025-12-09 18:06:02 | INFO | market | User updated skins | update_skins function
2025-12-09 18:06:02 | INFO | market | –°–∫–∏–Ω Negev | Sour Grapes (Minimal Wear) –¥–æ–±–∞–≤–ª–µ–Ω –≤ –±–¥
2025-12-09 18:06:02 | INFO | market | User updated skins | update_skins function
2025-12-09 18:06:02 | INFO | market | –°–∫–∏–Ω Kilowatt Case –¥–æ–±–∞–≤–ª–µ–Ω –≤ –±–¥
2025-12-09 18:06:02 | INFO | market | User updated skins | update_skins function
2025-12-09 18:06:02 | INFO | market | –°–∫–∏–Ω Kilowatt Case –¥–æ–±–∞–≤–ª–µ–Ω –≤ –±–¥
2025-12-09 18:06:02 | INFO | market | User updated skins | update_skins function
2025-12-09 18:06:02 | INFO | market | –°–∫–∏–Ω Kilowatt Case –¥–æ–±–∞–≤–ª–µ–Ω –≤ –±–¥
2025-12-09 18:06:02 | INFO | market | User updated skins | update_skins function
2025-12-09 18:06:02 | INFO | market | –°–∫–∏–Ω Kilowatt Case –¥–æ–±–∞–≤–ª–µ–Ω –≤ –±–¥
2025-12-09 18:06:02 | INFO | market | User updated skins | update_skins function
2025-12-09 18:06:02 | INFO | market | –°–∫–∏–Ω Kilowatt Case –¥–æ–±–∞–≤–ª–µ–Ω –≤ –±–¥
2025-12-09 18:06:02 | INFO | market | User updated skins | update_skins function
2025-12-09 18:06:02 | INFO | market | –°–∫–∏–Ω Kilowatt Case –¥–æ–±–∞–≤–ª–µ–Ω –≤ –±–¥
2025-12-09 18:06:02 | INFO | market | User updated skins | update_skins function
2025-12-09 18:06:02 | INFO | market | –°–∫–∏–Ω Kilowatt Case –¥–æ–±–∞–≤–ª–µ–Ω –≤ –±–¥
2025-12-09 18:06:02 | INFO | market | User updated skins | update_skins function
2025-12-09 18:06:02 | INFO | market | –°–∫–∏–Ω Kilowatt Case –¥–æ–±–∞–≤–ª–µ–Ω –≤ –±–¥
2025-12-09 18:06:02 | INFO | market | User updated skins | update_skins function
2025-12-09 18:06:02 | INFO | market | –°–∫–∏–Ω Kilowatt Case –¥–æ–±–∞–≤–ª–µ–Ω –≤ –±–¥
2025-12-09 18:06:02 | INFO | market | User updated skins | update_skins function
2025-12-09 18:06:02 | INFO | market | –°–∫–∏–Ω Sealed Genesis Terminal –¥–æ–±–∞–≤–ª–µ–Ω –≤ –±–¥
2025-12-09 18:06:02 | INFO | market | User updated skins | update_skins function
2025-12-09 18:06:02 | INFO | market | –°–∫–∏–Ω Sealed Genesis Terminal –¥–æ–±–∞–≤–ª–µ–Ω –≤ –±–¥
2025-12-09 18:06:02 | INFO | market | User updated skins | update_skins function
2025-12-09 18:06:02 | INFO | market | –°–∫–∏–Ω Sealed Genesis Terminal –¥–æ–±–∞–≤–ª–µ–Ω –≤ –±–¥
2025-12-09 18:06:02 | INFO | market | User updated skins | update_skins function
2025-12-09 18:06:02 | INFO | market | –°–∫–∏–Ω Sealed Genesis Terminal –¥–æ–±–∞–≤–ª–µ–Ω –≤ –±–¥
2025-12-09 18:06:02 | INFO | market | User updated skins | update_skins function
2025-12-09 18:06:02 | INFO | market | –°–∫–∏–Ω Sealed Genesis Terminal –¥–æ–±–∞–≤–ª–µ–Ω –≤ –±–¥
2025-12-09 18:06:02 | INFO | market | User updated skins | update_skins function
2025-12-09 18:06:02 | INFO | market | –°–∫–∏–Ω Sealed Genesis Terminal –¥–æ–±–∞–≤–ª–µ–Ω –≤ –±–¥
2025-12-09 18:06:02 | INFO | market | User updated skins | update_skins function
2025-12-09 18:06:02 | INFO | market | –°–∫–∏–Ω Sealed Genesis Terminal –¥–æ–±–∞–≤–ª–µ–Ω –≤ –±–¥
2025-12-09 18:06:02 | INFO | market | User updated skins | update_skins function
2025-12-09 18:06:02 | INFO | market | –°–∫–∏–Ω Sealed Genesis Terminal –¥–æ–±–∞–≤–ª–µ–Ω –≤ –±–¥
2025-12-09 18:06:02 | INFO | market | User updated skins | update_skins function
2025-12-09 18:06:02 | INFO | market | –°–∫–∏–Ω Sealed Genesis Terminal –¥–æ–±–∞–≤–ª–µ–Ω –≤ –±–¥
2025-12-09 18:06:02 | INFO | market | User updated skins | update_skins function
2025-12-09 18:06:02 | INFO | market | –°–∫–∏–Ω Sealed Genesis Terminal –¥–æ–±–∞–≤–ª–µ–Ω –≤ –±–¥
2025-12-09 18:06:02 | INFO | market | User updated skins | update_skins function
2025-12-09 18:06:02 | INFO | market | –°–∫–∏–Ω Sealed Genesis Terminal –¥–æ–±–∞–≤–ª–µ–Ω –≤ –±–¥
2025-12-09 18:06:02 | INFO | market | User updated skins | update_skins function
2025-12-09 18:06:02 | INFO | market | –°–∫–∏–Ω Sealed Genesis Terminal –¥–æ–±–∞–≤–ª–µ–Ω –≤ –±–¥
2025-12-09 18:06:02 | INFO | market | User updated skins | update_skins function
2025-12-09 18:06:02 | INFO | market | –°–∫–∏–Ω Sealed Genesis Terminal –¥–æ–±–∞–≤–ª–µ–Ω –≤ –±–¥
2025-12-09 18:06:02 | INFO | market | User updated skins | update_skins function
2025-12-09 18:06:02 | INFO | market | –°–∫–∏–Ω FAMAS | Grey Ghost (Factory New) –¥–æ–±–∞–≤–ª–µ–Ω –≤ –±–¥
2025-12-09 18:06:02 | INFO | market | User updated skins | update_skins function
2025-12-09 18:06:02 | INFO | market | –°–∫–∏–Ω Revolution Case –¥–æ–±–∞–≤–ª–µ–Ω –≤ –±–¥
2025-12-09 18:06:02 | INFO | market | User updated skins | update_skins function
2025-12-09 18:06:02 | INFO | market | –°–∫–∏–Ω Revolution Case –¥–æ–±–∞–≤–ª–µ–Ω –≤ –±–¥
2025-12-09 18:06:02 | INFO | market | User updated skins | update_skins function
2025-12-09 18:06:02 | INFO | market | –°–∫–∏–Ω Revolution Case –¥–æ–±–∞–≤–ª–µ–Ω –≤ –±–¥
2025-12-09 18:06:02 | INFO | market | User updated skins | update_skins function
2025-12-09 18:06:02 | INFO | market | –°–∫–∏–Ω Revolution Case –¥–æ–±–∞–≤–ª–µ–Ω –≤ –±–¥
2025-12-09 18:06:02 | INFO | market | User updated skins | update_skins function
2025-12-09 18:06:02 | INFO | market | –°–∫–∏–Ω Revolution Case –¥–æ–±–∞–≤–ª–µ–Ω –≤ –±–¥
2025-12-09 18:06:02 | INFO | market | User updated skins | update_skins function
2025-12-09 18:06:02 | INFO | market | –°–∫–∏–Ω Dreams & Nightmares Case –¥–æ–±–∞–≤–ª–µ–Ω –≤ –±–¥
2025-12-09 18:06:02 | INFO | market | User updated skins | update_skins function
2025-12-09 18:06:02 | INFO | market | –°–∫–∏–Ω Dreams & Nightmares Case –¥–æ–±–∞–≤–ª–µ–Ω –≤ –±–¥
2025-12-09 18:06:02 | INFO | market | User updated skins | update_skins function
2025-12-09 18:06:02 | INFO | market | –°–∫–∏–Ω Dreams & Nightmares Case –¥–æ–±–∞–≤–ª–µ–Ω –≤ –±–¥
2025-12-09 18:06:02 | INFO | market | User updated skins | update_skins function
2025-12-09 18:06:02 | INFO | market | –°–∫–∏–Ω Dreams & Nightmares Case –¥–æ–±–∞–≤–ª–µ–Ω –≤ –±–¥
2025-12-09 18:06:02 | INFO | market | User updated skins | update_skins function
2025-12-09 18:06:02 | INFO | market | –°–∫–∏–Ω Nova | Marsh Grass (Field-Tested) –¥–æ–±–∞–≤–ª–µ–Ω –≤ –±–¥
2025-12-09 18:06:02 | INFO | market | User updated skins | update_skins function
2025-12-09 18:06:02 | INFO | market | –°–∫–∏–Ω SG 553 | Night Camo (Field-Tested) –¥–æ–±–∞–≤–ª–µ–Ω –≤ –±–¥
2025-12-09 18:06:02 | INFO | market | User updated skins | update_skins function
2025-12-09 18:06:02 | INFO | market | –°–∫–∏–Ω MP7 | Army Recon (Field-Tested) –¥–æ–±–∞–≤–ª–µ–Ω –≤ –±–¥
2025-12-09 18:06:02 | INFO | market | User updated skins | update_skins function
2025-12-09 18:06:02 | INFO | market | –°–∫–∏–Ω UMP-45 | Green Swirl (Field-Tested) –¥–æ–±–∞–≤–ª–µ–Ω –≤ –±–¥
2025-12-09 18:06:02 | INFO | market | User updated skins | update_skins function
2025-12-09 18:06:02 | INFO | market | –°–∫–∏–Ω P90 | Desert Halftone (Battle-Scarred) –¥–æ–±–∞–≤–ª–µ–Ω –≤ –±–¥
2025-12-09 18:06:02 | INFO | market | User updated skins | update_skins function
2025-12-09 18:06:02 | INFO | market | –°–∫–∏–Ω UMP-45 | Green Swirl (Field-Tested) –¥–æ–±–∞–≤–ª–µ–Ω –≤ –±–¥
2025-12-09 18:06:02 | INFO | market | User updated skins | update_skins function
2025-12-09 18:06:02 | INFO | market | –°–∫–∏–Ω Tec-9 | Army Mesh (Minimal Wear) –¥–æ–±–∞–≤–ª–µ–Ω –≤ –±–¥
2025-12-09 18:06:02 | INFO | market | User updated skins | update_skins function
2025-12-09 18:06:02 | INFO | market | –°–∫–∏–Ω Nova | Mandrel (Minimal Wear) –¥–æ–±–∞–≤–ª–µ–Ω –≤ –±–¥
2025-12-09 18:06:02 | INFO | market | User updated skins | update_skins function
2025-12-09 18:06:02 | INFO | market | –°–∫–∏–Ω Nova | Mandrel (Minimal Wear) –¥–æ–±–∞–≤–ª–µ–Ω –≤ –±–¥
2025-12-09 18:06:02 | INFO | market | User updated skins | update_skins function
2025-12-09 18:06:02 | INFO | market | –°–∫–∏–Ω UMP-45 | Mudder (Well-Worn) –¥–æ–±–∞–≤–ª–µ–Ω –≤ –±–¥
2025-12-09 18:06:02 | INFO | market | User updated skins | update_skins function
2025-12-09 18:06:02 | INFO | market | –°–∫–∏–Ω UMP-45 | Mudder (Battle-Scarred) –¥–æ–±–∞–≤–ª–µ–Ω –≤ –±–¥
2025-12-09 18:06:02 | INFO | market | User updated skins | update_skins function
2025-12-09 18:06:02 | INFO | market | –°–∫–∏–Ω MAC-10 | Storm Camo (Field-Tested) –¥–æ–±–∞–≤–ª–µ–Ω –≤ –±–¥
2025-12-09 18:06:02 | INFO | market | User updated skins | update_skins function
2025-12-09 18:06:02 | INFO | market | –°–∫–∏–Ω P250 | Facility Draft (Field-Tested) –¥–æ–±–∞–≤–ª–µ–Ω –≤ –±–¥
2025-12-09 18:06:02 | INFO | market | User updated skins | update_skins function
2025-12-09 18:06:02 | INFO | market | –°–∫–∏–Ω MP9 | Pine (Minimal Wear) –¥–æ–±–∞–≤–ª–µ–Ω –≤ –±–¥
2025-12-09 18:06:02 | INFO | market | User updated skins | update_skins function
2025-12-09 18:06:02 | INFO | market | –°–∫–∏–Ω MAG-7 | Copper Oxide (Field-Tested) –¥–æ–±–∞–≤–ª–µ–Ω –≤ –±–¥
2025-12-09 18:06:02 | INFO | market | User updated skins | update_skins function
2025-12-09 18:06:02 | INFO | market | –°–∫–∏–Ω UMP-45 | Green Swirl (Minimal Wear) –¥–æ–±–∞–≤–ª–µ–Ω –≤ –±–¥
2025-12-09 18:06:02 | INFO | market | User updated skins | update_skins function
2025-12-09 18:06:02 | INFO | market | –°–∫–∏–Ω PP-Bizon | Wood Block Camo (Factory New) –¥–æ–±–∞–≤–ª–µ–Ω –≤ –±–¥
2025-12-09 18:06:02 | INFO | market | User updated skins | update_skins function
2025-12-09 18:06:02 | INFO | market | –°–∫–∏–Ω P250 | Sedimentary (Field-Tested) –¥–æ–±–∞–≤–ª–µ–Ω –≤ –±–¥
2025-12-09 18:06:02 | INFO | market | User updated skins | update_skins function
2025-12-09 18:06:02 | INFO | market | –°–∫–∏–Ω Galil AR | Acid Dart (Field-Tested) –¥–æ–±–∞–≤–ª–µ–Ω –≤ –±–¥
2025-12-09 18:06:02 | INFO | market | User updated skins | update_skins function
2025-12-09 18:06:02 | INFO | market | –°–∫–∏–Ω Kilowatt Case –¥–æ–±–∞–≤–ª–µ–Ω –≤ –±–¥
2025-12-09 18:06:02 | INFO | market | User updated skins | update_skins function
2025-12-09 18:06:02 | INFO | market | –°–∫–∏–Ω Kilowatt Case –¥–æ–±–∞–≤–ª–µ–Ω –≤ –±–¥
2025-12-09 18:06:02 | INFO | market | User updated skins | update_skins function
2025-12-09 18:06:02 | INFO | market | –°–∫–∏–Ω Kilowatt Case –¥–æ–±–∞–≤–ª–µ–Ω –≤ –±–¥
2025-12-09 18:06:02 | INFO | market | User updated skins | update_skins function
2025-12-09 18:06:02 | INFO | market | –°–∫–∏–Ω Zeus x27 | Electric Blue (Minimal Wear) –¥–æ–±–∞–≤–ª–µ–Ω –≤ –±–¥
2025-12-09 18:06:02 | INFO | market | User updated skins | update_skins function
2025-12-09 18:06:02 | INFO | market | –°–∫–∏–Ω Sealed Genesis Terminal –¥–æ–±–∞–≤–ª–µ–Ω –≤ –±–¥
2025-12-09 18:06:02 | INFO | market | User updated skins | update_skins function
2025-12-09 18:06:02 | INFO | market | –°–∫–∏–Ω Sealed Genesis Terminal –¥–æ–±–∞–≤–ª–µ–Ω –≤ –±–¥
2025-12-09 18:06:02 | INFO | market | User updated skins | update_skins function
2025-12-09 18:06:02 | INFO | market | –°–∫–∏–Ω Sealed Genesis Terminal –¥–æ–±–∞–≤–ª–µ–Ω –≤ –±–¥
2025-12-09 18:06:02 | INFO | market | User updated skins | update_skins function
2025-12-09 18:06:02 | INFO | market | –°–∫–∏–Ω Sealed Genesis Terminal –¥–æ–±–∞–≤–ª–µ–Ω –≤ –±–¥
2025-12-09 18:06:03 | INFO | market | User updated skins | update_skins function
2025-12-09 18:06:03 | INFO | market | –°–∫–∏–Ω Sealed Genesis Terminal –¥–æ–±–∞–≤–ª–µ–Ω –≤ –±–¥
2025-12-09 18:06:03 | INFO | market | User updated skins | update_skins function
2025-12-09 18:06:03 | INFO | market | –°–∫–∏–Ω Sealed Genesis Terminal –¥–æ–±–∞–≤–ª–µ–Ω –≤ –±–¥
2025-12-09 18:06:03 | INFO | market | User updated skins | update_skins function
2025-12-09 18:06:03 | INFO | market | –°–∫–∏–Ω Sealed Genesis Terminal –¥–æ–±–∞–≤–ª–µ–Ω –≤ –±–¥
2025-12-09 18:06:03 | INFO | market | User updated skins | update_skins function
2025-12-09 18:06:03 | INFO | market | –°–∫–∏–Ω Revolution Case –¥–æ–±–∞–≤–ª–µ–Ω –≤ –±–¥
2025-12-09 18:06:03 | INFO | market | User updated skins | update_skins function
2025-12-09 18:06:03 | INFO | market | –°–∫–∏–Ω Revolution Case –¥–æ–±–∞–≤–ª–µ–Ω –≤ –±–¥
2025-12-09 18:06:03 | INFO | market | User updated skins | update_skins function
2025-12-09 18:06:03 | INFO | market | –°–∫–∏–Ω Revolution Case –¥–æ–±–∞–≤–ª–µ–Ω –≤ –±–¥
2025-12-09 18:06:03 | INFO | market | User updated skins | update_skins function
2025-12-09 18:06:03 | INFO | market | –°–∫–∏–Ω Revolution Case –¥–æ–±–∞–≤–ª–µ–Ω –≤ –±–¥
2025-12-09 18:06:03 | INFO | market | User updated skins | update_skins function
2025-12-09 18:06:03 | INFO | market | –°–∫–∏–Ω M4A4 | Steel Work (Factory New) –¥–æ–±–∞–≤–ª–µ–Ω –≤ –±–¥
2025-12-09 18:06:03 | INFO | market | User updated skins | update_skins function
2025-12-09 18:06:03 | INFO | market | –°–∫–∏–Ω Dreams & Nightmares Case –¥–æ–±–∞–≤–ª–µ–Ω –≤ –±–¥
2025-12-09 18:06:03 | INFO | market | User updated skins | update_skins function
2025-12-09 18:06:03 | INFO | market | –°–∫–∏–Ω SCAR-20 | Contractor (Field-Tested) –¥–æ–±–∞–≤–ª–µ–Ω –≤ –±–¥
2025-12-09 18:06:03 | INFO | market | User updated skins | update_skins function
2025-12-09 18:06:03 | INFO | market | –°–∫–∏–Ω PP-Bizon | Facility Sketch (Field-Tested) –¥–æ–±–∞–≤–ª–µ–Ω –≤ –±–¥
2025-12-09 18:06:03 | INFO | market | User updated skins | update_skins function
2025-12-09 18:06:03 | INFO | market | –°–∫–∏–Ω PP-Bizon | Facility Sketch (Field-Tested) –¥–æ–±–∞–≤–ª–µ–Ω –≤ –±–¥
2025-12-09 18:06:03 | INFO | market | User updated skins | update_skins function
2025-12-09 18:06:03 | INFO | market | –°–∫–∏–Ω PP-Bizon | Facility Sketch (Field-Tested) –¥–æ–±–∞–≤–ª–µ–Ω –≤ –±–¥
2025-12-09 18:06:03 | INFO | market | User updated skins | update_skins function
2025-12-09 18:06:03 | INFO | market | –°–∫–∏–Ω PP-Bizon | Facility Sketch (Field-Tested) –¥–æ–±–∞–≤–ª–µ–Ω –≤ –±–¥
2025-12-09 18:06:03 | INFO | market | User updated skins | update_skins function
2025-12-09 18:06:03 | INFO | market | –°–∫–∏–Ω UMP-45 | Mudder (Field-Tested) –¥–æ–±–∞–≤–ª–µ–Ω –≤ –±–¥
2025-12-09 18:06:03 | INFO | market | User updated skins | update_skins function
2025-12-09 18:06:03 | INFO | market | –°–∫–∏–Ω MAG-7 | Rust Coat (Well-Worn) –¥–æ–±–∞–≤–ª–µ–Ω –≤ –±–¥
2025-12-09 18:06:03 | INFO | market | User updated skins | update_skins function
2025-12-09 18:06:03 | INFO | market | –°–∫–∏–Ω PP-Bizon | Wood Block Camo (Field-Tested) –¥–æ–±–∞–≤–ª–µ–Ω –≤ –±–¥
2025-12-09 18:06:03 | INFO | market | User updated skins | update_skins function
2025-12-09 18:06:03 | INFO | market | –°–∫–∏–Ω G3SG1 | Red Jasper (Field-Tested) –¥–æ–±–∞–≤–ª–µ–Ω –≤ –±–¥
2025-12-09 18:06:03 | INFO | market | User updated skins | update_skins function
2025-12-09 18:06:03 | INFO | market | –°–∫–∏–Ω MP9 | Sand Dashed (Well-Worn) –¥–æ–±–∞–≤–ª–µ–Ω –≤ –±–¥
2025-12-09 18:06:03 | INFO | market | User updated skins | update_skins function
2025-12-09 18:06:03 | INFO | market | –°–∫–∏–Ω Dual Berettas | Contractor (Field-Tested) –¥–æ–±–∞–≤–ª–µ–Ω –≤ –±–¥
2025-12-09 18:06:03 | INFO | market | User updated skins | update_skins function
2025-12-09 18:06:03 | INFO | market | –°–∫–∏–Ω P250 | Plum Netting (Field-Tested) –¥–æ–±–∞–≤–ª–µ–Ω –≤ –±–¥
2025-12-09 18:06:03 | INFO | market | User updated skins | update_skins function
2025-12-09 18:06:03 | INFO | market | –°–∫–∏–Ω SSG 08 | Blue Spruce (Field-Tested) –¥–æ–±–∞–≤–ª–µ–Ω –≤ –±–¥
2025-12-09 18:06:03 | INFO | market | User updated skins | update_skins function
2025-12-09 18:06:03 | INFO | market | –°–∫–∏–Ω MP9 | Slide (Well-Worn) –¥–æ–±–∞–≤–ª–µ–Ω –≤ –±–¥
2025-12-09 18:06:03 | INFO | market | User updated skins | update_skins function
2025-12-09 18:06:03 | INFO | market | –°–∫–∏–Ω P250 | Plum Netting (Field-Tested) –¥–æ–±–∞–≤–ª–µ–Ω –≤ –±–¥
2025-12-09 18:06:03 | INFO | market | User updated skins | update_skins function
2025-12-09 18:06:03 | INFO | market | –°–∫–∏–Ω MP5-SD | Lime Hex (Field-Tested) –¥–æ–±–∞–≤–ª–µ–Ω –≤ –±–¥
2025-12-09 18:06:03 | INFO | market | User updated skins | update_skins function
2025-12-09 18:06:03 | INFO | market | –°–∫–∏–Ω MP7 | Army Recon (Minimal Wear) –¥–æ–±–∞–≤–ª–µ–Ω –≤ –±–¥
2025-12-09 18:06:03 | INFO | market | User updated skins | update_skins function
2025-12-09 18:06:03 | INFO | market | –°–∫–∏–Ω Nova | Predator (Minimal Wear) –¥–æ–±–∞–≤–ª–µ–Ω –≤ –±–¥
2025-12-09 18:06:03 | INFO | market | User updated skins | update_skins function
2025-12-09 18:06:03 | INFO | market | –°–∫–∏–Ω Tec-9 | Raw Ceramic (Battle-Scarred) –¥–æ–±–∞–≤–ª–µ–Ω –≤ –±–¥
2025-12-09 18:06:03 | INFO | market | User updated skins | update_skins function
2025-12-09 18:06:03 | INFO | market | –°–∫–∏–Ω UMP-45 | Mudder (Minimal Wear) –¥–æ–±–∞–≤–ª–µ–Ω –≤ –±–¥
2025-12-09 18:06:03 | INFO | market | User updated skins | update_skins function
2025-12-09 18:06:03 | INFO | market | –°–∫–∏–Ω SCAR-20 | Contractor (Battle-Scarred) –¥–æ–±–∞–≤–ª–µ–Ω –≤ –±–¥
2025-12-09 18:06:03 | INFO | market | User updated skins | update_skins function
2025-12-09 18:06:03 | INFO | market | –°–∫–∏–Ω MP9 | Sand Dashed (Battle-Scarred) –¥–æ–±–∞–≤–ª–µ–Ω –≤ –±–¥
2025-12-09 18:06:03 | INFO | market | User updated skins | update_skins function
2025-12-09 18:06:03 | INFO | market | –°–∫–∏–Ω MP9 | Pine (Minimal Wear) –¥–æ–±–∞–≤–ª–µ–Ω –≤ –±–¥
2025-12-09 18:06:03 | INFO | market | User updated skins | update_skins function
2025-12-09 18:06:03 | INFO | market | –°–∫–∏–Ω MP9 | Buff Blue (Field-Tested) –¥–æ–±–∞–≤–ª–µ–Ω –≤ –±–¥
2025-12-09 18:06:03 | INFO | market | User updated skins | update_skins function
2025-12-09 18:06:03 | INFO | market | –°–∫–∏–Ω XM1014 | Canvas Cloud (Minimal Wear) –¥–æ–±–∞–≤–ª–µ–Ω –≤ –±–¥
2025-12-09 18:06:03 | INFO | market | User updated skins | update_skins function
2025-12-09 18:06:03 | INFO | market | –°–∫–∏–Ω PP-Bizon | Wood Block Camo (Minimal Wear) –¥–æ–±–∞–≤–ª–µ–Ω –≤ –±–¥
2025-12-09 18:06:03 | INFO | market | User updated skins | update_skins function
2025-12-09 18:06:03 | INFO | market | –°–∫–∏–Ω MP9 | Multi-Terrain (Minimal Wear) –¥–æ–±–∞–≤–ª–µ–Ω –≤ –±–¥
2025-12-09 18:06:03 | INFO | market | User updated skins | update_skins function
2025-12-09 18:06:03 | INFO | market | –°–∫–∏–Ω M249 | Sage Camo (Minimal Wear) –¥–æ–±–∞–≤–ª–µ–Ω –≤ –±–¥
2025-12-09 18:06:03 | INFO | market | User updated skins | update_skins function
2025-12-09 18:06:03 | INFO | market | –°–∫–∏–Ω P250 | Copper Oxide (Minimal Wear) –¥–æ–±–∞–≤–ª–µ–Ω –≤ –±–¥
2025-12-09 18:06:03 | INFO | market | User updated skins | update_skins function
2025-12-09 18:06:03 | INFO | market | –°–∫–∏–Ω Galil AR | Grey Smoke (Well-Worn) –¥–æ–±–∞–≤–ª–µ–Ω –≤ –±–¥
2025-12-09 18:06:03 | INFO | market | User updated skins | update_skins function
2025-12-09 18:06:03 | INFO | market | –°–∫–∏–Ω UMP-45 | Green Swirl (Minimal Wear) –¥–æ–±–∞–≤–ª–µ–Ω –≤ –±–¥
2025-12-09 18:06:03 | INFO | market | User updated skins | update_skins function
2025-12-09 18:06:03 | INFO | market | –°–∫–∏–Ω UMP-45 | Green Swirl (Minimal Wear) –¥–æ–±–∞–≤–ª–µ–Ω –≤ –±–¥
2025-12-09 18:06:03 | INFO | market | User updated skins | update_skins function
2025-12-09 18:06:03 | INFO | market | –°–∫–∏–Ω UMP-45 | Green Swirl (Minimal Wear) –¥–æ–±–∞–≤–ª–µ–Ω –≤ –±–¥
2025-12-09 18:06:03 | INFO | market | User updated skins | update_skins function
2025-12-09 18:06:03 | INFO | market | –°–∫–∏–Ω MAG-7 | Copper Oxide (Field-Tested) –¥–æ–±–∞–≤–ª–µ–Ω –≤ –±–¥
2025-12-09 18:06:03 | INFO | market | User updated skins | update_skins function
2025-12-09 18:06:03 | INFO | market | –°–∫–∏–Ω Tec-9 | Blue Blast (Minimal Wear) –¥–æ–±–∞–≤–ª–µ–Ω –≤ –±–¥
2025-12-09 18:06:03 | INFO | market | User updated skins | update_skins function
2025-12-09 18:06:03 | INFO | market | –°–∫–∏–Ω MAC-10 | Storm Camo (Minimal Wear) –¥–æ–±–∞–≤–ª–µ–Ω –≤ –±–¥
2025-12-09 18:06:03 | INFO | market | User updated skins | update_skins function
2025-12-09 18:06:03 | INFO | market | –°–∫–∏–Ω MAC-10 | Palm (Field-Tested) –¥–æ–±–∞–≤–ª–µ–Ω –≤ –±–¥
2025-12-09 18:06:03 | INFO | market | User updated skins | update_skins function
2025-12-09 18:06:03 | INFO | market | –°–∫–∏–Ω MP9 | Multi-Terrain (Factory New) –¥–æ–±–∞–≤–ª–µ–Ω –≤ –±–¥
2025-12-09 18:06:03 | INFO | market | User updated skins | update_skins function
2025-12-09 18:06:03 | INFO | market | –°–∫–∏–Ω M249 | Gator Mesh (Battle-Scarred) –¥–æ–±–∞–≤–ª–µ–Ω –≤ –±–¥
2025-12-09 18:06:03 | INFO | market | User updated skins | update_skins function
2025-12-09 18:06:03 | INFO | market | –°–∫–∏–Ω Negev | Bulkhead (Minimal Wear) –¥–æ–±–∞–≤–ª–µ–Ω –≤ –±–¥
2025-12-09 18:06:03 | INFO | market | User updated skins | update_skins function
2025-12-09 18:06:03 | INFO | market | –°–∫–∏–Ω MP9 | Orange Peel (Field-Tested) –¥–æ–±–∞–≤–ª–µ–Ω –≤ –±–¥
2025-12-09 18:06:03 | INFO | market | User updated skins | update_skins function
2025-12-09 18:06:03 | INFO | market | –°–∫–∏–Ω USP-S | Forest Leaves (Field-Tested) –¥–æ–±–∞–≤–ª–µ–Ω –≤ –±–¥
2025-12-09 18:06:03 | INFO | market | User updated skins | update_skins function
2025-12-09 18:06:03 | INFO | market | –°–∫–∏–Ω FAMAS | Grey Ghost (Field-Tested) –¥–æ–±–∞–≤–ª–µ–Ω –≤ –±–¥
2025-12-09 18:06:03 | INFO | market | User updated skins | update_skins function
2025-12-09 18:06:03 | INFO | market | –°–∫–∏–Ω MP9 | Pine (Factory New) –¥–æ–±–∞–≤–ª–µ–Ω –≤ –±–¥
2025-12-09 18:06:03 | INFO | market | User updated skins | update_skins function
2025-12-09 18:06:03 | INFO | market | –°–∫–∏–Ω AK-47 | Safari Mesh (Field-Tested) –¥–æ–±–∞–≤–ª–µ–Ω –≤ –±–¥
2025-12-09 18:06:03 | INFO | market | User updated skins | update_skins function
2025-12-09 18:06:03 | INFO | market | –°–∫–∏–Ω Galil AR | Robin's Egg (Field-Tested) –¥–æ–±–∞–≤–ª–µ–Ω –≤ –±–¥
2025-12-09 18:06:03 | INFO | market | User updated skins | update_skins function
2025-12-09 18:06:03 | INFO | market | –°–∫–∏–Ω Tec-9 | VariCamo (Factory New) –¥–æ–±–∞–≤–ª–µ–Ω –≤ –±–¥
2025-12-09 18:06:03 | INFO | market | User updated skins | update_skins function
2025-12-09 18:06:03 | INFO | market | –°–∫–∏–Ω Kilowatt Case –¥–æ–±–∞–≤–ª–µ–Ω –≤ –±–¥
2025-12-09 18:06:03 | INFO | market | User updated skins | update_skins function
2025-12-09 18:06:03 | INFO | market | –°–∫–∏–Ω Kilowatt Case –¥–æ–±–∞–≤–ª–µ–Ω –≤ –±–¥
2025-12-09 18:06:03 | INFO | market | User updated skins | update_skins function
2025-12-09 18:06:03 | INFO | market | –°–∫–∏–Ω Kilowatt Case –¥–æ–±–∞–≤–ª–µ–Ω –≤ –±–¥
2025-12-09 18:06:03 | INFO | market | User updated skins | update_skins function
2025-12-09 18:06:03 | INFO | market | –°–∫–∏–Ω Kilowatt Case –¥–æ–±–∞–≤–ª–µ–Ω –≤ –±–¥
2025-12-09 18:06:03 | INFO | market | User updated skins | update_skins function
2025-12-09 18:06:03 | INFO | market | –°–∫–∏–Ω Kilowatt Case –¥–æ–±–∞–≤–ª–µ–Ω –≤ –±–¥
2025-12-09 18:06:03 | INFO | market | User updated skins | update_skins function
2025-12-09 18:06:03 | INFO | market | –°–∫–∏–Ω Kilowatt Case –¥–æ–±–∞–≤–ª–µ–Ω –≤ –±–¥
2025-12-09 18:06:03 | INFO | market | User updated skins | update_skins function
2025-12-09 18:06:03 | INFO | market | –°–∫–∏–Ω Recoil Case –¥–æ–±–∞–≤–ª–µ–Ω –≤ –±–¥
2025-12-09 18:06:03 | INFO | market | User updated skins | update_skins function
2025-12-09 18:06:03 | INFO | market | –°–∫–∏–Ω Recoil Case –¥–æ–±–∞–≤–ª–µ–Ω –≤ –±–¥
2025-12-09 18:06:03 | INFO | market | User updated skins | update_skins function
2025-12-09 18:06:03 | INFO | market | –°–∫–∏–Ω Recoil Case –¥–æ–±–∞–≤–ª–µ–Ω –≤ –±–¥
2025-12-09 18:06:03 | INFO | market | User updated skins | update_skins function
2025-12-09 18:06:03 | INFO | market | –°–∫–∏–Ω Sealed Genesis Terminal –¥–æ–±–∞–≤–ª–µ–Ω –≤ –±–¥
2025-12-09 18:06:03 | INFO | market | User updated skins | update_skins function
2025-12-09 18:06:03 | INFO | market | –°–∫–∏–Ω Sealed Genesis Terminal –¥–æ–±–∞–≤–ª–µ–Ω –≤ –±–¥
2025-12-09 18:06:03 | INFO | market | User updated skins | update_skins function
2025-12-09 18:06:03 | INFO | market | –°–∫–∏–Ω Revolution Case –¥–æ–±–∞–≤–ª–µ–Ω –≤ –±–¥
2025-12-09 18:06:03 | INFO | market | User updated skins | update_skins function
2025-12-09 18:06:03 | INFO | market | –°–∫–∏–Ω Revolution Case –¥–æ–±–∞–≤–ª–µ–Ω –≤ –±–¥
2025-12-09 18:06:03 | INFO | market | User updated skins | update_skins function
2025-12-09 18:06:03 | INFO | market | –°–∫–∏–Ω Revolution Case –¥–æ–±–∞–≤–ª–µ–Ω –≤ –±–¥
2025-12-09 18:06:03 | INFO | market | User updated skins | update_skins function
2025-12-09 18:06:03 | INFO | market | –°–∫–∏–Ω Revolution Case –¥–æ–±–∞–≤–ª–µ–Ω –≤ –±–¥
2025-12-09 18:06:03 | INFO | market | User updated skins | update_skins function
2025-12-09 18:06:03 | INFO | market | –°–∫–∏–Ω Revolution Case –¥–æ–±–∞–≤–ª–µ–Ω –≤ –±–¥
2025-12-09 18:06:03 | INFO | market | User updated skins | update_skins function
2025-12-09 18:06:03 | INFO | market | –°–∫–∏–Ω Dreams & Nightmares Case –¥–æ–±–∞–≤–ª–µ–Ω –≤ –±–¥
2025-12-09 18:06:03 | INFO | market | User updated skins | update_skins function
2025-12-09 18:06:03 | INFO | market | –°–∫–∏–Ω Dreams & Nightmares Case –¥–æ–±–∞–≤–ª–µ–Ω –≤ –±–¥
2025-12-09 18:06:03 | INFO | market | User updated skins | update_skins function
2025-12-09 18:06:03 | INFO | market | –°–∫–∏–Ω Dreams & Nightmares Case –¥–æ–±–∞–≤–ª–µ–Ω –≤ –±–¥
2025-12-09 18:06:03 | INFO | market | User updated skins | update_skins function
2025-12-09 18:06:03 | INFO | market | –°–∫–∏–Ω Dreams & Nightmares Case –¥–æ–±–∞–≤–ª–µ–Ω –≤ –±–¥
2025-12-09 18:06:03 | INFO | market | User updated skins | update_skins function
2025-12-09 18:06:03 | INFO | market | –°–∫–∏–Ω SG 553 | Integrale (Factory New) –¥–æ–±–∞–≤–ª–µ–Ω –≤ –±–¥
2025-12-09 18:06:03 | INFO | market | User updated skins | update_skins function
2025-12-09 18:06:03 | INFO | market | –°–∫–∏–Ω Tec-9 | Army Mesh (Field-Tested) –¥–æ–±–∞–≤–ª–µ–Ω –≤ –±–¥
2025-12-09 18:06:03 | INFO | market | User updated skins | update_skins function
2025-12-09 18:06:03 | INFO | market | –°–∫–∏–Ω Tec-9 | Army Mesh (Field-Tested) –¥–æ–±–∞–≤–ª–µ–Ω –≤ –±–¥
2025-12-09 18:06:03 | INFO | market | User updated skins | update_skins function
2025-12-09 18:06:03 | INFO | market | –°–∫–∏–Ω Tec-9 | Army Mesh (Field-Tested) –¥–æ–±–∞–≤–ª–µ–Ω –≤ –±–¥
2025-12-09 18:06:03 | INFO | market | User updated skins | update_skins function
2025-12-09 18:06:03 | INFO | market | –°–∫–∏–Ω AUG | Sweeper (Field-Tested) –¥–æ–±–∞–≤–ª–µ–Ω –≤ –±–¥
2025-12-09 18:06:03 | INFO | market | User updated skins | update_skins function
2025-12-09 18:06:03 | INFO | market | –°–∫–∏–Ω SCAR-20 | Contractor (Field-Tested) –¥–æ–±–∞–≤–ª–µ–Ω –≤ –±–¥
2025-12-09 18:06:03 | INFO | market | User updated skins | update_skins function
2025-12-09 18:06:03 | INFO | market | –°–∫–∏–Ω SSG 08 | Green Ceramic (Field-Tested) –¥–æ–±–∞–≤–ª–µ–Ω –≤ –±–¥
2025-12-09 18:06:04 | INFO | market | User updated skins | update_skins function
2025-12-09 18:06:04 | INFO | market | –°–∫–∏–Ω MP9 | Pine (Battle-Scarred) –¥–æ–±–∞–≤–ª–µ–Ω –≤ –±–¥
2025-12-09 18:06:04 | INFO | market | User updated skins | update_skins function
2025-12-09 18:06:04 | INFO | market | –°–∫–∏–Ω MP7 | Army Recon (Well-Worn) –¥–æ–±–∞–≤–ª–µ–Ω –≤ –±–¥
2025-12-09 18:06:04 | INFO | market | User updated skins | update_skins function
2025-12-09 18:06:04 | INFO | market | –°–∫–∏–Ω MP7 | Army Recon (Well-Worn) –¥–æ–±–∞–≤–ª–µ–Ω –≤ –±–¥
2025-12-09 18:06:04 | INFO | market | User updated skins | update_skins function
2025-12-09 18:06:04 | INFO | market | –°–∫–∏–Ω MAG-7 | Rust Coat (Minimal Wear) –¥–æ–±–∞–≤–ª–µ–Ω –≤ –±–¥
2025-12-09 18:06:04 | INFO | market | User updated skins | update_skins function
2025-12-09 18:06:04 | INFO | market | –°–∫–∏–Ω MP9 | Buff Blue (Field-Tested) –¥–æ–±–∞–≤–ª–µ–Ω –≤ –±–¥
2025-12-09 18:06:04 | INFO | market | User updated skins | update_skins function
2025-12-09 18:06:04 | INFO | market | –°–∫–∏–Ω P250 | Plum Netting (Minimal Wear) –¥–æ–±–∞–≤–ª–µ–Ω –≤ –±–¥
2025-12-09 18:06:04 | INFO | market | User updated skins | update_skins function
2025-12-09 18:06:04 | INFO | market | –°–∫–∏–Ω Tec-9 | Army Mesh (Battle-Scarred) –¥–æ–±–∞–≤–ª–µ–Ω –≤ –±–¥
2025-12-09 18:06:04 | INFO | market | User updated skins | update_skins function
2025-12-09 18:06:04 | INFO | market | –°–∫–∏–Ω MP7 | Short Ochre (Field-Tested) –¥–æ–±–∞–≤–ª–µ–Ω –≤ –±–¥
2025-12-09 18:06:04 | INFO | market | User updated skins | update_skins function
2025-12-09 18:06:04 | INFO | market | –°–∫–∏–Ω MP7 | Short Ochre (Field-Tested) –¥–æ–±–∞–≤–ª–µ–Ω –≤ –±–¥
2025-12-09 18:06:04 | INFO | market | User updated skins | update_skins function
2025-12-09 18:06:04 | INFO | market | –°–∫–∏–Ω MP7 | Short Ochre (Field-Tested) –¥–æ–±–∞–≤–ª–µ–Ω –≤ –±–¥
2025-12-09 18:06:04 | INFO | market | User updated skins | update_skins function
2025-12-09 18:06:04 | INFO | market | –°–∫–∏–Ω MP7 | Short Ochre (Field-Tested) –¥–æ–±–∞–≤–ª–µ–Ω –≤ –±–¥
2025-12-09 18:06:04 | INFO | market | User updated skins | update_skins function
2025-12-09 18:06:04 | INFO | market | –°–∫–∏–Ω Nova | Mandrel (Factory New) –¥–æ–±–∞–≤–ª–µ–Ω –≤ –±–¥
2025-12-09 18:06:04 | INFO | market | User updated skins | update_skins function
2025-12-09 18:06:04 | INFO | market | –°–∫–∏–Ω Tec-9 | VariCamo (Field-Tested) –¥–æ–±–∞–≤–ª–µ–Ω –≤ –±–¥
2025-12-09 18:06:04 | INFO | market | User updated skins | update_skins function
2025-12-09 18:06:04 | INFO | market | –°–∫–∏–Ω Five-SeveN | Coolant (Factory New) –¥–æ–±–∞–≤–ª–µ–Ω –≤ –±–¥
2025-12-09 18:06:04 | INFO | market | User updated skins | update_skins function
2025-12-09 18:06:04 | INFO | market | –°–∫–∏–Ω MAC-10 | Calf Skin (Minimal Wear) –¥–æ–±–∞–≤–ª–µ–Ω –≤ –±–¥
2025-12-09 18:06:04 | INFO | market | User updated skins | update_skins function
2025-12-09 18:06:04 | INFO | market | –°–∫–∏–Ω USP-S | Forest Leaves (Minimal Wear) –¥–æ–±–∞–≤–ª–µ–Ω –≤ –±–¥
2025-12-09 18:06:04 | INFO | market | User updated skins | update_skins function
2025-12-09 18:06:04 | INFO | market | –°–∫–∏–Ω Tec-9 | VariCamo (Factory New) –¥–æ–±–∞–≤–ª–µ–Ω –≤ –±–¥
2025-12-09 18:06:04 | INFO | market | User updated skins | update_skins function
2025-12-09 18:06:04 | INFO | market | –°–∫–∏–Ω FAMAS | Teardown (Field-Tested) –¥–æ–±–∞–≤–ª–µ–Ω –≤ –±–¥
2025-12-09 18:06:04 | INFO | market | User updated skins | update_skins function
2025-12-09 18:06:04 | INFO | market | –°–∫–∏–Ω Galil AR | O-Ranger (Minimal Wear) –¥–æ–±–∞–≤–ª–µ–Ω –≤ –±–¥
2025-12-09 18:06:04 | INFO | market | User updated skins | update_skins function
2025-12-09 18:06:04 | INFO | market | –°–∫–∏–Ω R8 Revolver | Leafhopper (Minimal Wear) –¥–æ–±–∞–≤–ª–µ–Ω –≤ –±–¥
2025-12-09 18:06:04 | INFO | market | User updated skins | update_skins function
2025-12-09 18:06:04 | INFO | market | –°–∫–∏–Ω MAC-10 | Acid Hex (Minimal Wear) –¥–æ–±–∞–≤–ª–µ–Ω –≤ –±–¥
2025-12-09 18:06:04 | INFO | market | User updated skins | update_skins function
2025-12-09 18:06:04 | INFO | market | –°–∫–∏–Ω SG 553 | Basket Halftone (Factory New) –¥–æ–±–∞–≤–ª–µ–Ω –≤ –±–¥
2025-12-09 18:06:04 | INFO | market | User updated skins | update_skins function
2025-12-09 18:06:04 | INFO | market | –°–∫–∏–Ω PP-Bizon | Brass (Minimal Wear) –¥–æ–±–∞–≤–ª–µ–Ω –≤ –±–¥
2025-12-09 18:06:04 | INFO | market | User updated skins | update_skins function
2025-12-09 18:06:04 | INFO | market | –°–∫–∏–Ω SSG 08 | Blue Spruce (Field-Tested) –¥–æ–±–∞–≤–ª–µ–Ω –≤ –±–¥
2025-12-09 18:06:04 | INFO | market | User updated skins | update_skins function
2025-12-09 18:06:04 | INFO | market | –°–∫–∏–Ω SCAR-20 | Contractor (Field-Tested) –¥–æ–±–∞–≤–ª–µ–Ω –≤ –±–¥
2025-12-09 18:06:04 | INFO | market | User updated skins | update_skins function
2025-12-09 18:06:04 | INFO | market | –°–∫–∏–Ω Nova | Mandrel (Field-Tested) –¥–æ–±–∞–≤–ª–µ–Ω –≤ –±–¥
2025-12-09 18:06:04 | INFO | market | User updated skins | update_skins function
2025-12-09 18:06:04 | INFO | market | –°–∫–∏–Ω P90 | Sand Spray (Field-Tested) –¥–æ–±–∞–≤–ª–µ–Ω –≤ –±–¥
2025-12-09 18:06:04 | INFO | market | User updated skins | update_skins function
2025-12-09 18:06:04 | INFO | market | –°–∫–∏–Ω Dual Berettas | BorDeux (Battle-Scarred) –¥–æ–±–∞–≤–ª–µ–Ω –≤ –±–¥
2025-12-09 18:06:04 | INFO | market | User updated skins | update_skins function
2025-12-09 18:06:04 | INFO | market | –°–∫–∏–Ω USP-S | Forest Leaves (Field-Tested) –¥–æ–±–∞–≤–ª–µ–Ω –≤ –±–¥
2025-12-09 18:06:04 | INFO | market | User updated skins | update_skins function
2025-12-09 18:06:04 | INFO | market | –°–∫–∏–Ω Kilowatt Case –¥–æ–±–∞–≤–ª–µ–Ω –≤ –±–¥
2025-12-09 18:06:04 | INFO | market | User updated skins | update_skins function
2025-12-09 18:06:04 | INFO | market | –°–∫–∏–Ω Kilowatt Case –¥–æ–±–∞–≤–ª–µ–Ω –≤ –±–¥
2025-12-09 18:06:04 | INFO | market | User updated skins | update_skins function
2025-12-09 18:06:04 | INFO | market | –°–∫–∏–Ω Kilowatt Case –¥–æ–±–∞–≤–ª–µ–Ω –≤ –±–¥
2025-12-09 18:06:04 | INFO | market | User updated skins | update_skins function
2025-12-09 18:06:04 | INFO | market | –°–∫–∏–Ω Kilowatt Case –¥–æ–±–∞–≤–ª–µ–Ω –≤ –±–¥
2025-12-09 18:06:04 | INFO | market | User updated skins | update_skins function
2025-12-09 18:06:04 | INFO | market | –°–∫–∏–Ω Kilowatt Case –¥–æ–±–∞–≤–ª–µ–Ω –≤ –±–¥
2025-12-09 18:06:04 | INFO | market | User updated skins | update_skins function
2025-12-09 18:06:04 | INFO | market | –°–∫–∏–Ω Recoil Case –¥–æ–±–∞–≤–ª–µ–Ω –≤ –±–¥
2025-12-09 18:06:04 | INFO | market | User updated skins | update_skins function
2025-12-09 18:06:04 | INFO | market | –°–∫–∏–Ω Recoil Case –¥–æ–±–∞–≤–ª–µ–Ω –≤ –±–¥
2025-12-09 18:06:04 | INFO | market | User updated skins | update_skins function
2025-12-09 18:06:04 | INFO | market | –°–∫–∏–Ω Sealed Genesis Terminal –¥–æ–±–∞–≤–ª–µ–Ω –≤ –±–¥
2025-12-09 18:06:04 | INFO | market | User updated skins | update_skins function
2025-12-09 18:06:04 | INFO | market | –°–∫–∏–Ω Sealed Genesis Terminal –¥–æ–±–∞–≤–ª–µ–Ω –≤ –±–¥
2025-12-09 18:06:04 | INFO | market | User updated skins | update_skins function
2025-12-09 18:06:04 | INFO | market | –°–∫–∏–Ω Revolution Case –¥–æ–±–∞–≤–ª–µ–Ω –≤ –±–¥
2025-12-09 18:06:04 | INFO | market | User updated skins | update_skins function
2025-12-09 18:06:04 | INFO | market | –°–∫–∏–Ω Revolution Case –¥–æ–±–∞–≤–ª–µ–Ω –≤ –±–¥
2025-12-09 18:06:04 | INFO | market | User updated skins | update_skins function
2025-12-09 18:06:04 | INFO | market | –°–∫–∏–Ω Revolution Case –¥–æ–±–∞–≤–ª–µ–Ω –≤ –±–¥
2025-12-09 18:06:04 | INFO | market | User updated skins | update_skins function
2025-12-09 18:06:04 | INFO | market | –°–∫–∏–Ω Revolution Case –¥–æ–±–∞–≤–ª–µ–Ω –≤ –±–¥
2025-12-09 18:06:04 | INFO | market | User updated skins | update_skins function
2025-12-09 18:06:04 | INFO | market | –°–∫–∏–Ω Revolution Case –¥–æ–±–∞–≤–ª–µ–Ω –≤ –±–¥
2025-12-09 18:06:04 | INFO | market | User updated skins | update_skins function
2025-12-09 18:06:04 | INFO | market | –°–∫–∏–Ω Dreams & Nightmares Case –¥–æ–±–∞–≤–ª–µ–Ω –≤ –±–¥
2025-12-09 18:06:04 | INFO | market | User updated skins | update_skins function
2025-12-09 18:06:04 | INFO | market | –°–∫–∏–Ω Dreams & Nightmares Case –¥–æ–±–∞–≤–ª–µ–Ω –≤ –±–¥
2025-12-09 18:06:04 | INFO | market | User updated skins | update_skins function
2025-12-09 18:06:04 | INFO | market | –°–∫–∏–Ω Dreams & Nightmares Case –¥–æ–±–∞–≤–ª–µ–Ω –≤ –±–¥
2025-12-09 18:06:04 | INFO | market | User updated skins | update_skins function
2025-12-09 18:06:04 | INFO | market | –°–∫–∏–Ω Dreams & Nightmares Case –¥–æ–±–∞–≤–ª–µ–Ω –≤ –±–¥
2025-12-09 18:06:04 | INFO | market | User updated skins | update_skins function
2025-12-09 18:06:04 | INFO | market | –°–∫–∏–Ω Dreams & Nightmares Case –¥–æ–±–∞–≤–ª–µ–Ω –≤ –±–¥
2025-12-09 18:06:04 | INFO | market | User updated skins | update_skins function
2025-12-09 18:06:04 | INFO | market | –°–∫–∏–Ω Dreams & Nightmares Case –¥–æ–±–∞–≤–ª–µ–Ω –≤ –±–¥
2025-12-09 18:06:04 | INFO | market | User updated skins | update_skins function
2025-12-09 18:06:04 | INFO | market | –°–∫–∏–Ω Dual Berettas | Contractor (Field-Tested) –¥–æ–±–∞–≤–ª–µ–Ω –≤ –±–¥
2025-12-09 18:06:04 | INFO | market | User updated skins | update_skins function
2025-12-09 18:06:04 | INFO | market | –°–∫–∏–Ω P250 | Facility Draft (Field-Tested) –¥–æ–±–∞–≤–ª–µ–Ω –≤ –±–¥
2025-12-09 18:06:04 | INFO | market | User updated skins | update_skins function
2025-12-09 18:06:04 | INFO | market | –°–∫–∏–Ω AUG | Commando Company (Minimal Wear) –¥–æ–±–∞–≤–ª–µ–Ω –≤ –±–¥
2025-12-09 18:06:04 | INFO | market | User updated skins | update_skins function
2025-12-09 18:06:04 | INFO | market | –°–∫–∏–Ω MAC-10 | Calf Skin (Well-Worn) –¥–æ–±–∞–≤–ª–µ–Ω –≤ –±–¥
2025-12-09 18:06:04 | INFO | market | User updated skins | update_skins function
2025-12-09 18:06:04 | INFO | market | –°–∫–∏–Ω G3SG1 | Red Jasper (Battle-Scarred) –¥–æ–±–∞–≤–ª–µ–Ω –≤ –±–¥
2025-12-09 18:06:04 | INFO | market | User updated skins | update_skins function
2025-12-09 18:06:04 | INFO | market | –°–∫–∏–Ω G3SG1 | Desert Storm (Well-Worn) –¥–æ–±–∞–≤–ª–µ–Ω –≤ –±–¥
2025-12-09 18:06:04 | INFO | market | User updated skins | update_skins function
2025-12-09 18:06:04 | INFO | market | –°–∫–∏–Ω Nova | Marsh Grass (Factory New) –¥–æ–±–∞–≤–ª–µ–Ω –≤ –±–¥
2025-12-09 18:06:04 | INFO | market | User updated skins | update_skins function
2025-12-09 18:06:04 | INFO | market | –°–∫–∏–Ω Tec-9 | Raw Ceramic (Factory New) –¥–æ–±–∞–≤–ª–µ–Ω –≤ –±–¥
2025-12-09 18:06:04 | INFO | market | User updated skins | update_skins function
2025-12-09 18:06:04 | INFO | market | –°–∫–∏–Ω Galil AR | Robin's Egg (Battle-Scarred) –¥–æ–±–∞–≤–ª–µ–Ω –≤ –±–¥
2025-12-09 18:06:04 | INFO | market | User updated skins | update_skins function
2025-12-09 18:06:04 | INFO | market | –°–∫–∏–Ω Tec-9 | Garter-9 (Field-Tested) –¥–æ–±–∞–≤–ª–µ–Ω –≤ –±–¥
2025-12-02025-12-09 18:07:02 | INFO | market | –°–∫–∏–Ω —Å –∞–π–¥–∏ f8556581729 –±—ã–ª —É–¥–∞–ª–µ–Ω —Å –±–∞–∑—ã –¥–∞–Ω–Ω—ã—Ö
2025-12-09 18:07:02 | INFO | market | –£ –ø–æ–ª—å–∑–æ–≤–∞—Ç–µ–ª—è —Å id 4 –Ω–µ –Ω–∞—à–ª–æ—Å—å —Å–∫–∏–Ω–æ–≤ –Ω–∞ —É–¥–∞–ª–µ–Ω–∏–µ
2025-12-09 18:07:02 | INFO | market | –°–∫–∏–Ω —Å –∞–π–¥–∏ f8556522029 –±—ã–ª —É–¥–∞–ª–µ–Ω —Å –±–∞–∑—ã –¥–∞–Ω–Ω—ã—Ö
2025-12-09 18:07:02 | INFO | market | –£ –ø–æ–ª—å–∑–æ–≤–∞—Ç–µ–ª—è —Å id 4 –Ω–µ –Ω–∞—à–ª–æ—Å—å —Å–∫–∏–Ω–æ–≤ –Ω–∞ —É–¥–∞–ª–µ–Ω–∏–µ
2025-12-09 18:07:02 | INFO | market | –°–∫–∏–Ω —Å –∞–π–¥–∏ f47325751961 –±—ã–ª —É–¥–∞–ª–µ–Ω —Å –±–∞–∑—ã –¥–∞–Ω–Ω—ã—Ö
2025-12-09 18:07:02 | INFO | market | –£ –ø–æ–ª—å–∑–æ–≤–∞—Ç–µ–ª—è —Å id 4 –Ω–µ –Ω–∞—à–ª–æ—Å—å —Å–∫–∏–Ω–æ–≤ –Ω–∞ —É–¥–∞–ª–µ–Ω–∏–µ
2025-12-09 18:07:02 | INFO | market | –°–∫–∏–Ω —Å –∞–π–¥–∏ f46695809565 –±—ã–ª —É–¥–∞–ª–µ–Ω —Å –±–∞–∑—ã –¥–∞–Ω–Ω—ã—Ö
2025-12-09 18:07:02 | INFO | market | –£ –ø–æ–ª—å–∑–æ–≤–∞—Ç–µ–ª—è —Å id 4 –Ω–µ –Ω–∞—à–ª–æ—Å—å —Å–∫–∏–Ω–æ–≤ –Ω–∞ —É–¥–∞–ª–µ–Ω–∏–µ
2025-12-09 18:07:02 | INFO | market | –°–∫–∏–Ω —Å –∞–π–¥–∏ f46656860745 –±—ã–ª —É–¥–∞–ª–µ–Ω —Å –±–∞–∑—ã –¥–∞–Ω–Ω—ã—Ö
2025-12-09 18:07:02 | INFO | market | –£ –ø–æ–ª—å–∑–æ–≤–∞—Ç–µ–ª—è —Å id 4 –Ω–µ –Ω–∞—à–ª–æ—Å—å —Å–∫–∏–Ω–æ–≤ –Ω–∞ —É–¥–∞–ª–µ–Ω–∏–µ
2025-12-09 18:07:02 | INFO | market | –°–∫–∏–Ω —Å –∞–π–¥–∏ f37202773013 –±—ã–ª —É–¥–∞–ª–µ–Ω —Å –±–∞–∑—ã –¥–∞–Ω–Ω—ã—Ö
2025-12-09 18:07:02 | INFO | market | –£ –ø–æ–ª—å–∑–æ–≤–∞—Ç–µ–ª—è —Å id 4 –Ω–µ –Ω–∞—à–ª–æ—Å—å —Å–∫–∏–Ω–æ–≤ –Ω–∞ —É–¥–∞–ª–µ–Ω–∏–µ
2025-12-09 18:07:02 | INFO | market | –°–∫–∏–Ω —Å –∞–π–¥–∏ f22841196587 –±—ã–ª —É–¥–∞–ª–µ–Ω —Å –±–∞–∑—ã –¥–∞–Ω–Ω—ã—Ö
2025-12-09 18:07:02 | INFO | market | –£ –ø–æ–ª—å–∑–æ–≤–∞—Ç–µ–ª—è —Å id 4 –Ω–µ –Ω–∞—à–ª–æ—Å—å —Å–∫–∏–Ω–æ–≤ –Ω–∞ —É–¥–∞–ª–µ–Ω–∏–µ
2025-12-09 18:07:02 | INFO | market | –°–∫–∏–Ω —Å –∞–π–¥–∏ f22732804754 –±—ã–ª —É–¥–∞–ª–µ–Ω —Å –±–∞–∑—ã –¥–∞–Ω–Ω—ã—Ö
2025-12-09 18:07:02 | INFO | market | –£ –ø–æ–ª—å–∑–æ–≤–∞—Ç–µ–ª—è —Å id 4 –Ω–µ –Ω–∞—à–ª–æ—Å—å —Å–∫–∏–Ω–æ–≤ –Ω–∞ —É–¥–∞–ª–µ–Ω–∏–µ
2025-12-09 18:07:02 | INFO | market | –°–∫–∏–Ω —Å –∞–π–¥–∏ f22732584232 –±—ã–ª —É–¥–∞–ª–µ–Ω —Å –±–∞–∑—ã –¥–∞–Ω–Ω—ã—Ö
2025-12-09 18:07:02 | INFO | market | –£ –ø–æ–ª—å–∑–æ–≤–∞—Ç–µ–ª—è —Å id 4 –Ω–µ –Ω–∞—à–ª–æ—Å—å —Å–∫–∏–Ω–æ–≤ –Ω–∞ —É–¥–∞–ª–µ–Ω–∏–µ
2025-12-09 18:07:02 | INFO | market | –°–∫–∏–Ω —Å –∞–π–¥–∏ f22732563436 –±—ã–ª —É–¥–∞–ª–µ–Ω —Å –±–∞–∑—ã –¥–∞–Ω–Ω—ã—Ö
2025-12-09 18:07:02 | INFO | market | –£ –ø–æ–ª—å–∑–æ–≤–∞—Ç–µ–ª—è —Å id 4 –Ω–µ –Ω–∞—à–ª–æ—Å—å —Å–∫–∏–Ω–æ–≤ –Ω–∞ —É–¥–∞–ª–µ–Ω–∏–µ
2025-12-09 18:07:02 | INFO | market | –°–∫–∏–Ω —Å –∞–π–¥–∏ f22732541448 –±—ã–ª —É–¥–∞–ª–µ–Ω —Å –±–∞–∑—ã –¥–∞–Ω–Ω—ã—Ö
2025-12-09 18:07:02 | INFO | market | –£ –ø–æ–ª—å–∑–æ–≤–∞—Ç–µ–ª—è —Å id 4 –Ω–µ –Ω–∞—à–ª–æ—Å—å —Å–∫–∏–Ω–æ–≤ –Ω–∞ —É–¥–∞–ª–µ–Ω–∏–µ
2025-12-09 18:07:02 | INFO | market | –°–∫–∏–Ω —Å –∞–π–¥–∏ f22732496666 –±—ã–ª —É–¥–∞–ª–µ–Ω —Å –±–∞–∑—ã –¥–∞–Ω–Ω—ã—Ö
2025-12-09 18:07:02 | INFO | market | –£ –ø–æ–ª—å–∑–æ–≤–∞—Ç–µ–ª—è —Å id 4 –Ω–µ –Ω–∞—à–ª–æ—Å—å —Å–∫–∏–Ω–æ–≤ –Ω–∞ —É–¥–∞–ª–µ–Ω–∏–µ
2025-12-09 18:07:02 | INFO | market | –°–∫–∏–Ω —Å –∞–π–¥–∏ f22732496426 –±—ã–ª —É–¥–∞–ª–µ–Ω —Å –±–∞–∑—ã –¥–∞–Ω–Ω—ã—Ö
2025-12-09 18:07:02 | INFO | market | –£ –ø–æ–ª—å–∑–æ–≤–∞—Ç–µ–ª—è —Å id 4 –Ω–µ –Ω–∞—à–ª–æ—Å—å —Å–∫–∏–Ω–æ–≤ –Ω–∞ —É–¥–∞–ª–µ–Ω–∏–µ
2025-12-09 18:07:02 | INFO | market | –°–∫–∏–Ω —Å –∞–π–¥–∏ f22512707195 –±—ã–ª —É–¥–∞–ª–µ–Ω —Å –±–∞–∑—ã –¥–∞–Ω–Ω—ã—Ö
2025-12-09 18:07:02 | INFO | market | –£ –ø–æ–ª—å–∑–æ–≤–∞—Ç–µ–ª—è —Å id 4 –Ω–µ –Ω–∞—à–ª–æ—Å—å —Å–∫–∏–Ω–æ–≤ –Ω–∞ —É–¥–∞–ª–µ–Ω–∏–µ
2025-12-09 18:07:02 | INFO | market | –°–∫–∏–Ω —Å –∞–π–¥–∏ f8557115099 –±—ã–ª —É–¥–∞–ª–µ–Ω —Å –±–∞–∑—ã –¥–∞–Ω–Ω—ã—Ö
2025-12-09 18:07:02 | INFO | market | –£ –ø–æ–ª—å–∑–æ–≤–∞—Ç–µ–ª—è —Å id 4 –Ω–µ –Ω–∞—à–ª–æ—Å—å —Å–∫–∏–Ω–æ–≤ –Ω–∞ —É–¥–∞–ª–µ–Ω–∏–µ
2025-12-09 18:07:02 | INFO | market | –°–∫–∏–Ω —Å –∞–π–¥–∏ f8557086289 –±—ã–ª —É–¥–∞–ª–µ–Ω —Å –±–∞–∑—ã –¥–∞–Ω–Ω—ã—Ö
2025-12-09 18:07:02 | INFO | market | –£ –ø–æ–ª—å–∑–æ–≤–∞—Ç–µ–ª—è —Å id 4 –Ω–µ –Ω–∞—à–ª–æ—Å—å —Å–∫–∏–Ω–æ–≤ –Ω–∞ —É–¥–∞–ª–µ–Ω–∏–µ
2025-12-09 18:07:02 | INFO | market | –°–∫–∏–Ω —Å –∞–π–¥–∏ f8557082289 –±—ã–ª —É–¥–∞–ª–µ–Ω —Å –±–∞–∑—ã –¥–∞–Ω–Ω—ã—Ö
2025-12-09 18:07:02 | INFO | market | –£ –ø–æ–ª—å–∑–æ–≤–∞—Ç–µ–ª—è —Å id 4 –Ω–µ –Ω–∞—à–ª–æ—Å—å —Å–∫–∏–Ω–æ–≤ –Ω–∞ —É–¥–∞–ª–µ–Ω–∏–µ
2025-12-09 18:07:02 | INFO | market | –°–∫–∏–Ω —Å –∞–π–¥–∏ f8557078049 –±—ã–ª —É–¥–∞–ª–µ–Ω —Å –±–∞–∑—ã –¥–∞–Ω–Ω—ã—Ö
2025-12-09 18:07:02 | INFO | market Job "delete_skins (trigger: interval[0:01:00], next run at: 2025-12-09 18:07:56 MSK)" raised an exception
Traceback (most recent call last):
  File "/usr/lib/python3.13/asyncio/runners.py", line 118, in run
    return self._loop.run_until_complete(task)
           ~~~~~~~~~~~~~~~~~~~~~~~~~~~~~^^^^^^
  File "/usr/lib/python3.13/asyncio/base_events.py", line 725, in run_until_complete
    return future.result()
           ~~~~~~~~~~~~~^^
  File "/home/alex/dev/python/CS_market_sell/src/app_del.py", line 41, in main
    await asyncio.sleep(1)
  File "/usr/lib/python3.13/asyncio/tasks.py", line 718, in sleep
    return await future
           ^^^^^^^^^^^^
asyncio.exceptions.CancelledError

During handling of the above exception, another exception occurred:

Traceback (most recent call last):
  File "/usr/lib/python3.13/asyncio/runners.py", line 195, in run
    return runner.run(main)
           ~~~~~~~~~~^^^^^^
  File "/usr/lib/python3.13/asyncio/runners.py", line 123, in run
    raise KeyboardInterrupt()
KeyboardInterrupt

During handling of the above exception, another exception occurred:

Traceback (most recent call last):
  File "/home/alex/dev/python/CS_market_sell/.venv/lib/python3.13/site-packages/apscheduler/executors/base.py", line 181, in run_coroutine_job
    retval = await job.func(*job.args, **job.kwargs)
             ^^^^^^^^^^^^^^^^^^^^^^^^^^^^^^^^^^^^^^^
  File "/home/alex/dev/python/CS_market_sell/src/service/scheduler/trader.py", line 18, in delete_skins
    list_skins = await market.get_items_for_sale()
                 ^^^^^^^^^^^^^^^^^^^^^^^^^^^^^^^^^
  File "/home/alex/dev/python/CS_market_sell/src/service/market/api/cs_market.py", line 112, in get_items_for_sale
    status, response = await self._make_request(
                       ^^^^^^^^^^^^^^^^^^^^^^^^^
    ...<2 lines>...
    )
    ^
  File "/home/alex/dev/python/CS_market_sell/src/service/market/api/cs_market.py", line 32, in _make_request
    async with session.request(url=url, method=method) as response:
               ~~~~~~~~~~~~~~~^^^^^^^^^^^^^^^^^^^^^^^^
  File "/home/alex/dev/python/CS_market_sell/.venv/lib/python3.13/site-packages/aiohttp/client.py", line 1510, in __aenter__
    self._resp: _RetType = await self._coro
                           ^^^^^^^^^^^^^^^^
  File "/home/alex/dev/python/CS_market_sell/.venv/lib/python3.13/site-packages/aiohttp/client.py", line 779, in _request
    resp = await handler(req)
           ^^^^^^^^^^^^^^^^^^
  File "/home/alex/dev/python/CS_market_sell/.venv/lib/python3.13/site-packages/aiohttp/client.py", line 757, in _connect_and_send_request
    await resp.start(conn)
  File "/home/alex/dev/python/CS_market_sell/.venv/lib/python3.13/site-packages/aiohttp/client_reqrep.py", line 539, in start
    message, payload = await protocol.read()  # type: ignore[union-attr]
                       ^^^^^^^^^^^^^^^^^^^^^
  File "/home/alex/dev/python/CS_market_sell/.venv/lib/python3.13/site-packages/aiohttp/streams.py", line 680, in read
    await self._waiter
asyncio.exceptions.CancelledError
Traceback (most recent call last):
  File "/usr/lib/python3.13/asyncio/runners.py", line 118, in run
    return self._loop.run_until_complete(task)
           ~~~~~~~~~~~~~~~~~~~~~~~~~~~~~^^^^^^
  File "/usr/lib/python3.13/asyncio/base_events.py", line 725, in run_until_complete
    return future.result()
           ~~~~~~~~~~~~~^^
  File "/home/alex/dev/python/CS_market_sell/src/app_del.py", line 41, in main
    await asyncio.sleep(1)
  File "/usr/lib/python3.13/asyncio/tasks.py", line 718, in sleep
    return await future
           ^^^^^^^^^^^^
asyncio.exceptions.CancelledError

During handling of the above exception, another exception occurred:

Traceback (most recent call last):
  File "/home/alex/dev/python/CS_market_sell/src/app_del.py", line 48, in <module>
    asyncio.run(main())
    ~~~~~~~~~~~^^^^^^^^
  File "/usr/lib/python3.13/asyncio/runners.py", line 195, in run
    return runner.run(main)
           ~~~~~~~~~~^^^^^^
  File "/usr/lib/python3.13/asyncio/runners.py", line 123, in run
    raise KeyboardInterrupt()
KeyboardInterrupt
—ã –¥–∞–Ω–Ω—ã—Ö
2025-12-09 18:07:03 | INFO | market | –£ –ø–æ–ª—å–∑–æ–≤–∞—Ç–µ–ª—è —Å id 4 –Ω–µ –Ω–∞—à–ª–æ—Å—å —Å–∫–∏–Ω–æ–≤ –Ω–∞ —É–¥–∞–ª–µ–Ω–∏–µ
2025-12-09 18:07:03 | INFO | market | –°–∫–∏–Ω —Å –∞–π–¥–∏ f8556974329 –±—ã–ª —É–¥–∞–ª–µ–Ω —Å –±–∞–∑—ã –¥–∞–Ω–Ω—ã—Ö
2025-12-09 18:07:03 | INFO | market | –£ –ø–æ–ª—å–∑–æ–≤–∞—Ç–µ–ª—è —Å id 4 –Ω–µ –Ω–∞—à–ª–æ—Å—å —Å–∫–∏–Ω–æ–≤ –Ω–∞ —É–¥–∞–ª–µ–Ω–∏–µ
2025-12-09 18:07:03 | INFO | market | –°–∫–∏–Ω —Å –∞–π–¥–∏ f8556965529 –±—ã–ª —É–¥–∞–ª–µ–Ω —Å –±–∞–∑—ã –¥–∞–Ω–Ω—ã—Ö
2025-12-09 18:07:03 | INFO | market | –£ –ø–æ–ª—å–∑–æ–≤–∞—Ç–µ–ª—è —Å id 4 –Ω–µ –Ω–∞—à–ª–æ—Å—å —Å–∫–∏–Ω–æ–≤ –Ω–∞ —É–¥–∞–ª–µ–Ω–∏–µ
2025-12-09 18:07:03 | INFO | market | –°–∫–∏–Ω —Å –∞–π–¥–∏ f8556962239 –±—ã–ª —É–¥–∞–ª–µ–Ω —Å –±–∞–∑—ã –¥–∞–Ω–Ω—ã—Ö
2025-12-09 18:07:03 | INFO | market | –£ –ø–æ–ª—å–∑–æ–≤–∞—Ç–µ–ª—è —Å id 4 –Ω–µ –Ω–∞—à–ª–æ—Å—å —Å–∫–∏–Ω–æ–≤ –Ω–∞ —É–¥–∞–ª–µ–Ω–∏–µ
2025-12-09 18:07:03 | INFO | market | –°–∫–∏–Ω —Å –∞–π–¥–∏ f8556949489 –±—ã–ª —É–¥–∞–ª–µ–Ω —Å –±–∞–∑—ã –¥–∞–Ω–Ω—ã—Ö
2025-12-09 18:07:03 | INFO | market | –£ –ø–æ–ª—å–∑–æ–≤–∞—Ç–µ–ª—è —Å id 4 –Ω–µ –Ω–∞—à–ª–æ—Å—å —Å–∫–∏–Ω–æ–≤ –Ω–∞ —É–¥–∞–ª–µ–Ω–∏–µ
2025-12-09 18:07:03 | INFO | market | –°–∫–∏–Ω —Å –∞–π–¥–∏ f8556935909 –±—ã–ª —É–¥–∞–ª–µ–Ω —Å –±–∞–∑—ã –¥–∞–Ω–Ω—ã—Ö
2025-12-09 18:07:03 | INFO | market | –£ –ø–æ–ª—å–∑–æ–≤–∞—Ç–µ–ª—è —Å id 4 –Ω–µ –Ω–∞—à–ª–æ—Å—å —Å–∫–∏–Ω–æ–≤ –Ω–∞ —É–¥–∞–ª–µ–Ω–∏–µ
2025-12-09 18:07:03 | INFO | market | –°–∫–∏–Ω —Å –∞–π–¥–∏ f8556928839 –±—ã–ª —É–¥–∞–ª–µ–Ω —Å –±–∞–∑—ã –¥–∞–Ω–Ω—ã—Ö
2025-12-09 18:07:03 | INFO | market | –£ –ø–æ–ª—å–∑–æ–≤–∞—Ç–µ–ª—è —Å id 4 –Ω–µ –Ω–∞—à–ª–æ—Å—å —Å–∫–∏–Ω–æ–≤ –Ω–∞ —É–¥–∞–ª–µ–Ω–∏–µ
2025-12-09 18:07:03 | INFO | market | –°–∫–∏–Ω —Å –∞–π–¥–∏ f8556924199 –±—ã–ª —É–¥–∞–ª–µ–Ω —Å –±–∞–∑—ã –¥–∞–Ω–Ω—ã—Ö
2025-12-09 18:07:03 | INFO | market | –£ –ø–æ–ª—å–∑–æ–≤–∞—Ç–µ–ª—è —Å id 4 –Ω–µ –Ω–∞—à–ª–æ—Å—å —Å–∫–∏–Ω–æ–≤ –Ω–∞ —É–¥–∞–ª–µ–Ω–∏–µ
2025-12-09 18:07:03 | INFO | market | –°–∫–∏–Ω —Å –∞–π–¥–∏ f8556917109 –±—ã–ª —É–¥–∞–ª–µ–Ω —Å –±–∞–∑—ã –¥–∞–Ω–Ω—ã—Ö
2025-12-09 18:07:03 | INFO | market | –£ –ø–æ–ª—å–∑–æ–≤–∞—Ç–µ–ª—è —Å id 4 –Ω–µ –Ω–∞—à–ª–æ—Å—å —Å–∫–∏–Ω–æ–≤ –Ω–∞ —É–¥–∞–ª–µ–Ω–∏–µ
2025-12-09 18:07:03 | INFO | market | –°–∫–∏–Ω —Å –∞–π–¥–∏ f8556913419 –±—ã–ª —É–¥–∞–ª–µ–Ω —Å –±–∞–∑—ã –¥–∞–Ω–Ω—ã—Ö
2025-12-09 18:07:03 | INFO | market | –£ –ø–æ–ª—å–∑–æ–≤–∞—Ç–µ–ª—è —Å id 4 –Ω–µ –Ω–∞—à–ª–æ—Å—å —Å–∫–∏–Ω–æ–≤ –Ω–∞ —É–¥–∞–ª–µ–Ω–∏–µ
2025-12-09 18:07:03 | INFO | market | –°–∫–∏–Ω —Å –∞–π–¥–∏ f8556859689 –±—ã–ª —É–¥–∞–ª–µ–Ω —Å –±–∞–∑—ã –¥–∞–Ω–Ω—ã—Ö
2025-12-09 18:07:03 | INFO | market | –£ –ø–æ–ª—å–∑–æ–≤–∞—Ç–µ–ª—è —Å id 4 –Ω–µ –Ω–∞—à–ª–æ—Å—å —Å–∫–∏–Ω–æ–≤ –Ω–∞ —É–¥–∞–ª–µ–Ω–∏–µ
2025-12-09 18:07:03 | INFO | market | –°–∫–∏–Ω —Å –∞–π–¥–∏ f8556846009 –±—ã–ª —É–¥–∞–ª–µ–Ω —Å –±–∞–∑—ã –¥–∞–Ω–Ω—ã—Ö
2025-12-09 18:07:03 | INFO | market | –£ –ø–æ–ª—å–∑–æ–≤–∞—Ç–µ–ª—è —Å id 4 –Ω–µ –Ω–∞—à–ª–æ—Å—å —Å–∫–∏–Ω–æ–≤ –Ω–∞ —É–¥–∞–ª–µ–Ω–∏–µ
2025-12-09 18:07:03 | INFO | market | –°–∫–∏–Ω —Å –∞–π–¥–∏ f8556841959 –±—ã–ª —É–¥–∞–ª–µ–Ω —Å –±–∞–∑—ã –¥–∞–Ω–Ω—ã—Ö
2025-12-09 18:07:03 | INFO | market | –£ –ø–æ–ª—å–∑–æ–≤–∞—Ç–µ–ª—è —Å id 4 –Ω–µ –Ω–∞—à–ª–æ—Å—å —Å–∫–∏–Ω–æ–≤ –Ω–∞ —É–¥–∞–ª–µ–Ω–∏–µ
2025-12-09 18:07:03 | INFO | market | –°–∫–∏–Ω —Å –∞–π–¥–∏ f8556836799 –±—ã–ª —É–¥–∞–ª–µ–Ω —Å –±–∞–∑—ã –¥–∞–Ω–Ω—ã—Ö
2025-12-09 18:07:03 | INFO | market | –£ –ø–æ–ª—å–∑–æ–≤–∞—Ç–µ–ª—è —Å id 4 –Ω–µ –Ω–∞—à–ª–æ—Å—å —Å–∫–∏–Ω–æ–≤ –Ω–∞ —É–¥–∞–ª–µ–Ω–∏–µ
2025-12-09 18:07:03 | INFO | market | –°–∫–∏–Ω —Å –∞–π–¥–∏ f8556833109 –±—ã–ª —É–¥–∞–ª–µ–Ω —Å –±–∞–∑—ã –¥–∞–Ω–Ω—ã—Ö
2025-12-09 18:07:03 | INFO | market | –£ –ø–æ–ª—å–∑–æ–≤–∞—Ç–µ–ª—è —Å id 4 –Ω–µ –Ω–∞—à–ª–æ—Å—å —Å–∫–∏–Ω–æ–≤ –Ω–∞ —É–¥–∞–ª–µ–Ω–∏–µ
2025-12-09 18:07:03 | INFO | market | –°–∫–∏–Ω —Å –∞–π–¥–∏ f8556828589 –±—ã–ª —É–¥–∞–ª–µ–Ω —Å –±–∞–∑—ã –¥–∞–Ω–Ω—ã—Ö
2025-12-09 18:07:03 | INFO | market | –£ –ø–æ–ª—å–∑–æ–≤–∞—Ç–µ–ª—è —Å id 4 –Ω–µ –Ω–∞—à–ª–æ—Å—å —Å–∫–∏–Ω–æ–≤ –Ω–∞ —É–¥–∞–ª–µ–Ω–∏–µ
2025-12-09 18:07:03 | INFO | market | –°–∫–∏–Ω —Å –∞–π–¥–∏ f8556825929 –±—ã–ª —É–¥–∞–ª–µ–Ω —Å –±–∞–∑—ã –¥–∞–Ω–Ω—ã—Ö
2025-12-09 18:07:03 | INFO | market | –£ –ø–æ–ª—å–∑–æ–≤–∞—Ç–µ–ª—è —Å id 4 –Ω–µ –Ω–∞—à–ª–æ—Å—å —Å–∫–∏–Ω–æ–≤ –Ω–∞ —É–¥–∞–ª–µ–Ω–∏–µ
2025-12-09 18:07:03 | INFO | market | –°–∫–∏–Ω —Å –∞–π–¥–∏ f8556820149 –±—ã–ª —É–¥–∞–ª–µ–Ω —Å –±–∞–∑—ã –¥–∞–Ω–Ω—ã—Ö
2025-12-09 18:07:03 | INFO | market | –£ –ø–æ–ª—å–∑–æ–≤–∞—Ç–µ–ª—è —Å id 4 –Ω–µ –Ω–∞—à–ª–æ—Å—å —Å–∫–∏–Ω–æ–≤ –Ω–∞ —É–¥–∞–ª–µ–Ω–∏–µ
2025-12-09 18:07:03 | INFO | market | –°–∫–∏–Ω —Å –∞–π–¥–∏ f8556804729 –±—ã–ª —É–¥–∞–ª–µ–Ω —Å –±–∞–∑—ã –¥–∞–Ω–Ω—ã—Ö
2025-12-09 18:07:03 | INFO | market | –£ –ø–æ–ª—å–∑–æ–≤–∞—Ç–µ–ª—è —Å id 4 –Ω–µ –Ω–∞—à–ª–æ—Å—å —Å–∫–∏–Ω–æ–≤ –Ω–∞ —É–¥–∞–ª–µ–Ω–∏–µ
2025-12-09 18:07:03 | INFO | market | –°–∫–∏–Ω —Å –∞–π–¥–∏ f8556802209 –±—ã–ª —É–¥–∞–ª–µ–Ω —Å –±–∞–∑—ã –¥–∞–Ω–Ω—ã—Ö
2025-12-09 18:07:03 | INFO | market | –£ –ø–æ–ª—å–∑–æ–≤–∞—Ç–µ–ª—è —Å id 4 –Ω–µ –Ω–∞—à–ª–æ—Å—å —Å–∫–∏–Ω–æ–≤ –Ω–∞ —É–¥–∞–ª–µ–Ω–∏–µ
2025-12-09 18:07:03 | INFO | market | –°–∫–∏–Ω —Å –∞–π–¥–∏ f8556797279 –±—ã–ª —É–¥–∞–ª–µ–Ω —Å –±–∞–∑—ã –¥–∞–Ω–Ω—ã—Ö
2025-12-09 18:07:03 | INFO | market | –£ –ø–æ–ª—å–∑–æ–≤–∞—Ç–µ–ª—è —Å id 4 –Ω–µ –Ω–∞—à–ª–æ—Å—å —Å–∫–∏–Ω–æ–≤ –Ω–∞ —É–¥–∞–ª–µ–Ω–∏–µ
2025-12-09 18:07:03 | INFO | market | –°–∫–∏–Ω —Å –∞–π–¥–∏ f8556787509 –±—ã–ª —É–¥–∞–ª–µ–Ω —Å –±–∞–∑—ã –¥–∞–Ω–Ω—ã—Ö
2025-12-09 18:07:03 | INFO | market | –£ –ø–æ–ª—å–∑–æ–≤–∞—Ç–µ–ª—è —Å id 4 –Ω–µ –Ω–∞—à–ª–æ—Å—å —Å–∫–∏–Ω–æ–≤ –Ω–∞ —É–¥–∞–ª–µ–Ω–∏–µ
2025-12-09 18:07:03 | INFO | market | –°–∫–∏–Ω —Å –∞–π–¥–∏ f8556774999 –±—ã–ª —É–¥–∞–ª–µ–Ω —Å –±–∞–∑—ã –¥–∞–Ω–Ω—ã—Ö
2025-12-09 18:07:03 | INFO | market | –£ –ø–æ–ª—å–∑–æ–≤–∞—Ç–µ–ª—è —Å id 4 –Ω–µ –Ω–∞—à–ª–æ—Å—å —Å–∫–∏–Ω–æ–≤ –Ω–∞ —É–¥–∞–ª–µ–Ω–∏–µ
2025-12-09 18:07:03 | INFO | market | –°–∫–∏–Ω —Å –∞–π–¥–∏ f8556769169 –±—ã–ª —É–¥–∞–ª–µ–Ω —Å –±–∞–∑—ã –¥–∞–Ω–Ω—ã—Ö
2025-12-09 18:07:03 | INFO | market | –£ –ø–æ–ª—å–∑–æ–≤–∞—Ç–µ–ª—è —Å id 4 –Ω–µ –Ω–∞—à–ª–æ—Å—å —Å–∫–∏–Ω–æ–≤ –Ω–∞ —É–¥–∞–ª–µ–Ω–∏–µ
2025-12-09 18:07:03 | INFO | market | –°–∫–∏–Ω —Å –∞–π–¥–∏ f8556754689 –±—ã–ª —É–¥–∞–ª–µ–Ω —Å –±–∞–∑—ã –¥–∞–Ω–Ω—ã—Ö
2025-12-09 18:07:03 | INFO | market | –£ –ø–æ–ª—å–∑–æ–≤–∞—Ç–µ–ª—è —Å id 4 –Ω–µ –Ω–∞—à–ª–æ—Å—å —Å–∫–∏–Ω–æ–≤ –Ω–∞ —É–¥–∞–ª–µ–Ω–∏–µ
2025-12-09 18:07:03 | INFO | market | –°–∫–∏–Ω —Å –∞–π–¥–∏ f8556745209 –±—ã–ª —É–¥–∞–ª–µ–Ω —Å –±–∞–∑—ã –¥–∞–Ω–Ω—ã—Ö
2025-12-09 18:07:03 | INFO | market | –£ –ø–æ–ª—å–∑–æ–≤–∞—Ç–µ–ª—è —Å id 4 –Ω–µ –Ω–∞—à–ª–æ—Å—å —Å–∫–∏–Ω–æ–≤ –Ω–∞ —É–¥–∞–ª–µ–Ω–∏–µ
2025-12-09 18:07:03 | INFO | market | –°–∫–∏–Ω —Å –∞–π–¥–∏ f8556625469 –±—ã–ª —É–¥–∞–ª–µ–Ω —Å –±–∞–∑—ã –¥–∞–Ω–Ω—ã—Ö
2025-12-09 18:07:03 | INFO | market | –£ –ø–æ–ª—å–∑–æ–≤–∞—Ç–µ–ª—è —Å id 4 –Ω–µ –Ω–∞—à–ª–æ—Å—å —Å–∫–∏–Ω–æ–≤ –Ω–∞ —É–¥–∞–ª–µ–Ω–∏–µ
2025-12-09 18:07:03 | INFO | market | –°–∫–∏–Ω —Å –∞–π–¥–∏ f8556617479 –±—ã–ª —É–¥–∞–ª–µ–Ω —Å –±–∞–∑—ã –¥–∞–Ω–Ω—ã—Ö
2025-12-09 18:07:03 | INFO | market | –£ –ø–æ–ª—å–∑–æ–≤–∞—Ç–µ–ª—è —Å id 4 –Ω–µ –Ω–∞—à–ª–æ—Å—å —Å–∫–∏–Ω–æ–≤ –Ω–∞ —É–¥–∞–ª–µ–Ω–∏–µ
2025-12-09 18:07:03 | INFO | market | –°–∫–∏–Ω —Å –∞–π–¥–∏ f8556610869 –±—ã–ª —É–¥–∞–ª–µ–Ω —Å –±–∞–∑—ã –¥–∞–Ω–Ω—ã—Ö
2025-12-09 18:07:03 | INFO | market | –£ –ø–æ–ª—å–∑–æ–≤–∞—Ç–µ–ª—è —Å id 4 –Ω–µ –Ω–∞—à–ª–æ—Å—å —Å–∫–∏–Ω–æ–≤ –Ω–∞ —É–¥–∞–ª–µ–Ω–∏–µ
2025-12-09 18:07:03 | INFO | market | –°–∫–∏–Ω —Å –∞–π–¥–∏ f8556606459 –±—ã–ª —É–¥–∞–ª–µ–Ω —Å –±–∞–∑—ã –¥–∞–Ω–Ω—ã—Ö
2025-12-09 18:07:03 | INFO | market | –£ –ø–æ–ª—å–∑–æ–≤–∞—Ç–µ–ª—è —Å id 4 –Ω–µ –Ω–∞—à–ª–æ—Å—å —Å–∫–∏–Ω–æ–≤ –Ω–∞ —É–¥–∞–ª–µ–Ω–∏–µ
2025-12-09 18:07:03 | INFO | market | –°–∫–∏–Ω —Å –∞–π–¥–∏ f8556602019 –±—ã–ª —É–¥–∞–ª–µ–Ω —Å –±–∞–∑—ã –¥–∞–Ω–Ω—ã—Ö
2025-12-09 18:07:03 | INFO | market | –£ –ø–æ–ª—å–∑–æ–≤–∞—Ç–µ–ª—è —Å id 4 –Ω–µ –Ω–∞—à–ª–æ—Å—å —Å–∫–∏–Ω–æ–≤ –Ω–∞ —É–¥–∞–ª–µ–Ω–∏–µ
2025-12-09 18:07:03 | INFO | market | –°–∫–∏–Ω —Å –∞–π–¥–∏ f8556596989 –±—ã–ª —É–¥–∞–ª–µ–Ω —Å –±–∞–∑—ã –¥–∞–Ω–Ω—ã—Ö
2025-12-09 18:07:03 | INFO | market | –£ –ø–æ–ª—å–∑–æ–≤–∞—Ç–µ–ª—è —Å id 4 –Ω–µ –Ω–∞—à–ª–æ—Å—å —Å–∫–∏–Ω–æ–≤ –Ω–∞ —É–¥–∞–ª–µ–Ω–∏–µ
2025-12-09 18:07:03 | INFO | market | –°–∫–∏–Ω —Å –∞–π–¥–∏ f8556589409 –±—ã–ª —É–¥–∞–ª–µ–Ω —Å –±–∞–∑—ã –¥–∞–Ω–Ω—ã—Ö
2025-12-09 18:07:03 | INFO | market | –£ –ø–æ–ª—å–∑–æ–≤–∞—Ç–µ–ª—è —Å id 4 –Ω–µ –Ω–∞—à–ª–æ—Å—å —Å–∫–∏–Ω–æ–≤ –Ω–∞ —É–¥–∞–ª–µ–Ω–∏–µ
2025-12-09 18:07:03 | INFO | market | –°–∫–∏–Ω —Å –∞–π–¥–∏ f48238862562 –±—ã–ª —É–¥–∞–ª–µ–Ω —Å –±–∞–∑—ã –¥–∞–Ω–Ω—ã—Ö
2025-12-09 18:07:03 | INFO | market | –£ –ø–æ–ª—å–∑–æ–≤–∞—Ç–µ–ª—è —Å id 4 –Ω–µ –Ω–∞—à–ª–æ—Å—å —Å–∫–∏–Ω–æ–≤ –Ω–∞ —É–¥–∞–ª–µ–Ω–∏–µ
2025-12-09 18:07:03 | INFO | market | –°–∫–∏–Ω —Å –∞–π–¥–∏ f47511061395 –±—ã–ª —É–¥–∞–ª–µ–Ω —Å –±–∞–∑—ã –¥–∞–Ω–Ω—ã—Ö
2025-12-09 18:07:03 | INFO | market | –£ –ø–æ–ª—å–∑–æ–≤–∞—Ç–µ–ª—è —Å id 4 –Ω–µ –Ω–∞—à–ª–æ—Å—å —Å–∫–∏–Ω–æ–≤ –Ω–∞ —É–¥–∞–ª–µ–Ω–∏–µ
2025-12-09 18:07:03 | INFO | market | –°–∫–∏–Ω —Å –∞–π–¥–∏ f46695381262 –±—ã–ª —É–¥–∞–ª–µ–Ω —Å –±–∞–∑—ã –¥–∞–Ω–Ω—ã—Ö
2025-12-09 18:07:03 | INFO | market | –£ –ø–æ–ª—å–∑–æ–≤–∞—Ç–µ–ª—è —Å id 4 –Ω–µ –Ω–∞—à–ª–æ—Å—å —Å–∫–∏–Ω–æ–≤ –Ω–∞ —É–¥–∞–ª–µ–Ω–∏–µ
2025-12-09 18:07:03 | INFO | market | User updated skins | update_skins function
2025-12-09 18:07:03 | INFO | market | –°–∫–∏–Ω Sticker | Ninjas in Pyjamas | 2020 RMR –¥–æ–±–∞–≤–ª–µ–Ω –≤ –±–¥
2025-12-09 18:07:03 | INFO | market | User updated skins | update_skins function
2025-12-09 18:07:03 | INFO | market | –°–∫–∏–Ω Sticker | Ninjas in Pyjamas | 2020 RMR –¥–æ–±–∞–≤–ª–µ–Ω –≤ –±–¥
2025-12-09 18:07:03 | INFO | market | User updated skins | update_skins function
2025-12-09 18:07:03 | INFO | market | –°–∫–∏–Ω Sticker | Ninjas in Pyjamas | 2020 RMR –¥–æ–±–∞–≤–ª–µ–Ω –≤ –±–¥
2025-12-09 18:07:03 | INFO | market | User updated skins | update_skins function
2025-12-09 18:07:03 | INFO | market | –°–∫–∏–Ω Sticker | Ninjas in Pyjamas | 2020 RMR –¥–æ–±–∞–≤–ª–µ–Ω –≤ –±–¥
2025-12-09 18:07:03 | INFO | market | User updated skins | update_skins function
2025-12-09 18:07:03 | INFO | market | –°–∫–∏–Ω Sticker | Astralis (Holo) | 2020 RMR –¥–æ–±–∞–≤–ª–µ–Ω –≤ –±–¥
2025-12-09 18:07:03 | INFO | market | User updated skins | update_skins function
2025-12-09 18:07:03 | INFO | market | –°–∫–∏–Ω Sticker | Astralis | 2020 RMR –¥–æ–±–∞–≤–ª–µ–Ω –≤ –±–¥
2025-12-09 18:07:03 | INFO | market | User updated skins | update_skins function
2025-12-09 18:07:03 | INFO | market | –°–∫–∏–Ω Sticker | Astralis | 2020 RMR –¥–æ–±–∞–≤–ª–µ–Ω –≤ –±–¥
2025-12-09 18:07:03 | INFO | market | User updated skins | update_skins function
2025-12-09 18:07:03 | INFO | market | –°–∫–∏–Ω Sticker | Astralis | 2020 RMR –¥–æ–±–∞–≤–ª–µ–Ω –≤ –±–¥
2025-12-09 18:07:03 | INFO | market | User updated skins | update_skins function
2025-12-09 18:07:03 | INFO | market | –°–∫–∏–Ω Sticker | Heroic (Holo) | 2020 RMR –¥–æ–±–∞–≤–ª–µ–Ω –≤ –±–¥
2025-12-09 18:07:03 | INFO | market | User updated skins | update_skins function
2025-12-09 18:07:03 | INFO | market | –°–∫–∏–Ω FAMAS | Neural Net (Field-Tested) –¥–æ–±–∞–≤–ª–µ–Ω –≤ –±–¥
2025-12-09 18:07:03 | INFO | market | User updated skins | update_skins function
2025-12-09 18:07:03 | INFO | market | –°–∫–∏–Ω MAC-10 | Calf Skin (Field-Tested) –¥–æ–±–∞–≤–ª–µ–Ω –≤ –±–¥
2025-12-09 18:07:03 | INFO | market | User updated skins | update_skins function
2025-12-09 18:07:03 | INFO | market | –°–∫–∏–Ω Sealed Graffiti | Speechless (Monarch Blue) –¥–æ–±–∞–≤–ª–µ–Ω –≤ –±–¥
2025-12-09 18:07:03 | INFO | market | User updated skins | update_skins function
2025-12-09 18:07:03 | INFO | market | –°–∫–∏–Ω Sealed Graffiti | Popdog (Bazooka Pink) –¥–æ–±–∞–≤–ª–µ–Ω –≤ –±–¥
2025-12-09 18:07:03 | INFO | market | User updated skins | update_skins function
2025-12-09 18:07:03 | INFO | market | –°–∫–∏–Ω Sealed Graffiti | Eye Spy (SWAT Blue) –¥–æ–±–∞–≤–ª–µ–Ω –≤ –±–¥
2025-12-09 18:07:03 | INFO | market | User updated skins | update_skins function
2025-12-09 18:07:03 | INFO | market | –°–∫–∏–Ω Sticker | Aztec –¥–æ–±–∞–≤–ª–µ–Ω –≤ –±–¥
2025-12-09 18:07:03 | INFO | market | User updated skins | update_skins function
2025-12-09 18:07:03 | INFO | market | –°–∫–∏–Ω SG 553 | Army Sheen (Field-Tested) –¥–æ–±–∞–≤–ª–µ–Ω –≤ –±–¥
2025-12-09 18:07:03 | INFO | market | User updated skins | update_skins function
2025-12-09 18:07:03 | INFO | market | –°–∫–∏–Ω Sticker | Natus Vincere | Copenhagen 2024 –¥–æ–±–∞–≤–ª–µ–Ω –≤ –±–¥
2025-12-09 18:07:03 | INFO | market | User updated skins | update_skins function
2025-12-09 18:07:03 | INFO | market | –°–∫–∏–Ω Paris 2023 Challengers Sticker Capsule –¥–æ–±–∞–≤–ª–µ–Ω –≤ –±–¥
2025-12-09 18:07:03 | INFO | market | User updated skins | update_skins function
2025-12-09 18:07:03 | INFO | market | –°–∫–∏–Ω Five-SeveN | Midnight Paintover (Minimal Wear) –¥–æ–±–∞–≤–ª–µ–Ω –≤ –±–¥
2025-12-09 18:07:03 | INFO | market | User updated skins | update_skins function
2025-12-09 18:07:03 | INFO | market | –°–∫–∏–Ω Paris 2023 Challengers Sticker Capsule –¥–æ–±–∞–≤–ª–µ–Ω –≤ –±–¥
2025-12-09 18:07:03 | INFO | market | User updated skins | update_skins function
2025-12-09 18:07:03 | INFO | market | –°–∫–∏–Ω Paris 2023 Challengers Sticker Capsule –¥–æ–±–∞–≤–ª–µ–Ω –≤ –±–¥
2025-12-09 18:07:03 | INFO | market | User updated skins | update_skins function
2025-12-09 18:07:03 | INFO | market | –°–∫–∏–Ω MAG-7 | Wildwood (Minimal Wear) –¥–æ–±–∞–≤–ª–µ–Ω –≤ –±–¥
2025-12-09 18:07:03 | INFO | market | User updated skins | update_skins function
2025-12-09 18:07:03 | INFO | market | –°–∫–∏–Ω Paris 2023 Challengers Sticker Capsule –¥–æ–±–∞–≤–ª–µ–Ω –≤ –±–¥
2025-12-09 18:07:03 | INFO | market | User updated skins | update_skins function
2025-12-09 18:07:03 | INFO | market | –°–∫–∏–Ω Paris 2023 Challengers Sticker Capsule –¥–æ–±–∞–≤–ª–µ–Ω –≤ –±–¥
2025-12-09 18:07:03 | INFO | market | User updated skins | update_skins function
2025-12-09 18:07:03 | INFO | market | –°–∫–∏–Ω Paris 2023 Challengers Sticker Capsule –¥–æ–±–∞–≤–ª–µ–Ω –≤ –±–¥
2025-12-09 18:07:03 | INFO | market | User updated skins | update_skins function
2025-12-09 18:07:03 | INFO | market | –°–∫–∏–Ω Paris 2023 Challengers Sticker Capsule –¥–æ–±–∞–≤–ª–µ–Ω –≤ –±–¥
2025-12-09 18:07:03 | INFO | market | User updated skins | update_skins function
2025-12-09 18:07:03 | INFO | market | –°–∫–∏–Ω Paris 2023 Challengers Sticker Capsule –¥–æ–±–∞–≤–ª–µ–Ω –≤ –±–¥
2025-12-09 18:07:03 | INFO | market | User updated skins | update_skins function
2025-12-09 18:07:03 | INFO | market | –°–∫–∏–Ω Paris 2023 Challengers Sticker Capsule –¥–æ–±–∞–≤–ª–µ–Ω –≤ –±–¥
2025-12-09 18:07:03 | INFO | market | User updated skins | update_skins function
2025-12-09 18:07:03 | INFO | market | –°–∫–∏–Ω Paris 2023 Challengers Sticker Capsule –¥–æ–±–∞–≤–ª–µ–Ω –≤ –±–¥
2025-12-09 18:07:04 | INFO | market | User updated skins | update_skins function
2025-12-09 18:07:04 | INFO | market | –°–∫–∏–Ω Austin 2025 Champions Autograph Capsule –¥–æ–±–∞–≤–ª–µ–Ω –≤ –±–¥
2025-12-09 18:07:04 | INFO | market | User updated skins | update_skins function
2025-12-09 18:07:04 | INFO | market | –°–∫–∏–Ω Nova | Mandrel (Minimal Wear) –¥–æ–±–∞–≤–ª–µ–Ω –≤ –±–¥
2025-12-09 18:07:04 | INFO | market | User updated skins | update_skins function
2025-12-09 18:07:04 | INFO | market | –°–∫–∏–Ω Glock-18 | Shinobu (Battle-Scarred) –¥–æ–±–∞–≤–ª–µ–Ω –≤ –±–¥
2025-12-09 18:07:04 | INFO | market | User updated skins | update_skins function
2025-12-09 18:07:04 | INFO | market | –°–∫–∏–Ω Galil AR | Control (Field-Tested) –¥–æ–±–∞–≤–ª–µ–Ω –≤ –±–¥
2025-12-09 18:07:04 | INFO | market | User updated skins | update_skins function
2025-12-09 18:07:04 | INFO | market | –°–∫–∏–Ω USP-S | Jawbreaker (Well-Worn) –¥–æ–±–∞–≤–ª–µ–Ω –≤ –±–¥
2025-12-09 18:07:04 | INFO | market | User updated skins | update_skins function
2025-12-09 18:07:04 | INFO | market | –°–∫–∏–Ω Sticker | G2 Esports | Austin 2025 –¥–æ–±–∞–≤–ª–µ–Ω –≤ –±–¥
2025-12-09 18:07:04 | INFO | market | User updated skins | update_skins function
2025-12-09 18:07:04 | INFO | market | –°–∫–∏–Ω Sticker | ZywOo | Austin 2025 –¥–æ–±–∞–≤–ª–µ–Ω –≤ –±–¥
2025-12-09 18:07:04 | INFO | market | User updated skins | update_skins function
2025-12-09 18:07:04 | INFO | market | –°–∫–∏–Ω Sticker | Aurora (Foil) | Austin 2025 –¥–æ–±–∞–≤–ª–µ–Ω –≤ –±–¥
2025-12-09 18:07:04 | INFO | market | User updated skins | update_skins function
2025-12-09 18:07:04 | INFO | market | –°–∫–∏–Ω Sticker | Team Liquid (Foil) | Austin 2025 –¥–æ–±–∞–≤–ª–µ–Ω –≤ –±–¥
2025-12-09 18:07:04 | INFO | market | User updated skins | update_skins function
2025-12-09 18:07:04 | INFO | market | –°–∫–∏–Ω Sticker | Vitality (Foil) | Austin 2025 –¥–æ–±–∞–≤–ª–µ–Ω –≤ –±–¥
2025-12-09 18:07:04 | INFO | market | User updated skins | update_skins function
2025-12-09 18:07:04 | INFO | market | –°–∫–∏–Ω Sticker | Vitality | Austin 2025 –¥–æ–±–∞–≤–ª–µ–Ω –≤ –±–¥
2025-12-09 18:07:04 | INFO | market | User updated skins | update_skins function
2025-12-09 18:07:04 | INFO | market | –°–∫–∏–Ω Sticker | The Mongolz (Foil) | Austin 2025 –¥–æ–±–∞–≤–ª–µ–Ω –≤ –±–¥
2025-12-09 18:07:04 | INFO | market | User updated skins | update_skins function
2025-12-09 18:07:04 | INFO | market | –°–∫–∏–Ω Sticker | BLAST.tv | Austin 2025 –¥–æ–±–∞–≤–ª–µ–Ω –≤ –±–¥
2025-12-09 18:07:04 | INFO | market | User updated skins | update_skins function
2025-12-09 18:07:04 | INFO | market | –°–∫–∏–Ω Sticker | Team Spirit (Foil) | Austin 2025 –¥–æ–±–∞–≤–ª–µ–Ω –≤ –±–¥
2025-12-09 18:07:04 | INFO | market | User updated skins | update_skins function
2025-12-09 18:07:04 | INFO | market | –°–∫–∏–Ω Sticker | MOUZ | Austin 2025 –¥–æ–±–∞–≤–ª–µ–Ω –≤ –±–¥
2025-12-09 18:07:04 | INFO | market | User updated skins | update_skins function
2025-12-09 18:07:04 | INFO | market | –°–∫–∏–Ω Sticker | BLAST.tv | Austin 2025 –¥–æ–±–∞–≤–ª–µ–Ω –≤ –±–¥
2025-12-09 18:07:04 | INFO | market | User updated skins | update_skins function
2025-12-09 18:07:04 | INFO | market | –°–∫–∏–Ω Sticker | Vitality | Austin 2025 –¥–æ–±–∞–≤–ª–µ–Ω –≤ –±–¥
2025-12-09 18:07:04 | INFO | market | User updated skins | update_skins function
2025-12-09 18:07:04 | INFO | market | –°–∫–∏–Ω Sticker | Team Spirit | Austin 2025 –¥–æ–±–∞–≤–ª–µ–Ω –≤ –±–¥
2025-12-09 18:07:04 | INFO | market | User updated skins | update_skins function
2025-12-09 18:07:04 | INFO | market | –°–∫–∏–Ω Sticker | Vitality | Austin 2025 –¥–æ–±–∞–≤–ª–µ–Ω –≤ –±–¥
2025-12-09 18:07:04 | INFO | market | User updated skins | update_skins function
2025-12-09 18:07:04 | INFO | market | –°–∫–∏–Ω Sticker | Team Liquid | Austin 2025 –¥–æ–±–∞–≤–ª–µ–Ω –≤ –±–¥
2025-12-09 18:07:04 | INFO | market | User updated skins | update_skins function
2025-12-09 18:07:04 | INFO | market | –°–∫–∏–Ω Sticker | G2 Esports | Austin 2025 –¥–æ–±–∞–≤–ª–µ–Ω –≤ –±–¥
2025-12-09 18:07:04 | INFO | market | User updated skins | update_skins function
2025-12-09 18:07:04 | INFO | market | –°–∫–∏–Ω Sticker | MOUZ | Austin 2025 –¥–æ–±–∞–≤–ª–µ–Ω –≤ –±–¥
2025-12-09 18:07:04 | INFO | market | User updated skins | update_skins function
2025-12-09 18:07:04 | INFO | market | –°–∫–∏–Ω Sticker | Team Spirit | Austin 2025 –¥–æ–±–∞–≤–ª–µ–Ω –≤ –±–¥
2025-12-09 18:07:04 | INFO | market | User updated skins | update_skins function
2025-12-09 18:07:04 | INFO | market | –°–∫–∏–Ω Sticker | Natus Vincere | Austin 2025 –¥–æ–±–∞–≤–ª–µ–Ω –≤ –±–¥
2025-12-09 18:07:04 | INFO | market | User updated skins | update_skins function
2025-12-09 18:07:04 | INFO | market | –°–∫–∏–Ω Sticker | BLAST.tv | Austin 2025 –¥–æ–±–∞–≤–ª–µ–Ω –≤ –±–¥
2025-12-09 18:07:04 | INFO | market | User updated skins | update_skins function
2025-12-09 18:07:04 | INFO | market | –°–∫–∏–Ω Sticker | The Mongolz | Austin 2025 –¥–æ–±–∞–≤–ª–µ–Ω –≤ –±–¥
2025-12-09 18:07:04 | INFO | market | User updated skins | update_skins function
2025-12-09 18:07:04 | INFO | market | –°–∫–∏–Ω Sticker | MOUZ | Austin 2025 –¥–æ–±–∞–≤–ª–µ–Ω –≤ –±–¥
2025-12-09 18:07:04 | INFO | market | User updated skins | update_skins function
2025-12-09 18:07:04 | INFO | market | –°–∫–∏–Ω Sticker | BLAST.tv | Austin 2025 –¥–æ–±–∞–≤–ª–µ–Ω –≤ –±–¥
2025-12-09 18:07:04 | INFO | market | User updated skins | update_skins function
2025-12-09 18:07:04 | INFO | market | –°–∫–∏–Ω Sticker | MOUZ (Foil) | Austin 2025 –¥–æ–±–∞–≤–ª–µ–Ω –≤ –±–¥
2025-12-09 18:07:04 | INFO | market | User updated skins | update_skins function
2025-12-09 18:07:04 | INFO | market | –°–∫–∏–Ω Sticker | Bad News Eagles | Paris 2023 –¥–æ–±–∞–≤–ª–µ–Ω –≤ –±–¥
2025-12-09 18:07:04 | INFO | market | User updated skins | update_skins function
2025-12-09 18:07:04 | INFO | market | –°–∫–∏–Ω MP7 | Army Recon (Field-Tested) –¥–æ–±–∞–≤–ª–µ–Ω –≤ –±–¥
2025-12-09 18:07:04 | INFO | market | User updated skins | update_skins function
2025-12-09 18:07:04 | INFO | market | –°–∫–∏–Ω MAG-7 | Copper Oxide (Field-Tested) –¥–æ–±–∞–≤–ª–µ–Ω –≤ –±–¥
2025-12-09 18:07:04 | INFO | market | User updated skins | update_skins function
2025-12-09 18:07:04 | INFO | market | –°–∫–∏–Ω StatTrak‚Ñ¢ SSG 08 | Fever Dream (Field-Tested) –¥–æ–±–∞–≤–ª–µ–Ω –≤ –±–¥
2025-12-09 18:07:04 | INFO | market | User updated skins | update_skins function
2025-12-09 18:07:04 | INFO | market | –°–∫–∏–Ω AWP | Atheris (Well-Worn) –¥–æ–±–∞–≤–ª–µ–Ω –≤ –±–¥
2025-12-09 18:07:04 | INFO | market | User updated skins | update_skins function
2025-12-09 18:07:04 | INFO | market | –°–∫–∏–Ω Five-SeveN | Midnight Paintover (Field-Tested) –¥–æ–±–∞–≤–ª–µ–Ω –≤ –±–¥
2025-12-09 18:07:04 | INFO | market | User updated skins | update_skins function
2025-12-09 18:07:04 | INFO | market | –°–∫–∏–Ω P250 | Small Game (Field-Tested) –¥–æ–±–∞–≤–ª–µ–Ω –≤ –±–¥
2025-12-09 18:07:04 | INFO | market | User updated skins | update_skins function
2025-12-09 18:07:04 | INFO | market | –°–∫–∏–Ω Desert Eagle | Tilted (Field-Tested) –¥–æ–±–∞–≤–ª–µ–Ω –≤ –±–¥
2025-12-09 18:07:04 | INFO | market | User updated skins | update_skins function
2025-12-09 18:07:04 | INFO | market | –°–∫–∏–Ω ‚òÖ Hydra Gloves | Rattler (Well-Worn) –¥–æ–±–∞–≤–ª–µ–Ω –≤ –±–¥
2025-12-09 18:07:04 | INFO | market | User updated skins | update_skins function
2025-12-09 18:07:04 | INFO | market | –°–∫–∏–Ω StatTrak‚Ñ¢ P250 | Bullfrog (Well-Worn) –¥–æ–±–∞–≤–ª–µ–Ω –≤ –±–¥
2025-12-09 18:07:04 | INFO | market | User updated skins | update_skins function
2025-12-09 18:07:04 | INFO | market | –°–∫–∏–Ω ‚òÖ Bayonet | Rust Coat (Battle-Scarred) –¥–æ–±–∞–≤–ª–µ–Ω –≤ –±–¥
2025-12-09 18:07:04 | INFO | market | User updated skins | update_skins function
2025-12-09 18:07:04 | INFO | market | –°–∫–∏–Ω MP5-SD | Neon Squeezer (Battle-Scarred) –¥–æ–±–∞–≤–ª–µ–Ω –≤ –±–¥
2025-12-09 18:07:04 | INFO | market | User updated skins | update_skins function
2025-12-09 18:07:04 | INFO | market | –°–∫–∏–Ω MAC-10 | Pipsqueak (Battle-Scarred) –¥–æ–±–∞–≤–ª–µ–Ω –≤ –±–¥
2025-12-09 18:07:04 | INFO | market | User updated skins | update_skins function
2025-12-09 18:07:04 | INFO | market | –°–∫–∏–Ω Negev | Wall Bang (Well-Worn) –¥–æ–±–∞–≤–ª–µ–Ω –≤ –±–¥
2025-12-09 18:07:04 | INFO | market | User updated skins | update_skins function
2025-12-09 18:07:04 | INFO | market | –°–∫–∏–Ω Galil AR | Metallic Squeezer (Well-Worn) –¥–æ–±–∞–≤–ª–µ–Ω –≤ –±–¥
2025-12-09 18:07:04 | INFO | market | User updated skins | update_skins function
2025-12-09 18:07:04 | INFO | market | –°–∫–∏–Ω MAG-7 | Wildwood (Minimal Wear) –¥–æ–±–∞–≤–ª–µ–Ω –≤ –±–¥
2025-12-09 18:07:04 | INFO | market | User updated skins | update_skins function
2025-12-09 18:07:04 | INFO | market | –°–∫–∏–Ω UMP-45 | Mudder (Field-Tested) –¥–æ–±–∞–≤–ª–µ–Ω –≤ –±–¥
2025-12-09 18:07:04 | INFO | market | User updated skins | update_skins function
2025-12-09 18:07:04 | INFO | market | –°–∫–∏–Ω AK-47 | Point Disarray (Field-Tested) –¥–æ–±–∞–≤–ª–µ–Ω –≤ –±–¥
2025-12-09 18:07:04 | INFO | market | User updated skins | update_skins function
2025-12-09 18:07:04 | INFO | market | –°–∫–∏–Ω Music Kit | TWERL and Ekko & Sidetrack, Under Bright Lights –¥–æ–±–∞–≤–ª–µ–Ω –≤ –±–¥
2025-12-09 18:07:04 | INFO | market | User updated skins | update_skins function
2025-12-09 18:07:04 | INFO | market | –°–∫–∏–Ω StatTrak‚Ñ¢ M4A1-S | Emphorosaur-S (Field-Tested) –¥–æ–±–∞–≤–ª–µ–Ω –≤ –±–¥
2025-12-09 18:07:04 | INFO | market | User updated skins | update_skins function
2025-12-09 18:07:04 | INFO | market | –°–∫–∏–Ω Tec-9 | Army Mesh (Minimal Wear) –¥–æ–±–∞–≤–ª–µ–Ω –≤ –±–¥
2025-12-09 18:07:04 | INFO | market | User updated skins | update_skins function
2025-12-09 18:07:04 | INFO | market | –°–∫–∏–Ω Zeus x27 | Swamp DDPAT (Field-Tested) –¥–æ–±–∞–≤–ª–µ–Ω –≤ –±–¥
2025-12-09 18:07:04 | INFO | market | User updated skins | update_skins function
2025-12-09 18:07:04 | INFO | market | –°–∫–∏–Ω MP5-SD | Focus (Field-Tested) –¥–æ–±–∞–≤–ª–µ–Ω –≤ –±–¥
2025-12-09 18:07:04 | INFO | market | User updated skins | update_skins function
2025-12-09 18:07:04 | INFO | market | –°–∫–∏–Ω StatTrak‚Ñ¢ SCAR-20 | Caged (Factory New) –¥–æ–±–∞–≤–ª–µ–Ω –≤ –±–¥
2025-12-09 18:07:04 | INFO | market | User updated skins | update_skins function
2025-12-09 18:07:04 | INFO | market | –°–∫–∏–Ω AUG | Trigger Discipline (Battle-Scarred) –¥–æ–±–∞–≤–ª–µ–Ω –≤ –±–¥
2025-12-09 18:07:04 | INFO | market | User updated skins | update_skins function
2025-12-09 18:07:04 | INFO | market | –°–∫–∏–Ω Nova | Ocular (Well-Worn) –¥–æ–±–∞–≤–ª–µ–Ω –≤ –±–¥
2025-12-09 18:07:04 | INFO | market | User updated skins | update_skins function
2025-12-09 18:07:04 | INFO | market | –°–∫–∏–Ω P250 | Bullfrog (Minimal Wear) –¥–æ–±–∞–≤–ª–µ–Ω –≤ –±–¥
2025-12-09 18:07:04 | INFO | market | User updated skins | update_skins function
2025-12-09 18:07:04 | INFO | market | –°–∫–∏–Ω M4A1-S | Solitude (Minimal Wear) –¥–æ–±–∞–≤–ª–µ–Ω –≤ –±–¥
2025-12-09 18:07:04 | INFO | market | User updated skins | update_skins function
2025-12-09 18:07:04 | INFO | market | –°–∫–∏–Ω Recoil Case –¥–æ–±–∞–≤–ª–µ–Ω –≤ –±–¥
2025-12-09 18:07:04 | INFO | market | User updated skins | update_skins function
2025-12-09 18:07:04 | INFO | market | –°–∫–∏–Ω MP9 | Buff Blue (Field-Tested) –¥–æ–±–∞–≤–ª–µ–Ω –≤ –±–¥
2025-12-09 18:07:04 | INFO | market | User updated skins | update_skins function
2025-12-09 18:07:04 | INFO | market | –°–∫–∏–Ω Desert Eagle | Tilted (Minimal Wear) –¥–æ–±–∞–≤–ª–µ–Ω –≤ –±–¥
Traceback (most recent call last):
  File "/usr/lib/python3.13/asyncio/runners.py", line 118, in run
    return self._loop.run_until_complete(task)
           ~~~~~~~~~~~~~~~~~~~~~~~~~~~~~^^^^^^
  File "/usr/lib/python3.13/asyncio/base_events.py", line 725, in run_until_complete
    return future.result()
           ~~~~~~~~~~~~~^^
  File "/home/alex/dev/python/CS_market_sell/src/app_del.py", line 41, in main
    await asyncio.sleep(1)
  File "/usr/lib/python3.13/asyncio/tasks.py", line 718, in sleep
    return await future
           ^^^^^^^^^^^^
asyncio.exceptions.CancelledError

During handling of the above exception, another exception occurred:

Traceback (most recent call last):
  File "/home/alex/dev/python/CS_market_sell/src/app_del.py", line 48, in <module>
    asyncio.run(main())
    ~~~~~~~~~~~^^^^^^^^
  File "/usr/lib/python3.13/asyncio/runners.py", line 195, in run
    return runner.run(main)
           ~~~~~~~~~~^^^^^^
  File "/usr/lib/python3.13/asyncio/runners.py", line 123, in run
    raise KeyboardInterrupt()
KeyboardInterrupt
