APScheduler –∑–∞–ø—É—â–µ–Ω –∏ –≥–æ—Ç–æ–≤ –∫ —Ä–∞–±–æ—Ç–µ.
Traceback (most recent call last):
  File "/usr/lib/python3.13/asyncio/runners.py", line 118, in run
    return self._loop.run_until_complete(task)
           ~~~~~~~~~~~~~~~~~~~~~~~~~~~~~^^^^^^
  File "/usr/lib/python3.13/asyncio/base_events.py", line 725, in run_until_complete
    return future.result()
           ~~~~~~~~~~~~~^^
  File "/home/alex/dev/python/CS_market_sell/src/app_del.py", line 41, in main
    await asyncio.sleep(1)
  File "/usr/lib/python3.13/asyncio/tasks.py", line 718, in sleep
    return await future
           ^^^^^^^^^^^^
asyncio.exceptions.CancelledError

During handling of the above ex  File "/usr/lib/python3.13/asyncio/runners.py", line 118, in run
    ret  File "/home/alex/dev/python/CS_market_sell/src/app_del.py", line 48, in <module>
    asyncio.run(main())
    ~~~~~~~~~~~^^^^^^^^
  File "/usr/lib/python3.13/asyncio/runners.py", line 195, in run
    return runner.run(main)
           ~~~~~~~~~~^^^^^^
  File "/usr/lib/python3.13/asyncio/runners.py", line 123, in run
    raise KeyboardInterrupt()
KeyboardInterrupt
/tasks.py", line 718, in sleep
    return await future
           ^^^^^^^^^^^^
asyncio.exceptions.CancelledError

During handling of the above exception, another exception occurred:

Traceback (most recent call last):
  File "/home/alex/dev/python/CS_market_sell/src/app_del.py", line 48, in <module>
    asyncio.run(main())
    ~~~~~~~~~~~^^^^^^^^
  File "/usr/lib/python3.13/asyncio/runners.py", line 195, in run
    return runner.run(main)
           ~~~~~~~~~~^^^^^^
  File "/usr/lib/python3.13/asyncio/runners.py", line 123, in run
    raise KeyboardInterrupt()
KeyboardInterrupt
Ç–µ–ª—è —Å id 4 –Ω–µ –Ω–∞—à–ª–æ—Å—å —Å–∫–∏–Ω–æ–≤ –Ω–∞ —É–¥–∞–ª–µ–Ω–∏–µ
2025-12-09 18:11:37 | INFO | market | –°–∫–∏–Ω —Å –∞–π–¥–∏ f47442998903 –±—ã–ª —É–¥–∞–ª–µ–Ω —Å –±–∞–∑—ã –¥–∞–Ω–Ω—ã—Ö
2025-12-09 18:11:37 | INFO | market | –£ –ø–æ–ª—å–∑–æ–≤–∞—Ç–µ–ª—è —Å id 4 –Ω–µ –Ω–∞—à–ª–æ—Å—å —Å–∫–∏–Ω–æ–≤ –Ω–∞ —É–¥–∞–ª–µ–Ω–∏–µ
2025-12-09 18:11:37 | INFO | market | –°–∫–∏–Ω —Å –∞–π–¥–∏ f47442077322 –±—ã–ª —É–¥–∞–ª–µ–Ω —Å –±–∞–∑—ã –¥–∞–Ω–Ω—ã—Ö
2025-12-09 18:11:37 | INFO | market | –£ –ø–æ–ª—å–∑–æ–≤–∞—Ç–µ–ª—è —Å id 4 –Ω–µ –Ω–∞—à–ª–æ—Å—å —Å–∫–∏–Ω–æ–≤ –Ω–∞ —É–¥–∞–ª–µ–Ω–∏–µ
2025-12-09 18:11:37 | INFO | market | –°–∫–∏–Ω —Å –∞–π–¥–∏ f47418923985 –±—ã–ª —É–¥–∞–ª–µ–Ω —Å –±–∞–∑—ã –¥–∞–Ω–Ω—ã—Ö
2025-12-09 18:11:37 | INFO | market | –£ –ø–æ–ª—å–∑–æ–≤–∞—Ç–µ–ª—è —Å id 4 –Ω–µ –Ω–∞—à–ª–æ—Å—å —Å–∫–∏–Ω–æ–≤ –Ω–∞ —É–¥–∞–ª–µ–Ω–∏–µ
2025-12-09 18:11:37 | INFO | market | –°–∫–∏–Ω —Å –∞–π–¥–∏ f47296555642 –±—ã–ª —É–¥–∞–ª–µ–Ω —Å –±–∞–∑—ã –¥–∞–Ω–Ω—ã—Ö
2025-12-09 18:11:37 | INFO | market | –£ –ø–æ–ª—å–∑–æ–≤–∞—Ç–µ–ª—è —Å id 4 –Ω–µ –Ω–∞—à–ª–æ—Å—å —Å–∫–∏–Ω–æ–≤ –Ω–∞ —É–¥–∞–ª–µ–Ω–∏–µ
2025-12-09 18:11:37 | INFO | market | –°–∫–∏–Ω —Å –∞–π–¥–∏ f47111262737 –±—ã–ª —É–¥–∞–ª–µ–Ω —Å –±–∞–∑—ã –¥–∞–Ω–Ω—ã—Ö
2025-12-09 18:11:37 | INFO | market | –£ –ø–æ–ª—å–∑–æ–≤–∞—Ç–µ–ª—è —Å id 4 –Ω–µ –Ω–∞—à–ª–æ—Å—å —Å–∫–∏–Ω–æ–≤ –Ω–∞ —É–¥–∞–ª–µ–Ω–∏–µ
2025-12-09 18:11:37 | INFO | market | –°–∫–∏–Ω —Å –∞–π–¥–∏ f46696338902 –±—ã–ª —É–¥–∞–ª–µ–Ω —Å –±–∞–∑—ã –¥–∞–Ω–Ω—ã—Ö
2025-12-09 18:11:37 | INFO | market | –£ –ø–æ–ª—å–∑–æ–≤–∞—Ç–µ–ª—è —Å id 4 –Ω–µ –Ω–∞—à–ª–æ—Å—å —Å–∫–∏–Ω–æ–≤ –Ω–∞ —É–¥–∞–ª–µ–Ω–∏–µ
2025-12-09 18:11:37 | INFO | market | –°–∫–∏–Ω —Å –∞–π–¥–∏ f46695815929 –±—ã–ª —É–¥–∞–ª–µ–Ω —Å –±–∞–∑—ã –¥–∞–Ω–Ω—ã—Ö
2025-12-09 18:11:37 | INFO | market | –£ –ø–æ–ª—å–∑–æ–≤–∞—Ç–µ–ª—è —Å id 4 –Ω–µ –Ω–∞—à–ª–æ—Å—å —Å–∫–∏–Ω–æ–≤ –Ω–∞ —É–¥–∞–ª–µ–Ω–∏–µ
2025-12-09 18:11:37 | INFO | market | –°–∫–∏–Ω —Å –∞–π–¥–∏ f46695635259 –±—ã–ª —É–¥–∞–ª–µ–Ω —Å –±–∞–∑—ã –¥–∞–Ω–Ω—ã—Ö
2025-12-09 18:11:37 | INFO | market | –£ –ø–æ–ª—å–∑–æ–≤–∞—Ç–µ–ª—è —Å id 4 –Ω–µ –Ω–∞—à–ª–æ—Å—å —Å–∫–∏–Ω–æ–≤ –Ω–∞ —É–¥–∞–ª–µ–Ω–∏–µ
2025-12-09 18:11:37 | INFO | market | –°–∫–∏–Ω —Å –∞–π–¥–∏ f46695618137 –±—ã–ª —É–¥–∞–ª–µ–Ω —Å –±–∞–∑—ã –¥–∞–Ω–Ω—ã—Ö
2025-12-09 18:11:37 | INFO | market | –£ –ø–æ–ª—å–∑–æ–≤–∞—Ç–µ–ª—è —Å id 4 –Ω–µ –Ω–∞—à–ª–æ—Å—å —Å–∫–∏–Ω–æ–≤ –Ω–∞ —É–¥–∞–ª–µ–Ω–∏–µ
2025-12-09 18:11:37 | INFO | market | –°–∫–∏–Ω —Å –∞–π–¥–∏ f46695395537 –±—ã–ª —É–¥–∞–ª–µ–Ω —Å –±–∞–∑—ã –¥–∞–Ω–Ω—ã—Ö
2025-12-09 18:11:37 | INFO | market | –£ –ø–æ–ª—å–∑–æ–≤–∞—Ç–µ–ª—è —Å id 4 –Ω–µ –Ω–∞—à–ª–æ—Å—å —Å–∫–∏–Ω–æ–≤ –Ω–∞ —É–¥–∞–ª–µ–Ω–∏–µ
2025-12-09 18:11:38 | INFO | market | –°–∫–∏–Ω —Å –∞–π–¥–∏ f46695088254 –±—ã–ª —É–¥–∞–ª–µ–Ω —Å –±–∞–∑—ã –¥–∞–Ω–Ω—ã—Ö
2025-12-09 18:11:38 | INFO | market | –£ –ø–æ–ª—å–∑–æ–≤–∞—Ç–µ–ª—è —Å id 4 –Ω–µ –Ω–∞—à–ª–æ—Å—å —Å–∫–∏–Ω–æ–≤ –Ω–∞ —É–¥–∞–ª–µ–Ω–∏–µ
2025-12-09 18:11:38 | INFO | market | –°–∫–∏–Ω —Å –∞–π–¥–∏ f46656742243 –±—ã–ª —É–¥–∞–ª–µ–Ω —Å –±–∞–∑—ã –¥–∞–Ω–Ω—ã—Ö
2025-12-09 18:11:38 | INFO | market | –£ –ø–æ–ª—å–∑–æ–≤–∞—Ç–µ–ª—è —Å id 4 –Ω–µ –Ω–∞—à–ª–æ—Å—å —Å–∫–∏–Ω–æ–≤ –Ω–∞ —É–¥–∞–ª–µ–Ω–∏–µ
2025-12-09 18:11:38 | INFO | market | –°–∫–∏–Ω —Å –∞–π–¥–∏ f37202779007 –±—ã–ª —É–¥–∞–ª–µ–Ω —Å –±–∞–∑—ã –¥–∞–Ω–Ω—ã—Ö
2025-12-09 18:11:38 | INFO | market | –£ –ø–æ–ª—å–∑–æ–≤–∞—Ç–µ–ª—è —Å id 4 –Ω–µ –Ω–∞—à–ª–æ—Å—å —Å–∫–∏–Ω–æ–≤ –Ω–∞ —É–¥–∞–ª–µ–Ω–∏–µ
2025-12-09 18:11:38 | INFO | market | –°–∫–∏–Ω —Å –∞–π–¥–∏ f37202773075 –±—ã–ª —É–¥–∞–ª–µ–Ω —Å –±–∞–∑—ã –¥–∞–Ω–Ω—ã—Ö
2025-12-09 18:11:38 | INFO | market | –£ –ø–æ–ª—å–∑–æ–≤–∞—Ç–µ–ª—è —Å id 4 –Ω–µ –Ω–∞—à–ª–æ—Å—å —Å–∫–∏–Ω–æ–≤ –Ω–∞ —É–¥–∞–ª–µ–Ω–∏–µ
2025-12-09 18:11:38 | INFO | market | –°–∫–∏–Ω —Å –∞–π–¥–∏ f37202773025 –±—ã–ª —É–¥–∞–ª–µ–Ω —Å –±–∞–∑—ã –¥–∞–Ω–Ω—ã—Ö
2025-12-09 18:11:38 | INFO | market | –£ –ø–æ–ª—å–∑–æ–≤–∞—Ç–µ–ª—è —Å id 4 –Ω–µ –Ω–∞—à–ª–æ—Å—å —Å–∫–∏–Ω–æ–≤ –Ω–∞ —É–¥–∞–ª–µ–Ω–∏–µ
2025-12-09 18:11:38 | INFO | market | –°–∫–∏–Ω —Å –∞–π–¥–∏ f37202773009 –±—ã–ª —É–¥–∞–ª–µ–Ω —Å –±–∞–∑—ã –¥–∞–Ω–Ω—ã—Ö
2025-12-09 18:11:38 | INFO | market | –£ –ø–æ–ª—å–∑–æ–≤–∞—Ç–µ–ª—è —Å id 4 –Ω–µ –Ω–∞—à–ª–æ—Å—å —Å–∫–∏–Ω–æ–≤ –Ω–∞ —É–¥–∞–ª–µ–Ω–∏–µ
2025-12-09 18:11:38 | INFO | market | –°–∫–∏–Ω —Å –∞–π–¥–∏ f33983662172 –±—ã–ª —É–¥–∞–ª–µ–Ω —Å –±–∞–∑—ã –¥–∞–Ω–Ω—ã—Ö
2025-12-09 18:11:38 | INFO | market | –£ –ø–æ–ª—å–∑–æ–≤–∞—Ç–µ–ª—è —Å id 4 –Ω–µ –Ω–∞—à–ª–æ—Å—å —Å–∫–∏–Ω–æ–≤ –Ω–∞ —É–¥–∞–ª–µ–Ω–∏–µ
2025-12-09 18:11:38 | INFO | market | –°–∫–∏–Ω —Å –∞–π–¥–∏ f23134076675 –±—ã–ª —É–¥–∞–ª–µ–Ω —Å –±–∞–∑—ã –¥–∞–Ω–Ω—ã—Ö
2025-12-09 18:11:38 | INFO | market | –£ –ø–æ–ª—å–∑–æ–≤–∞—Ç–µ–ª—è —Å id 4 –Ω–µ –Ω–∞—à–ª–æ—Å—å —Å–∫–∏–Ω–æ–≤ –Ω–∞ —É–¥–∞–ª–µ–Ω–∏–µ
2025-12-09 18:11:38 | INFO | market | –°–∫–∏–Ω —Å –∞–π–¥–∏ f22927293499 –±—ã–ª —É–¥–∞–ª–µ–Ω —Å –±–∞–∑—ã –¥–∞–Ω–Ω—ã—Ö
2025-12-09 18:11:38 | INFO | market | –£ –ø–æ–ª—å–∑–æ–≤–∞—Ç–µ–ª—è —Å id 4 –Ω–µ –Ω–∞—à–ª–æ—Å—å —Å–∫–∏–Ω–æ–≤ –Ω–∞ —É–¥–∞–ª–µ–Ω–∏–µ
2025-12-09 18:11:38 | INFO | market | –°–∫–∏–Ω —Å –∞–π–¥–∏ f22841196562 –±—ã–ª —É–¥–∞–ª–µ–Ω —Å –±–∞–∑—ã –¥–∞–Ω–Ω—ã—Ö
2025-12-09 18:11:38 | INFO | market | –£ –ø–æ–ª—å–∑–æ–≤–∞—Ç–µ–ª—è —Å id 4 –Ω–µ –Ω–∞—à–ª–æ—Å—å —Å–∫–∏–Ω–æ–≤ –Ω–∞ —É–¥–∞–ª–µ–Ω–∏–µ
2025-12-09 18:11:38 | INFO | market | –°–∫–∏–Ω —Å –∞–π–¥–∏ f22841196529 –±—ã–ª —É–¥Traceback (most recent call last):
  File "/usr/lib/python3.13/asyncio/runners.py", line 118, in run
    return self._loop.run_until_complete(task)
           ~~~~~~~~~~~~~~~~~~~~~~~~~~~~~^^^^^^
  File "/usr/lib/python3.13/asyncio/base_events.py", line 725, in run_until_complete
    return future.result()
           ~~~~~~~~~~~~~^^
  File "/home/alex/dev/python/CS_market_sell/src/app_del.py", line 41, in main
    await asyncio.sleep(1)
  File "/usr/lib/python3.13/asyncio/tasks.py", line 718, in sleep
    return await future
           ^^^^^^^^^^^^
asyncio.exceptions.CancelledError

During handling of the above exception, another exception occurred:

Traceback (most recent call last):
  File "/home/alex/dev/python/CS_market_sell/src/app_del.py", line 48, in <module>
    asyncio.run(main())
    ~~~~~~~~~~~^^^^^^^^
  File "/usr/lib/python3.13/asyncio/runners.py", line 195, in run
    return runner.run(main)
           ~~~~~~~~~~^^^^^^
  File "/usr/lib/python3.13/asyncio/runners.py", line 123, in run
    raise KeyboardInterrupt()
KeyboardInterrupt
ø–æ–ª—å–∑–æ–≤–∞—Ç–µ–ª—è —Å id 4 –Ω–µ –Ω–∞—à–ª–æ—Å—å —Å–∫–∏–Ω–æ–≤ –Ω–∞ —É–¥–∞–ª–µ–Ω–∏–µ
2025-12-09 18:11:38 | INFO | market | –°–∫–∏–Ω —Å –∞–π–¥–∏ f22732595606 –±—ã–ª —É–¥–∞–ª–µ–Ω —Å –±–∞–∑—ã –¥–∞–Ω–Ω—ã—Ö
2025-12-09 18:11:38 | INFO | market | –£ –ø–æ–ª—å–∑–æ–≤–∞—Ç–µ–ª—è —Å id 4 –Ω–µ –Ω–∞—à–ª–æ—Å—å —Å–∫–∏–Ω–æ–≤ –Ω–∞ —É–¥–∞–ª–µ–Ω–∏–µ
2025-12-09 18:11:38 | INFO | market | –°–∫–∏–Ω —Å –∞–π–¥–∏ f22732586775 –±—ã–ª —É–¥–∞–ª–µ–Ω —Å –±–∞–∑—ã –¥–∞–Ω–Ω—ã—Ö
2025-12-09 18:11:38 | INFO | market | –£ –ø–æ–ª—å–∑–æ–≤–∞—Ç–µ–ª—è —Å id 4 –Ω–µ –Ω–∞—à–ª–æ—Å—å —Å–∫–∏–Ω–æ–≤ –Ω–∞ —É–¥–∞–ª–µ–Ω–∏–µ
2025-12-09 18:11:38 | INFO | market | –°–∫–∏–Ω —Å –∞–π–¥–∏ f22732582725 –±—ã–ª —É–¥–∞–ª–µ–Ω —Å –±–∞–∑—ã –¥–∞–Ω–Ω—ã—Ö
2025-12-09 18:11:38 | INFO | market | –£ –ø–æ–ª—å–∑–æ–≤–∞—Ç–µ–ª—è —Å id 4 –Ω–µ –Ω–∞—à–ª–æ—Å—å —Å–∫–∏–Ω–æ–≤ –Ω–∞ —É–¥–∞–ª–µ–Ω–∏–µ
2025-12-09 18:11:38 | INFO | market | –°–∫–∏–Ω —Å –∞–π–¥–∏ f22732579005 –±—ã–ª —É–¥–∞–ª–µ–Ω —Å –±–∞–∑—ã –¥–∞–Ω–Ω—ã—Ö
2025-12-09 18:11:38 | INFO | market | –£ –ø–æ–ª—å–∑–æ–≤–∞—Ç–µ–ª—è —Å id 4 –Ω–µ –Ω–∞—à–ª–æ—Å—å —Å–∫–∏–Ω–æ–≤ –Ω–∞ —É–¥–∞–ª–µ–Ω–∏–µ
2025-12-09 18:11:38 | INFO | market | –°–∫–∏–Ω —Å –∞–π–¥–∏ f22732573341 –±—ã–ª —É–¥–∞–ª–µ–Ω —Å –±–∞–∑—ã –¥–∞–Ω–Ω—ã—Ö
2025-12-09 18:11:38 | INFO | market | –£ –ø–æ–ª—å–∑–æ–≤–∞—Ç–µ–ª—è —Å id 4 –Ω–µ –Ω–∞—à–ª–æ—Å—å —Å–∫–∏–Ω–æ–≤ –Ω–∞ —É–¥–∞–ª–µ–Ω–∏–µ
2025-12-09 18:11:38 | INFO | market | –°–∫–∏–Ω —Å –∞–π–¥–∏ f22732566631 –±—ã–ª —É–¥–∞–ª–µ–Ω —Å –±–∞–∑—ã –¥–∞–Ω–Ω—ã—Ö
2025-12-09 18:11:38 | INFO | market | –£ –ø–æ–ª—å–∑–æ–≤–∞—Ç–µ–ª—è —Å id 4 –Ω–µ –Ω–∞—à–ª–æ—Å—å —Å–∫–∏–Ω–æ–≤ –Ω–∞ —É–¥–∞–ª–µ–Ω–∏–µ
2025-12-09 18:11:38 | INFO | market | –°–∫–∏–Ω —Å –∞–π–¥–∏ f22732561139 –±—ã–ª —É–¥–∞–ª–µ–Ω —Å –±–∞–∑—ã –¥–∞–Ω–Ω—ã—Ö
2025-12-09 18:11:38 | INFO | market | –£ –ø–æ–ª—å–∑–æ–≤–∞—Ç–µ–ª—è —Å id 4 –Ω–µ –Ω–∞—à–ª–æ—Å—å —Å–∫–∏–Ω–æ–≤ –Ω–∞ —É–¥–∞–ª–µ–Ω–∏–µ
2025-12-09 18:11:38 | INFO | market | –°–∫–∏–Ω —Å –∞–π–¥–∏ f22732553735 –±—ã–ª —É–¥–∞–ª–µ–Ω —Å –±–∞–∑—ã –¥–∞–Ω–Ω—ã—Ö
2025-12-09 18:11:38 | INFO | market | –£ –ø–æ–ª—å–∑–æ–≤–∞—Ç–µ–ª—è —Å id 4 –Ω–µ –Ω–∞—à–ª–æ—Å—å —Å–∫–∏–Ω–æ–≤ –Ω–∞ —É–¥–∞–ª–µ–Ω–∏–µ
2025-12-09 18:11:38 | INFO | market | –°–∫–∏–Ω —Å –∞–π–¥–∏ f22732547712 –±—ã–ª —É–¥–∞–ª–µ–Ω —Å –±–∞–∑—ã –¥–∞–Ω–Ω—ã—Ö
2025-12-09 18:11:38 | INFO | market | –£ –ø–æ–ª—å–∑–æ–≤–∞—Ç–µ–ª—è —Å id 4 –Ω–µ –Ω–∞—à–ª–æ—Å—å —Å–∫–∏–Ω–æ–≤ –Ω–∞ —É–¥–∞–ª–µ–Ω–∏–µ
2025-12-09 18:11:38 | INFO | market | –°–∫–∏–Ω —Å –∞–π–¥–∏ f22732544287 –±—ã–ª —É–¥–∞–ª–µ–Ω —Å –±–∞–∑—ã –¥–∞–Ω–Ω—ã—Ö
2025-12-09 18:11:38 | INFO | market | –£ –ø–æ–ª—å–∑–æ–≤–∞—Ç–µ–ª—è —Å id 4 –Ω–µ –Ω–∞—à–ª–æ—Å—å —Å–∫–∏–Ω–æ–≤ –Ω–∞ —É–¥–∞–ª–µ–Ω–∏–µ
2025-12-09 18:11:38 | INFO | market | –°–∫–∏–Ω —Å –∞–π–¥–∏ f22732537870 –±—ã–ª —É–¥–∞–ª–µ–Ω —Å –±–∞–∑—ã –¥–∞–Ω–Ω—ã—Ö
2025-12-09 18:11:38 | INFO | market | –£ –ø–æ–ª—å–∑–æ–≤–∞—Ç–µ–ª—è —Å id 4 –Ω–µ –Ω–∞—à–ª–æ—Å—å —Å–∫–∏–Ω–æ–≤ –Ω–∞ —É–¥–∞–ª–µ–Ω–∏–µ
2025-12-09 18:11:38 | INFO | market | –°–∫–∏–Ω —Å –∞–π–¥–∏ f22732533705 –±—ã–ª —É–¥–∞–ª–µ–Ω —Å –±–∞–∑—ã –¥–∞–Ω–Ω—ã—Ö
2025-12-09 18:11:38 | INFO | market | –£ –ø–æ–ª—å–∑–æ–≤–∞—Ç–µ–ª—è —Å id 4 –Ω–µ –Ω–∞—à–ª–æ—Å—å —Å–∫–∏–Ω–æ–≤ –Ω–∞ —É–¥–∞–ª–µ–Ω–∏–µ
2025-12-09 18:11:38 | INFO | market | –°–∫–∏–Ω —Å –∞–π–¥–∏ f22732526877 –±—ã–ª —É–¥–∞–ª–µ–Ω —Å –±–∞–∑—ã –¥–∞–Ω–Ω—ã—Ö
2025-12-09 18:11:38 | INFO | market | –£ –ø–æ–ª—å–∑–æ–≤–∞—Ç–µ–ª—è —Å id 4 –Ω–µ –Ω–∞—à–ª–æ—Å—å —Å–∫–∏–Ω–æ–≤ –Ω–∞ —É–¥–∞–ª–µ–Ω–∏–µ
2025-12-09 18:11:38 | INFO | market | –°–∫–∏–Ω —Å –∞–π–¥–∏ f22732520162 –±—ã–ª —É–¥–∞–ª–µ–Ω —Å –±–∞–∑—ã –¥–∞–Ω–Ω—ã—Ö
2025-12-09 18:11:38 | INFO | market | –£ –ø–æ–ª—å–∑–æ–≤–∞—Ç–µ–ª—è —Å id 4 –Ω–µ –Ω–∞—à–ª–æ—Å—å —Å–∫–∏–Ω–æ–≤ –Ω–∞ —É–¥–∞–ª–µ–Ω–∏–µ
2025-12-09 18:11:38 | INFO | market | –°–∫–∏–Ω —Å –∞–π–¥–∏ f22732496610 –±—ã–ª —É–¥–∞–ª–µ–Ω —Å –±–∞–∑—ã –¥–∞–Ω–Ω—ã—Ö
2025-12-09 18:11:38 | INFO | market | –£ –ø–æ–ª—å–∑–æ–≤–∞—Ç–µ–ª—è —Å id 4 –Ω–µ –Ω–∞—à–ª–æ—Å—å —Å–∫–∏–Ω–æ–≤ –Ω–∞ —É–¥–∞–ª–µ–Ω–∏–µ
2025-12-09 18:11:38 | INFO | market | –°–∫–∏–Ω —Å –∞–π–¥–∏ f22732496555 –±—ã–ª —É–¥–∞–ª–µ–Ω —Å –±–∞–∑—ã –¥–∞–Ω–Ω—ã—Ö
2025-12-09 18:11:38 | INFO | market | –£ –ø–æ–ª—å–∑–æ–≤–∞—Ç–µ–ª—è —Å id 4 –Ω–µ –Ω–∞—à–ª–æ—Å—å —Å–∫–∏–Ω–æ–≤ –Ω–∞ —É–¥–∞–ª–µ–Ω–∏–µ
2025-12-09 18:11:38 | INFO | market | –°–∫–∏–Ω —Å –∞–π–¥–∏ f22732496515 –±—ã–ª —É–¥–∞–ª–µ–Ω —Å –±–∞–∑—ã –¥–∞–Ω–Ω—ã—Ö
2025-12-09 18:11:38 | INFO | market | –£ –ø–æ–ª—å–∑–æ–≤–∞—Ç–µ–ª—è —Å id 4 –Ω–µ –Ω–∞—à–ª–æ—Å—å —Å–∫–∏–Ω–æ–≤ –Ω–∞ —É–¥–∞–ª–µ–Ω–∏–µ
2025-12-09 18:11:38 | INFO | market | –°–∫–∏–Ω —Å –∞–π–¥–∏ f22732496459 –±—ã–ª —É–¥–∞–ª–µ–Ω —Å –±–∞–∑—ã –¥–∞–Ω–Ω—ã—Ö
2025-12-09 18:11:38 | INFO | market | –£ –ø–æ–ª—å–∑–æ–≤–∞—Ç–µ–ª—è —Å id 4 –Ω–µ –Ω–∞—à–ª–æ—Å—å —Å–∫–∏–Ω–æ–≤ –Ω–∞ —É–¥–∞–ª–µ–Ω–∏–µ
2025-12-09 18:11:38 | INFO | market | –°–∫–∏–Ω —Å –∞–π–¥–∏ f22732496414 –±—ã–ª —É–¥–∞–ª–µ–Ω —Å –±–∞–∑—ã –¥–∞–Ω–Ω—ã—Ö
2025-12-09 18:11:38 | INFO | market | –£ –ø–æ–ª—å–∑–æ–≤–∞—Ç–µ–ª—è —Å id 4 –Ω–µ –Ω–∞—à–ª–æ—Å—å —Å–∫–∏–Ω–æ–≤ –Ω–∞ —É–¥–∞–ª–µ–Ω–∏–µ
2025-12-09 18:11:38 | INFO | market | –°–∫–∏–Ω —Å –∞–π–¥–∏ f22732496358 –±—ã–ª —É–¥–∞–ª–µ–Ω —Å –±–∞–∑—ã –¥–∞–Ω–Ω—ã—Ö
2025-12-09 18:11:38 | INFO | market | –£ –ø–æ–ª—å–∑–æ–≤–∞—Ç–µ–ª—è —Å id 4 –Ω–µ –Ω–∞—à–ª–æ—Å—å —Å–∫–∏–Ω–æ–≤ –Ω–∞ —É–¥–∞–ª–µ–Ω–∏–µ
2025-12-09 18:11:38 | INFO | market | –°–∫–∏–Ω —Å –∞–π–¥–∏ f22732496311 –±—ã–ª —É–¥–∞–ª–µ–Ω —Å –±–∞–∑—ã –¥–∞–Ω–Ω—ã—Ö
2025-12-09 18:11:38 | INFO | market | –£ –ø–æ–ª—å–∑–æ–≤–∞—Ç–µ–ª—è —Å id 4 –Ω–µ –Ω–∞—à–ª–æ—Å—å —Å–∫–∏–Ω–æ–≤ –Ω–∞ —É–¥–∞–ª–µ–Ω–∏–µ
2025-12-09 18:11:38 | INFO | market | –°–∫–∏–Ω —Å –∞–π–¥–∏ f22584690040 –±—ã–ª —É–¥–∞–ª–µ–Ω —Å –±–∞–∑—ã –¥–∞–Ω–Ω—ã—Ö
2025-12-09 18:11:38 | INFO | market | –£ –ø–æ–ª—å–∑–æ–≤–∞—Ç–µ–ª—è —Å id 4 –Ω–µ –Ω–∞—à–ª–æ—Å—å —Å–∫–∏–Ω–æ–≤ –Ω–∞ —É–¥–∞–ª–µ–Ω–∏–µ
2025-12-09 18:11:38 | INFO | market | –°–∫–∏–Ω —Å –∞–π–¥–∏ f22396979053 –±—ã–ª —É–¥–∞–ª–µ–Ω —Å –±–∞–∑—ã –¥–∞–Ω–Ω—ã—Ö
2025-12-09 18:11:38 | INFO | market | –£ –ø–æ–ª—å–∑–æ–≤–∞—Ç–µ–ª—è —Å id 4 –Ω–µ –Ω–∞—à–ª–æ—Å—å —Å–∫–∏–Ω–æ–≤ –Ω–∞ —É–¥–∞–ª–µ–Ω–∏–µ
2025-12-09 18:11:38 | INFO | market | –°–∫–∏–Ω —Å –∞–π–¥–∏ f22326882164 –±—ã–ª —É–¥–∞–ª–µ–Ω —Å –±–∞–∑—ã –¥–∞–Ω–Ω—ã—Ö
2025-12-09 18:11:38 | INFO | market | –£ –ø–æ–ª—å–∑–æ–≤–∞—Ç–µ–ª—è —Å id 4 –Ω–µ –Ω–∞—à–ª–æ—Å—å —Å–∫–∏–Ω–æ–≤ –Ω–∞ —É–¥–∞–ª–µ–Ω–∏–µ
2025-12-09 18:11:38 | INFO | market | –°–∫–∏–Ω —Å –∞–π–¥–∏ f8557465349 –±—ã–ª —É–¥–∞–ª–µ–Ω —Å –±–∞–∑—ã –¥–∞–Ω–Ω—ã—Ö
2025-12-09 18:11:38 | INFO | market | –£ –ø–æ–ª—å–∑–æ–≤–∞—Ç–µ–ª—è —Å id 4 –Ω–µ –Ω–∞—à–ª–æ—Å—å —Å–∫–∏–Ω–æ–≤ –Ω–∞ —É–¥–∞–ª–µ–Ω–∏–µ
2025-12-09 18:11:38 | INFO | market | –°–∫–∏–Ω —Å –∞–π–¥–∏ f8557115339 –±—ã–ª —É–¥–∞–ª–µ–Ω —Å –±–∞–∑—ã –¥–∞–Ω–Ω—ã—Ö
2025-12-09 18:11:38 | INFO | market | –£ –ø–æ–ª—å–∑–æ–≤–∞—Ç–µ–ª—è —Å id 4 –Ω–µ –Ω–∞—à–ª–æ—Å—å —Å–∫–∏–Ω–æ–≤ –Ω–∞ —É–¥–∞–ª–µ–Ω–∏–µ
2025-12-09 18:11:38 | INFO | market | –°–∫–∏–Ω —Å –∞–π–¥–∏ f8557114949 –±—ã–ª —É–¥–∞–ª–µ–Ω —Å –±–∞–∑—ã –¥–∞–Ω–Ω—ã—Ö
2025-12-09 18:11:38 | INFO | market | –£ –ø–æ–ª—å–∑–æ–≤–∞—Ç–µ–ª—è —Å id 4 –Ω–µ –Ω–∞—à–ª–æ—Å—å —Å–∫–∏–Ω–æ–≤ –Ω–∞ —É–¥–∞–ª–µ–Ω–∏–µ
2025-12-09 18:11:38 | INFO | market | –°–∫–∏–Ω —Å –∞–π–¥–∏ f8557114319 –±—ã–ª —É–¥–∞–ª–µ–Ω —Å –±–∞–∑—ã –¥–∞–Ω–Ω—ã—Ö
2025-12-09 18:11:38 | INFO | market | –£ –ø–æ–ª—å–∑–æ–≤–∞—Ç–µ–ª—è —Å id 4 –Ω–µ –Ω–∞—à–ª–æ—Å—å —Å–∫–∏–Ω–æ–≤ –Ω–∞ —É–¥–∞–ª–µ–Ω–∏–µ
2025-12-09 18:11:38 | INFO | market | –°–∫–∏–Ω —Å –∞–π–¥–∏ f8557088939 –±—ã–ª —É–¥–∞–ª–µ–Ω —Å –±–∞–∑—ã –¥–∞–Ω–Ω—ã—Ö
2025-12-09 18:11:38 | INFO | market | –£ –ø–æ–ª—å–∑–æ–≤–∞—Ç–µ–ª—è —Å id 4 –Ω–µ –Ω–∞—à–ª–æ—Å—å —Å–∫–∏–Ω–æ–≤ –Ω–∞ —É–¥–∞–ª–µ–Ω–∏–µ
2025-12-09 18:11:38 | INFO | market | –°–∫–∏–Ω —Å –∞–π–¥–∏ f8557087349 –±—ã–ª —É–¥–∞–ª–µ–Ω —Å –±–∞–∑—ã –¥–∞–Ω–Ω—ã—Ö
2025-12-09 18:11:38 | INFO | market | –£ –ø–æ–ª—å–∑–æ–≤–∞—Ç–µ–ª—è —Å id 4 –Ω–µ –Ω–∞—à–ª–æ—Å—å —Å–∫–∏–Ω–æ–≤ –Ω–∞ —É–¥–∞–ª–µ–Ω–∏–µ
2025-12-09 18:11:38 | INFO | market | –°–∫–∏–Ω —Å –∞–π–¥–∏ f8557085309 –±—ã–ª —É–¥–∞–ª–µ–Ω —Å –±–∞–∑—ã –¥–∞–Ω–Ω—ã—Ö
2025-12-09 18:11:38 | INFO | market | –£ –ø–æ–ª—å–∑–æ–≤–∞—Ç–µ–ª—è —Å id 4 –Ω–µ –Ω–∞—à–ª–æ—Å—å —Å–∫–∏–Ω–æ–≤ –Ω–∞ —É–¥–∞–ª–µ–Ω–∏–µ
2025-12-09 18:11:38 | INFO | market | –°–∫–∏–Ω —Å –∞–π–¥–∏ f8557084369 –±—ã–ª —É–¥–∞–ª–µ–Ω —Å –±–∞–∑—ã –¥–∞–Ω–Ω—ã—Ö
2025-12-09 18:11:38 | INFO | market | –£ –ø–æ–ª—å–∑–æ–≤–∞—Ç–µ–ª—è —Å id 4 –Ω–µ –Ω–∞—à–ª–æ—Å—å —Å–∫–∏–Ω–æ–≤ –Ω–∞ —É–¥–∞–ª–µ–Ω–∏–µ
2025-12-09 18:11:38 | INFO | market | –°–∫–∏–Ω —Å –∞–π–¥–∏ f8557083039 –±—ã–ª —É–¥–∞–ª–µ–Ω —Å –±–∞–∑—ã –¥–∞–Ω–Ω—ã—Ö
2025-12-09 18:11:38 | INFO | market | –£ –ø–æ–ª—å–∑–æ–≤–∞—Ç–µ–ª—è —Å id 4 –Ω–µ –Ω–∞—à–ª–æ—Å—å —Å–∫–∏–Ω–æ–≤ –Ω–∞ —É–¥–∞–ª–µ–Ω–∏–µ
2025-12-09 18:11:38 | INFO | market | –°–∫–∏–Ω —Å –∞–π–¥–∏ f8557082369 –±—ã–ª —É–¥–∞–ª–µ–Ω —Å –±–∞–∑—ã –¥–∞–Ω–Ω—ã—Ö
2025-12-09 18:11:38 | INFO | market | –£ –ø–æ–ª—å–∑–æ–≤–∞—Ç–µ–ª—è —Å id 4 –Ω–µ –Ω–∞—à–ª–æ—Å—å —Å–∫–∏–Ω–æ–≤ –Ω–∞ —É–¥–∞–ª–µ–Ω–∏–µ
2025-12-09 18:11:38 | INFO | market | –°–∫–∏–Ω —Å –∞–π–¥–∏ f8557081139 –±—ã–ª —É–¥–∞–ª–µ–Ω —Å –±–∞–∑—ã –¥–∞–Ω–Ω—ã—Ö
2025-12-09 18:11:38 | INFO | market | –£ –ø–æ–ª—å–∑–æ–≤–∞—Ç–µ–ª—è —Å id 4 –Ω–µ –Ω–∞—à–ª–æ—Å—å —Å–∫–∏–Ω–æ–≤ –Ω–∞ —É–¥–∞–ª–µ–Ω–∏–µ
2025-12-09 18:11:38 | INFO | market | –°–∫–∏–Ω —Å –∞–π–¥–∏ f8557080069 –±—ã–ª —É–¥–∞–ª–µ–Ω —Å –±–∞–∑—ã –¥–∞–Ω–Ω—ã—Ö
2025-12-09 18:11:38 | INFO | market | –£ –ø–æ–ª—å–∑–æ–≤–∞—Ç–µ–ª—è —Å id 4 –Ω–µ –Ω–∞—à–ª–æ—Å—å —Å–∫–∏–Ω–æ–≤ –Ω–∞ —É–¥–∞–ª–µ–Ω–∏–µ
2025-12-09 18:11:38 | INFO | market | –°–∫–∏–Ω —Å –∞–π–¥–∏ f8557079549 –±—ã–ª —É–¥–∞–ª–µ–Ω —Å –±–∞–∑—ã –¥–∞–Ω–Ω—ã—Ö
2025-12-09 18:11:38 | INFO | market | –£ –ø–æ–ª—å–∑–æ–≤–∞—Ç–µ–ª—è —Å id 4 –Ω–µ –Ω–∞—à–ª–æ—Å—å —Å–∫–∏–Ω–æ–≤ –Ω–∞ —É–¥–∞–ª–µ–Ω–∏–µ
2025-12-09 18:11:38 | INFO | market | –°–∫–∏–Ω —Å –∞–π–¥–∏ f8557078389 –±—ã–ª —É–¥–∞–ª–µ–Ω —Å –±–∞–∑—ã –¥–∞–Ω–Ω—ã—Ö
2025-12-09 18:11:38 | INFO | market | –£ –ø–æ–ª—å–∑–æ–≤–∞—Ç–µ–ª—è —Å id 4 –Ω–µ –Ω–∞—à–ª–æ—Å—å —Å–∫–∏–Ω–æ–≤ –Ω–∞ —É–¥–∞–ª–µ–Ω–∏–µ
2025-12-09 18:11:38 | INFO | market | –°–∫–∏–Ω —Å –∞–π–¥–∏ f8557077409 –±—ã–ª —É–¥–∞–ª–µ–Ω —Å –±–∞–∑—ã –¥–∞–Ω–Ω—ã—Ö
2025-12-09 18:11:38 | INFO | market | –£ –ø–æ–ª—å–∑–æ–≤–∞—Ç–µ–ª—è —Å id 4 –Ω–µ –Ω–∞—à–ª–æ—Å—å —Å–∫–∏–Ω–æ–≤ –Ω–∞ —É–¥–∞–ª–µ–Ω–∏–µ
2025-12-09 18:11:38 | INFO | market | –°–∫–∏–Ω —Å –∞–π–¥–∏ f8557076489 –±—ã–ª —É–¥–∞–ª–µ–Ω —Å –±–∞–∑—ã –¥–∞–Ω–Ω—ã—Ö
2025-12-09 18:11:38 | INFO | market | –£ –ø–æ–ª—å–∑–æ–≤–∞—Ç–µ–ª—è —Å id 4 –Ω–µ –Ω–∞—à–ª–æ—Å—å —Å–∫–∏–Ω–æ–≤ –Ω–∞ —É–¥–∞–ª–µ–Ω–∏–µ
2025-12-09 18:11:38 | INFO | market | –°–∫–∏–Ω —Å –∞–π–¥–∏ f8557075619 –±—ã–ª —É–¥–∞–ª–µ–Ω —Å –±–∞–∑—ã –¥–∞–Ω–Ω—ã—Ö
2025-12-09 18:11:38 | INFO | market | –£ –ø–æ–ª—å–∑–æ–≤–∞—Ç–µ–ª—è —Å id 4 –Ω–µ –Ω–∞—à–ª–æ—Å—å —Å–∫–∏–Ω–æ–≤ –Ω–∞ —É–¥–∞–ª–µ–Ω–∏–µ
2025-12-09 18:11:38 | INFO | market | –°–∫–∏–Ω —Å –∞–π–¥–∏ f8557074319 –±—ã–ª —É–¥–∞–ª–µ–Ω —Å –±–∞–∑—ã –¥–∞–Ω–Ω—ã—Ö
2025-12-09 18:11:38 | INFO | market | –£ –ø–æ–ª—å–∑–æ–≤–∞—Ç–µ–ª—è —Å id 4 –Ω–µ –Ω–∞—à–ª–æ—Å—å —Å–∫–∏–Ω–æ–≤ –Ω–∞ —É–¥–∞–ª–µ–Ω–∏–µ
2025-12-09 18:11:38 | INFO | market | –°–∫–∏–Ω —Å –∞–π–¥–∏ f8557073899 –±—ã–ª —É–¥–∞–ª–µ–Ω —Å –±–∞–∑—ã –¥–∞–Ω–Ω—ã—Ö
2025-12-09 18:11:38 | INFO | market | –£ –ø–æ–ª—å–∑–æ–≤–∞—Ç–µ–ª—è —Å id 4 –Ω–µ –Ω–∞—à–ª–æ—Å—å —Å–∫–∏–Ω–æ–≤ –Ω–∞ —É–¥–∞–ª–µ–Ω–∏–µ
2025-12-09 18:11:38 | INFO | market | –°–∫–∏–Ω —Å –∞–π–¥–∏ f8557071419 –±—ã–ª —É–¥–∞–ª–µ–Ω —Å –±–∞–∑—ã –¥–∞–Ω–Ω—ã—Ö
2025-12-09 18:11:38 | INFO | market | –£ –ø–æ–ª—å–∑–æ–≤–∞—Ç–µ–ª—è —Å id 4 –Ω–µ –Ω–∞—à–ª–æ—Å—å —Å–∫–∏–Ω–æ–≤ –Ω–∞ —É–¥–∞–ª–µ–Ω–∏–µ
2025-12-09 18:11:38 | INFO | market | –°–∫–∏–Ω —Å –∞–π–¥–∏ f8557066849 –±—ã–ª —É–¥–∞–ª–µ–Ω —Å –±–∞–∑—ã –¥–∞–Ω–Ω—ã—Ö
2025-12-09 18:11:38 | INFO | market | –£ –ø–æ–ª—å–∑–æ–≤–∞—Ç–µ–ª—è —Å id 4 –Ω–µ –Ω–∞—à–ª–æ—Å—å —Å–∫–∏–Ω–æ–≤ –Ω–∞ —É–¥–∞–ª–µ–Ω–∏–µ
2025-12-09 18:11:38 | INFO | market | –°–∫–∏–Ω —Å –∞–π–¥–∏ f8557064579 –±—ã–ª —É–¥–∞–ª–µ–Ω —Å –±–∞–∑—ã –¥–∞–Ω–Ω—ã—Ö
2025-12-09 18:11:38 | INFO | market | –£ –ø–æ–ª—å–∑–æ–≤–∞—Ç–µ–ª—è —Å id 4 –Ω–µ –Ω–∞—à–ª–æ—Å—å —Å–∫–∏–Ω–æ–≤ –Ω–∞ —É–¥–∞–ª–µ–Ω–∏–µ
2025-12-09 18:11:38 | INFO | market | –°–∫–∏–Ω —Å –∞–π–¥–∏ f8557063889 –±—ã–ª —É–¥–∞–ª–µ–Ω —Å –±–∞–∑—ã –¥–∞–Ω–Ω—ã—Ö
2025-12-09 18:11:38 | INFO | market | –£ –ø–æ–ª—å–∑–æ–≤–∞—Ç–µ–ª—è —Å id 4 –Ω–µ –Ω–∞—à–ª–æ—Å—å —Å–∫–∏–Ω–æ–≤ –Ω–∞ —É–¥–∞–ª–µ–Ω–∏–µ
2025-12-09 18:11:38 | INFO | market | –°–∫–∏–Ω —Å –∞–π–¥–∏ f8557060589 –±—ã–ª —É–¥–∞–ª–µ–Ω —Å –±–∞–∑—ã –¥–∞–Ω–Ω—ã—Ö
2025-12-09 18:11:38 | INFO | market | –£ –ø–æ–ª—å–∑–æ–≤–∞—Ç–µ–ª—è —Å id 4 –Ω–µ –Ω–∞—à–ª–æ—Å—å —Å–∫–∏–Ω–æ–≤ –Ω–∞ —É–¥–∞–ª–µ–Ω–∏–µ
2025-12-09 18:11:38 | INFO | market | –°–∫–∏–Ω —Å –∞–π–¥–∏ f8557058719 –±—ã–ª —É–¥–∞–ª–µ–Ω —Å –±–∞–∑—ã –¥–∞–Ω–Ω—ã—Ö
2025-12-09 18:11:38 | INFO | market | –£ –ø–æ–ª—å–∑–æ–≤–∞—Ç–µ–ª—è —Å id 4 –Ω–µ –Ω–∞—à–ª–æ—Å—å —Å–∫–∏–Ω–æ–≤ –Ω–∞ —É–¥–∞–ª–µ–Ω–∏–µ
2025-12-09 18:11:38 | INFO | market | –°–∫–∏–Ω —Å –∞–π–¥–∏ f8557057639 –±—ã–ª —É–¥–∞–ª–µ–Ω —Å –±–∞–∑—ã –¥–∞–Ω–Ω—ã—Ö
2025-12-09 18:11:38 | INFO | market | –£ –ø–æ–ª—å–∑–æ–≤–∞—Ç–µ–ª—è —Å id 4 –Ω–µ –Ω–∞—à–ª–æ—Å—å —Å–∫–∏–Ω–æ–≤ –Ω–∞ —É–¥–∞–ª–µ–Ω–∏–µ
2025-12-09 18:11:38 | INFO | market | –°–∫–∏–Ω —Å –∞–π–¥–∏ f8557055959 –±—ã–ª —É–¥–∞–ª–µ–Ω —Å –±–∞–∑—ã –¥–∞–Ω–Ω—ã—Ö
2025-12-09 18:11:38 | INFO | market | –£ –ø–æ–ª—å–∑–æ–≤–∞—Ç–µ–ª—è —Å id 4 –Ω–µ –Ω–∞—à–ª–æ—Å—å —Å–∫–∏–Ω–æ–≤ –Ω–∞ —É–¥–∞–ª–µ–Ω–∏–µ
2025-12-09 18:11:38 | INFO | market | –°–∫–∏–Ω —Å –∞–π–¥–∏ f8557054649 –±—ã–ª —É–¥–∞–ª–µ–Ω —Å –±–∞–∑—ã –¥–∞–Ω–Ω—ã—Ö
2025-12-09 18:11:38 | INFO | market | –£ –ø–æ–ª—å–∑–æ–≤–∞—Ç–µ–ª—è —Å id 4 –Ω–µ –Ω–∞—à–ª–æ—Å—å —Å–∫–∏–Ω–æ–≤ –Ω–∞ —É–¥–∞–ª–µ–Ω–∏–µ
2025-12-09 18:11:38 | INFO | market | –°–∫–∏–Ω —Å –∞–π–¥–∏ f8557050659 –±—ã–ª —É–¥–∞–ª–µ–Ω —Å –±–∞–∑—ã –¥–∞–Ω–Ω—ã—Ö
2025-12-09 18:11:38 | INFO | market | –£ –ø–æ–ª—å–∑–æ–≤–∞—Ç–µ–ª—è —Å id 4 –Ω–µ –Ω–∞—à–ª–æ—Å—å —Å–∫–∏–Ω–æ–≤ –Ω–∞ —É–¥–∞–ª–µ–Ω–∏–µ
2025-12-09 18:11:38 | INFO | market | –°–∫–∏–Ω —Å –∞–π–¥–∏ f8557049939 –±—ã–ª —É–¥–∞–ª–µ–Ω —Å –±–∞–∑—ã –¥–∞–Ω–Ω—ã—Ö
2025-12-09 18:11:38 | INFO | market | –£ –ø–æ–ª—å–∑–æ–≤–∞—Ç–µ–ª—è —Å id 4 –Ω–µ –Ω–∞—à–ª–æ—Å—å —Å–∫–∏–Ω–æ–≤ –Ω–∞ —É–¥–∞–ª–µ–Ω–∏–µ
2025-12-09 18:11:38 | INFO | market | –°–∫–∏–Ω —Å –∞–π–¥–∏ f8557048229 –±—ã–ª —É–¥–∞–ª–µ–Ω —Å –±–∞–∑—ã –¥–∞–Ω–Ω—ã—Ö
2025-12-09 18:11:38 | INFO | market | –£ –ø–æ–ª—å–∑–æ–≤–∞—Ç–µ–ª—è —Å id 4 –Ω–µ –Ω–∞—à–ª–æ—Å—å —Å–∫–∏–Ω–æ–≤ –Ω–∞ —É–¥–∞–ª–µ–Ω–∏–µ
2025-12-09 18:11:38 | INFO | market | –°–∫–∏–Ω —Å –∞–π–¥–∏ f8557046949 –±—ã–ª —É–¥–∞–ª–µ–Ω —Å –±–∞–∑—ã –¥–∞–Ω–Ω—ã—Ö
2025-12-09 18:11:38 | INFO | market | –£ –ø–æ–ª—å–∑–æ–≤–∞—Ç–µ–ª—è —Å id 4 –Ω–µ –Ω–∞—à–ª–æ—Å—å —Å–∫–∏–Ω–æ–≤ –Ω–∞ —É–¥–∞–ª–µ–Ω–∏–µ
2025-12-09 18:11:38 | INFO | market | –°–∫–∏–Ω —Å –∞–π–¥–∏ f8557044919 –±—ã–ª —É–¥–∞–ª–µ–Ω —Å –±–∞–∑—ã –¥–∞–Ω–Ω—ã—Ö
2025-12-09 18:11:38 | INFO | market | –£ –ø–æ–ª—å–∑–æ–≤–∞—Ç–µ–ª—è —Å id 4 –Ω–µ –Ω–∞—à–ª–æ—Å—å —Å–∫–∏–Ω–æ–≤ –Ω–∞ —É–¥–∞–ª–µ–Ω–∏–µ
2025-12-09 18:11:38 | INFO | market | –°–∫–∏–Ω —Å –∞–π–¥–∏ f8557044169 –±—ã–ª —É–¥–∞–ª–µ–Ω —Å –±–∞–∑—ã –¥–∞–Ω–Ω—ã—Ö
2025-12-09 18:11:38 | INFO | market | –£ –ø–æ–ª—å–∑–æ–≤–∞—Ç–µ–ª—è —Å id 4 –Ω–µ –Ω–∞—à–ª–æ—Å—å —Å–∫–∏–Ω–æ–≤ –Ω–∞ —É–¥–∞–ª–µ–Ω–∏–µ
2025-12-09 18:11:38 | INFO | market | –°–∫–∏–Ω —Å –∞–π–¥–∏ f8557039249 –±—ã–ª —É–¥–∞–ª–µ–Ω —Å –±–∞–∑—ã –¥–∞–Ω–Ω—ã—Ö
2025-12-09 18:11:38 | INFO | market | –£ –ø–æ–ª—å–∑–æ–≤–∞—Ç–µ–ª—è —Å id 4 –Ω–µ –Ω–∞—à–ª–æ—Å—å —Å–∫–∏–Ω–æ–≤ –Ω–∞ —É–¥–∞–ª–µ–Ω–∏–µ
2025-12-09 18:11:38 | INFO | market | –°–∫–∏–Ω —Å –∞–π–¥–∏ f8557038709 –±—ã–ª —É–¥–∞–ª–µ–Ω —Å –±–∞–∑—ã –¥–∞–Ω–Ω—ã—Ö
2025-12-09 18:11:38 | INFO | market | –£ –ø–æ–ª—å–∑–æ–≤–∞—Ç–µ–ª—è —Å id 4 –Ω–µ –Ω–∞—à–ª–æ—Å—å —Å–∫–∏–Ω–æ–≤ –Ω–∞ —É–¥–∞–ª–µ–Ω–∏–µ
2025-12-09 18:11:38 | INFO | market | –°–∫–∏–Ω —Å –∞–π–¥–∏ f8557036039 –±—ã–ª —É–¥–∞–ª–µ–Ω —Å –±–∞–∑—ã –¥–∞–Ω–Ω—ã—Ö
2025-12-09 18:11:38 | INFO | market | –£ –ø–æ–ª—å–∑–æ–≤–∞—Ç–µ–ª—è —Å id 4 –Ω–µ –Ω–∞—à–ª–æ—Å—å —Å–∫–∏–Ω–æ–≤ –Ω–∞ —É–¥–∞–ª–µ–Ω–∏–µ
2025-12-09 18:11:38 | INFO | market | –°–∫–∏–Ω —Å –∞–π–¥–∏ f8557032489 –±—ã–ª —É–¥–∞–ª–µ–Ω —Å –±–∞–∑—ã –¥–∞–Ω–Ω—ã—Ö
2025-12-09 18:11:38 | INFO | market | –£ –ø–æ–ª—å–∑–æ–≤–∞—Ç–µ–ª—è —Å id 4 –Ω–µ –Ω–∞—à–ª–æ—Å—å —Å–∫–∏–Ω–æ–≤ –Ω–∞ —É–¥–∞–ª–µ–Ω–∏–µ
2025-12-09 18:11:38 | INFO | market | –°–∫–∏–Ω —Å –∞–π–¥–∏ f8557030439 –±—ã–ª —É–¥–∞–ª–µ–Ω —Å –±–∞–∑—ã –¥–∞–Ω–Ω—ã—Ö
2025-12-09 18:11:38 | INFO | market | –£ –ø–æ–ª—å–∑–æ–≤–∞—Ç–µ–ª—è —Å id 4 –Ω–µ –Ω–∞—à–ª–æ—Å—å —Å–∫–∏–Ω–æ–≤ –Ω–∞ —É–¥–∞–ª–µ–Ω–∏–µ
2025-12-09 18:11:38 | INFO | market | –°–∫–∏–Ω —Å –∞–π–¥–∏ f8557028359 –±—ã–ª —É–¥–∞–ª–µ–Ω —Å –±–∞–∑—ã –¥–∞–Ω–Ω—ã—Ö
2025-12-09 18:11:38 | INFO | market | –£ –ø–æ–ª—å–∑–æ–≤–∞—Ç–µ–ª—è —Å id 4 –Ω–µ –Ω–∞—à–ª–æ—Å—å —Å–∫–∏–Ω–æ–≤ –Ω–∞ —É–¥–∞–ª–µ–Ω–∏–µ
2025-12-09 18:11:38 | INFO | market | –°–∫–∏–Ω —Å –∞–π–¥–∏ f8557026289 –±—ã–ª —É–¥–∞–ª–µ–Ω —Å –±–∞–∑—ã –¥–∞–Ω–Ω—ã—Ö
2025-12-09 18:11:38 | INFO | market | –£ –ø–æ–ª—å–∑–æ–≤–∞—Ç–µ–ª—è —Å id 4 –Ω–µ –Ω–∞—à–ª–æ—Å—å —Å–∫–∏–Ω–æ–≤ –Ω–∞ —É–¥–∞–ª–µ–Ω–∏–µ
2025-12-09 18:11:38 | INFO | market | –°–∫–∏–Ω —Å –∞–π–¥–∏ f8557025669 –±—ã–ª —É–¥–∞–ª–µ–Ω —Å –±–∞–∑—ã –¥–∞–Ω–Ω—ã—Ö
2025-12-09 18:11:38 | INFO | market | –£ –ø–æ–ª—å–∑–æ–≤–∞—Ç–µ–ª—è —Å id 4 –Ω–µ –Ω–∞—à–ª–æ—Å—å —Å–∫–∏–Ω–æ–≤ –Ω–∞ —É–¥–∞–ª–µ–Ω–∏–µ
2025-12-09 18:11:38 | INFO | market | –°–∫–∏–Ω —Å –∞–π–¥–∏ f8557024379 –±—ã–ª —É–¥–∞–ª–µ–Ω —Å –±–∞–∑—ã –¥–∞–Ω–Ω—ã—Ö
2025-12-09 18:11:38 | INFO | market | –£ –ø–æ–ª—å–∑–æ–≤–∞—Ç–µ–ª—è —Å id 4 –Ω–µ –Ω–∞—à–ª–æ—Å—å —Å–∫–∏–Ω–æ–≤ –Ω–∞ —É–¥–∞–ª–µ–Ω–∏–µ
2025-12-09 18:11:38 | INFO | market | –°–∫–∏–Ω —Å –∞–π–¥–∏ f8557023569 –±—ã–ª —É–¥–∞–ª–µ–Ω —Å –±–∞–∑—ã –¥–∞–Ω–Ω—ã—Ö
2025-12-09 18:11:38 | INFO | market | –£ –ø–æ–ª—å–∑–æ–≤–∞—Ç–µ–ª—è —Å id 4 –Ω–µ –Ω–∞—à–ª–æ—Å—å —Å–∫–∏–Ω–æ–≤ –Ω–∞ —É–¥–∞–ª–µ–Ω–∏–µ
2025-12-09 18:11:38 | INFO | market | –°–∫–∏–Ω —Å –∞–π–¥–∏ f8557021509 –±—ã–ª —É–¥–∞–ª–µ–Ω —Å –±–∞–∑—ã –¥–∞–Ω–Ω—ã—Ö
2025-12-09 18:11:38 | INFO | market | –£ –ø–æ–ª—å–∑–æ–≤–∞—Ç–µ–ª—è —Å id 4 –Ω–µ –Ω–∞—à–ª–æ—Å—å —Å–∫–∏–Ω–æ–≤ –Ω–∞ —É–¥–∞–ª–µ–Ω–∏–µ
2025-12-09 18:11:38 | INFO | market | –°–∫–∏–Ω —Å –∞–π–¥–∏ f8557020009 –±—ã–ª —É–¥–∞–ª–µ–Ω —Å –±–∞–∑—ã –¥–∞–Ω–Ω—ã—Ö
2025-12-09 18:11:38 | INFO | market | –£ –ø–æ–ª—å–∑–æ–≤–∞—Ç–µ–ª—è —Å id 4 –Ω–µ –Ω–∞—à–ª–æ—Å—å —Å–∫–∏–Ω–æ–≤ –Ω–∞ —É–¥–∞–ª–µ–Ω–∏–µ
2025-12-09 18:11:38 | INFO | market | –°–∫–∏–Ω —Å –∞–π–¥–∏ f8557017559 –±—ã–ª —É–¥–∞–ª–µ–Ω —Å –±–∞–∑—ã –¥–∞–Ω–Ω—ã—Ö
2025-12-09 18:11:38 | INFO | market | –£ –ø–æ–ª—å–∑–æ–≤–∞—Ç–µ–ª—è —Å id 4 –Ω–µ –Ω–∞—à–ª–æ—Å—å —Å–∫–∏–Ω–æ–≤ –Ω–∞ —É–¥–∞–ª–µ–Ω–∏–µ
2025-12-09 18:11:39 | INFO | market | –°–∫–∏–Ω —Å –∞–π–¥–∏ f8557016809 –±—ã–ª —É–¥–∞–ª–µ–Ω —Å –±–∞–∑—ã –¥–∞–Ω–Ω—ã—Ö
2025-12-09 18:11:39 | INFO | market | –£ –ø–æ–ª—å–∑–æ–≤–∞—Ç–µ–ª—è —Å id 4 –Ω–µ –Ω–∞—à–ª–æ—Å—å —Å–∫–∏–Ω–æ–≤ –Ω–∞ —É–¥–∞–ª–µ–Ω–∏–µ
2025-12-09 18:11:39 | INFO | market | –°–∫–∏–Ω —Å –∞–π–¥–∏ f8557016309 –±—ã–ª —É–¥–∞–ª–µ–Ω —Å –±–∞–∑—ã –¥–∞–Ω–Ω—ã—Ö
2025-12-09 18:11:39 | INFO | market | –£ –ø–æ–ª—å–∑–æ–≤–∞—Ç–µ–ª—è —Å id 4 –Ω–µ –Ω–∞—à–ª–æ—Å—å —Å–∫–∏–Ω–æ–≤ –Ω–∞ —É–¥–∞–ª–µ–Ω–∏–µ
2025-12-09 18:11:39 | INFO | market | –°–∫–∏–Ω —Å –∞–π–¥–∏ f8557015679 –±—ã–ª —É–¥–∞–ª–µ–Ω —Å –±–∞–∑—ã –¥–∞–Ω–Ω—ã—Ö
2025-12-09 18:11:39 | INFO | market | –£ –ø–æ–ª—å–∑–æ–≤–∞—Ç–µ–ª—è —Å id 4 –Ω–µ –Ω–∞—à–ª–æ—Å—å —Å–∫–∏–Ω–æ–≤ –Ω–∞ —É–¥–∞–ª–µ–Ω–∏–µ
2025-12-09 18:11:39 | INFO | market | –°–∫–∏–Ω —Å –∞–π–¥–∏ f8557014829 –±—ã–ª —É–¥–∞–ª–µ–Ω —Å –±–∞–∑—ã –¥–∞–Ω–Ω—ã—Ö
2025-12-09 18:11:39 | INFO | market | –£ –ø–æ–ª—å–∑–æ–≤–∞—Ç–µ–ª—è —Å id 4 –Ω–µ –Ω–∞—à–ª–æ—Å—å —Å–∫–∏–Ω–æ–≤ –Ω–∞ —É–¥–∞–ª–µ–Ω–∏–µ
2025-12-09 18:11:39 | INFO | market | –°–∫–∏–Ω —Å –∞–π–¥–∏ f8557012349 –±—ã–ª —É–¥–∞–ª–µ–Ω —Å –±–∞–∑—ã –¥–∞–Ω–Ω—ã—Ö
2025-12-09 18:11:39 | INFO | market | –£ –ø–æ–ª—å–∑–æ–≤–∞—Ç–µ–ª—è —Å id 4 –Ω–µ –Ω–∞—à–ª–æ—Å—å —Å–∫–∏–Ω–æ–≤ –Ω–∞ —É–¥–∞–ª–µ–Ω–∏–µ
2025-12-09 18:11:39 | INFO | market | –°–∫–∏–Ω —Å –∞–π–¥–∏ f8557011969 –±—ã–ª —É–¥–∞–ª–µ–Ω —Å –±–∞–∑—ã –¥–∞–Ω–Ω—ã—Ö
2025-12-09 18:11:39 | INFO | market | –£ –ø–æ–ª—å–∑–æ–≤–∞—Ç–µ–ª—è —Å id 4 –Ω–µ –Ω–∞—à–ª–æ—Å—å —Å–∫–∏–Ω–æ–≤ –Ω–∞ —É–¥–∞–ª–µ–Ω–∏–µ
2025-12-09 18:11:39 | INFO | market | –°–∫–∏–Ω —Å –∞–π–¥–∏ f8557011429 –±—ã–ª —É–¥–∞–ª–µ–Ω —Å –±–∞–∑—ã –¥–∞–Ω–Ω—ã—Ö
2025-12-09 18:11:39 | INFO | market | –£ –ø–æ–ª—å–∑–æ–≤–∞—Ç–µ–ª—è —Å id 4 –Ω–µ –Ω–∞—à–ª–æ—Å—å —Å–∫–∏–Ω–æ–≤ –Ω–∞ —É–¥–∞–ª–µ–Ω–∏–µ
2025-12-09 18:11:39 | INFO | market | –°–∫–∏–Ω —Å –∞–π–¥–∏ f8557011179 –±—ã–ª —É–¥–∞–ª–µ–Ω —Å –±–∞–∑—ã –¥–∞–Ω–Ω—ã—Ö
2025-12-09 18:11:39 | INFO | market | –£ –ø–æ–ª—å–∑–æ–≤–∞—Ç–µ–ª—è —Å id 4 –Ω–µ –Ω–∞—à–ª–æ—Å—å —Å–∫–∏–Ω–æ–≤ –Ω–∞ —É–¥–∞–ª–µ–Ω–∏–µ
2025-12-09 18:11:39 | INFO | market | –°–∫–∏–Ω —Å –∞–π–¥–∏ f8557010079 –±—ã–ª —É–¥–∞–ª–µ–Ω —Å –±–∞–∑—ã –¥–∞–Ω–Ω—ã—Ö
2025-12-09 18:11:39 | INFO | market | –£ –ø–æ–ª—å–∑–æ–≤–∞—Ç–µ–ª—è —Å id 4 –Ω–µ –Ω–∞—à–ª–æ—Å—å —Å–∫–∏–Ω–æ–≤ –Ω–∞ —É–¥–∞–ª–µ–Ω–∏–µ
2025-12-09 18:11:39 | INFO | market | –°–∫–∏–Ω —Å –∞–π–¥–∏ f8557008129 –±—ã–ª —É–¥–∞–ª–µ–Ω —Å –±–∞–∑—ã –¥–∞–Ω–Ω—ã—Ö
2025-12-09 18:11:39 | INFO | market | –£ –ø–æ–ª—å–∑–æ–≤–∞—Ç–µ–ª—è —Å id 4 –Ω–µ –Ω–∞—à–ª–æ—Å—å —Å–∫–∏–Ω–æ–≤ –Ω–∞ —É–¥–∞–ª–µ–Ω–∏–µ
2025-12-09 18:11:39 | INFO | market | –°–∫–∏–Ω —Å –∞–π–¥–∏ f8557007609 –±—ã–ª —É–¥–∞–ª–µ–Ω —Å –±–∞–∑—ã –¥–∞–Ω–Ω—ã—Ö
2025-12-09 18:11:39 | INFO | market | –£ –ø–æ–ª—å–∑–æ–≤–∞—Ç–µ–ª—è —Å id 4 –Ω–µ –Ω–∞—à–ª–æ—Å—å —Å–∫–∏–Ω–æ–≤ –Ω–∞ —É–¥–∞–ª–µ–Ω–∏–µ
2025-12-09 18:11:39 | INFO | market | –°–∫–∏–Ω —Å –∞–π–¥–∏ f8557007059 –±—ã–ª —É–¥–∞–ª–µ–Ω —Å –±–∞–∑—ã –¥–∞–Ω–Ω—ã—Ö
2025-12-09 18:11:39 | INFO | market | –£ –ø–æ–ª—å–∑–æ–≤–∞—Ç–µ–ª—è —Å id 4 –Ω–µ –Ω–∞—à–ª–æ—Å—å —Å–∫–∏–Ω–æ–≤ –Ω–∞ —É–¥–∞–ª–µ–Ω–∏–µ
2025-12-09 18:11:39 | INFO | market | –°–∫–∏–Ω —Å –∞–π–¥–∏ f8557006199 –±—ã–ª —É–¥–∞–ª–µ–Ω —Å –±–∞–∑—ã –¥–∞–Ω–Ω—ã—Ö
2025-12-09 18:11:39 | INFO | market | –£ –ø–æ–ª—å–∑–æ–≤–∞—Ç–µ–ª—è —Å id 4 –Ω–µ –Ω–∞—à–ª–æ—Å—å —Å–∫–∏–Ω–æ–≤ –Ω–∞ —É–¥–∞–ª–µ–Ω–∏–µ
2025-12-09 18:11:39 | INFO | market | –°–∫–∏–Ω —Å –∞–π–¥–∏ f8557005909 –±—ã–ª —É–¥–∞–ª–µ–Ω —Å –±–∞–∑—ã –¥–∞–Ω–Ω—ã—Ö
2025-12-09 18:11:39 | INFO | market | –£ –ø–æ–ª—å–∑–æ–≤–∞—Ç–µ–ª—è —Å id 4 –Ω–µ –Ω–∞—à–ª–æ—Å—å —Å–∫–∏–Ω–æ–≤ –Ω–∞ —É–¥–∞–ª–µ–Ω–∏–µ
2025-12-09 18:11:39 | INFO | market | –°–∫–∏–Ω —Å –∞–π–¥–∏ f8557004799 –±—ã–ª —É–¥–∞–ª–µ–Ω —Å –±–∞–∑—ã –¥–∞–Ω–Ω—ã—Ö
2025-12-09 18:11:39 | INFO | market | –£ –ø–æ–ª—å–∑–æ–≤–∞—Ç–µ–ª—è —Å id 4 –Ω–µ –Ω–∞—à–ª–æ—Å—å —Å–∫–∏–Ω–æ–≤ –Ω–∞ —É–¥–∞–ª–µ–Ω–∏–µ
2025-12-09 18:11:39 | INFO | market | –°–∫–∏–Ω —Å –∞–π–¥–∏ f8557004239 –±—ã–ª —É–¥–∞–ª–µ–Ω —Å –±–∞–∑—ã –¥–∞–Ω–Ω—ã—Ö
2025-12-09 18:11:39 | INFO | market | –£ –ø–æ–ª—å–∑–æ–≤–∞—Ç–µ–ª—è —Å id 4 –Ω–µ –Ω–∞—à–ª–æ—Å—å —Å–∫–∏–Ω–æ–≤ –Ω–∞ —É–¥–∞–ª–µ–Ω–∏–µ
2025-12-09 18:11:39 | INFO | market | –°–∫–∏–Ω —Å –∞–π–¥–∏ f8557003069 –±—ã–ª —É–¥–∞–ª–µ–Ω —Å –±–∞–∑—ã –¥–∞–Ω–Ω—ã—Ö
2025-12-09 18:11:39 | INFO | market | –£ –ø–æ–ª—å–∑–æ–≤–∞—Ç–µ–ª—è —Å id 4 –Ω–µ –Ω–∞—à–ª–æ—Å—å —Å–∫–∏–Ω–æ–≤ –Ω–∞ —É–¥–∞–ª–µ–Ω–∏–µ
2025-12-09 18:11:39 | INFO | market | –°–∫–∏–Ω —Å –∞–π–¥–∏ f8557002019 –±—ã–ª —É–¥–∞–ª–µ–Ω —Å –±–∞–∑—ã –¥–∞–Ω–Ω—ã—Ö
2025-12-09 18:11:39 | INFO | market | –£ –ø–æ–ª—å–∑–æ–≤–∞—Ç–µ–ª—è —Å i2025-12-09 18:11:39 | INFO | market | User updated skins | 2025-12-09 18:11:39 | INFO | market | –°–∫–∏–Ω —Å –∞–π–¥–∏ f8557001069 –±—ã–ª —É–¥–∞–ª–µ–Ω —Å –±–∞–∑—ã –¥–∞–Ω–Ω—ã—Ö
202025-12-09 18:11:39 | INFO | market | User updated skins | update_skins function
2025-12-09 18:11:39 | INFO | market | –°–∫–∏–Ω2025-12-09 18:11:39 | INFO | market | –°–∫–∏–Ω —Å –∞–π–¥–∏ f8557000139 –±—ã–ª —É–¥–∞–ª–µ–Ω —Å –±–∞–∑—ã –¥–∞–Ω–Ω—ã—Ö
2025-12-09 18:11:39 | INFO | market | –£ –ø–æ–ª—å–∑–æ–≤–∞—Ç–µ–ª—è —Å id 4 –Ω–µ –Ω–∞—à–ª–æ—Å—å —Å–∫–∏–Ω–æ–≤ –Ω–∞2025-12-09 18:11:39 | INFO | market | User updated skins | update_skins function
2025-12-09 18:11:39 | INFO | market | –°–∫–∏–Ω Sealed2025-12-09 18:11:39 | INFO | market | –£ –ø2025-12-09 18:11:39 | INFO | market | User updated skins | update_skins function
2025-2025-12-09 18:11:39 | INFO | market | –°–∫–∏–Ω —Å –∞–π–¥–∏ f8556998099 –±—ã–ª —É–¥–∞–ª–µ–Ω 2025-12-09 18:11:39 | INFO | market | User updated skins | update_skins function
2025-12-09 18:11:39 | INFO | market | –°–∫–∏–Ω Sealed Genesis Terminal –¥2025-12-09 18:11:39 | I2025-12-09 18:11:39 | INFO | market | User updated skins | update_skins function
2025-12-09 18:11:39 | INFO | market | –°–∫–∏–Ω Sealed Genesis Terminal –¥–æ–±–∞–≤–ª–µ–Ω –≤ –±–¥
2025-12-09 18:11:39 | INFO | market | User updated skins | update_skins function
2025-12-09 18:11:39 | INFO | market | –°–∫–∏–Ω FAMAS | Grey Ghost (Factory New) –¥–æ–±–∞–≤–ª–µ–Ω –≤ –±–¥
2025-12-09 18:11:39 | INFO | market | User updated skins | update_skins function
2025-12-09 18:11:39 | INFO | market | –°–∫–∏–Ω Revolution Case –¥–æ–±–∞–≤–ª–µ–Ω –≤ –±–¥
2025-12-09 18:11:39 | INFO | market | User updated skins | update_skins function
2025-12-09 18:11:39 | INFO | market | –°–∫–∏–Ω Revolution Case –¥–æ–±–∞–≤–ª–µ–Ω –≤ –±–¥
2025-12-09 18:11:39 | INFO | market | User updated skins | update_skins function
2025-12-09 18:11:39 | INFO | market | –°–∫–∏–Ω Revolution Case –¥–æ–±–∞–≤–ª–µ–Ω –≤ –±–¥
2025-12-09 18:11:39 | INFO | market | User updated skins | update_skins function
2025-12-09 18:11:39 | INFO | market | –°–∫–∏–Ω Revolution Case –¥–æ–±–∞–≤–ª–µ–Ω –≤ –±–¥
2025-12-09 18:11:39 | INFO | market | User updated skins | update_skins function
2025-12-09 18:11:39 | INFO | market | –°–∫–∏–Ω Revolution Case –¥–æ–±–∞–≤–ª–µ–Ω –≤ –±–¥
2025-12-09 18:11:39 | INFO | market | User updated skins | update_skins function
2025-12-09 18:11:39 | INFO | market | –°–∫–∏–Ω Dreams & Nightmares Case –¥–æ–±–∞–≤–ª–µ–Ω –≤ –±–¥
2025-12-09 18:11:39 | INFO | market | User updated skins | update_skins function
2025-12-09 18:11:39 | INFO | market | –°–∫–∏–Ω Dreams & Nightmares Case –¥–æ–±–∞–≤–ª–µ–Ω –≤ –±–¥
2025-12-09 18:11:39 | INFO | market | User updated skins | update_skins function
2025-12-09 18:11:39 | INFO | market | –°–∫–∏–Ω Dreams & Nightmares Case –¥–æ–±–∞–≤–ª–µ–Ω –≤ –±–¥
2025-12-09 18:11:39 | INFO | market | User updated skins | update_skins function
2025-12-09 18:11:39 | INFO | market | –°–∫–∏–Ω Dreams & Nightmares Case –¥–æ–±–∞–≤–ª–µ–Ω –≤ –±–¥
2025-12-09 18:11:39 | INFO | market | User updated skins | update_skins function
2025-12-09 18:11:39 | INFO | market | –°–∫–∏–Ω Nova | Marsh Grass (Field-Tested) –¥–æ–±–∞–≤–ª–µ–Ω –≤ –±–¥
2025-12-09 18:11:39 | INFO | market | User updated skins | update_skins function
2025-12-09 18:11:39 | INFO | market | –°–∫–∏–Ω SG 553 | Night Camo (Field-Tested) –¥–æ–±–∞–≤–ª–µ–Ω –≤ –±–¥
2025-12-09 18:11:39 | INFO | market | User updated skins | update_skins function
2025-12-09 18:11:39 | INFO | market | –°–∫–∏–Ω MP7 | Army Recon (Field-Tested) –¥–æ–±–∞–≤–ª–µ–Ω –≤ –±–¥
2025-12-09 18:11:39 | INFO | market | User updated skins | update_skins function
2025-12-09 18:11:39 | INFO | market | –°–∫–∏–Ω UMP-45 | Green Swirl (Field-Tested) –¥–æ–±–∞–≤–ª–µ–Ω –≤ –±–¥
2025-12-09 18:11:39 | INFO | market | User updated skins | update_skins function
2025-12-09 18:11:39 | INFO | market | –°–∫–∏–Ω P90 | Desert Halftone (Battle-Scarred) –¥–æ–±–∞–≤–ª–µ–Ω –≤ –±–¥
2025-12-09 18:11:39 | INFO | market | User updated skins | update_skins function
2025-12-09 18:11:39 | INFO | market | –°–∫–∏–Ω UMP-45 | Green Swirl (Field-Tested) –¥–æ–±–∞–≤–ª–µ–Ω –≤ –±–¥
2025-12-09 18:11:39 | INFO | market | User updated skins | update_skins function
2025-12-09 18:11:39 | INFO | market | –°–∫–∏–Ω Tec-9 | Army Mesh (Minimal Wear) –¥–æ–±–∞–≤–ª–µ–Ω –≤ –±–¥
2025-12-09 18:11:39 | INFO | market | User updated skins | update_skins function
2025-12-09 18:11:39 | INFO | market | –°–∫–∏–Ω Nova | Mandrel (Minimal Wear) –¥–æ–±–∞–≤–ª–µ–Ω –≤ –±–¥
2025-12-09 18:11:39 | INFO | market | User updated skins | update_skins function
2025-12-09 18:11:39 | INFO | market | –°–∫–∏–Ω Nova | Mandrel (Minimal Wear) –¥–æ–±–∞–≤–ª–µ–Ω –≤ –±–¥
2025-12-09 18:11:39 | INFO | market | User updated skins | update_skins function
2025-12-09 18:11:39 | INFO | market | –°–∫–∏–Ω UMP-45 | Mudder (Well-Worn) –¥–æ–±–∞–≤–ª–µ–Ω –≤ –±–¥
2025-12-09 18:11:39 | INFO | market | User updated skins | update_skins function
2025-12-09 18:11:39 | INFO | market | –°–∫–∏–Ω UMP-45 | Mudder (Battle-Scarred) –¥–æ–±–∞–≤–ª–µ–Ω –≤ –±–¥
2025-12-09 18:11:39 | INFO | market | User updated skins | update_skins function
2025-12-09 18:11:39 | INFO | market | –°–∫–∏–Ω MAC-10 | Storm Camo (Field-Tested) –¥–æ–±–∞–≤–ª–µ–Ω –≤ –±–¥
2025-12-09 18:11:39 | INFO | market | User updated skins | update_skins function
2025-12-09 18:11:39 | INFO | market | –°–∫–∏–Ω P250 | Facility Draft (Field-Tested) –¥–æ–±–∞–≤–ª–µ–Ω –≤ –±–¥
2025-12-09 18:11:39 | INFO | market | User updated skins | update_skins function
2025-12-09 18:11:39 | INFO | market | –°–∫–∏–Ω MP9 | Pine (Minimal Wear) –¥–æ–±–∞–≤–ª–µ–Ω –≤ –±–¥
2025-12-09 18:11:39 | INFO | market | User updated skins | update_skins function
2025-12-09 18:11:39 | INFO | market | –°–∫–∏–Ω MAG-7 | Copper Oxide (Field-Tested) –¥–æ–±–∞–≤–ª–µ–Ω –≤ –±–¥
2025-12-09 18:11:39 | INFO | market | User updated skins | update_skins function
2025-12-09 18:11:39 | INFO | market | –°–∫–∏–Ω UMP-45 | Green Swirl (Minimal Wear) –¥–æ–±–∞–≤–ª–µ–Ω –≤ –±–¥
2025-12-09 18:11:39 | INFO | market | User updated skins | update_skins function
2025-12-09 18:11:39 | INFO | market | –°–∫–∏–Ω PP-Bizon | Wood Block Camo (Factory New) –¥–æ–±–∞–≤–ª–µ–Ω –≤ –±–¥
2025-12-09 18:11:39 | INFO | market | User updated skins | update_skins function
2025-12-09 18:11:39 | INFO | market | –°–∫–∏–Ω P250 | Sedimentary (Field-Tested) –¥–æ–±–∞–≤–ª–µ–Ω –≤ –±–¥
2025-12-09 18:11:39 | INFO | market | User updated skins | update_skins function
2025-12-09 18:11:39 | INFO | market | –°–∫–∏–Ω Galil AR | Acid Dart (Field-Tested) –¥–æ–±–∞–≤–ª–µ–Ω –≤ –±–¥
2025-12-09 18:11:39 | INFO | market | User updated skins | update_skins function
2025-12-09 18:11:39 | INFO | market | –°–∫–∏–Ω Kilowatt Case –¥–æ–±–∞–≤–ª–µ–Ω –≤ –±–¥
2025-12-09 18:11:39 | INFO | market | User updated skins | update_skins function
2025-12-09 18:11:39 | INFO | market | –°–∫–∏–Ω Kilowatt Case –¥–æ–±–∞–≤–ª–µ–Ω –≤ –±–¥
2025-12-09 18:11:39 | INFO | market | User updated skins | update_skins function
2025-12-09 18:11:39 | INFO | market | –°–∫–∏–Ω Kilowatt Case –¥–æ–±–∞–≤–ª–µ–Ω –≤ –±–¥
2025-12-09 18:11:39 | INFO | market | User updated skins | update_skins function
2025-12-09 18:11:39 | INFO | market | –°–∫–∏–Ω Zeus x27 | Electric Blue (Minimal Wear) –¥–æ–±–∞–≤–ª–µ–Ω –≤ –±–¥
2025-12-09 18:11:39 | INFO | market | User updated skins | update_skins function
2025-12-09 18:11:39 | INFO | market | –°–∫–∏–Ω Sealed Genesis Terminal –¥–æ–±–∞–≤–ª–µ–Ω –≤ –±–¥
2025-12-09 18:11:39 | INFO | market | User updated skins | update_skins function
2025-12-09 18:11:39 | INFO | market | –°–∫–∏–Ω Sealed Genesis Terminal –¥–æ–±–∞–≤–ª–µ–Ω –≤ –±–¥
2025-12-09 18:11:39 | INFO | market | User updated skins | update_skins function
2025-12-09 18:11:39 | INFO | market | –°–∫–∏–Ω Sealed Genesis Terminal –¥–æ–±–∞–≤–ª–µ–Ω –≤ –±–¥
2025-12-09 18:11:39 | INFO | market | User updated skins | update_skins function
2025-12-09 18:11:39 | INFO | market | –°–∫–∏–Ω Sealed Genesis Terminal –¥–æ–±–∞–≤–ª–µ–Ω –≤ –±–¥
2025-12-09 18:11:39 | INFO | market | User updated skins | update_skins function
2025-12-09 18:11:39 | INFO | market | –°–∫–∏–Ω Sealed Genesis Terminal –¥–æ–±–∞–≤–ª–µ–Ω –≤ –±–¥
2025-12-09 18:11:39 | INFO | market | User updated skins | update_skins function
2025-12-09 18:11:39 | INFO | market | –°–∫–∏–Ω Sealed Genesis Terminal –¥–æ–±–∞–≤–ª–µ–Ω –≤ –±–¥
2025-12-09 18:11:39 | INFO | market | User updated skins | update_skins function
2025-12-09 18:11:39 | INFO | market | –°–∫–∏–Ω Sealed Genesis Terminal –¥–æ–±–∞–≤–ª–µ–Ω –≤ –±–¥
2025-12-09 18:11:39 | INFO | market | User updated skins | update_skins function
2025-12-09 18:11:39 | INFO | market | –°–∫–∏–Ω Revolution Case –¥–æ–±–∞–≤–ª–µ–Ω –≤ –±–¥
2025-12-09 18:11:39 | INFO | market | User updated skins | update_skins function
2025-12-09 18:11:39 | INFO | market | –°–∫–∏–Ω Revolution Case –¥–æ–±–∞–≤–ª–µ–Ω –≤ –±–¥
2025-12-09 18:11:39 | INFO | market | User updated skins | update_skins function
2025-12-09 18:11:39 | INFO | market | –°–∫–∏–Ω Revolution Case –¥–æ–±–∞–≤–ª–µ–Ω –≤ –±–¥
2025-12-09 18:11:39 | INFO | market | User updated skins | update_skins function
2025-12-09 18:11:39 | INFO | market | –°–∫–∏–Ω Revolution Case –¥–æ–±–∞–≤–ª–µ–Ω –≤ –±–¥
2025-12-09 18:11:39 | INFO | market | User updated skins | update_skins function
2025-12-09 18:11:39 | INFO | market | –°–∫–∏–Ω M4A4 | Steel Work (Factory New) –¥–æ–±–∞–≤–ª–µ–Ω –≤ –±–¥
2025-12-09 18:11:39 | INFO | market | User updated skins | update_skins function
2025-12-09 18:11:39 | INFO | market | –°–∫–∏–Ω Dreams & Nightmares Case –¥–æ–±–∞–≤–ª–µ–Ω –≤ –±–¥
2025-12-09 18:11:39 | INFO | market | User updated skins | update_skins function
2025-12-09 18:11:39 | INFO | market | –°–∫–∏–Ω SCAR-20 | Contractor (Field-Tested) –¥–æ–±–∞–≤–ª–µ–Ω –≤ –±–¥
2025-12-09 18:11:39 | INFO | market | User updated skins | update_skins function
2025-12-09 18:11:39 | INFO | market | –°–∫–∏–Ω PP-Bizon | Facility Sketch (Field-Tested) –¥–æ–±–∞–≤–ª–µ–Ω –≤ –±–¥
2025-12-09 18:11:39 | INFO | market | User updated skins | update_skins function
2025-12-09 18:11:39 | INFO | market | –°–∫–∏–Ω PP-Bizon | Facility Sketch (Field-Tested) –¥–æ–±–∞–≤–ª–µ–Ω –≤ –±–¥
2025-12-09 18:11:39 | INFO | market | User updated skins | update_skins function
2025-12-09 18:11:39 | INFO | market | –°–∫–∏–Ω PP-Bizon | Facility Sketch (Field-Tested) –¥–æ–±–∞–≤–ª–µ–Ω –≤ –±–¥
2025-12-09 18:11:39 | INFO | market | User updated skins | update_skins function
2025-12-09 18:11:39 | INFO | market | –°–∫–∏–Ω PP-Bizon | Facility Sketch (Field-Tested) –¥–æ–±–∞–≤–ª–µ–Ω –≤ –±–¥
2025-12-09 18:11:39 | INFO | market | User updated skins | update_skins function
2025-12-09 18:11:39 | INFO | market | –°–∫–∏–Ω UMP-45 | Mudder (Field-Tested) –¥–æ–±–∞–≤–ª–µ–Ω –≤ –±–¥
2025-12-09 18:11:39 | INFO | market | User updated skins | update_skins function
2025-12-09 18:11:39 | INFO | market | –°–∫–∏–Ω MAG-7 | Rust Coat (Well-Worn) –¥–æ–±–∞–≤–ª–µ–Ω –≤ –±–¥
2025-12-09 18:11:39 | INFO | market | User updated skins | update_skins function
2025-12-09 18:11:39 | INFO | market | –°–∫–∏–Ω PP-Bizon | Wood Block Camo (Field-Tested) –¥–æ–±–∞–≤–ª–µ–Ω –≤ –±–¥
2025-12-09 18:11:39 | INFO | market | User updated skins | update_skins function
2025-12-09 18:11:39 | INFO | market | –°–∫–∏–Ω G3SG1 | Red Jasper (Field-Tested) –¥–æ–±–∞–≤–ª–µ–Ω –≤ –±–¥
2025-12-09 18:11:39 | INFO | market | User updated skins | update_skins function
2025-12-09 18:11:39 | INFO | market | –°–∫–∏–Ω MP9 | Sand Dashed (Well-Worn) –¥–æ–±–∞–≤–ª–µ–Ω –≤ –±–¥
2025-12-09 18:11:39 | INFO | market | User updated skins | update_skins function
2025-12-09 18:11:39 | INFO | market | –°–∫–∏–Ω Dual Berettas | Contractor (Field-Tested) –¥–æ–±–∞–≤–ª–µ–Ω –≤ –±–¥
2025-12-09 18:11:39 | INFO | market | User updated skins | update_skins function
2025-12-09 18:11:39 | INFO | market | –°–∫–∏–Ω P250 | Plum Netting (Field-Tested) –¥–æ–±–∞–≤–ª–µ–Ω –≤ –±–¥
2025-12-09 18:11:39 | INFO | market | User updated skins | update_skins function
2025-12-09 18:11:39 | INFO | market | –°–∫–∏–Ω SSG 08 | Blue Spruce (Field-Tested) –¥–æ–±–∞–≤–ª–µ–Ω –≤ –±–¥
2025-12-09 18:11:39 | INFO | market | User updated skins | update_skins function
2025-12-09 18:11:39 | INFO | market | –°–∫–∏–Ω MP9 | Slide (Well-Worn) –¥–æ–±–∞–≤–ª–µ–Ω –≤ –±–¥
2025-12-09 18:11:39 | INFO | market | User updated skins | update_skins function
2025-12-09 18:11:39 | INFO | market | –°–∫–∏–Ω P250 | Plum Netting (Field-Tested) –¥–æ–±–∞–≤–ª–µ–Ω –≤ –±–¥
2025-12-09 18:11:39 | INFO | market | User updated skins | update_skins function
2025-12-09 18:11:39 | INFO | market | –°–∫–∏–Ω MP5-SD | Lime Hex (Field-Tested) –¥–æ–±–∞–≤–ª–µ–Ω –≤ –±–¥
2025-12-09 18:11:39 | INFO | market | User updated skins | update_skins function
2025-12-09 18:11:39 | INFO | market | –°–∫–∏–Ω MP7 | Army Recon (Minimal Wear) –¥–æ–±–∞–≤–ª–µ–Ω –≤ –±–¥
2025-12-09 18:11:40 | INFO | market | User updated skins | update_skins function
2025-12-09 18:11:40 | INFO | market | –°–∫–∏–Ω Nova | Predator (Minimal Wear) –¥–æ–±–∞–≤–ª–µ–Ω –≤ –±–¥
2025-12-09 18:11:40 | INFO | market | User updated skins | update_skins function
2025-12-09 18:11:40 | INFO | market | –°–∫–∏–Ω Tec-9 | Raw Ceramic (Battle-Scarred) –¥–æ–±–∞–≤–ª–µ–Ω –≤ –±–¥
2025-12-09 18:11:40 | INFO | market | User updated skins | update_skins function
2025-12-09 18:11:40 | INFO | market | –°–∫–∏–Ω UMP-45 | Mudder (Minimal Wear) –¥–æ–±–∞–≤–ª–µ–Ω –≤ –±–¥
2025-12-09 18:11:40 | INFO | market | User updated skins | update_skins function
2025-12-09 18:11:40 | INFO | market | –°–∫–∏–Ω SCAR-20 | Contractor (Battle-Scarred) –¥–æ–±–∞–≤–ª–µ–Ω –≤ –±–¥
2025-12-09 18:11:40 | INFO | market | User updated skins | update_skins function
2025-12-09 18:11:40 | INFO | market | –°–∫–∏–Ω MP9 | Sand Dashed (Battle-Scarred) –¥–æ–±–∞–≤–ª–µ–Ω –≤ –±–¥
2025-12-09 18:11:40 | INFO | market | User updated skins | update_skins function
2025-12-09 18:11:40 | INFO | market | –°–∫–∏–Ω MP9 | Pine (Minimal Wear) –¥–æ–±–∞–≤–ª–µ–Ω –≤ –±–¥
2025-12-09 18:11:40 | INFO | market | User updated skins | update_skins function
2025-12-09 18:11:40 | INFO | market | –°–∫–∏–Ω MP9 | Buff Blue (Field-Tested) –¥–æ–±–∞–≤–ª–µ–Ω –≤ –±–¥
2025-12-09 18:11:40 | INFO | market | User updated skins | update_skins function
2025-12-09 18:11:40 | INFO | market | –°–∫–∏–Ω XM1014 | Canvas Cloud (Minimal Wear) –¥–æ–±–∞–≤–ª–µ–Ω –≤ –±–¥
2025-12-09 18:11:40 | INFO | market | User updated skins | update_skins function
2025-12-09 18:11:40 | INFO | market | –°–∫–∏–Ω PP-Bizon | Wood Block Camo (Minimal Wear) –¥–æ–±–∞–≤–ª–µ–Ω –≤ –±–¥
2025-12-09 18:11:40 | INFO | market | User updated skins | update_skins function
2025-12-09 18:11:40 | INFO | market | –°–∫–∏–Ω MP9 | Multi-Terrain (Minimal Wear) –¥–æ–±–∞–≤–ª–µ–Ω –≤ –±–¥
2025-12-09 18:11:40 | INFO | market | User updated skins | update_skins function
2025-12-09 18:11:40 | INFO | market | –°–∫–∏–Ω M249 | Sage Camo (Minimal Wear) –¥–æ–±–∞–≤–ª–µ–Ω –≤ –±–¥
2025-12-09 18:11:40 | INFO | market | User updated skins | update_skins function
2025-12-09 18:11:40 | INFO | market | –°–∫–∏–Ω P250 | Copper Oxide (Minimal Wear) –¥–æ–±–∞–≤–ª–µ–Ω –≤ –±–¥
2025-12-09 18:11:40 | INFO | market | User updated skins | update_skins function
2025-12-09 18:11:40 | INFO | market | –°–∫–∏–Ω Galil AR | Grey Smoke (Well-Worn) –¥–æ–±–∞–≤–ª–µ–Ω –≤ –±–¥
2025-12-09 18:11:40 | INFO | market | User updated skins | update_skins function
2025-12-09 18:11:40 | INFO | market | –°–∫–∏–Ω UMP-45 | Green Swirl (Minimal Wear) –¥–æ–±–∞–≤–ª–µ–Ω –≤ –±–¥
2025-12-09 18:11:40 | INFO | market | User updated skins | update_skins function
2025-12-09 18:11:40 | INFO | market | –°–∫–∏–Ω UMP-45 | Green Swirl (Minimal Wear) –¥–æ–±–∞–≤–ª–µ–Ω –≤ –±–¥
2025-12-09 18:11:40 | INFO | market | User updated skins | update_skins function
2025-12-09 18:11:40 | INFO | market | –°–∫–∏–Ω UMP-45 | Green Swirl (Minimal Wear) –¥–æ–±–∞–≤–ª–µ–Ω –≤ –±–¥
2025-12-09 18:11:40 | INFO | market | User updated skins | update_skins function
2025-12-09 18:11:40 | INFO | market | –°–∫–∏–Ω MAG-7 | Copper Oxide (Field-Tested) –¥–æ–±–∞–≤–ª–µ–Ω –≤ –±–¥
2025-12-09 18:11:40 | INFO | market | User updated skins | update_skins function
2025-12-09 18:11:40 | INFO | market | –°–∫–∏–Ω Tec-9 | Blue Blast (Minimal Wear) –¥–æ–±–∞–≤–ª–µ–Ω –≤ –±–¥
2025-12-09 18:11:40 | INFO | market | User updated skins | update_skins function
2025-12-09 18:11:40 | INFO | market | –°–∫–∏–Ω MAC-10 | Storm Camo (Minimal Wear) –¥–æ–±–∞–≤–ª–µ–Ω –≤ –±–¥
2025-12-09 18:11:40 | INFO | market | User updated skins | update_skins function
2025-12-09 18:11:40 | INFO | market | –°–∫–∏–Ω MAC-10 | Palm (Field-Tested) –¥–æ–±–∞–≤–ª–µ–Ω –≤ –±–¥
2025-12-09 18:11:40 | INFO | market | User updated skins | update_skins function
2025-12-09 18:11:40 | INFO | market | –°–∫–∏–Ω MP9 | Multi-Terrain (Factory New) –¥–æ–±–∞–≤–ª–µ–Ω –≤ –±–¥
2025-12-09 18:11:40 | INFO | market | User updated skins | update_skins function
2025-12-09 18:11:40 | INFO | market | –°–∫–∏–Ω M249 | Gator Mesh (Battle-Scarred) –¥–æ–±–∞–≤–ª–µ–Ω –≤ –±–¥
2025-12-09 18:11:40 | INFO | market | User updated skins | update_skins function
2025-12-09 18:11:40 | INFO | market | –°–∫–∏–Ω Negev | Bulkhead (Minimal Wear) –¥–æ–±–∞–≤–ª–µ–Ω –≤ –±–¥
2025-12-09 18:11:40 | INFO | market | User updated skins | update_skins function
2025-12-09 18:11:40 | INFO | market | –°–∫–∏–Ω MP9 | Orange Peel (Field-Tested) –¥–æ–±–∞–≤–ª–µ–Ω –≤ –±–¥
2025-12-09 18:11:40 | INFO | market | User updated skins | update_skins function
2025-12-09 18:11:40 | INFO | market | –°–∫–∏–Ω USP-S | Forest Leaves (Field-Tested) –¥–æ–±–∞–≤–ª–µ–Ω –≤ –±–¥
2025-12-09 18:11:40 | INFO | market | User updated skins | update_skins function
2025-12-09 18:11:40 | INFO | market | –°–∫–∏–Ω FAMAS | Grey Ghost (Field-Tested) –¥–æ–±–∞–≤–ª–µ–Ω –≤ –±–¥
2025-12-09 18:11:40 | INFO | market | User updated skins | update_skins function
2025-12-09 18:11:40 | INFO | market | –°–∫–∏–Ω MP9 | Pine (Factory New) –¥–æ–±–∞–≤–ª–µ–Ω –≤ –±–¥
2025-12-09 18:11:40 | INFO | market | User updated skins | update_skins function
2025-12-09 18:11:40 | INFO | market | –°–∫–∏–Ω AK-47 | Safari Mesh (Field-Tested) –¥–æ–±–∞–≤–ª–µ–Ω –≤ –±–¥
2025-12-09 18:11:40 | INFO | market | User updated skins | update_skins function
2025-12-09 18:11:40 | INFO | market | –°–∫–∏–Ω Galil AR | Robin's Egg (Field-Tested) –¥–æ–±–∞–≤–ª–µ–Ω –≤ –±–¥
2025-12-09 18:11:40 | INFO | market | User updated skins | update_skins function
2025-12-09 18:11:40 | INFO | market | –°–∫–∏–Ω Tec-9 | VariCamo (Factory New) –¥–æ–±–∞–≤–ª–µ–Ω –≤ –±–¥
2025-12-09 18:11:40 | INFO | market | User updated skins | update_skins function
2025-12-09 18:11:40 | INFO | market | –°–∫–∏–Ω Kilowatt Case –¥–æ–±–∞–≤–ª–µ–Ω –≤ –±–¥
2025-12-09 18:11:40 | INFO | market | User updated skins | update_skins function
2025-12-09 18:11:40 | INFO | market | –°–∫–∏–Ω Kilowatt Case –¥–æ–±–∞–≤–ª–µ–Ω –≤ –±–¥
2025-12-09 18:11:40 | INFO | market | User updated skins | update_skins function
2025-12-09 18:11:40 | INFO | market | –°–∫–∏–Ω Kilowatt Case –¥–æ–±–∞–≤–ª–µ–Ω –≤ –±–¥
2025-12-09 18:11:40 | INFO | market | User updated skins | update_skins function
2025-12-09 18:11:40 | INFO | market | –°–∫–∏–Ω Kilowatt Case –¥–æ–±–∞–≤–ª–µ–Ω –≤ –±–¥
2025-12-09 18:11:40 | INFO | market | User updated skins | update_skins function
2025-12-09 18:11:40 | INFO | market | –°–∫–∏–Ω Kilowatt Case –¥–æ–±–∞–≤–ª–µ–Ω –≤ –±–¥
2025-12-09 18:11:40 | INFO | market | User updated skins | update_skins function
2025-12-09 18:11:40 | INFO | market | –°–∫–∏–Ω Kilowatt Case –¥–æ–±–∞–≤–ª–µ–Ω –≤ –±–¥
2025-12-09 18:11:40 | INFO | market | User updated skins | update_skins function
2025-12-09 18:11:40 | INFO | market | –°–∫–∏–Ω Recoil Case –¥–æ–±–∞–≤–ª–µ–Ω –≤ –±–¥
2025-12-09 18:11:40 | INFO | market | User updated skins | update_skins function
2025-12-09 18:11:40 | INFO | market | –°–∫–∏–Ω Recoil Case –¥–æ–±–∞–≤–ª–µ–Ω –≤ –±–¥
2025-12-09 18:11:40 | INFO | market | User updated skins | update_skins function
2025-12-09 18:11:40 | INFO | market | –°–∫–∏–Ω Recoil Case –¥–æ–±–∞–≤–ª–µ–Ω –≤ –±–¥
2025-12-09 18:11:40 | INFO | market | User updated skins | update_skins function
2025-12-09 18:11:40 | INFO | market | –°–∫–∏–Ω Sealed Genesis Terminal –¥–æ–±–∞–≤–ª–µ–Ω –≤ –±–¥
2025-12-09 18:11:40 | INFO | market | User updated skins | update_skins function
2025-12-09 18:11:40 | INFO | market | –°–∫–∏–Ω Sealed Genesis Terminal –¥–æ–±–∞–≤–ª–µ–Ω –≤ –±–¥
2025-12-09 18:11:40 | INFO | market | User updated skins | update_skins function
2025-12-09 18:11:40 | INFO | market | –°–∫–∏–Ω Revolution Case –¥–æ–±–∞–≤–ª–µ–Ω –≤ –±–¥
2025-12-09 18:11:40 | INFO | market | User updated skins | update_skins function
2025-12-09 18:11:40 | INFO | market | –°–∫–∏–Ω Revolution Case –¥–æ–±–∞–≤–ª–µ–Ω –≤ –±–¥
2025-12-09 18:11:40 | INFO | market | User updated skins | update_skins function
2025-12-09 18:11:40 | INFO | market | –°–∫–∏–Ω Revolution Case –¥–æ–±–∞–≤–ª–µ–Ω –≤ –±–¥
2025-12-09 18:11:40 | INFO | market | User updated skins | update_skins function
2025-12-09 18:11:40 | INFO | market | –°–∫–∏–Ω Revolution Case –¥–æ–±–∞–≤–ª–µ–Ω –≤ –±–¥
2025-12-09 18:11:40 | INFO | market | User updated skins | update_skins function
2025-12-09 18:11:40 | INFO | market | –°–∫–∏–Ω Revolution Case –¥–æ–±–∞–≤–ª–µ–Ω –≤ –±–¥
2025-12-09 18:11:40 | INFO | market | User updated skins | update_skins function
2025-12-09 18:11:40 | INFO | market | –°–∫–∏–Ω Dreams & Nightmares Case –¥–æ–±–∞–≤–ª–µ–Ω –≤ –±–¥
2025-12-09 18:11:40 | INFO | market | User updated skins | update_skins function
2025-12-09 18:11:40 | INFO | market | –°–∫–∏–Ω Dreams & Nightmares Case –¥–æ–±–∞–≤–ª–µ–Ω –≤ –±–¥
2025-12-09 18:11:40 | INFO | market | User updated skins | update_skins function
2025-12-09 18:11:40 | INFO | market | –°–∫–∏–Ω Dreams & Nightmares Case –¥–æ–±–∞–≤–ª–µ–Ω –≤ –±–¥
2025-12-09 18:11:40 | INFO | market | User updated skins | update_skins function
2025-12-09 18:11:40 | INFO | market | –°–∫–∏–Ω Dreams & Nightmares Case –¥–æ–±–∞–≤–ª–µ–Ω –≤ –±–¥
2025-12-09 18:11:40 | INFO | market | User updated skins | update_skins function
2025-12-09 18:11:40 | INFO | market | –°–∫–∏–Ω SG 553 | Integrale (Factory New) –¥–æ–±–∞–≤–ª–µ–Ω –≤ –±–¥
2025-12-09 18:11:40 | INFO | market | User updated skins | update_skins function
2025-12-09 18:11:40 | INFO | market | –°–∫–∏–Ω Tec-9 | Army Mesh (Field-Tested) –¥–æ–±–∞–≤–ª–µ–Ω –≤ –±–¥
2025-12-09 18:11:40 | INFO | market | User updated skins | update_skins function
2025-12-09 18:11:40 | INFO | market | –°–∫–∏–Ω Tec-9 | Army Mesh (Field-Tested) –¥–æ–±–∞–≤–ª–µ–Ω –≤ –±–¥
2025-12-09 18:11:40 | INFO | market | User updated skins | update_skins function
2025-12-09 18:11:40 | INFO | market | –°–∫–∏–Ω Tec-9 | Army Mesh (Field-Tested) –¥–æ–±–∞–≤–ª–µ–Ω –≤ –±–¥
2025-12-09 18:11:40 | INFO | market | User updated skins | update_skins function
2025-12-09 18:11:40 | INFO | market | –°–∫–∏–Ω AUG | Sweeper (Field-Tested) –¥–æ–±–∞–≤–ª–µ–Ω –≤ –±–¥
2025-12-09 18:11:40 | INFO | market | User updated skins | update_skins function
2025-12-09 18:11:40 | INFO | market | –°–∫–∏–Ω SCAR-20 | Contractor (Field-Tested) –¥–æ–±–∞–≤–ª–µ–Ω –≤ –±–¥
2025-12-09 18:11:40 | INFO | market | User updated skins | update_skins function
2025-12-09 18:11:40 | INFO | market | –°–∫–∏–Ω SSG 08 | Green Ceramic (Field-Tested) –¥–æ–±–∞–≤–ª–µ–Ω –≤ –±–¥
2025-12-09 18:11:40 | INFO | market | User updated skins | update_skins function
2025-12-09 18:11:40 | INFO | market | –°–∫–∏–Ω MP9 | Pine (Battle-Scarred) –¥–æ–±–∞–≤–ª–µ–Ω –≤ –±–¥
2025-12-09 18:11:40 | INFO | market | User updated skins | update_skins function
2025-12-09 18:11:40 | INFO | market | –°–∫–∏–Ω MP7 | Army Recon (Well-Worn) –¥–æ–±–∞–≤–ª–µ–Ω –≤ –±–¥
2025-12-09 18:11:40 | INFO | market | User updated skins | update_skins function
2025-12-09 18:11:40 | INFO | market | –°–∫–∏–Ω MP7 | Army Recon (Well-Worn) –¥–æ–±–∞–≤–ª–µ–Ω –≤ –±–¥
2025-12-09 18:11:40 | INFO | market | User updated skins | update_skins function
2025-12-09 18:11:40 | INFO | market | –°–∫–∏–Ω MAG-7 | Rust Coat (Minimal Wear) –¥–æ–±–∞–≤–ª–µ–Ω –≤ –±–¥
2025-12-09 18:11:40 | INFO | market | User updated skins | update_skins function
2025-12-09 18:11:40 | INFO | market | –°–∫–∏–Ω MP9 | Buff Blue (Field-Tested) –¥–æ–±–∞–≤–ª–µ–Ω –≤ –±–¥
2025-12-09 18:11:40 | INFO | market | User updated skins | update_skins function
2025-12-09 18:11:40 | INFO | market | –°–∫–∏–Ω P250 | Plum Netting (Minimal Wear) –¥–æ–±–∞–≤–ª–µ–Ω –≤ –±–¥
2025-12-09 18:11:40 | INFO | market | User updated skins | update_skins function
2025-12-09 18:11:40 | INFO | market | –°–∫–∏–Ω Tec-9 | Army Mesh (Battle-Scarred) –¥–æ–±–∞–≤–ª–µ–Ω –≤ –±–¥
2025-12-09 18:11:40 | INFO | market | User updated skins | update_skins function
2025-12-09 18:11:40 | INFO | market | –°–∫–∏–Ω MP7 | Short Ochre (Field-Tested) –¥–æ–±–∞–≤–ª–µ–Ω –≤ –±–¥
2025-12-09 18:11:40 | INFO | market | User updated skins | update_skins function
2025-12-09 18:11:40 | INFO | market | –°–∫–∏–Ω MP7 | Short Ochre (Field-Tested) –¥–æ–±–∞–≤–ª–µ–Ω –≤ –±–¥
2025-12-09 18:11:40 | INFO | market | User updated skins | update_skins function
2025-12-09 18:11:40 | INFO | market | –°–∫–∏–Ω MP7 | Short Ochre (Field-Tested) –¥–æ–±–∞–≤–ª–µ–Ω –≤ –±–¥
2025-12-09 18:11:40 | INFO | market | User updated skins | update_skins function
2025-12-09 18:11:40 | INFO | market | –°–∫–∏–Ω MP7 | Short Ochre (Field-Tested) –¥–æ–±–∞–≤–ª–µ–Ω –≤ –±–¥
2025-12-09 18:11:40 | INFO | market | User updated skins | update_skins function
2025-12-09 18:11:40 | INFO | market | –°–∫–∏–Ω Nova | Mandrel (Factory New) –¥–æ–±–∞–≤–ª–µ–Ω –≤ –±–¥
2025-12-09 18:11:40 | INFO | market | User updated skins | update_skins function
2025-12-09 18:11:40 | INFO | market | –°–∫–∏–Ω Tec-9 | VariCamo (Field-Tested) –¥–æ–±–∞–≤–ª–µ–Ω –≤ –±–¥
2025-12-09 18:11:40 | INFO | market | User updated skins | update_skins function
2025-12-09 18:11:40 | INFO | market | –°–∫–∏–Ω Five-SeveN | Coolant (Factory New) –¥–æ–±–∞–≤–ª–µ–Ω –≤ –±–¥
2025-12-09 18:11:40 | INFO | market | User updated skins | update_skins function
2025-12-09 18:11:40 | INFO | market | –°–∫–∏–Ω MAC-10 | Calf Skin (Minimal Wear) –¥–æ–±–∞–≤–ª–µ–Ω –≤ –±–¥
2025-12-09 18:11:40 | INFO | market | User updated skins | update_skins function
2025-12-09 18:11:40 | INFO | market | –°–∫–∏–Ω USP-S | Forest Leaves (Minimal Wear) –¥–æ–±–∞–≤–ª–µ–Ω –≤ –±–¥
2025-12-09 18:11:40 | INFO | market | User updated skins | update_skins function
2025-12-09 18:11:40 | INFO | market | –°–∫–∏–Ω Tec-9 | VariCamo (Factory New) –¥–æ–±–∞–≤–ª–µ–Ω –≤ –±–¥
2025-12-09 18:11:40 | INFO | market | User updated skins | update_skins function
2025-12-09 18:11:40 | INFO | market | –°–∫–∏–Ω FAMAS | Teardown (Field-Tested) –¥–æ–±–∞–≤–ª–µ–Ω –≤ –±–¥
2025-12-09 18:11:40 | INFO | market | User updated skins | update_skins function
2025-12-09 18:11:40 | INFO | market | –°–∫–∏–Ω Galil AR | O-Ranger (Minimal Wear) –¥–æ–±–∞–≤–ª–µ–Ω –≤ –±–¥
2025-12-09 18:11:40 | INFO | market | User updated skins | update_skins function
2025-12-09 18:11:40 | INFO | market | –°–∫–∏–Ω R8 Revolver | Leafhopper (Minimal Wear) –¥–æ–±–∞–≤–ª–µ–Ω –≤ –±–¥
2025-12-09 18:11:40 | INFO | market | User updated skins | update_skins function
2025-12-09 18:11:40 | INFO | market | –°–∫–∏–Ω MAC-10 | Acid Hex (Minimal Wear) –¥–æ–±–∞–≤–ª–µ–Ω –≤ –±–¥
2025-12-09 18:11:40 | INFO | market | User updated skins | update_skins function
2025-12-09 18:11:40 | INFO | market | –°–∫–∏–Ω SG 553 | Basket Halftone (Factory New) –¥–æ–±–∞–≤–ª–µ–Ω –≤ –±–¥
2025-12-09 18:11:40 | INFO | market | User updated skins | update_skins function
2025-12-09 18:11:40 | INFO | market | –°–∫–∏–Ω PP-Bizon | Brass (Minimal Wear) –¥–æ–±–∞–≤–ª–µ–Ω –≤ –±–¥
2025-12-09 18:11:40 | INFO | market | User updated skins | update_skins function
2025-12-09 18:11:40 | INFO | market | –°–∫–∏–Ω SSG 08 | Blue Spruce (Field-Tested) –¥–æ–±–∞–≤–ª–µ–Ω –≤ –±–¥
2025-12-09 18:11:40 | INFO | market | User updated skins | update_skins function
2025-12-09 18:11:40 | INFO | market | –°–∫–∏–Ω SCAR-20 | Contractor (Field-Tested) –¥–æ–±–∞–≤–ª–µ–Ω –≤ –±–¥
2025-12-09 18:11:40 | INFO | market | User updated skins | update_skins function
2025-12-09 18:11:40 | INFO | market | –°–∫–∏–Ω Nova | Mandrel (Field-Tested) –¥–æ–±–∞–≤–ª–µ–Ω –≤ –±–¥
2025-12-09 18:11:40 | INFO | market | User updated skins | update_skins function
2025-12-09 18:11:40 | INFO | market | –°–∫–∏–Ω P90 | Sand Spray (Field-Tested) –¥–æ–±–∞–≤–ª–µ–Ω –≤ –±–¥
2025-12-09 18:11:40 | INFO | market | User updated skins | update_skins function
2025-12-09 18:11:40 | INFO | market | –°–∫–∏–Ω Dual Berettas | BorDeux (Battle-Scarred) –¥–æ–±–∞–≤–ª–µ–Ω –≤ –±–¥
2025-12-09 18:11:40 | INFO | market | User updated skins | update_skins function
2025-12-09 18:11:40 | INFO | market | –°–∫–∏–Ω USP-S | Forest Leaves (Field-Tested) –¥–æ–±–∞–≤–ª–µ–Ω –≤ –±–¥
2025-12-09 18:11:41 | INFO | market | User updated skins | update_skins function
2025-12-09 18:11:41 | INFO | market | –°–∫–∏–Ω Kilowatt Case –¥–æ–±–∞–≤–ª–µ–Ω –≤ –±–¥
2025-12-09 18:11:41 | INFO | market | User updated skins | update_skins function
2025-12-09 18:11:41 | INFO | market | –°–∫–∏–Ω Kilowatt Case –¥–æ–±–∞–≤–ª–µ–Ω –≤ –±–¥
2025-12-09 18:11:41 | INFO | market | User updated skins | update_skins function
2025-12-09 18:11:41 | INFO | market | –°–∫–∏–Ω Kilowatt Case –¥–æ–±–∞–≤–ª–µ–Ω –≤ –±–¥
2025-12-09 18:11:41 | INFO | market | User updated skins | update_skins function
2025-12-09 18:11:41 | INFO | market | –°–∫–∏–Ω Kilowatt Case –¥–æ–±–∞–≤–ª–µ–Ω –≤ –±–¥
2025-12-09 18:11:41 | INFO | market | User updated skins | update_skins function
2025-12-09 18:11:41 | INFO | market | –°–∫–∏–Ω Kilowatt Case –¥–æ–±–∞–≤–ª–µ–Ω –≤ –±–¥
2025-12-09 18:11:41 | INFO | market | User updated skins | update_skins function
2025-12-09 18:11:41 | INFO | market | –°–∫–∏–Ω Recoil Case –¥–æ–±–∞–≤–ª–µ–Ω –≤ –±–¥
2025-12-09 18:11:41 | INFO | market | User updated skins | update_skins function
2025-12-09 18:11:41 | INFO | market | –°–∫–∏–Ω Recoil Case –¥–æ–±–∞–≤–ª–µ–Ω –≤ –±–¥
2025-12-09 18:11:41 | INFO | market | User updated skins | update_skins function
2025-12-09 18:11:41 | INFO | market | –°–∫–∏–Ω Sealed Genesis Terminal –¥–æ–±–∞–≤–ª–µ–Ω –≤ –±–¥
2025-12-09 18:11:41 | INFO | market | User updated skins | update_skins function
2025-12-09 18:11:41 | INFO | market | –°–∫–∏–Ω Sealed Genesis Terminal –¥–æ–±–∞–≤–ª–µ–Ω –≤ –±–¥
2025-12-09 18:11:41 | INFO | market | User updated skins | update_skins function
2025-12-09 18:11:41 | INFO | market | –°–∫–∏–Ω Revolution Case –¥–æ–±–∞–≤–ª–µ–Ω –≤ –±–¥
2025-12-09 18:11:41 | INFO | market | User updated skins | update_skins function
2025-12-09 18:11:41 | INFO | market | –°–∫–∏–Ω Revolution Case –¥–æ–±–∞–≤–ª–µ–Ω –≤ –±–¥
2025-12-09 18:11:41 | INFO | market | User updated skins | update_skins function
2025-12-09 18:11:41 | INFO | market | –°–∫–∏–Ω Revolution Case –¥–æ–±–∞–≤–ª–µ–Ω –≤ –±–¥
2025-12-09 18:11:41 | INFO | market | User updated skins | update_skins function
2025-12-09 18:11:41 | INFO | market | –°–∫–∏–Ω Revolution Case –¥–æ–±–∞–≤–ª–µ–Ω –≤ –±–¥
2025-12-09 18:11:41 | INFO | market | User updated skins | update_skins function
2025-12-09 18:11:41 | INFO | market | –°–∫–∏–Ω Revolution Case –¥–æ–±–∞–≤–ª–µ–Ω –≤ –±–¥
2025-12-09 18:11:41 | INFO | market | User updated skins | update_skins function
2025-12-09 18:11:41 | INFO | market | –°–∫–∏–Ω Dreams & Nightmares Case –¥–æ–±–∞–≤–ª–µ–Ω –≤ –±–¥
2025-12-09 18:11:41 | INFO | market | User updated skins | update_skins function
2025-12-09 18:11:41 | INFO | market | –°–∫–∏–Ω Dreams & Nightmares Case –¥–æ–±–∞–≤–ª–µ–Ω –≤ –±–¥
2025-12-09 18:11:41 | INFO | market | User updated skins | update_skins function
2025-12-09 18:11:41 | INFO | market | –°–∫–∏–Ω Dreams & Nightmares Case –¥–æ–±–∞–≤–ª–µ–Ω –≤ –±–¥
2025-12-09 18:11:41 | INFO | market | User updated skins | update_skins function
2025-12-09 18:11:41 | INFO | market | –°–∫–∏–Ω Dreams & Nightmares Case –¥–æ–±–∞–≤–ª–µ–Ω –≤ –±–¥
2025-12-09 18:11:41 | INFO | market | User updated skins | update_skins function
2025-12-09 18:11:41 | INFO | market | –°–∫–∏–Ω Dreams & Nightmares Case –¥–æ–±–∞–≤–ª–µ–Ω –≤ –±–¥
2025-12-09 18:11:41 | INFO | market | User updated skins | update_skins function
2025-12-09 18:11:41 | INFO | market | –°–∫–∏–Ω Dreams & Nightmares Case –¥–æ–±–∞–≤–ª–µ–Ω –≤ –±–¥
2025-12-09 18:11:41 | INFO | market | User updated skins | update_skins function
2025-12-09 18:11:41 | INFO | market | –°–∫–∏–Ω Dual Berettas | Contractor (Field-Tested) –¥–æ–±–∞–≤–ª–µ–Ω –≤ –±–¥
2025-12-09 18:11:41 | INFO | market | User updated skins | update_skins function
2025-12-09 18:11:41 | INFO | market | –°–∫–∏–Ω P250 | Facility Draft (Field-Tested) –¥–æ–±–∞–≤–ª–µ–Ω –≤ –±–¥
2025-12-09 18:11:41 | INFO | market | User updated skins | update_skins function
2025-12-09 18:11:41 | INFO | market | –°–∫–∏–Ω AUG | Commando Company (Minimal Wear) –¥–æ–±–∞–≤–ª–µ–Ω –≤ –±–¥
2025-12-09 18:11:41 | INFO | market | User updated skins | update_skins function
2025-12-09 18:11:41 | INFO | market | –°–∫–∏–Ω MAC-10 | Calf Skin (Well-Worn) –¥–æ–±–∞–≤–ª–µ–Ω –≤ –±–¥
2025-12-09 18:11:41 | INFO | market | User updated skins | update_skins function
2025-12-09 18:11:41 | INFO | market | –°–∫–∏–Ω G3SG1 | Red Jasper (Battle-Scarred) –¥–æ–±–∞–≤–ª–µ–Ω –≤ –±–¥
2025-12-09 18:11:41 | INFO | market | User updated skins | update_skins function
2025-12-09 18:11:41 | INFO | market | –°–∫–∏–Ω G3SG1 | Desert Storm (Well-Worn) –¥–æ–±–∞–≤–ª–µ–Ω –≤ –±–¥
2025-12-09 18:11:41 | INFO | market | User updated skins | update_skins function
2025-12-09 18:11:41 | INFO | market | –°–∫–∏–Ω Nova | Marsh Grass (Factory New) –¥–æ–±–∞–≤–ª–µ–Ω –≤ –±–¥
2025-12-09 18:11:41 | INFO | market | User updated skins | update_skins function
2025-12-09 18:11:41 | INFO | market | –°–∫–∏–Ω Tec-9 | Raw Ceramic (Factory New) –¥–æ–±–∞–≤–ª–µ–Ω –≤ –±–¥
2025-12-09 18:11:41 | INFO | market | User updated skins | update_skins function
2025-12-09 18:11:41 | INFO | market | –°–∫–∏–Ω Galil AR | Robin's Egg (Battle-Scarred) –¥–æ–±–∞–≤–ª–µ–Ω –≤ –±–¥
2025-12-09 18:11:41 | INFO | market | User updated skins | update_skins function
2025-12-09 18:11:41 | INFO | market | –°–∫–∏–Ω Tec-9 | Garter-9 (Field-Tested) –¥–æ–±–∞–≤–ª–µ–Ω –≤ –±–¥
2025-12-09 18:11:41 | INFO | market | User updated skins | update_skins function
2025-12-09 18:11:41 | INFO | market | –°–∫–∏–Ω MAC-10 | Acid Hex (Well-Worn) –¥–æ–±–∞–≤–ª–µ–Ω –≤ –±–¥
2025-12-09 18:11:41 | INFO | market | User updated skins | update_skins function
2025-12-09 18:11:41 | INFO | market | –°–∫–∏–Ω R8 Revolver | Leafhopper (Battle-Scarred) –¥–æ–±–∞–≤–ª–µ–Ω –≤ –±–¥
2025-12-09 18:11:41 | INFO | market | User updated skins | update_skins function
2025-12-09 18:11:41 | INFO | market | –°–∫–∏–Ω PP-Bizon | Facility Sketch (Factory New) –¥–æ–±–∞–≤–ª–µ–Ω –≤ –±–¥
2025-12-09 18:11:41 | INFO | market | User updated skins | update_skins function
2025-12-09 18:11:41 | INFO | market | –°–∫–∏–Ω PP-Bizon | Facility Sketch (Factory New) –¥–æ–±–∞–≤–ª–µ–Ω –≤ –±–¥
2025-12-09 18:11:41 | INFO | market | User updated skins | update_skins function
2025-12-09 18:11:41 | INFO | market | –°–∫–∏–Ω MAC-10 | Palm (Battle-Scarred) –¥–æ–±–∞–≤–ª–µ–Ω –≤ –±–¥
2025-12-09 18:11:41 | INFO | market | User updated skins | update_skins function
2025-12-09 18:11:41 | INFO | market | –°–∫–∏–Ω R8 Revolver | Nitro (Well-Worn) –¥–æ–±–∞–≤–ª–µ–Ω –≤ –±–¥
2025-12-09 18:11:41 | INFO | market | User updated skins | update_skins function
2025-12-09 18:11:41 | INFO | market | –°–∫–∏–Ω P250 | Copper Oxide (Minimal Wear) –¥–æ–±–∞–≤–ª–µ–Ω –≤ –±–¥
2025-12-09 18:11:41 | INFO | market | User updated skins | update_skins function
2025-12-09 18:11:41 | INFO | market | –°–∫–∏–Ω Five-SeveN | Autumn Thicket (Factory New) –¥–æ–±–∞–≤–ª–µ–Ω –≤ –±–¥
2025-12-09 18:11:41 | INFO | market | User updated skins | update_skins function
2025-12-09 18:11:41 | INFO | market | –°–∫–∏–Ω P90 | Blue Tac (Battle-Scarred) –¥–æ–±–∞–≤–ª–µ–Ω –≤ –±–¥
2025-12-09 18:11:41 | INFO | market | User updated skins | update_skins function
2025-12-09 18:11:41 | INFO | market | –°–∫–∏–Ω P2000 | Royal Baroque (Well-Worn) –¥–æ–±–∞–≤–ª–µ–Ω –≤ –±–¥
2025-12-09 18:11:41 | INFO | market | User updated skins | update_skins function
2025-12-09 18:11:41 | INFO | market | –°–∫–∏–Ω P250 | Copper Oxide (Battle-Scarred) –¥–æ–±–∞–≤–ª–µ–Ω –≤ –±–¥
2025-12-09 18:11:41 | INFO | market | User updated skins | update_skins function
2025-12-09 18:11:41 | INFO | market | –°–∫–∏–Ω SCAR-20 | Sand Mesh (Battle-Scarred) –¥–æ–±–∞–≤–ª–µ–Ω –≤ –±–¥
2025-12-09 18:11:41 | INFO | market | User updated skins | update_skins function
2025-12-09 18:11:41 | INFO | market | –°–∫–∏–Ω Negev | Raw Ceramic (Well-Worn) –¥–æ–±–∞–≤–ª–µ–Ω –≤ –±–¥
2025-12-09 18:11:41 | INFO | market | User updated skins | update_skins function
2025-12-09 18:11:41 | INFO | market | –°–∫–∏–Ω MP9 | Pine (Minimal Wear) –¥–æ–±–∞–≤–ª–µ–Ω –≤ –±–¥
2025-12-09 18:11:41 | INFO | market | User updated skins | update_skins function
2025-12-09 18:11:41 | INFO | market | –°–∫–∏–Ω PP-Bizon | Wood Block Camo (Factory New) –¥–æ–±–∞–≤–ª–µ–Ω –≤ –±–¥
2025-12-09 18:11:41 | INFO | market | User updated skins | update_skins function
2025-12-09 18:11:41 | INFO | market | –°–∫–∏–Ω Five-SeveN | Autumn Thicket (Minimal Wear) –¥–æ–±–∞–≤–ª–µ–Ω –≤ –±–¥
2025-12-09 18:11:41 | INFO | market | User updated skins | update_skins function
2025-12-09 18:11:41 | INFO | market | –°–∫–∏–Ω UMP-45 | Green Swirl (Factory New) –¥–æ–±–∞–≤–ª–µ–Ω –≤ –±–¥
2025-12-09 18:11:41 | INFO | market | User updated skins | update_skins function
2025-12-09 18:11:41 | INFO | market | –°–∫–∏–Ω MAC-10 | Palm (Minimal Wear) –¥–æ–±–∞–≤–ª–µ–Ω –≤ –±–¥
2025-12-09 18:11:41 | INFO | market | User updated skins | update_skins function
2025-12-09 18:11:41 | INFO | market | –°–∫–∏–Ω SSG 08 | Blush Pour (Minimal Wear) –¥–æ–±–∞–≤–ª–µ–Ω –≤ –±–¥
2025-12-09 18:11:41 | INFO | market | User updated skins | update_skins function
2025-12-09 18:11:41 | INFO | market | –°–∫–∏–Ω P250 | Copper Oxide (Battle-Scarred) –¥–æ–±–∞–≤–ª–µ–Ω –≤ –±–¥
2025-12-09 18:11:41 | INFO | market | User updated skins | update_skins function
2025-12-09 18:11:41 | INFO | market | –°–∫–∏–Ω MAG-7 | Copper Oxide (Minimal Wear) –¥–æ–±–∞–≤–ª–µ–Ω –≤ –±–¥
2025-12-09 18:11:41 | INFO | market | User updated skins | update_skins function
2025-12-09 18:11:41 | INFO | market | –°–∫–∏–Ω Galil AR | Robin's Egg (Field-Tested) –¥–æ–±–∞–≤–ª–µ–Ω –≤ –±–¥
2025-12-09 18:11:41 | INFO | market | User updated skins | update_skins function
2025-12-09 18:11:41 | INFO | market | –°–∫–∏–Ω MP5-SD | Lime Hex (Minimal Wear) –¥–æ–±–∞–≤–ª–µ–Ω –≤ –±–¥
Traceback (most recent call last):
  File "/usr/lib/python3.13/asyncio/runners.py", line 118, in run
    return self._loop.run_until_complete(task)
           ~~~~~~~~~~~~~~~~~~~~~~~~~~~~~^^^^^^
  File "/usr/lib/python3.13/asyncio/base_events.py", line 725, in run_until_complete
    return future.result()
           ~~~~~~~~~~~~~^^
  File "/home/alex/dev/python/CS_market_sell/src/app_del.py", line 41, in main
    await asyncio.sleep(1)
  File "/usr/lib/python3.13/asyncio/tasks.py", line 718, in sleep
    return await future
           ^^^^^^^^^^^^
asyncio.exceptions.CancelledError

During handling of the above exception, another exception occurred:

Traceback (most recent call last):
  File "/home/alex/dev/python/CS_market_sell/src/app_del.py", line 48, in <module>
    asyncio.run(main())
    ~~~~~~~~~~~^^^^^^^^
  File "/usr/lib/python3.13/asyncio/runners.py", line 195, in run
    return runner.run(main)
           ~~~~~~~~~~^^^^^^
  File "/usr/lib/python3.13/asyncio/runners.py", line 123, in run
    raise KeyboardInterrupt()
KeyboardInterrupt
O | market | –£ –ø–æ–ª—å–∑–æ–≤–∞—Ç–µ–ª—è —Å id 4 –Ω–µ –Ω–∞—à–ª–æ—Å—å —Å–∫–∏–Ω–æ–≤ –Ω–∞ —É–¥–∞–ª–µ–Ω–∏–µ
2025-12-09 18:11:40 | INFO | market | –°–∫–∏–Ω —Å –∞–π–¥–∏ f22744406492 –±—ã–ª —É–¥–∞–ª–µ–Ω —Å –±–∞–∑—ã –¥–∞–Ω–Ω—ã—Ö
2025-12-09 18:11:40 | INFO | market | –£ –ø–æ–ª—å–∑–æ–≤–∞—Ç–µ–ª—è —Å id 4 –Ω–µ –Ω–∞—à–ª–æ—Å—å —Å–∫–∏–Ω–æ–≤ –Ω–∞ —É–¥–∞–ª–µ–Ω–∏–µ
2025-12-09 18:11:40 | INFO | market | –°–∫–∏–Ω —Å –∞–π–¥–∏ f22736249179 –±—ã–ª —É–¥–∞–ª–µ–Ω —Å –±–∞–∑—ã –¥–∞–Ω–Ω—ã—Ö
2025-12-09 18:11:40 | INFO | market | –£ –ø–æ–ª—å–∑–æ–≤–∞—Ç–µ–ª—è —Å id 4 –Ω–µ –Ω–∞—à–ª–æ—Å—å —Å–∫–∏–Ω–æ–≤ –Ω–∞ —É–¥–∞–ª–µ–Ω–∏–µ
2025-12-09 18:11:40 | INFO | market | –°–∫–∏–Ω —Å –∞–π–¥–∏ f22732587525 –±—ã–ª —É–¥–∞–ª–µ–Ω —Å –±–∞–∑—ã –¥–∞–Ω–Ω—ã—Ö
2025-12-09 18:11:40 | INFO | market | –£ –ø–æ–ª—å–∑–æ–≤–∞—Ç–µ–ª—è —Å id 4 –Ω–µ –Ω–∞—à–ª–æ—Å—å —Å–∫–∏–Ω–æ–≤ –Ω–∞ —É–¥–∞–ª–µ–Ω–∏–µ
2025-12-09 18:11:40 | INFO | market | –°–∫–∏–Ω —Å –∞–π–¥–∏ f22732561306 –±—ã–ª —É–¥–∞–ª–µ–Ω —Å –±–∞–∑—ã –¥–∞–Ω–Ω—ã—Ö
2025-12-09 18:11:40 | INFO | market | –£ –ø–æ–ª—å–∑–æ–≤–∞—Ç–µ–ª—è —Å id 4 –Ω–µ –Ω–∞—à–ª–æ—Å—å —Å–∫–∏–Ω–æ–≤ –Ω–∞ —É–¥–∞–ª–µ–Ω–∏–µ
2025-12-09 18:11:40 | INFO | market | User updated skins | update_skins function
2025-12-09 18:11:40 | INFO | market | –°–∫–∏–Ω Sticker | Ninjas in Pyjamas | 2020 RMR –¥–æ–±–∞–≤–ª–µ–Ω –≤ –±–¥
2025-12-09 18:11:40 | INFO | market | User updated skins | update_skins function
2025-12-09 18:11:40 | INFO | market | –°–∫–∏–Ω Sticker | Ninjas in Pyjamas | 2020 RMR –¥–æ–±–∞–≤–ª–µ–Ω –≤ –±–¥
2025-12-09 18:11:40 | INFO | market | User updated skins | update_skins function
2025-12-09 18:11:40 | INFO | market | –°–∫–∏–Ω Sticker | Ninjas in Pyjamas | 2020 RMR –¥–æ–±–∞–≤–ª–µ–Ω –≤ –±–¥
2025-12-09 18:11:40 | INFO | market | User updated skins | update_skins function
2025-12-09 18:11:40 | INFO | market | –°–∫–∏–Ω Sticker | Ninjas in Pyjamas | 2020 RMR –¥–æ–±–∞–≤–ª–µ–Ω –≤ –±–¥
2025-12-09 18:11:40 | INFO | market | User updated skins | update_skins function
2025-12-09 18:11:40 | INFO | market | –°–∫–∏–Ω Sticker | Ninjas in Pyjamas | 2020 RMR –¥–æ–±–∞–≤–ª–µ–Ω –≤ –±–¥
2025-12-09 18:11:40 | INFO | market | User updated skins | update_skins function
2025-12-09 18:11:40 | INFO | market | –°–∫–∏–Ω Sticker | Ninjas in Pyjamas | 2020 RMR –¥–æ–±–∞–≤–ª–µ–Ω –≤ –±–¥
2025-12-09 18:11:40 | INFO | market | User updated skins | update_skins function
2025-12-09 18:11:40 | INFO | market | –°–∫–∏–Ω Sticker | Ninjas in Pyjamas | 2020 RMR –¥–æ–±–∞–≤–ª–µ–Ω –≤ –±–¥
2025-12-09 18:11:40 | INFO | market | User updated skins | update_skins function
2025-12-09 18:11:40 | INFO | market | –°–∫–∏–Ω Sticker | Ninjas in Pyjamas | 2020 RMR –¥–æ–±–∞–≤–ª–µ–Ω –≤ –±–¥
2025-12-09 18:11:40 | INFO | market | User updated skins | update_skins function
2025-12-09 18:11:40 | INFO | market | –°–∫–∏–Ω Sticker | Ninjas in Pyjamas | 2020 RMR –¥–æ–±–∞–≤–ª–µ–Ω –≤ –±–¥
2025-12-09 18:11:40 | INFO | market | User updated skins | update_skins function
2025-12-09 18:11:40 | INFO | market | –°–∫–∏–Ω Sticker | G2 | 2020 RMR –¥–æ–±–∞–≤–ª–µ–Ω –≤ –±–¥
2025-12-09 18:11:40 | INFO | market | User updated skins | update_skins function
2025-12-09 18:11:40 | INFO | market | –°–∫–∏–Ω Sticker | Ninjas in Pyjamas | 2020 RMR –¥–æ–±–∞–≤–ª–µ–Ω –≤ –±–¥
2025-12-09 18:11:41 | INFO | market | User updated skins | update_skins function
2025-12-09 18:11:41 | INFO | market | –°–∫–∏–Ω Sticker | Ninjas in Pyjamas | 2020 RMR –¥–æ–±–∞–≤–ª–µ–Ω –≤ –±–¥
2025-12-09 18:11:41 | INFO | market | User updated skins | update_skins function
2025-12-09 18:11:41 | INFO | market | –°–∫–∏–Ω Sticker | Ninjas in Pyjamas | 2020 RMR –¥–æ–±–∞–≤–ª–µ–Ω –≤ –±–¥
2025-12-09 18:11:41 | INFO | market | User updated skins | update_skins function
2025-12-09 18:11:41 | INFO | market | –°–∫–∏–Ω Sticker | Ninjas in Pyjamas | 2020 RMR –¥–æ–±–∞–≤–ª–µ–Ω –≤ –±–¥
2025-12-09 18:11:41 | INFO | market | User updated skins | update_skins function
2025-12-09 18:11:41 | INFO | market | –°–∫–∏–Ω Sticker | Ninjas in Pyjamas | 2020 RMR –¥–æ–±–∞–≤–ª–µ–Ω –≤ –±–¥
2025-12-09 18:11:41 | INFO | market | User updated skins | update_skins function
2025-12-09 18:11:41 | INFO | market | –°–∫–∏–Ω Sticker | Ninjas in Pyjamas | 2020 RMR –¥–æ–±–∞–≤–ª–µ–Ω –≤ –±–¥
2025-12-09 18:11:41 | INFO | market | User updated skins | update_skins function
2025-12-09 18:11:41 | INFO | market | –°–∫–∏–Ω Sticker | Ninjas in Pyjamas | 2020 RMR –¥–æ–±–∞–≤–ª–µ–Ω –≤ –±–¥
2025-12-09 18:11:41 | INFO | market | User updated skins | update_skins function
2025-12-09 18:11:41 | INFO | market | –°–∫–∏–Ω Sticker | Ninjas in Pyjamas | 2020 RMR –¥–æ–±–∞–≤–ª–µ–Ω –≤ –±–¥
2025-12-09 18:11:41 | INFO | market | User updated skins | update_skins function
2025-12-09 18:11:41 | INFO | market | –°–∫–∏–Ω Sticker | Ninjas in Pyjamas | 2020 RMR –¥–æ–±–∞–≤–ª–µ–Ω –≤ –±–¥
2025-12-09 18:11:41 | INFO | market | User updated skins | update_skins function
2025-12-09 18:11:41 | INFO | market | –°–∫–∏–Ω Sticker | Ninjas in Pyjamas | 2020 RMR –¥–æ–±–∞–≤–ª–µ–Ω –≤ –±–¥
2025-12-09 18:11:41 | INFO | market | User updated skins | update_skins function
2025-12-09 18:11:41 | INFO | market | –°–∫–∏–Ω Sticker | Ninjas in Pyjamas | 2020 RMR –¥–æ–±–∞–≤–ª–µ–Ω –≤ –±–¥
2025-12-09 18:11:41 | INFO | market | User updated skins | update_skins function
2025-12-09 18:11:41 | INFO | market | –°–∫–∏–Ω Sticker | Ninjas in Pyjamas | 2020 RMR –¥–æ–±–∞–≤–ª–µ–Ω –≤ –±–¥
2025-12-09 18:11:41 | INFO | market | User updated skins | update_skins function
2025-12-09 18:11:41 | INFO | market | –°–∫–∏–Ω Sticker | Ninjas in Pyjamas | 2020 RMR –¥–æ–±–∞–≤–ª–µ–Ω –≤ –±–¥
2025-12-09 18:11:41 | INFO | market | User updated skins | update_skins function
2025-12-09 18:11:41 | INFO | market | –°–∫–∏–Ω Sticker | Ninjas in Pyjamas | 2020 RMR –¥–æ–±–∞–≤–ª–µ–Ω –≤ –±–¥
2025-12-09 18:11:41 | INFO | market | User updated skins | update_skins function
2025-12-09 18:11:41 | INFO | market | –°–∫–∏–Ω Sticker | Ninjas in Pyjamas | 2020 RMR –¥–æ–±–∞–≤–ª–µ–Ω –≤ –±–¥
2025-12-09 18:11:41 | INFO | market | User updated skins | update_skins function
2025-12-09 18:11:41 | INFO | market | –°–∫–∏–Ω Sticker | Ninjas in Pyjamas | 2020 RMR –¥–æ–±–∞–≤–ª–µ–Ω –≤ –±–¥
2025-12-09 18:11:41 | INFO | market | User updated skins | update_skins function
2025-12-09 18:11:41 | INFO | market | –°–∫–∏–Ω Sticker | Ninjas in Pyjamas | 2020 RMR –¥–æ–±–∞–≤–ª–µ–Ω –≤ –±–¥
2025-12-09 18:11:41 | INFO | market | User updated skins | update_skins function
2025-12-09 18:11:41 | INFO | market | –°–∫–∏–Ω Sticker | Ninjas in Pyjamas | 2020 RMR –¥–æ–±–∞–≤–ª–µ–Ω –≤ –±–¥
2025-12-09 18:11:41 | INFO | market | User updated skins | update_skins function
2025-12-09 18:11:41 | INFO | market | –°–∫–∏–Ω Sticker | Ninjas in Pyjamas | 2020 RMR –¥–æ–±–∞–≤–ª–µ–Ω –≤ –±–¥
2025-12-09 18:11:41 | INFO | market | User updated skins | update_skins function
2025-12-09 18:11:41 | INFO | market | –°–∫–∏–Ω Sticker | Ninjas in Pyjamas | 2020 RMR –¥–æ–±–∞–≤–ª–µ–Ω –≤ –±–¥
2025-12-09 18:11:41 | INFO | market | User updated skins | update_skins function
2025-12-09 18:11:41 | INFO | market | –°–∫–∏–Ω Sticker | G2 | 2020 RMR –¥–æ–±–∞–≤–ª–µ–Ω –≤ –±–¥
2025-12-09 18:11:41 | INFO | market | User updated skins | update_skins function
2025-12-09 18:11:41 | INFO | market | –°–∫–∏–Ω Sticker | Ninjas in Pyjamas | 2020 RMR –¥–æ–±–∞–≤–ª–µ–Ω –≤ –±–¥
2025-12-09 18:11:41 | INFO | market | User updated skins | update_skins function
2025-12-09 18:11:41 | INFO | market | –°–∫–∏–Ω Sticker | Ninjas in Pyjamas | 2020 RMR –¥–æ–±–∞–≤–ª–µ–Ω –≤ –±–¥
2025-12-09 18:11:41 | INFO | market | User updated skins | update_skins function
2025-12-09 18:11:41 | INFO | market | –°–∫–∏–Ω Sticker | Ninjas in Pyjamas | 2020 RMR –¥–æ–±–∞–≤–ª–µ–Ω –≤ –±–¥
2025-12-09 18:11:41 | INFO | market | User updated skins | update_skins function
2025-12-09 18:11:41 | INFO | market | –°–∫–∏–Ω Sticker | Liquid (Holo) | 2020 RMR –¥–æ–±–∞–≤–ª–µ–Ω –≤ –±–¥
2025-12-09 18:11:41 | INFO | market | User updated skins | update_skins function
2025-12-09 18:11:41 | INFO | market | –°–∫–∏–Ω Sticker | G2 | 2020 RMR –¥–æ–±–∞–≤–ª–µ–Ω –≤ –±–¥
2025-12-09 18:11:41 | INFO | market | User updated skins | update_skins function
2025-12-09 18:11:41 | INFO | market | –°–∫–∏–Ω Sticker | G2 | 2020 RMR –¥–æ–±–∞–≤–ª–µ–Ω –≤ –±–¥
2025-12-09 18:11:41 | INFO | market | User updated skins | update_skins function
2025-12-09 18:11:41 | INFO | market | –°–∫–∏–Ω Sticker | G2 | 2020 RMR –¥–æ–±–∞–≤–ª–µ–Ω –≤ –±–¥
2025-12-09 18:11:41 | INFO | market | User updated skins | update_skins function
2025-12-09 18:11:41 | INFO | market | –°–∫–∏–Ω Sticker | Spirit | 2020 RMR –¥–æ–±–∞–≤–ª–µ–Ω –≤ –±–¥
2025-12-09 18:11:41 | INFO | market | User updated skins | update_skins function
2025-12-09 18:11:41 | INFO | market | –°–∫–∏–Ω Sticker | Spirit | 2020 RMR –¥–æ–±–∞–≤–ª–µ–Ω –≤ –±–¥
2025-12-09 18:11:41 | INFO | market | User updated skins | update_skins function
2025-12-09 18:11:41 | INFO | market | –°–∫–∏–Ω Sticker | OG | 2020 RMR –¥–æ–±–∞–≤–ª–µ–Ω –≤ –±–¥
2025-12-09 18:11:41 | INFO | market | User updated skins | update_skins function
2025-12-09 18:11:41 | INFO | market | –°–∫–∏–Ω Sticker | Evil Geniuses | 2020 RMR –¥–æ–±–∞–≤–ª–µ–Ω –≤ –±–¥
2025-12-09 18:11:41 | INFO | market | User updated skins | update_skins function
2025-12-09 18:11:41 | INFO | market | –°–∫–∏–Ω Sticker | Vitality | 2020 RMR –¥–æ–±–∞–≤–ª–µ–Ω –≤ –±–¥
2025-12-09 18:11:41 | INFO | market | User updated skins | update_skins function
2025-12-09 18:11:41 | INFO | market | –°–∫–∏–Ω Sticker | Vitality | 2020 RMR –¥–æ–±–∞–≤–ª–µ–Ω –≤ –±–¥
2025-12-09 18:11:41 | INFO | market | User updated skins | update_skins function
2025-12-09 18:11:41 | INFO | market | –°–∫–∏–Ω Sticker | Evil Geniuses (Holo) | 2020 RMR –¥–æ–±–∞–≤–ª–µ–Ω –≤ –±–¥
2025-12-09 18:11:41 | INFO | market | User updated skins | update_skins function
2025-12-09 18:11:41 | INFO | market | –°–∫–∏–Ω Sticker | Ninjas in Pyjamas | 2020 RMR –¥–æ–±–∞–≤–ª–µ–Ω –≤ –±–¥
2025-12-09 18:11:41 | INFO | market | User updated skins | update_skins function
2025-12-09 18:11:41 | INFO | market | –°–∫–∏–Ω Sticker | Ninjas in Pyjamas | 2020 RMR –¥–æ–±–∞–≤–ª–µ–Ω –≤ –±–¥
2025-12-09 18:11:41 | INFO | market | User updated skins | update_skins function
2025-12-09 18:11:41 | INFO | market | –°–∫–∏–Ω Sticker | Ninjas in Pyjamas | 2020 RMR –¥–æ–±–∞–≤–ª–µ–Ω –≤ –±–¥
2025-12-09 18:11:41 | INFO | market | User updated skins | update_skins function
2025-12-09 18:11:41 | INFO | market | –°–∫–∏–Ω Sticker | Ninjas in Pyjamas | 2020 RMR –¥–æ–±–∞–≤–ª–µ–Ω –≤ –±–¥
2025-12-09 18:11:41 | INFO | market | User updated skins | update_skins function
2025-12-09 18:11:41 | INFO | market | –°–∫–∏–Ω Sticker | Ninjas in Pyjamas | 2020 RMR –¥–æ–±–∞–≤–ª–µ–Ω –≤ –±–¥
2025-12-09 18:11:41 | INFO | market | User updated skins | update_skins function
2025-12-09 18:11:41 | INFO | market | –°–∫–∏–Ω Sticker | Ninjas in Pyjamas | 2020 RMR –¥–æ–±–∞–≤–ª–µ–Ω –≤ –±–¥
2025-12-09 18:11:41 | INFO | market | User updated skins | update_skins function
2025-12-09 18:11:41 | INFO | market | –°–∫–∏–Ω Sticker | Ninjas in Pyjamas | 2020 RMR –¥–æ–±–∞–≤–ª–µ–Ω –≤ –±–¥
2025-12-09 18:11:41 | INFO | market | User updated skins | update_skins function
2025-12-09 18:11:41 | INFO | market | –°–∫–∏–Ω Sticker | Ninjas in Pyjamas | 2020 RMR –¥–æ–±–∞–≤–ª–µ–Ω –≤ –±–¥
2025-12-09 18:11:41 | INFO | market | User updated skins | update_skins function
2025-12-09 18:11:41 | INFO | market | –°–∫–∏–Ω Sticker | Ninjas in Pyjamas | 2020 RMR –¥–æ–±–∞–≤–ª–µ–Ω –≤ –±–¥
2025-12-09 18:11:41 | INFO | market | User updated skins | update_skins function
2025-12-09 18:11:41 | INFO | market | –°–∫–∏–Ω Sticker | Ninjas in Pyjamas | 2020 RMR –¥–æ–±–∞–≤–ª–µ–Ω –≤ –±–¥
2025-12-09 18:11:41 | INFO | market | User updated skins | update_skins function
2025-12-09 18:11:41 | INFO | market | –°–∫–∏–Ω Sticker | Ninjas in Pyjamas | 2020 RMR –¥–æ–±–∞–≤–ª–µ–Ω –≤ –±–¥
2025-12-09 18:11:41 | INFO | market | User updated skins | update_skins function
2025-12-09 18:11:41 | INFO | market | –°–∫–∏–Ω Sticker | Astralis (Holo) | 2020 RMR –¥–æ–±–∞–≤–ª–µ–Ω –≤ –±–¥
2025-12-09 18:11:41 | INFO | market | User updated skins | update_skins function
2025-12-09 18:11:41 | INFO | market | –°–∫–∏–Ω Sticker | Astralis | 2020 RMR –¥–æ–±–∞–≤–ª–µ–Ω –≤ –±–¥
2025-12-09 18:11:41 | INFO | market | User updated skins | update_skins function
2025-12-09 18:11:41 | INFO | market | –°–∫–∏–Ω Sticker | Astralis | 2020 RMR –¥–æ–±–∞–≤–ª–µ–Ω –≤ –±–¥
2025-12-09 18:11:41 | INFO | market | User updated skins | update_skins function
2025-12-09 18:11:41 | INFO | market | –°–∫–∏–Ω Sticker | Astralis | 2020 RMR –¥–æ–±–∞–≤–ª–µ–Ω –≤ –±–¥
2025-12-09 18:11:41 | INFO | market | User updated skins | update_skins function
2025-12-09 18:11:41 | INFO | market | –°–∫–∏–Ω Sticker | Heroic (Holo) | 2020 RMR –¥–æ–±–∞–≤–ª–µ–Ω –≤ –±–¥
2025-12-09 18:11:41 | INFO | market | User updated skins | update_skins function
2025-12-09 18:11:41 | INFO | market | –°–∫–∏–Ω FAMAS | Neural Net (Field-Tested) –¥–æ–±–∞–≤–ª–µ–Ω –≤ –±–¥
2025-12-09 18:11:41 | INFO | market | User updated skins | update_skins function
2025-12-09 18:11:41 | INFO | market | –°–∫–∏–Ω MAC-10 | Calf Skin (Field-Tested) –¥–æ–±–∞–≤–ª–µ–Ω –≤ –±–¥
2025-12-09 18:11:41 | INFO | market | User updated skins | update_skins function
2025-12-09 18:11:41 | INFO | market | –°–∫–∏–Ω Sealed Graffiti | Speechless (Monarch Blue) –¥–æ–±–∞–≤–ª–µ–Ω –≤ –±–¥
2025-12-09 18:11:41 | INFO | market | User updated skins | update_skins function
2025-12-09 18:11:41 | INFO | market | –°–∫–∏–Ω Sealed Graffiti | Popdog (Bazooka Pink) –¥–æ–±–∞–≤–ª–µ–Ω –≤ –±–¥
2025-12-09 18:11:41 | INFO | market | User updated skins | update_skins function
2025-12-09 18:11:41 | INFO | market | –°–∫–∏–Ω Sealed Graffiti | Eye Spy (SWAT Blue) –¥–æ–±–∞–≤–ª–µ–Ω –≤ –±–¥
2025-12-09 18:11:41 | INFO | market | User updated skins | update_skins function
2025-12-09 18:11:41 | INFO | market | –°–∫–∏–Ω Sticker | Aztec –¥–æ–±–∞–≤–ª–µ–Ω –≤ –±–¥
2025-12-09 18:11:41 | INFO | market | User updated skins | update_skins function
2025-12-09 18:11:41 | INFO | market | –°–∫–∏–Ω SG 553 | Army Sheen (Field-Tested) –¥–æ–±–∞–≤–ª–µ–Ω –≤ –±–¥
2025-12-09 18:11:41 | INFO | market | User updated skins | update_skins function
2025-12-09 18:11:41 | INFO | market | –°–∫–∏–Ω Sticker | Natus Vincere | Copenhagen 2024 –¥–æ–±–∞–≤–ª–µ–Ω –≤ –±–¥
2025-12-09 18:11:41 | INFO | market | User updated skins | update_skins function
2025-12-09 18:11:41 | INFO | market | –°–∫–∏–Ω Paris 2023 Challengers Sticker Capsule –¥–æ–±–∞–≤–ª–µ–Ω –≤ –±–¥
2025-12-09 18:11:41 | INFO | market | User updated skins | update_skins function
2025-12-09 18:11:41 | INFO | market | –°–∫–∏–Ω Five-SeveN | Midnight Paintover (Minimal Wear) –¥–æ–±–∞–≤–ª–µ–Ω –≤ –±–¥
2025-12-09 18:11:41 | INFO | market | User updated skins | update_skins function
2025-12-09 18:11:41 | INFO | market | –°–∫–∏–Ω Paris 2023 Challengers Sticker Capsule –¥–æ–±–∞–≤–ª–µ–Ω –≤ –±–¥
2025-12-09 18:11:41 | INFO | market | User updated skins | update_skins function
2025-12-09 18:11:41 | INFO | market | –°–∫–∏–Ω Paris 2023 Challengers Sticker Capsule –¥–æ–±–∞–≤–ª–µ–Ω –≤ –±–¥
2025-12-09 18:11:41 | INFO | market | User updated skins | update_skins function
2025-12-09 18:11:41 | INFO | market | –°–∫–∏–Ω MAG-7 | Wildwood (Minimal Wear) –¥–æ–±–∞–≤–ª–µ–Ω –≤ –±–¥
2025-12-09 18:11:41 | INFO | market | User updated skins | update_skins function
2025-12-09 18:11:41 | INFO | market | –°–∫–∏–Ω Paris 2023 Challengers Sticker Capsule –¥–æ–±–∞–≤–ª–µ–Ω –≤ –±–¥
2025-12-09 18:11:41 | INFO | market | User updated skins | update_skins function
2025-12-09 18:11:41 | INFO | market | –°–∫–∏–Ω Paris 2023 Challengers Sticker Capsule –¥–æ–±–∞–≤–ª–µ–Ω –≤ –±–¥
2025-12-09 18:11:41 | INFO | market | User updated skins | update_skins function
2025-12-09 18:11:41 | INFO | market | –°–∫–∏–Ω Paris 2023 Challengers Sticker Capsule –¥–æ–±–∞–≤–ª–µ–Ω –≤ –±–¥
2025-12-09 18:11:41 | INFO | market | User updated skins | update_skins function
2025-12-09 18:11:41 | INFO | market | –°–∫–∏–Ω Paris 2023 Challengers Sticker Capsule –¥–æ–±–∞–≤–ª–µ–Ω –≤ –±–¥
2025-12-09 18:11:41 | INFO | market | User updated skins | update_skins function
2025-12-09 18:11:41 | INFO | market | –°–∫–∏–Ω Paris 2023 Challengers Sticker Capsule –¥–æ–±–∞–≤–ª–µ–Ω –≤ –±–¥
2025-12-09 18:11:41 | INFO | market | User updated skins | update_skins function
2025-12-09 18:11:41 | INFO | market | –°–∫–∏–Ω Paris 2023 Challengers Sticker Capsule –¥–æ–±–∞–≤–ª–µ–Ω –≤ –±–¥
2025-12-09 18:11:41 | INFO | market | User updated skins | update_skins function
2025-12-09 18:11:41 | INFO | market | –°–∫–∏–Ω Paris 2023 Challengers Sticker Capsule –¥–æ–±–∞–≤–ª–µ–Ω –≤ –±–¥
2025-12-09 18:11:41 | INFO | market | User updated skins | update_skins function
2025-12-09 18:11:41 | INFO | market | –°–∫–∏–Ω Austin 2025 Champions Autograph Capsule –¥–æ–±–∞–≤–ª–µ–Ω –≤ –±–¥
2025-12-09 18:11:41 | INFO | market | User updated skins | update_skins function
2025-12-09 18:11:41 | INFO | market | –°–∫–∏–Ω Nova | Mandrel (Minimal Wear) –¥–æ–±–∞–≤–ª–µ–Ω –≤ –±–¥
2025-12-09 18:11:41 | INFO | market | User updated skins | update_skins function
2025-12-09 18:11:41 | INFO | market | –°–∫–∏–Ω Glock-18 | Shinobu (Battle-Scarred) –¥–æ–±–∞–≤–ª–µ–Ω –≤ –±–¥
2025-12-09 18:11:41 | INFO | market | User updated skins | update_skins function
2025-12-09 18:11:41 | INFO | market | –°–∫–∏–Ω Galil AR | Control (Field-Tested) –¥–æ–±–∞–≤–ª–µ–Ω –≤ –±–¥
2025-12-09 18:11:41 | INFO | market | User updated skins | update_skins function
2025-12-09 18:11:41 | INFO | market | –°–∫–∏–Ω USP-S | Jawbreaker (Well-Worn) –¥–æ–±–∞–≤–ª–µ–Ω –≤ –±–¥
2025-12-09 18:11:41 | INFO | market | User updated skins | update_skins function
2025-12-09 18:11:41 | INFO | market | –°–∫–∏–Ω Sticker | G2 Esports | Austin 2025 –¥–æ–±–∞–≤–ª–µ–Ω –≤ –±–¥
2025-12-09 18:11:41 | INFO | market | User updated skins | update_skins function
2025-12-09 18:11:41 | INFO | market | –°–∫–∏–Ω Sticker | ZywOo | Austin 2025 –¥–æ–±–∞–≤–ª–µ–Ω –≤ –±–¥
2025-12-09 18:11:41 | INFO | market | User updated skins | update_skins function
2025-12-09 18:11:41 | INFO | market | –°–∫–∏–Ω Sticker | Aurora (Foil) | Austin 2025 –¥–æ–±–∞–≤–ª–µ–Ω –≤ –±–¥
2025-12-09 18:11:41 | INFO | market | User updated skins | update_skins function
2025-12-09 18:11:41 | INFO | market | –°–∫–∏–Ω Sticker | Team Liquid (Foil) | Austin 2025 –¥–æ–±–∞–≤–ª–µ–Ω –≤ –±–¥
2025-12-09 18:11:41 | INFO | market | User updated skins | update_skins function
2025-12-09 18:11:41 | INFO | market | –°–∫–∏–Ω Sticker | Vitality (Foil) | Austin 2025 –¥–æ–±–∞–≤–ª–µ–Ω –≤ –±–¥
2025-12-09 18:11:41 | INFO | market | User updated skins | update_skins function
2025-12-09 18:11:41 | INFO | market | –°–∫–∏–Ω Sticker | Vitality | Austin 2025 –¥–æ–±–∞–≤–ª–µ–Ω –≤ –±–¥
2025-12-09 18:11:41 | INFO | market | User updated skins | update_skins function
2025-12-09 18:11:41 | INFO | market | –°–∫–∏–Ω Sticker | The Mongolz (Foil) | Austin 2025 –¥–æ–±–∞–≤–ª–µ–Ω –≤ –±–¥
2025-12-09 18:11:41 | INFO | market | User updated skins | update_skins function
2025-12-09 18:11:41 | INFO | market | –°–∫–∏–Ω Sticker | BLAST.tv | Austin 2025 –¥–æ–±–∞–≤–ª–µ–Ω –≤ –±–¥
2025-12-09 18:11:41 | INFO | market | User updated skins | update_skins function
2025-12-09 18:11:41 | INFO | market | –°–∫–∏–Ω Sticker | Team Spirit (Foil) | Austin 2025 –¥–æ–±–∞–≤–ª–µ–Ω –≤ –±–¥
2025-12-09 18:11:41 | INFO | market | User updated skins | update_skins function
2025-12-09 18:11:41 | INFO | market | –°–∫–∏–Ω Sticker | MOUZ | Austin 2025 –¥–æ–±–∞–≤–ª–µ–Ω –≤ –±–¥
2025-12-09 18:11:41 | INFO | market | User updated skins | update_skins function
2025-12-09 18:11:41 | INFO | market | –°–∫–∏–Ω Sticker | BLAST.tv | Austin 2025 –¥–æ–±–∞–≤–ª–µ–Ω –≤ –±–¥
2025-12-09 18:11:41 | INFO | market | User updated skins | update_skins function
2025-12-09 18:11:41 | INFO | market | –°–∫–∏–Ω Sticker | Vitality | Austin 2025 –¥–æ–±–∞–≤–ª–µ–Ω –≤ –±–¥
2025-12-09 18:11:41 | INFO | market | User updated skins | update_skins function
2025-12-09 18:11:41 | INFO | market | –°–∫–∏–Ω Sticker | Team Spirit | Austin 2025 –¥–æ–±–∞–≤–ª–µ–Ω –≤ –±–¥
2025-12-09 18:11:41 | INFO | market | User updated skins | update_skins function
2025-12-09 18:11:41 | INFO | market | –°–∫–∏–Ω Sticker | Vitality | Austin 2025 –¥–æ–±–∞–≤–ª–µ–Ω –≤ –±–¥
2025-12-09 18:11:41 | INFO | market | User updated skins | update_skins function
2025-12-09 18:11:41 | INFO | market | –°–∫–∏–Ω Sticker | Team Liquid | Austin 2025 –¥–æ–±–∞–≤–ª–µ–Ω –≤ –±–¥
2025-12-09 18:11:41 | INFO | market | User updated skins | update_skins function
2025-12-09 18:11:41 | INFO | market | –°–∫–∏–Ω Sticker | G2 Esports | Austin 2025 –¥–æ–±–∞–≤–ª–µ–Ω –≤ –±–¥
2025-12-09 18:11:41 | INFO | market | User updated skins | update_skins function
2025-12-09 18:11:41 | INFO | market | –°–∫–∏–Ω Sticker | MOUZ | Austin 2025 –¥–æ–±–∞–≤–ª–µ–Ω –≤ –±–¥
2025-12-09 18:11:41 | INFO | market | User updated skins | update_skins function
2025-12-09 18:11:41 | INFO | market | –°–∫–∏–Ω Sticker | Team Spirit | Austin 2025 –¥–æ–±–∞–≤–ª–µ–Ω –≤ –±–¥
2025-12-09 18:11:41 | INFO | market | User updated skins | update_skins function
2025-12-09 18:11:41 | INFO | market | –°–∫–∏–Ω Sticker | Natus Vincere | Austin 2025 –¥–æ–±–∞–≤–ª–µ–Ω –≤ –±–¥
2025-12-09 18:11:41 | INFO | market | User updated skins | update_skins function
2025-12-09 18:11:41 | INFO | market | –°–∫–∏–Ω Sticker | BLAST.tv | Austin 2025 –¥–æ–±–∞–≤–ª–µ–Ω –≤ –±–¥
2025-12-09 18:11:41 | INFO | market | User updated skins | update_skins function
2025-12-09 18:11:41 | INFO | market | –°–∫–∏–Ω Sticker | The Mongolz | Austin 2025 –¥–æ–±–∞–≤–ª–µ–Ω –≤ –±–¥
2025-12-09 18:11:41 | INFO | market | User updated skins | update_skins function
2025-12-09 18:11:41 | INFO | market | –°–∫–∏–Ω Sticker | MOUZ | Austin 2025 –¥–æ–±–∞–≤–ª–µ–Ω –≤ –±–¥
2025-12-09 18:11:41 | INFO | market | User updated skins | update_skins function
2025-12-09 18:11:41 | INFO | market | –°–∫–∏–Ω Sticker | BLAST.tv | Austin 2025 –¥–æ–±–∞–≤–ª–µ–Ω –≤ –±–¥
2025-12-09 18:11:41 | INFO | market | User updated skins | update_skins function
2025-12-09 18:11:41 | INFO | market | –°–∫–∏–Ω Sticker | MOUZ (Foil) | Austin 2025 –¥–æ–±–∞–≤–ª–µ–Ω –≤ –±–¥
2025-12-09 18:11:42 | INFO | market | User updated skins | update_skins function
2025-12-09 18:11:42 | INFO | market | –°–∫–∏–Ω Sticker | Bad News Eagles | Paris 2023 –¥–æ–±–∞–≤–ª–µ–Ω –≤ –±–¥
2025-12-09 18:11:42 | INFO | market | User updated skins | update_skins function
2025-12-09 18:11:42 | INFO | market | –°–∫–∏–Ω MP7 | Army Recon (Field-Tested) –¥–æ–±–∞–≤–ª–µ–Ω –≤ –±–¥
2025-12-09 18:11:42 | INFO | market | User updated skins | update_skins function
2025-12-09 18:11:42 | INFO | market | –°–∫–∏–Ω MAG-7 | Copper Oxide (Field-Tested) –¥–æ–±–∞–≤–ª–µ–Ω –≤ –±–¥
2025-12-09 18:11:42 | INFO | market | User updated skins | update_skins function
2025-12-09 18:11:42 | INFO | market | –°–∫–∏–Ω StatTrak‚Ñ¢ SSG 08 | Fever Dream (Field-Tested) –¥–æ–±–∞–≤–ª–µ–Ω –≤ –±–¥
2025-12-09 18:11:42 | INFO | market | User updated skins | update_skins function
2025-12-09 18:11:42 | INFO | market | –°–∫–∏–Ω AWP | Atheris (Well-Worn) –¥–æ–±–∞–≤–ª–µ–Ω –≤ –±–¥
2025-12-09 18:11:42 | INFO | market | User updated skins | update_skins function
2025-12-09 18:11:42 | INFO | market | –°–∫–∏–Ω Five-SeveN | Midnight Paintover (Field-Tested) –¥–æ–±–∞–≤–ª–µ–Ω –≤ –±–¥
2025-12-09 18:11:42 | INFO | market | User updated skins | update_skins function
2025-12-09 18:11:42 | INFO | market | –°–∫–∏–Ω P250 | Small Game (Field-Tested) –¥–æ–±–∞–≤–ª–µ–Ω –≤ –±–¥
2025-12-09 18:11:42 | INFO | market | User updated skins | update_skins function
2025-12-09 18:11:42 | INFO | market | –°–∫–∏–Ω Desert Eagle | Tilted (Field-Tested) –¥–æ–±–∞–≤–ª–µ–Ω –≤ –±–¥
2025-12-09 18:11:42 | INFO | market | User updated skins | update_skins function
2025-12-09 18:11:42 | INFO | market | –°–∫–∏–Ω ‚òÖ Hydra Gloves | Rattler (Well-Worn) –¥–æ–±–∞–≤–ª–µ–Ω –≤ –±–¥
2025-12-09 18:11:42 | INFO | market | User updated skins | update_skins function
2025-12-09 18:11:42 | INFO | market | –°–∫–∏–Ω StatTrak‚Ñ¢ P250 | Bullfrog (Well-Worn) –¥–æ–±–∞–≤–ª–µ–Ω –≤ –±–¥
2025-12-09 18:11:42 | INFO | market | User updated skins | update_skins function
2025-12-09 18:11:42 | INFO | market | –°–∫–∏–Ω ‚òÖ Bayonet | Rust Coat (Battle-Scarred) –¥–æ–±–∞–≤–ª–µ–Ω –≤ –±–¥
2025-12-09 18:11:42 | INFO | market | User updated skins | update_skins function
2025-12-09 18:11:42 | INFO | market | –°–∫–∏–Ω MP5-SD | Neon Squeezer (Battle-Scarred) –¥–æ–±–∞–≤–ª–µ–Ω –≤ –±–¥
2025-12-09 18:11:42 | INFO | market | User updated skins | update_skins function
2025-12-09 18:11:42 | INFO | market | –°–∫–∏–Ω MAC-10 | Pipsqueak (Battle-Scarred) –¥–æ–±–∞–≤–ª–µ–Ω –≤ –±–¥
2025-12-09 18:11:42 | INFO | market | User updated skins | update_skins function
2025-12-09 18:11:42 | INFO | market | –°–∫–∏–Ω Negev | Wall Bang (Well-Worn) –¥–æ–±–∞–≤–ª–µ–Ω –≤ –±–¥
2025-12-09 18:11:42 | INFO | market | User updated skins | update_skins function
2025-12-09 18:11:42 | INFO | market | –°–∫–∏–Ω Galil AR | Metallic Squeezer (Well-Worn) –¥–æ–±–∞–≤–ª–µ–Ω –≤ –±–¥
2025-12-09 18:11:42 | INFO | market | User updated skins | update_skins function
2025-12-09 18:11:42 | INFO | market | –°–∫–∏–Ω MAG-7 | Wildwood (Minimal Wear) –¥–æ–±–∞–≤–ª–µ–Ω –≤ –±–¥
2025-12-09 18:11:42 | INFO | market | User updated skins | update_skins function
2025-12-09 18:11:42 | INFO | market | –°–∫–∏–Ω UMP-45 | Mudder (Field-Tested) –¥–æ–±–∞–≤–ª–µ–Ω –≤ –±–¥
2025-12-09 18:11:42 | INFO | market | User updated skins | update_skins function
2025-12-09 18:11:42 | INFO | market | –°–∫–∏–Ω AK-47 | Point Disarray (Field-Tested) –¥–æ–±–∞–≤–ª–µ–Ω –≤ –±–¥
2025-12-09 18:11:42 | INFO | market | User updated skins | update_skins function
2025-12-09 18:11:42 | INFO | market | –°–∫–∏–Ω Music Kit | TWERL and Ekko & Sidetrack, Under Bright Lights –¥–æ–±–∞–≤–ª–µ–Ω –≤ –±–¥
2025-12-09 18:11:42 | INFO | market | User updated skins | update_skins function
2025-12-09 18:11:42 | INFO | market | –°–∫–∏–Ω StatTrak‚Ñ¢ M4A1-S | Emphorosaur-S (Field-Tested) –¥–æ–±–∞–≤–ª–µ–Ω –≤ –±–¥
2025-12-09 18:11:42 | INFO | market | User updated skins | update_skins function
2025-12-09 18:11:42 | INFO | market | –°–∫–∏–Ω Tec-9 | Army Mesh (Minimal Wear) –¥–æ–±–∞–≤–ª–µ–Ω –≤ –±–¥
2025-12-09 18:11:42 | INFO | market | User updated skins | update_skins function
2025-12-09 18:11:42 | INFO | market | –°–∫–∏–Ω Zeus x27 | Swamp DDPAT (Field-Tested) –¥–æ–±–∞–≤–ª–µ–Ω –≤ –±–¥
2025-12-09 18:11:42 | INFO | market | User updated skins | update_skins function
2025-12-09 18:11:42 | INFO | market | –°–∫–∏–Ω MP5-SD | Focus (Field-Tested) –¥–æ–±–∞–≤–ª–µ–Ω –≤ –±–¥
2025-12-09 18:11:42 | INFO | market | User updated skins | update_skins function
2025-12-09 18:11:42 | INFO | market | –°–∫–∏–Ω StatTrak‚Ñ¢ SCAR-20 | Caged (Factory New) –¥–æ–±–∞–≤–ª–µ–Ω –≤ –±–¥
2025-12-09 18:11:42 | INFO | market | User updated skins | update_skins function
2025-12-09 18:11:42 | INFO | market | –°–∫–∏–Ω AUG | Trigger Discipline (Battle-Scarred) –¥–æ–±–∞–≤–ª–µ–Ω –≤ –±–¥
2025-12-09 18:11:42 | INFO | market | User updated skins | update_skins function
2025-12-09 18:11:42 | INFO | market | –°–∫–∏–Ω Nova | Ocular (Well-Worn) –¥–æ–±–∞–≤–ª–µ–Ω –≤ –±–¥
2025-12-09 18:11:42 | INFO | market | User updated skins | update_skins function
2025-12-09 18:11:42 | INFO | market | –°–∫–∏–Ω P250 | Bullfrog (Minimal Wear) –¥–æ–±–∞–≤–ª–µ–Ω –≤ –±–¥
2025-12-09 18:11:42 | INFO | market | User updated skins | update_skins function
2025-12-09 18:11:42 | INFO | market | –°–∫–∏–Ω M4A1-S | Solitude (Minimal Wear) –¥–æ–±–∞–≤–ª–µ–Ω –≤ –±–¥
2025-12-09 18:11:42 | INFO | market | User updated skins | update_skins function
2025-12-09 18:11:42 | INFO | market | –°–∫–∏–Ω Recoil Case –¥–æ–±–∞–≤–ª–µ–Ω –≤ –±–¥
2025-12-09 18:11:42 | INFO | market | User updated skins | update_skins function
2025-12-09 18:11:42 | INFO | market | –°–∫–∏–Ω MP9 | Buff Blue (Field-Tested) –¥–æ–±–∞–≤–ª–µ–Ω –≤ –±–¥
2025-12-09 18:11:42 | INFO | market | User updated skins | update_skins function
2025-12-09 18:11:42 | INFO | market | –°–∫–∏–Ω Desert Eagle | Tilted (Minimal Wear) –¥–æ–±–∞–≤–ª–µ–Ω –≤ –±–¥
Traceback (most recent call last):
  File "/usr/lib/python3.13/asyncio/runners.py", line 118, in run
    return self._loop.run_until_complete(task)
           ~~~~~~~~~~~~~~~~~~~~~~~~~~~~~^^^^^^
  File "/usr/lib/python3.13/asyncio/base_events.py", line 725, in run_until_complete
    return future.result()
           ~~~~~~~~~~~~~^^
  File "/home/alex/dev/python/CS_market_sell/src/app_del.py", line 41, in main
    await asyncio.sleep(1)
  File "/usr/lib/python3.13/asyncio/tasks.py", line 718, in sleep
    return await future
           ^^^^^^^^^^^^
asyncio.exceptions.CancelledError

During handling of the above exception, another exception occurred:

Traceback (most recent call last):
  File "/home/alex/dev/python/CS_market_sell/src/app_del.py", line 48, in <module>
    asyncio.run(main())
    ~~~~~~~~~~~^^^^^^^^
  File "/usr/lib/python3.13/asyncio/runners.py", line 195, in run
    return runner.run(main)
           ~~~~~~~~~~^^^^^^
  File "/usr/lib/python3.13/asyncio/runners.py", line 123, in run
    raise KeyboardInterrupt()
KeyboardInterrupt
